2026-05-25 16:45:32,096 __main__ INFO: loaded 94 rubric items from data/CAE-v2.0-1-rubrics-v2.json
2026-05-25 16:45:32,096 __main__ INFO: loaded 94 anchors from data/CAE-anchor-scores.json
2026-05-25 16:45:32,096 __main__ INFO: loaded 0 existing scores from outputs/scoring/cae-v2.0-1-scores-v2.json
2026-05-25 16:45:32,209 __main__ INFO: scoring 94 pending items
2026-05-25 16:45:35,479 httpx INFO: HTTP Request: POST https://aiberm.com/v1/chat/completions "HTTP/1.1 200 OK"
2026-05-25 16:45:36,543 httpx INFO: HTTP Request: POST https://aiberm.com/v1/chat/completions "HTTP/1.1 200 OK"
2026-05-25 16:45:36,794 httpx INFO: HTTP Request: POST https://aiberm.com/v1/chat/completions "HTTP/1.1 200 OK"
2026-05-25 16:45:37,031 httpx INFO: HTTP Request: POST https://aiberm.com/v1/chat/completions "HTTP/1.1 200 OK"
2026-05-25 16:45:37,091 httpx INFO: HTTP Request: POST https://aiberm.com/v1/chat/completions "HTTP/1.1 200 OK"
2026-05-25 16:45:37,120 httpx INFO: HTTP Request: POST https://aiberm.com/v1/chat/completions "HTTP/1.1 200 OK"
2026-05-25 16:45:37,179 httpx INFO: HTTP Request: POST https://aiberm.com/v1/chat/completions "HTTP/1.1 200 OK"
2026-05-25 16:45:37,252 httpx INFO: HTTP Request: POST https://aiberm.com/v1/chat/completions "HTTP/1.1 200 OK"
2026-05-25 16:45:37,281 httpx INFO: HTTP Request: POST https://aiberm.com/v1/chat/completions "HTTP/1.1 200 OK"
2026-05-25 16:45:37,376 httpx INFO: HTTP Request: POST https://aiberm.com/v1/chat/completions "HTTP/1.1 200 OK"
2026-05-25 16:45:38,640 httpx INFO: HTTP Request: POST https://aiberm.com/v1/chat/completions "HTTP/1.1 200 OK"
2026-05-25 16:45:39,311 httpx INFO: HTTP Request: POST https://aiberm.com/v1/chat/completions "HTTP/1.1 200 OK"
2026-05-25 16:45:40,112 httpx INFO: HTTP Request: POST https://aiberm.com/v1/chat/completions "HTTP/1.1 200 OK"
2026-05-25 16:45:40,221 httpx INFO: HTTP Request: POST https://aiberm.com/v1/chat/completions "HTTP/1.1 200 OK"
2026-05-25 16:45:40,570 httpx INFO: HTTP Request: POST https://aiberm.com/v1/chat/completions "HTTP/1.1 200 OK"
2026-05-25 16:45:40,629 httpx INFO: HTTP Request: POST https://aiberm.com/v1/chat/completions "HTTP/1.1 200 OK"
2026-05-25 16:45:41,070 httpx INFO: HTTP Request: POST https://aiberm.com/v1/chat/completions "HTTP/1.1 200 OK"
2026-05-25 16:45:41,103 httpx INFO: HTTP Request: POST https://aiberm.com/v1/chat/completions "HTTP/1.1 200 OK"
2026-05-25 16:45:41,353 httpx INFO: HTTP Request: POST https://aiberm.com/v1/chat/completions "HTTP/1.1 200 OK"
2026-05-25 16:45:41,381 httpx INFO: HTTP Request: POST https://aiberm.com/v1/chat/completions "HTTP/1.1 200 OK"
2026-05-25 16:45:42,577 httpx INFO: HTTP Request: POST https://aiberm.com/v1/chat/completions "HTTP/1.1 200 OK"
2026-05-25 16:45:42,639 httpx INFO: HTTP Request: POST https://aiberm.com/v1/chat/completions "HTTP/1.1 200 OK"
2026-05-25 16:45:43,533 httpx INFO: HTTP Request: POST https://aiberm.com/v1/chat/completions "HTTP/1.1 200 OK"
2026-05-25 16:45:43,721 httpx INFO: HTTP Request: POST https://aiberm.com/v1/chat/completions "HTTP/1.1 200 OK"
2026-05-25 16:45:43,877 httpx INFO: HTTP Request: POST https://aiberm.com/v1/chat/completions "HTTP/1.1 200 OK"
2026-05-25 16:45:44,356 httpx INFO: HTTP Request: POST https://aiberm.com/v1/chat/completions "HTTP/1.1 200 OK"
2026-05-25 16:45:44,821 httpx INFO: HTTP Request: POST https://aiberm.com/v1/chat/completions "HTTP/1.1 200 OK"
2026-05-25 16:45:45,067 httpx INFO: HTTP Request: POST https://aiberm.com/v1/chat/completions "HTTP/1.1 200 OK"
2026-05-25 16:45:45,264 httpx INFO: HTTP Request: POST https://aiberm.com/v1/chat/completions "HTTP/1.1 200 OK"
2026-05-25 16:45:45,305 httpx INFO: HTTP Request: POST https://aiberm.com/v1/chat/completions "HTTP/1.1 200 OK"
2026-05-25 16:45:45,305 httpx INFO: HTTP Request: POST https://aiberm.com/v1/chat/completions "HTTP/1.1 200 OK"
2026-05-25 16:45:45,605 httpx INFO: HTTP Request: POST https://aiberm.com/v1/chat/completions "HTTP/1.1 200 OK"
2026-05-25 16:45:45,765 httpx INFO: HTTP Request: POST https://aiberm.com/v1/chat/completions "HTTP/1.1 200 OK"
2026-05-25 16:45:47,014 httpx INFO: HTTP Request: POST https://aiberm.com/v1/chat/completions "HTTP/1.1 200 OK"
2026-05-25 16:45:47,048 httpx INFO: HTTP Request: POST https://aiberm.com/v1/chat/completions "HTTP/1.1 200 OK"
2026-05-25 16:45:47,076 httpx INFO: HTTP Request: POST https://aiberm.com/v1/chat/completions "HTTP/1.1 200 OK"
2026-05-25 16:45:47,748 httpx INFO: HTTP Request: POST https://aiberm.com/v1/chat/completions "HTTP/1.1 200 OK"
2026-05-25 16:45:47,886 httpx INFO: HTTP Request: POST https://aiberm.com/v1/chat/completions "HTTP/1.1 200 OK"
2026-05-25 16:45:48,629 httpx INFO: HTTP Request: POST https://aiberm.com/v1/chat/completions "HTTP/1.1 200 OK"
2026-05-25 16:45:48,675 httpx INFO: HTTP Request: POST https://aiberm.com/v1/chat/completions "HTTP/1.1 200 OK"
2026-05-25 16:45:49,439 httpx INFO: HTTP Request: POST https://aiberm.com/v1/chat/completions "HTTP/1.1 200 OK"
2026-05-25 16:45:49,634 httpx INFO: HTTP Request: POST https://aiberm.com/v1/chat/completions "HTTP/1.1 200 OK"
2026-05-25 16:45:49,740 httpx INFO: HTTP Request: POST https://aiberm.com/v1/chat/completions "HTTP/1.1 200 OK"
2026-05-25 16:45:49,954 httpx INFO: HTTP Request: POST https://aiberm.com/v1/chat/completions "HTTP/1.1 200 OK"
2026-05-25 16:45:50,254 httpx INFO: HTTP Request: POST https://aiberm.com/v1/chat/completions "HTTP/1.1 200 OK"
2026-05-25 16:45:50,561 httpx INFO: HTTP Request: POST https://aiberm.com/v1/chat/completions "HTTP/1.1 200 OK"
2026-05-25 16:45:50,591 httpx INFO: HTTP Request: POST https://aiberm.com/v1/chat/completions "HTTP/1.1 200 OK"
2026-05-25 16:45:50,637 httpx INFO: HTTP Request: POST https://aiberm.com/v1/chat/completions "HTTP/1.1 200 OK"
2026-05-25 16:45:51,777 httpx INFO: HTTP Request: POST https://aiberm.com/v1/chat/completions "HTTP/1.1 200 OK"
2026-05-25 16:45:51,805 httpx INFO: HTTP Request: POST https://aiberm.com/v1/chat/completions "HTTP/1.1 200 OK"
2026-05-25 16:45:51,836 httpx INFO: HTTP Request: POST https://aiberm.com/v1/chat/completions "HTTP/1.1 200 OK"
2026-05-25 16:45:52,089 httpx INFO: HTTP Request: POST https://aiberm.com/v1/chat/completions "HTTP/1.1 200 OK"
2026-05-25 16:45:52,296 httpx INFO: HTTP Request: POST https://aiberm.com/v1/chat/completions "HTTP/1.1 200 OK"
2026-05-25 16:45:52,633 httpx INFO: HTTP Request: POST https://aiberm.com/v1/chat/completions "HTTP/1.1 200 OK"
2026-05-25 16:45:52,668 httpx INFO: HTTP Request: POST https://aiberm.com/v1/chat/completions "HTTP/1.1 200 OK"
2026-05-25 16:45:53,607 httpx INFO: HTTP Request: POST https://aiberm.com/v1/chat/completions "HTTP/1.1 200 OK"
2026-05-25 16:45:54,073 httpx INFO: HTTP Request: POST https://aiberm.com/v1/chat/completions "HTTP/1.1 200 OK"
2026-05-25 16:45:54,186 httpx INFO: HTTP Request: POST https://aiberm.com/v1/chat/completions "HTTP/1.1 200 OK"
2026-05-25 16:45:54,256 httpx INFO: HTTP Request: POST https://aiberm.com/v1/chat/completions "HTTP/1.1 200 OK"
2026-05-25 16:45:54,531 httpx INFO: HTTP Request: POST https://aiberm.com/v1/chat/completions "HTTP/1.1 200 OK"
2026-05-25 16:45:54,594 httpx INFO: HTTP Request: POST https://aiberm.com/v1/chat/completions "HTTP/1.1 200 OK"
2026-05-25 16:45:54,814 httpx INFO: HTTP Request: POST https://aiberm.com/v1/chat/completions "HTTP/1.1 200 OK"
2026-05-25 16:45:54,952 httpx INFO: HTTP Request: POST https://aiberm.com/v1/chat/completions "HTTP/1.1 200 OK"
2026-05-25 16:45:55,009 httpx INFO: HTTP Request: POST https://aiberm.com/v1/chat/completions "HTTP/1.1 200 OK"
2026-05-25 16:45:55,254 httpx INFO: HTTP Request: POST https://aiberm.com/v1/chat/completions "HTTP/1.1 200 OK"
2026-05-25 16:45:55,544 httpx INFO: HTTP Request: POST https://aiberm.com/v1/chat/completions "HTTP/1.1 200 OK"
2026-05-25 16:45:55,784 httpx INFO: HTTP Request: POST https://aiberm.com/v1/chat/completions "HTTP/1.1 200 OK"
2026-05-25 16:45:57,101 httpx INFO: HTTP Request: POST https://aiberm.com/v1/chat/completions "HTTP/1.1 200 OK"
2026-05-25 16:45:57,247 httpx INFO: HTTP Request: POST https://aiberm.com/v1/chat/completions "HTTP/1.1 200 OK"
2026-05-25 16:45:57,334 httpx INFO: HTTP Request: POST https://aiberm.com/v1/chat/completions "HTTP/1.1 200 OK"
2026-05-25 16:45:57,585 httpx INFO: HTTP Request: POST https://aiberm.com/v1/chat/completions "HTTP/1.1 200 OK"
2026-05-25 16:45:57,884 httpx INFO: HTTP Request: POST https://aiberm.com/v1/chat/completions "HTTP/1.1 200 OK"
2026-05-25 16:45:58,544 httpx INFO: HTTP Request: POST https://aiberm.com/v1/chat/completions "HTTP/1.1 200 OK"
2026-05-25 16:45:58,602 httpx INFO: HTTP Request: POST https://aiberm.com/v1/chat/completions "HTTP/1.1 200 OK"
2026-05-25 16:45:58,669 httpx INFO: HTTP Request: POST https://aiberm.com/v1/chat/completions "HTTP/1.1 200 OK"
2026-05-25 16:45:59,596 httpx INFO: HTTP Request: POST https://aiberm.com/v1/chat/completions "HTTP/1.1 200 OK"
2026-05-25 16:45:59,861 httpx INFO: HTTP Request: POST https://aiberm.com/v1/chat/completions "HTTP/1.1 200 OK"
2026-05-25 16:46:00,076 httpx INFO: HTTP Request: POST https://aiberm.com/v1/chat/completions "HTTP/1.1 200 OK"
2026-05-25 16:46:00,459 httpx INFO: HTTP Request: POST https://aiberm.com/v1/chat/completions "HTTP/1.1 200 OK"
2026-05-25 16:46:01,003 httpx INFO: HTTP Request: POST https://aiberm.com/v1/chat/completions "HTTP/1.1 200 OK"
2026-05-25 16:46:01,335 httpx INFO: HTTP Request: POST https://aiberm.com/v1/chat/completions "HTTP/1.1 200 OK"
2026-05-25 16:46:01,455 httpx INFO: HTTP Request: POST https://aiberm.com/v1/chat/completions "HTTP/1.1 200 OK"
2026-05-25 16:46:01,525 httpx INFO: HTTP Request: POST https://aiberm.com/v1/chat/completions "HTTP/1.1 200 OK"
2026-05-25 16:46:02,299 httpx INFO: HTTP Request: POST https://aiberm.com/v1/chat/completions "HTTP/1.1 200 OK"
2026-05-25 16:46:02,504 httpx INFO: HTTP Request: POST https://aiberm.com/v1/chat/completions "HTTP/1.1 200 OK"
2026-05-25 16:46:02,929 httpx INFO: HTTP Request: POST https://aiberm.com/v1/chat/completions "HTTP/1.1 200 OK"
2026-05-25 16:46:03,243 httpx INFO: HTTP Request: POST https://aiberm.com/v1/chat/completions "HTTP/1.1 200 OK"
2026-05-25 16:46:04,277 httpx INFO: HTTP Request: POST https://aiberm.com/v1/chat/completions "HTTP/1.1 200 OK"
2026-05-25 16:46:04,473 httpx INFO: HTTP Request: POST https://aiberm.com/v1/chat/completions "HTTP/1.1 200 OK"
2026-05-25 16:46:04,690 httpx INFO: HTTP Request: POST https://aiberm.com/v1/chat/completions "HTTP/1.1 200 OK"
2026-05-25 16:46:05,143 httpx INFO: HTTP Request: POST https://aiberm.com/v1/chat/completions "HTTP/1.1 200 OK"
2026-05-25 16:46:05,553 httpx INFO: HTTP Request: POST https://aiberm.com/v1/chat/completions "HTTP/1.1 200 OK"
2026-05-25 16:46:05,653 httpx INFO: HTTP Request: POST https://aiberm.com/v1/chat/completions "HTTP/1.1 200 OK"
2026-05-25 16:46:05,699 httpx INFO: HTTP Request: POST https://aiberm.com/v1/chat/completions "HTTP/1.1 200 OK"
2026-05-25 16:46:05,869 httpx INFO: HTTP Request: POST https://aiberm.com/v1/chat/completions "HTTP/1.1 200 OK"
2026-05-25 16:46:06,074 httpx INFO: HTTP Request: POST https://aiberm.com/v1/chat/completions "HTTP/1.1 200 OK"
2026-05-25 16:46:06,105 httpx INFO: HTTP Request: POST https://aiberm.com/v1/chat/completions "HTTP/1.1 200 OK"
2026-05-25 16:46:06,503 httpx INFO: HTTP Request: POST https://aiberm.com/v1/chat/completions "HTTP/1.1 200 OK"
2026-05-25 16:46:06,553 httpx INFO: HTTP Request: POST https://aiberm.com/v1/chat/completions "HTTP/1.1 200 OK"
2026-05-25 16:46:06,667 httpx INFO: HTTP Request: POST https://aiberm.com/v1/chat/completions "HTTP/1.1 200 OK"
2026-05-25 16:46:07,233 httpx INFO: HTTP Request: POST https://aiberm.com/v1/chat/completions "HTTP/1.1 200 OK"
2026-05-25 16:46:07,669 httpx INFO: HTTP Request: POST https://aiberm.com/v1/chat/completions "HTTP/1.1 200 OK"
2026-05-25 16:46:09,695 httpx INFO: HTTP Request: POST https://aiberm.com/v1/chat/completions "HTTP/1.1 200 OK"
2026-05-25 16:46:09,754 httpx INFO: HTTP Request: POST https://aiberm.com/v1/chat/completions "HTTP/1.1 200 OK"
2026-05-25 16:46:09,784 httpx INFO: HTTP Request: POST https://aiberm.com/v1/chat/completions "HTTP/1.1 200 OK"
2026-05-25 16:46:09,815 httpx INFO: HTTP Request: POST https://aiberm.com/v1/chat/completions "HTTP/1.1 200 OK"
2026-05-25 16:46:10,036 httpx INFO: HTTP Request: POST https://aiberm.com/v1/chat/completions "HTTP/1.1 200 OK"
2026-05-25 16:46:10,168 httpx INFO: HTTP Request: POST https://aiberm.com/v1/chat/completions "HTTP/1.1 200 OK"
2026-05-25 16:46:10,458 httpx INFO: HTTP Request: POST https://aiberm.com/v1/chat/completions "HTTP/1.1 200 OK"
2026-05-25 16:46:10,772 httpx INFO: HTTP Request: POST https://aiberm.com/v1/chat/completions "HTTP/1.1 200 OK"
2026-05-25 16:46:10,916 httpx INFO: HTTP Request: POST https://aiberm.com/v1/chat/completions "HTTP/1.1 200 OK"
2026-05-25 16:46:10,944 httpx INFO: HTTP Request: POST https://aiberm.com/v1/chat/completions "HTTP/1.1 200 OK"
2026-05-25 16:46:10,944 httpx INFO: HTTP Request: POST https://aiberm.com/v1/chat/completions "HTTP/1.1 200 OK"
2026-05-25 16:46:11,591 httpx INFO: HTTP Request: POST https://aiberm.com/v1/chat/completions "HTTP/1.1 200 OK"
2026-05-25 16:46:11,690 httpx INFO: HTTP Request: POST https://aiberm.com/v1/chat/completions "HTTP/1.1 200 OK"
2026-05-25 16:46:11,825 httpx INFO: HTTP Request: POST https://aiberm.com/v1/chat/completions "HTTP/1.1 200 OK"
2026-05-25 16:46:12,151 httpx INFO: HTTP Request: POST https://aiberm.com/v1/chat/completions "HTTP/1.1 200 OK"
2026-05-25 16:46:12,285 httpx INFO: HTTP Request: POST https://aiberm.com/v1/chat/completions "HTTP/1.1 200 OK"
2026-05-25 16:46:13,779 httpx INFO: HTTP Request: POST https://aiberm.com/v1/chat/completions "HTTP/1.1 200 OK"
2026-05-25 16:46:13,972 httpx INFO: HTTP Request: POST https://aiberm.com/v1/chat/completions "HTTP/1.1 200 OK"
2026-05-25 16:46:14,493 httpx INFO: HTTP Request: POST https://aiberm.com/v1/chat/completions "HTTP/1.1 200 OK"
2026-05-25 16:46:14,630 httpx INFO: HTTP Request: POST https://aiberm.com/v1/chat/completions "HTTP/1.1 200 OK"
2026-05-25 16:46:14,841 httpx INFO: HTTP Request: POST https://aiberm.com/v1/chat/completions "HTTP/1.1 200 OK"
2026-05-25 16:46:14,960 httpx INFO: HTTP Request: POST https://aiberm.com/v1/chat/completions "HTTP/1.1 200 OK"
2026-05-25 16:46:15,077 httpx INFO: HTTP Request: POST https://aiberm.com/v1/chat/completions "HTTP/1.1 200 OK"
2026-05-25 16:46:15,919 httpx INFO: HTTP Request: POST https://aiberm.com/v1/chat/completions "HTTP/1.1 200 OK"
2026-05-25 16:46:15,969 httpx INFO: HTTP Request: POST https://aiberm.com/v1/chat/completions "HTTP/1.1 200 OK"
2026-05-25 16:46:15,996 httpx INFO: HTTP Request: POST https://aiberm.com/v1/chat/completions "HTTP/1.1 200 OK"
2026-05-25 16:46:16,476 httpx INFO: HTTP Request: POST https://aiberm.com/v1/chat/completions "HTTP/1.1 200 OK"
2026-05-25 16:46:18,449 httpx INFO: HTTP Request: POST https://aiberm.com/v1/chat/completions "HTTP/1.1 200 OK"
2026-05-25 16:46:18,658 httpx INFO: HTTP Request: POST https://aiberm.com/v1/chat/completions "HTTP/1.1 200 OK"
2026-05-25 16:46:19,373 httpx INFO: HTTP Request: POST https://aiberm.com/v1/chat/completions "HTTP/1.1 200 OK"
2026-05-25 16:46:19,403 httpx INFO: HTTP Request: POST https://aiberm.com/v1/chat/completions "HTTP/1.1 200 OK"
2026-05-25 16:46:19,444 httpx INFO: HTTP Request: POST https://aiberm.com/v1/chat/completions "HTTP/1.1 200 OK"
2026-05-25 16:46:19,512 httpx INFO: HTTP Request: POST https://aiberm.com/v1/chat/completions "HTTP/1.1 200 OK"
2026-05-25 16:46:20,028 httpx INFO: HTTP Request: POST https://aiberm.com/v1/chat/completions "HTTP/1.1 200 OK"
2026-05-25 16:46:20,898 httpx INFO: HTTP Request: POST https://aiberm.com/v1/chat/completions "HTTP/1.1 200 OK"
2026-05-25 16:46:21,743 httpx INFO: HTTP Request: POST https://aiberm.com/v1/chat/completions "HTTP/1.1 200 OK"
2026-05-25 16:46:21,799 httpx INFO: HTTP Request: POST https://aiberm.com/v1/chat/completions "HTTP/1.1 200 OK"
2026-05-25 16:46:22,326 httpx INFO: HTTP Request: POST https://aiberm.com/v1/chat/completions "HTTP/1.1 200 OK"
2026-05-25 16:46:22,756 httpx INFO: HTTP Request: POST https://aiberm.com/v1/chat/completions "HTTP/1.1 200 OK"
2026-05-25 16:46:22,834 httpx INFO: HTTP Request: POST https://aiberm.com/v1/chat/completions "HTTP/1.1 200 OK"
2026-05-25 16:46:23,110 httpx INFO: HTTP Request: POST https://aiberm.com/v1/chat/completions "HTTP/1.1 200 OK"
2026-05-25 16:46:23,604 httpx INFO: HTTP Request: POST https://aiberm.com/v1/chat/completions "HTTP/1.1 200 OK"
2026-05-25 16:46:23,656 httpx INFO: HTTP Request: POST https://aiberm.com/v1/chat/completions "HTTP/1.1 200 OK"
2026-05-25 16:46:24,279 httpx INFO: HTTP Request: POST https://aiberm.com/v1/chat/completions "HTTP/1.1 200 OK"
2026-05-25 16:46:24,648 httpx INFO: HTTP Request: POST https://aiberm.com/v1/chat/completions "HTTP/1.1 200 OK"
2026-05-25 16:46:24,894 httpx INFO: HTTP Request: POST https://aiberm.com/v1/chat/completions "HTTP/1.1 200 OK"
2026-05-25 16:46:25,333 httpx INFO: HTTP Request: POST https://aiberm.com/v1/chat/completions "HTTP/1.1 200 OK"
2026-05-25 16:46:25,463 httpx INFO: HTTP Request: POST https://aiberm.com/v1/chat/completions "HTTP/1.1 200 OK"
2026-05-25 16:46:25,733 httpx INFO: HTTP Request: POST https://aiberm.com/v1/chat/completions "HTTP/1.1 200 OK"
2026-05-25 16:46:25,855 httpx INFO: HTTP Request: POST https://aiberm.com/v1/chat/completions "HTTP/1.1 200 OK"
2026-05-25 16:46:26,120 httpx INFO: HTTP Request: POST https://aiberm.com/v1/chat/completions "HTTP/1.1 200 OK"
2026-05-25 16:46:26,804 httpx INFO: HTTP Request: POST https://aiberm.com/v1/chat/completions "HTTP/1.1 200 OK"
2026-05-25 16:46:27,137 httpx INFO: HTTP Request: POST https://aiberm.com/v1/chat/completions "HTTP/1.1 200 OK"
2026-05-25 16:46:27,534 httpx INFO: HTTP Request: POST https://aiberm.com/v1/chat/completions "HTTP/1.1 200 OK"
2026-05-25 16:46:27,908 httpx INFO: HTTP Request: POST https://aiberm.com/v1/chat/completions "HTTP/1.1 200 OK"
2026-05-25 16:46:28,282 httpx INFO: HTTP Request: POST https://aiberm.com/v1/chat/completions "HTTP/1.1 200 OK"
2026-05-25 16:46:28,669 httpx INFO: HTTP Request: POST https://aiberm.com/v1/chat/completions "HTTP/1.1 200 OK"
2026-05-25 16:46:29,261 httpx INFO: HTTP Request: POST https://aiberm.com/v1/chat/completions "HTTP/1.1 200 OK"
2026-05-25 16:46:29,326 httpx INFO: HTTP Request: POST https://aiberm.com/v1/chat/completions "HTTP/1.1 200 OK"
2026-05-25 16:46:29,369 httpx INFO: HTTP Request: POST https://aiberm.com/v1/chat/completions "HTTP/1.1 200 OK"
2026-05-25 16:46:29,450 httpx INFO: HTTP Request: POST https://aiberm.com/v1/chat/completions "HTTP/1.1 200 OK"
2026-05-25 16:46:29,866 httpx INFO: HTTP Request: POST https://aiberm.com/v1/chat/completions "HTTP/1.1 200 OK"
2026-05-25 16:46:30,241 httpx INFO: HTTP Request: POST https://aiberm.com/v1/chat/completions "HTTP/1.1 200 OK"
2026-05-25 16:46:30,283 httpx INFO: HTTP Request: POST https://aiberm.com/v1/chat/completions "HTTP/1.1 200 OK"
2026-05-25 16:46:30,564 httpx INFO: HTTP Request: POST https://aiberm.com/v1/chat/completions "HTTP/1.1 200 OK"
2026-05-25 16:46:30,876 httpx INFO: HTTP Request: POST https://aiberm.com/v1/chat/completions "HTTP/1.1 200 OK"
2026-05-25 16:46:30,915 httpx INFO: HTTP Request: POST https://aiberm.com/v1/chat/completions "HTTP/1.1 200 OK"
2026-05-25 16:46:31,907 httpx INFO: HTTP Request: POST https://aiberm.com/v1/chat/completions "HTTP/1.1 200 OK"
2026-05-25 16:46:31,939 httpx INFO: HTTP Request: POST https://aiberm.com/v1/chat/completions "HTTP/1.1 200 OK"
2026-05-25 16:46:32,697 httpx INFO: HTTP Request: POST https://aiberm.com/v1/chat/completions "HTTP/1.1 200 OK"
2026-05-25 16:46:32,956 httpx INFO: HTTP Request: POST https://aiberm.com/v1/chat/completions "HTTP/1.1 200 OK"
2026-05-25 16:46:33,121 httpx INFO: HTTP Request: POST https://aiberm.com/v1/chat/completions "HTTP/1.1 200 OK"
2026-05-25 16:46:33,186 httpx INFO: HTTP Request: POST https://aiberm.com/v1/chat/completions "HTTP/1.1 200 OK"
2026-05-25 16:46:33,595 httpx INFO: HTTP Request: POST https://aiberm.com/v1/chat/completions "HTTP/1.1 200 OK"
2026-05-25 16:46:33,631 httpx INFO: HTTP Request: POST https://aiberm.com/v1/chat/completions "HTTP/1.1 200 OK"
2026-05-25 16:46:34,949 httpx INFO: HTTP Request: POST https://aiberm.com/v1/chat/completions "HTTP/1.1 200 OK"
2026-05-25 16:46:35,024 httpx INFO: HTTP Request: POST https://aiberm.com/v1/chat/completions "HTTP/1.1 200 OK"
2026-05-25 16:46:36,447 httpx INFO: HTTP Request: POST https://aiberm.com/v1/chat/completions "HTTP/1.1 200 OK"
2026-05-25 16:46:36,600 httpx INFO: HTTP Request: POST https://aiberm.com/v1/chat/completions "HTTP/1.1 200 OK"
2026-05-25 16:46:36,844 httpx INFO: HTTP Request: POST https://aiberm.com/v1/chat/completions "HTTP/1.1 200 OK"
2026-05-25 16:46:37,275 httpx INFO: HTTP Request: POST https://aiberm.com/v1/chat/completions "HTTP/1.1 200 OK"
2026-05-25 16:46:37,499 httpx INFO: HTTP Request: POST https://aiberm.com/v1/chat/completions "HTTP/1.1 200 OK"
2026-05-25 16:46:37,630 httpx INFO: HTTP Request: POST https://aiberm.com/v1/chat/completions "HTTP/1.1 200 OK"
2026-05-25 16:46:38,468 httpx INFO: HTTP Request: POST https://aiberm.com/v1/chat/completions "HTTP/1.1 200 OK"
2026-05-25 16:46:38,628 httpx INFO: HTTP Request: POST https://aiberm.com/v1/chat/completions "HTTP/1.1 200 OK"
2026-05-25 16:46:38,940 httpx INFO: HTTP Request: POST https://aiberm.com/v1/chat/completions "HTTP/1.1 200 OK"
2026-05-25 16:46:39,372 httpx INFO: HTTP Request: POST https://aiberm.com/v1/chat/completions "HTTP/1.1 200 OK"
2026-05-25 16:46:39,674 httpx INFO: HTTP Request: POST https://aiberm.com/v1/chat/completions "HTTP/1.1 200 OK"
2026-05-25 16:46:39,705 httpx INFO: HTTP Request: POST https://aiberm.com/v1/chat/completions "HTTP/1.1 200 OK"
2026-05-25 16:46:39,922 httpx INFO: HTTP Request: POST https://aiberm.com/v1/chat/completions "HTTP/1.1 200 OK"
2026-05-25 16:46:40,172 httpx INFO: HTTP Request: POST https://aiberm.com/v1/chat/completions "HTTP/1.1 200 OK"
2026-05-25 16:46:40,278 httpx INFO: HTTP Request: POST https://aiberm.com/v1/chat/completions "HTTP/1.1 200 OK"
2026-05-25 16:46:40,466 httpx INFO: HTTP Request: POST https://aiberm.com/v1/chat/completions "HTTP/1.1 200 OK"
2026-05-25 16:46:40,634 httpx INFO: HTTP Request: POST https://aiberm.com/v1/chat/completions "HTTP/1.1 200 OK"
2026-05-25 16:46:41,036 httpx INFO: HTTP Request: POST https://aiberm.com/v1/chat/completions "HTTP/1.1 200 OK"
2026-05-25 16:46:41,118 httpx INFO: HTTP Request: POST https://aiberm.com/v1/chat/completions "HTTP/1.1 200 OK"
2026-05-25 16:46:41,597 httpx INFO: HTTP Request: POST https://aiberm.com/v1/chat/completions "HTTP/1.1 200 OK"
2026-05-25 16:46:42,136 httpx INFO: HTTP Request: POST https://aiberm.com/v1/chat/completions "HTTP/1.1 200 OK"
2026-05-25 16:46:42,896 httpx INFO: HTTP Request: POST https://aiberm.com/v1/chat/completions "HTTP/1.1 200 OK"
2026-05-25 16:46:43,135 httpx INFO: HTTP Request: POST https://aiberm.com/v1/chat/completions "HTTP/1.1 200 OK"
2026-05-25 16:46:43,723 httpx INFO: HTTP Request: POST https://aiberm.com/v1/chat/completions "HTTP/1.1 200 OK"
2026-05-25 16:46:43,820 httpx INFO: HTTP Request: POST https://aiberm.com/v1/chat/completions "HTTP/1.1 200 OK"
2026-05-25 16:46:43,969 httpx INFO: HTTP Request: POST https://aiberm.com/v1/chat/completions "HTTP/1.1 200 OK"
2026-05-25 16:46:44,391 httpx INFO: HTTP Request: POST https://aiberm.com/v1/chat/completions "HTTP/1.1 200 OK"
2026-05-25 16:46:44,796 httpx INFO: HTTP Request: POST https://aiberm.com/v1/chat/completions "HTTP/1.1 200 OK"
2026-05-25 16:46:45,196 httpx INFO: HTTP Request: POST https://aiberm.com/v1/chat/completions "HTTP/1.1 200 OK"
2026-05-25 16:46:45,349 httpx INFO: HTTP Request: POST https://aiberm.com/v1/chat/completions "HTTP/1.1 200 OK"
2026-05-25 16:46:45,628 httpx INFO: HTTP Request: POST https://aiberm.com/v1/chat/completions "HTTP/1.1 200 OK"
2026-05-25 16:46:46,091 httpx INFO: HTTP Request: POST https://aiberm.com/v1/chat/completions "HTTP/1.1 200 OK"
2026-05-25 16:46:46,408 httpx INFO: HTTP Request: POST https://aiberm.com/v1/chat/completions "HTTP/1.1 200 OK"
2026-05-25 16:46:46,441 httpx INFO: HTTP Request: POST https://aiberm.com/v1/chat/completions "HTTP/1.1 200 OK"
2026-05-25 16:46:46,653 httpx INFO: HTTP Request: POST https://aiberm.com/v1/chat/completions "HTTP/1.1 200 OK"
2026-05-25 16:46:46,876 httpx INFO: HTTP Request: POST https://aiberm.com/v1/chat/completions "HTTP/1.1 200 OK"
2026-05-25 16:46:47,301 httpx INFO: HTTP Request: POST https://aiberm.com/v1/chat/completions "HTTP/1.1 200 OK"
2026-05-25 16:46:47,425 httpx INFO: HTTP Request: POST https://aiberm.com/v1/chat/completions "HTTP/1.1 200 OK"
2026-05-25 16:46:48,057 httpx INFO: HTTP Request: POST https://aiberm.com/v1/chat/completions "HTTP/1.1 200 OK"
2026-05-25 16:46:48,595 httpx INFO: HTTP Request: POST https://aiberm.com/v1/chat/completions "HTTP/1.1 200 OK"
2026-05-25 16:46:48,664 httpx INFO: HTTP Request: POST https://aiberm.com/v1/chat/completions "HTTP/1.1 200 OK"
2026-05-25 16:46:48,821 httpx INFO: HTTP Request: POST https://aiberm.com/v1/chat/completions "HTTP/1.1 200 OK"
2026-05-25 16:46:49,193 httpx INFO: HTTP Request: POST https://aiberm.com/v1/chat/completions "HTTP/1.1 200 OK"
2026-05-25 16:46:49,728 httpx INFO: HTTP Request: POST https://aiberm.com/v1/chat/completions "HTTP/1.1 200 OK"
2026-05-25 16:46:49,847 httpx INFO: HTTP Request: POST https://aiberm.com/v1/chat/completions "HTTP/1.1 200 OK"
2026-05-25 16:46:50,808 httpx INFO: HTTP Request: POST https://aiberm.com/v1/chat/completions "HTTP/1.1 200 OK"
2026-05-25 16:46:51,133 httpx INFO: HTTP Request: POST https://aiberm.com/v1/chat/completions "HTTP/1.1 200 OK"
2026-05-25 16:46:51,246 httpx INFO: HTTP Request: POST https://aiberm.com/v1/chat/completions "HTTP/1.1 200 OK"
2026-05-25 16:46:51,864 httpx INFO: HTTP Request: POST https://aiberm.com/v1/chat/completions "HTTP/1.1 200 OK"
2026-05-25 16:46:52,130 httpx INFO: HTTP Request: POST https://aiberm.com/v1/chat/completions "HTTP/1.1 200 OK"
2026-05-25 16:46:52,162 httpx INFO: HTTP Request: POST https://aiberm.com/v1/chat/completions "HTTP/1.1 200 OK"
2026-05-25 16:46:52,427 httpx INFO: HTTP Request: POST https://aiberm.com/v1/chat/completions "HTTP/1.1 200 OK"
2026-05-25 16:46:52,911 httpx INFO: HTTP Request: POST https://aiberm.com/v1/chat/completions "HTTP/1.1 200 OK"
2026-05-25 16:46:53,025 httpx INFO: HTTP Request: POST https://aiberm.com/v1/chat/completions "HTTP/1.1 200 OK"
2026-05-25 16:46:53,715 httpx INFO: HTTP Request: POST https://aiberm.com/v1/chat/completions "HTTP/1.1 200 OK"
2026-05-25 16:46:54,196 httpx INFO: HTTP Request: POST https://aiberm.com/v1/chat/completions "HTTP/1.1 200 OK"
2026-05-25 16:46:54,579 httpx INFO: HTTP Request: POST https://aiberm.com/v1/chat/completions "HTTP/1.1 200 OK"
2026-05-25 16:46:54,979 httpx INFO: HTTP Request: POST https://aiberm.com/v1/chat/completions "HTTP/1.1 200 OK"
2026-05-25 16:46:55,049 httpx INFO: HTTP Request: POST https://aiberm.com/v1/chat/completions "HTTP/1.1 200 OK"
2026-05-25 16:46:55,634 httpx INFO: HTTP Request: POST https://aiberm.com/v1/chat/completions "HTTP/1.1 200 OK"
2026-05-25 16:46:56,053 httpx INFO: HTTP Request: POST https://aiberm.com/v1/chat/completions "HTTP/1.1 200 OK"
2026-05-25 16:46:57,014 httpx INFO: HTTP Request: POST https://aiberm.com/v1/chat/completions "HTTP/1.1 200 OK"
2026-05-25 16:46:57,242 httpx INFO: HTTP Request: POST https://aiberm.com/v1/chat/completions "HTTP/1.1 200 OK"
2026-05-25 16:46:57,271 httpx INFO: HTTP Request: POST https://aiberm.com/v1/chat/completions "HTTP/1.1 200 OK"
2026-05-25 16:46:57,643 httpx INFO: HTTP Request: POST https://aiberm.com/v1/chat/completions "HTTP/1.1 200 OK"
2026-05-25 16:46:57,771 httpx INFO: HTTP Request: POST https://aiberm.com/v1/chat/completions "HTTP/1.1 200 OK"
2026-05-25 16:46:57,802 httpx INFO: HTTP Request: POST https://aiberm.com/v1/chat/completions "HTTP/1.1 200 OK"
2026-05-25 16:46:57,894 httpx INFO: HTTP Request: POST https://aiberm.com/v1/chat/completions "HTTP/1.1 200 OK"
2026-05-25 16:46:57,922 httpx INFO: HTTP Request: POST https://aiberm.com/v1/chat/completions "HTTP/1.1 200 OK"
2026-05-25 16:46:58,500 httpx INFO: HTTP Request: POST https://aiberm.com/v1/chat/completions "HTTP/1.1 200 OK"
2026-05-25 16:46:58,583 httpx INFO: HTTP Request: POST https://aiberm.com/v1/chat/completions "HTTP/1.1 200 OK"
2026-05-25 16:46:58,624 httpx INFO: HTTP Request: POST https://aiberm.com/v1/chat/completions "HTTP/1.1 200 OK"
2026-05-25 16:46:58,714 httpx INFO: HTTP Request: POST https://aiberm.com/v1/chat/completions "HTTP/1.1 200 OK"
2026-05-25 16:47:00,153 httpx INFO: HTTP Request: POST https://aiberm.com/v1/chat/completions "HTTP/1.1 200 OK"
2026-05-25 16:47:00,610 httpx INFO: HTTP Request: POST https://aiberm.com/v1/chat/completions "HTTP/1.1 200 OK"
2026-05-25 16:47:00,762 httpx INFO: HTTP Request: POST https://aiberm.com/v1/chat/completions "HTTP/1.1 200 OK"
2026-05-25 16:47:00,814 httpx INFO: HTTP Request: POST https://aiberm.com/v1/chat/completions "HTTP/1.1 200 OK"
2026-05-25 16:47:01,557 httpx INFO: HTTP Request: POST https://aiberm.com/v1/chat/completions "HTTP/1.1 200 OK"
2026-05-25 16:47:01,832 httpx INFO: HTTP Request: POST https://aiberm.com/v1/chat/completions "HTTP/1.1 200 OK"
2026-05-25 16:47:01,871 httpx INFO: HTTP Request: POST https://aiberm.com/v1/chat/completions "HTTP/1.1 200 OK"
2026-05-25 16:47:02,002 httpx INFO: HTTP Request: POST https://aiberm.com/v1/chat/completions "HTTP/1.1 200 OK"
2026-05-25 16:47:02,211 httpx INFO: HTTP Request: POST https://aiberm.com/v1/chat/completions "HTTP/1.1 200 OK"
2026-05-25 16:47:02,243 httpx INFO: HTTP Request: POST https://aiberm.com/v1/chat/completions "HTTP/1.1 200 OK"
2026-05-25 16:47:02,281 httpx INFO: HTTP Request: POST https://aiberm.com/v1/chat/completions "HTTP/1.1 200 OK"
2026-05-25 16:47:02,986 httpx INFO: HTTP Request: POST https://aiberm.com/v1/chat/completions "HTTP/1.1 200 OK"
2026-05-25 16:47:03,022 httpx INFO: HTTP Request: POST https://aiberm.com/v1/chat/completions "HTTP/1.1 200 OK"
2026-05-25 16:47:03,337 httpx INFO: HTTP Request: POST https://aiberm.com/v1/chat/completions "HTTP/1.1 200 OK"
2026-05-25 16:47:03,456 httpx INFO: HTTP Request: POST https://aiberm.com/v1/chat/completions "HTTP/1.1 200 OK"
2026-05-25 16:47:03,542 httpx INFO: HTTP Request: POST https://aiberm.com/v1/chat/completions "HTTP/1.1 200 OK"
2026-05-25 16:47:03,720 httpx INFO: HTTP Request: POST https://aiberm.com/v1/chat/completions "HTTP/1.1 200 OK"
2026-05-25 16:47:05,153 httpx INFO: HTTP Request: POST https://aiberm.com/v1/chat/completions "HTTP/1.1 200 OK"
2026-05-25 16:47:05,183 httpx INFO: HTTP Request: POST https://aiberm.com/v1/chat/completions "HTTP/1.1 200 OK"
2026-05-25 16:47:05,254 httpx INFO: HTTP Request: POST https://aiberm.com/v1/chat/completions "HTTP/1.1 200 OK"
2026-05-25 16:47:05,849 httpx INFO: HTTP Request: POST https://aiberm.com/v1/chat/completions "HTTP/1.1 200 OK"
2026-05-25 16:47:06,014 httpx INFO: HTTP Request: POST https://aiberm.com/v1/chat/completions "HTTP/1.1 200 OK"
2026-05-25 16:47:06,117 httpx INFO: HTTP Request: POST https://aiberm.com/v1/chat/completions "HTTP/1.1 200 OK"
2026-05-25 16:47:06,181 httpx INFO: HTTP Request: POST https://aiberm.com/v1/chat/completions "HTTP/1.1 200 OK"
2026-05-25 16:47:06,217 httpx INFO: HTTP Request: POST https://aiberm.com/v1/chat/completions "HTTP/1.1 200 OK"
2026-05-25 16:47:06,248 httpx INFO: HTTP Request: POST https://aiberm.com/v1/chat/completions "HTTP/1.1 200 OK"
2026-05-25 16:47:06,880 httpx INFO: HTTP Request: POST https://aiberm.com/v1/chat/completions "HTTP/1.1 200 OK"
2026-05-25 16:47:07,274 httpx INFO: HTTP Request: POST https://aiberm.com/v1/chat/completions "HTTP/1.1 200 OK"
2026-05-25 16:47:08,553 httpx INFO: HTTP Request: POST https://aiberm.com/v1/chat/completions "HTTP/1.1 200 OK"
2026-05-25 16:47:08,705 httpx INFO: HTTP Request: POST https://aiberm.com/v1/chat/completions "HTTP/1.1 200 OK"
2026-05-25 16:47:09,134 httpx INFO: HTTP Request: POST https://aiberm.com/v1/chat/completions "HTTP/1.1 200 OK"
2026-05-25 16:47:09,413 httpx INFO: HTTP Request: POST https://aiberm.com/v1/chat/completions "HTTP/1.1 200 OK"
2026-05-25 16:47:09,742 httpx INFO: HTTP Request: POST https://aiberm.com/v1/chat/completions "HTTP/1.1 200 OK"
2026-05-25 16:47:10,166 httpx INFO: HTTP Request: POST https://aiberm.com/v1/chat/completions "HTTP/1.1 200 OK"
2026-05-25 16:47:10,339 httpx INFO: HTTP Request: POST https://aiberm.com/v1/chat/completions "HTTP/1.1 200 OK"
2026-05-25 16:47:10,586 httpx INFO: HTTP Request: POST https://aiberm.com/v1/chat/completions "HTTP/1.1 200 OK"
2026-05-25 16:47:10,778 httpx INFO: HTTP Request: POST https://aiberm.com/v1/chat/completions "HTTP/1.1 200 OK"
2026-05-25 16:47:10,825 httpx INFO: HTTP Request: POST https://aiberm.com/v1/chat/completions "HTTP/1.1 200 OK"
2026-05-25 16:47:11,074 httpx INFO: HTTP Request: POST https://aiberm.com/v1/chat/completions "HTTP/1.1 200 OK"
2026-05-25 16:47:11,220 httpx INFO: HTTP Request: POST https://aiberm.com/v1/chat/completions "HTTP/1.1 200 OK"
2026-05-25 16:47:11,268 httpx INFO: HTTP Request: POST https://aiberm.com/v1/chat/completions "HTTP/1.1 200 OK"
2026-05-25 16:47:11,824 httpx INFO: HTTP Request: POST https://aiberm.com/v1/chat/completions "HTTP/1.1 200 OK"
2026-05-25 16:47:12,180 httpx INFO: HTTP Request: POST https://aiberm.com/v1/chat/completions "HTTP/1.1 200 OK"
2026-05-25 16:47:13,005 httpx INFO: HTTP Request: POST https://aiberm.com/v1/chat/completions "HTTP/1.1 200 OK"
2026-05-25 16:47:13,101 httpx INFO: HTTP Request: POST https://aiberm.com/v1/chat/completions "HTTP/1.1 200 OK"
2026-05-25 16:47:13,505 httpx INFO: HTTP Request: POST https://aiberm.com/v1/chat/completions "HTTP/1.1 200 OK"
2026-05-25 16:47:13,578 httpx INFO: HTTP Request: POST https://aiberm.com/v1/chat/completions "HTTP/1.1 200 OK"
2026-05-25 16:47:14,396 httpx INFO: HTTP Request: POST https://aiberm.com/v1/chat/completions "HTTP/1.1 200 OK"
2026-05-25 16:47:14,518 httpx INFO: HTTP Request: POST https://aiberm.com/v1/chat/completions "HTTP/1.1 200 OK"
2026-05-25 16:47:14,549 httpx INFO: HTTP Request: POST https://aiberm.com/v1/chat/completions "HTTP/1.1 200 OK"
2026-05-25 16:47:14,768 httpx INFO: HTTP Request: POST https://aiberm.com/v1/chat/completions "HTTP/1.1 200 OK"
2026-05-25 16:47:15,876 httpx INFO: HTTP Request: POST https://aiberm.com/v1/chat/completions "HTTP/1.1 200 OK"
2026-05-25 16:47:16,055 httpx INFO: HTTP Request: POST https://aiberm.com/v1/chat/completions "HTTP/1.1 200 OK"
2026-05-25 16:47:16,155 httpx INFO: HTTP Request: POST https://aiberm.com/v1/chat/completions "HTTP/1.1 200 OK"
2026-05-25 16:47:16,311 httpx INFO: HTTP Request: POST https://aiberm.com/v1/chat/completions "HTTP/1.1 200 OK"
2026-05-25 16:47:16,354 httpx INFO: HTTP Request: POST https://aiberm.com/v1/chat/completions "HTTP/1.1 200 OK"
2026-05-25 16:47:16,903 httpx INFO: HTTP Request: POST https://aiberm.com/v1/chat/completions "HTTP/1.1 200 OK"
2026-05-25 16:47:16,962 httpx INFO: HTTP Request: POST https://aiberm.com/v1/chat/completions "HTTP/1.1 200 OK"
2026-05-25 16:47:17,576 httpx INFO: HTTP Request: POST https://aiberm.com/v1/chat/completions "HTTP/1.1 200 OK"
2026-05-25 16:47:18,006 httpx INFO: HTTP Request: POST https://aiberm.com/v1/chat/completions "HTTP/1.1 200 OK"
2026-05-25 16:47:18,332 httpx INFO: HTTP Request: POST https://aiberm.com/v1/chat/completions "HTTP/1.1 200 OK"
2026-05-25 16:47:18,666 httpx INFO: HTTP Request: POST https://aiberm.com/v1/chat/completions "HTTP/1.1 200 OK"
2026-05-25 16:47:19,351 httpx INFO: HTTP Request: POST https://aiberm.com/v1/chat/completions "HTTP/1.1 200 OK"
2026-05-25 16:47:19,746 httpx INFO: HTTP Request: POST https://aiberm.com/v1/chat/completions "HTTP/1.1 200 OK"
2026-05-25 16:47:20,146 httpx INFO: HTTP Request: POST https://aiberm.com/v1/chat/completions "HTTP/1.1 200 OK"
2026-05-25 16:47:20,178 httpx INFO: HTTP Request: POST https://aiberm.com/v1/chat/completions "HTTP/1.1 200 OK"
2026-05-25 16:47:20,865 httpx INFO: HTTP Request: POST https://aiberm.com/v1/chat/completions "HTTP/1.1 200 OK"
2026-05-25 16:47:21,977 httpx INFO: HTTP Request: POST https://aiberm.com/v1/chat/completions "HTTP/1.1 200 OK"
2026-05-25 16:47:22,168 httpx INFO: HTTP Request: POST https://aiberm.com/v1/chat/completions "HTTP/1.1 200 OK"
2026-05-25 16:47:22,295 httpx INFO: HTTP Request: POST https://aiberm.com/v1/chat/completions "HTTP/1.1 200 OK"
2026-05-25 16:47:22,349 httpx INFO: HTTP Request: POST https://aiberm.com/v1/chat/completions "HTTP/1.1 200 OK"
2026-05-25 16:47:22,727 httpx INFO: HTTP Request: POST https://aiberm.com/v1/chat/completions "HTTP/1.1 200 OK"
2026-05-25 16:47:23,115 httpx INFO: HTTP Request: POST https://aiberm.com/v1/chat/completions "HTTP/1.1 200 OK"
2026-05-25 16:47:23,457 httpx INFO: HTTP Request: POST https://aiberm.com/v1/chat/completions "HTTP/1.1 200 OK"
2026-05-25 16:47:23,756 httpx INFO: HTTP Request: POST https://aiberm.com/v1/chat/completions "HTTP/1.1 200 OK"
2026-05-25 16:47:23,943 httpx INFO: HTTP Request: POST https://aiberm.com/v1/chat/completions "HTTP/1.1 200 OK"
2026-05-25 16:47:23,992 httpx INFO: HTTP Request: POST https://aiberm.com/v1/chat/completions "HTTP/1.1 200 OK"
2026-05-25 16:47:24,532 httpx INFO: HTTP Request: POST https://aiberm.com/v1/chat/completions "HTTP/1.1 200 OK"
2026-05-25 16:47:24,602 httpx INFO: HTTP Request: POST https://aiberm.com/v1/chat/completions "HTTP/1.1 200 OK"
2026-05-25 16:47:25,028 httpx INFO: HTTP Request: POST https://aiberm.com/v1/chat/completions "HTTP/1.1 200 OK"
2026-05-25 16:47:25,342 httpx INFO: HTTP Request: POST https://aiberm.com/v1/chat/completions "HTTP/1.1 200 OK"
2026-05-25 16:47:26,131 httpx INFO: HTTP Request: POST https://aiberm.com/v1/chat/completions "HTTP/1.1 200 OK"
2026-05-25 16:47:26,569 httpx INFO: HTTP Request: POST https://aiberm.com/v1/chat/completions "HTTP/1.1 200 OK"
2026-05-25 16:47:26,933 httpx INFO: HTTP Request: POST https://aiberm.com/v1/chat/completions "HTTP/1.1 200 OK"
2026-05-25 16:47:27,026 httpx INFO: HTTP Request: POST https://aiberm.com/v1/chat/completions "HTTP/1.1 200 OK"
2026-05-25 16:47:27,067 httpx INFO: HTTP Request: POST https://aiberm.com/v1/chat/completions "HTTP/1.1 200 OK"
2026-05-25 16:47:27,393 httpx INFO: HTTP Request: POST https://aiberm.com/v1/chat/completions "HTTP/1.1 200 OK"
2026-05-25 16:47:27,705 httpx INFO: HTTP Request: POST https://aiberm.com/v1/chat/completions "HTTP/1.1 200 OK"
2026-05-25 16:47:27,734 httpx INFO: HTTP Request: POST https://aiberm.com/v1/chat/completions "HTTP/1.1 200 OK"
2026-05-25 16:47:28,335 httpx INFO: HTTP Request: POST https://aiberm.com/v1/chat/completions "HTTP/1.1 200 OK"
2026-05-25 16:47:28,641 httpx INFO: HTTP Request: POST https://aiberm.com/v1/chat/completions "HTTP/1.1 200 OK"
2026-05-25 16:47:28,912 httpx INFO: HTTP Request: POST https://aiberm.com/v1/chat/completions "HTTP/1.1 200 OK"
2026-05-25 16:47:29,691 httpx INFO: HTTP Request: POST https://aiberm.com/v1/chat/completions "HTTP/1.1 200 OK"
2026-05-25 16:47:29,757 httpx INFO: HTTP Request: POST https://aiberm.com/v1/chat/completions "HTTP/1.1 200 OK"
2026-05-25 16:47:29,796 httpx INFO: HTTP Request: POST https://aiberm.com/v1/chat/completions "HTTP/1.1 200 OK"
2026-05-25 16:47:30,632 httpx INFO: HTTP Request: POST https://aiberm.com/v1/chat/completions "HTTP/1.1 200 OK"
2026-05-25 16:47:30,867 httpx INFO: HTTP Request: POST https://aiberm.com/v1/chat/completions "HTTP/1.1 200 OK"
2026-05-25 16:47:30,897 httpx INFO: HTTP Request: POST https://aiberm.com/v1/chat/completions "HTTP/1.1 200 OK"
2026-05-25 16:47:31,433 httpx INFO: HTTP Request: POST https://aiberm.com/v1/chat/completions "HTTP/1.1 200 OK"
2026-05-25 16:47:31,602 httpx INFO: HTTP Request: POST https://aiberm.com/v1/chat/completions "HTTP/1.1 200 OK"
2026-05-25 16:47:31,696 httpx INFO: HTTP Request: POST https://aiberm.com/v1/chat/completions "HTTP/1.1 200 OK"
2026-05-25 16:47:31,883 httpx INFO: HTTP Request: POST https://aiberm.com/v1/chat/completions "HTTP/1.1 200 OK"
2026-05-25 16:47:32,127 httpx INFO: HTTP Request: POST https://aiberm.com/v1/chat/completions "HTTP/1.1 200 OK"
2026-05-25 16:47:32,338 httpx INFO: HTTP Request: POST https://aiberm.com/v1/chat/completions "HTTP/1.1 200 OK"
2026-05-25 16:47:32,650 httpx INFO: HTTP Request: POST https://aiberm.com/v1/chat/completions "HTTP/1.1 200 OK"
2026-05-25 16:47:33,253 httpx INFO: HTTP Request: POST https://aiberm.com/v1/chat/completions "HTTP/1.1 200 OK"
2026-05-25 16:47:34,055 httpx INFO: HTTP Request: POST https://aiberm.com/v1/chat/completions "HTTP/1.1 200 OK"
2026-05-25 16:47:34,786 httpx INFO: HTTP Request: POST https://aiberm.com/v1/chat/completions "HTTP/1.1 200 OK"
2026-05-25 16:47:34,926 httpx INFO: HTTP Request: POST https://aiberm.com/v1/chat/completions "HTTP/1.1 200 OK"
2026-05-25 16:47:35,026 httpx INFO: HTTP Request: POST https://aiberm.com/v1/chat/completions "HTTP/1.1 200 OK"
2026-05-25 16:47:35,341 httpx INFO: HTTP Request: POST https://aiberm.com/v1/chat/completions "HTTP/1.1 200 OK"
2026-05-25 16:47:35,467 httpx INFO: HTTP Request: POST https://aiberm.com/v1/chat/completions "HTTP/1.1 200 OK"
2026-05-25 16:47:35,822 httpx INFO: HTTP Request: POST https://aiberm.com/v1/chat/completions "HTTP/1.1 200 OK"
2026-05-25 16:47:36,091 httpx INFO: HTTP Request: POST https://aiberm.com/v1/chat/completions "HTTP/1.1 200 OK"
2026-05-25 16:47:36,308 httpx INFO: HTTP Request: POST https://aiberm.com/v1/chat/completions "HTTP/1.1 200 OK"
2026-05-25 16:47:36,992 httpx INFO: HTTP Request: POST https://aiberm.com/v1/chat/completions "HTTP/1.1 200 OK"
2026-05-25 16:47:37,227 httpx INFO: HTTP Request: POST https://aiberm.com/v1/chat/completions "HTTP/1.1 200 OK"
2026-05-25 16:47:37,366 httpx INFO: HTTP Request: POST https://aiberm.com/v1/chat/completions "HTTP/1.1 200 OK"
2026-05-25 16:47:37,999 httpx INFO: HTTP Request: POST https://aiberm.com/v1/chat/completions "HTTP/1.1 200 OK"
2026-05-25 16:47:38,297 httpx INFO: HTTP Request: POST https://aiberm.com/v1/chat/completions "HTTP/1.1 200 OK"
2026-05-25 16:47:38,451 httpx INFO: HTTP Request: POST https://aiberm.com/v1/chat/completions "HTTP/1.1 200 OK"
2026-05-25 16:47:38,665 httpx INFO: HTTP Request: POST https://aiberm.com/v1/chat/completions "HTTP/1.1 200 OK"
2026-05-25 16:47:38,981 httpx INFO: HTTP Request: POST https://aiberm.com/v1/chat/completions "HTTP/1.1 200 OK"
2026-05-25 16:47:39,570 httpx INFO: HTTP Request: POST https://aiberm.com/v1/chat/completions "HTTP/1.1 200 OK"
2026-05-25 16:47:39,637 httpx INFO: HTTP Request: POST https://aiberm.com/v1/chat/completions "HTTP/1.1 200 OK"
2026-05-25 16:47:39,830 httpx INFO: HTTP Request: POST https://aiberm.com/v1/chat/completions "HTTP/1.1 200 OK"
2026-05-25 16:47:39,860 httpx INFO: HTTP Request: POST https://aiberm.com/v1/chat/completions "HTTP/1.1 200 OK"
2026-05-25 16:47:39,983 httpx INFO: HTTP Request: POST https://aiberm.com/v1/chat/completions "HTTP/1.1 200 OK"
2026-05-25 16:47:40,400 httpx INFO: HTTP Request: POST https://aiberm.com/v1/chat/completions "HTTP/1.1 200 OK"
2026-05-25 16:47:40,538 httpx INFO: HTTP Request: POST https://aiberm.com/v1/chat/completions "HTTP/1.1 200 OK"
2026-05-25 16:47:41,968 httpx INFO: HTTP Request: POST https://aiberm.com/v1/chat/completions "HTTP/1.1 200 OK"
2026-05-25 16:47:42,141 httpx INFO: HTTP Request: POST https://aiberm.com/v1/chat/completions "HTTP/1.1 200 OK"
2026-05-25 16:47:42,316 httpx INFO: HTTP Request: POST https://aiberm.com/v1/chat/completions "HTTP/1.1 200 OK"
2026-05-25 16:47:42,494 httpx INFO: HTTP Request: POST https://aiberm.com/v1/chat/completions "HTTP/1.1 200 OK"
2026-05-25 16:47:42,591 httpx INFO: HTTP Request: POST https://aiberm.com/v1/chat/completions "HTTP/1.1 200 OK"
2026-05-25 16:47:42,970 httpx INFO: HTTP Request: POST https://aiberm.com/v1/chat/completions "HTTP/1.1 200 OK"
2026-05-25 16:47:43,167 httpx INFO: HTTP Request: POST https://aiberm.com/v1/chat/completions "HTTP/1.1 200 OK"
2026-05-25 16:47:43,369 httpx INFO: HTTP Request: POST https://aiberm.com/v1/chat/completions "HTTP/1.1 200 OK"
2026-05-25 16:47:43,731 httpx INFO: HTTP Request: POST https://aiberm.com/v1/chat/completions "HTTP/1.1 200 OK"
2026-05-25 16:47:43,975 httpx INFO: HTTP Request: POST https://aiberm.com/v1/chat/completions "HTTP/1.1 200 OK"
2026-05-25 16:47:44,664 httpx INFO: HTTP Request: POST https://aiberm.com/v1/chat/completions "HTTP/1.1 200 OK"
2026-05-25 16:47:44,862 httpx INFO: HTTP Request: POST https://aiberm.com/v1/chat/completions "HTTP/1.1 200 OK"
2026-05-25 16:47:45,023 httpx INFO: HTTP Request: POST https://aiberm.com/v1/chat/completions "HTTP/1.1 200 OK"
2026-05-25 16:47:45,781 httpx INFO: HTTP Request: POST https://aiberm.com/v1/chat/completions "HTTP/1.1 200 OK"
2026-05-25 16:47:45,837 httpx INFO: HTTP Request: POST https://aiberm.com/v1/chat/completions "HTTP/1.1 200 OK"
2026-05-25 16:47:46,360 httpx INFO: HTTP Request: POST https://aiberm.com/v1/chat/completions "HTTP/1.1 200 OK"
2026-05-25 16:47:46,715 httpx INFO: HTTP Request: POST https://aiberm.com/v1/chat/completions "HTTP/1.1 200 OK"
2026-05-25 16:47:46,823 httpx INFO: HTTP Request: POST https://aiberm.com/v1/chat/completions "HTTP/1.1 200 OK"
2026-05-25 16:47:46,916 httpx INFO: HTTP Request: POST https://aiberm.com/v1/chat/completions "HTTP/1.1 200 OK"
2026-05-25 16:47:47,353 httpx INFO: HTTP Request: POST https://aiberm.com/v1/chat/completions "HTTP/1.1 200 OK"
2026-05-25 16:47:48,477 httpx INFO: HTTP Request: POST https://aiberm.com/v1/chat/completions "HTTP/1.1 200 OK"
2026-05-25 16:47:48,790 httpx INFO: HTTP Request: POST https://aiberm.com/v1/chat/completions "HTTP/1.1 200 OK"
2026-05-25 16:47:49,150 httpx INFO: HTTP Request: POST https://aiberm.com/v1/chat/completions "HTTP/1.1 200 OK"
2026-05-25 16:47:49,324 httpx INFO: HTTP Request: POST https://aiberm.com/v1/chat/completions "HTTP/1.1 200 OK"
2026-05-25 16:47:49,577 httpx INFO: HTTP Request: POST https://aiberm.com/v1/chat/completions "HTTP/1.1 200 OK"
2026-05-25 16:47:49,980 httpx INFO: HTTP Request: POST https://aiberm.com/v1/chat/completions "HTTP/1.1 200 OK"
2026-05-25 16:47:50,422 httpx INFO: HTTP Request: POST https://aiberm.com/v1/chat/completions "HTTP/1.1 200 OK"
2026-05-25 16:47:50,483 httpx INFO: HTTP Request: POST https://aiberm.com/v1/chat/completions "HTTP/1.1 200 OK"
2026-05-25 16:47:50,935 httpx INFO: HTTP Request: POST https://aiberm.com/v1/chat/completions "HTTP/1.1 200 OK"
2026-05-25 16:47:51,322 httpx INFO: HTTP Request: POST https://aiberm.com/v1/chat/completions "HTTP/1.1 200 OK"
2026-05-25 16:47:51,388 httpx INFO: HTTP Request: POST https://aiberm.com/v1/chat/completions "HTTP/1.1 200 OK"
2026-05-25 16:47:52,754 httpx INFO: HTTP Request: POST https://aiberm.com/v1/chat/completions "HTTP/1.1 200 OK"
2026-05-25 16:47:52,928 httpx INFO: HTTP Request: POST https://aiberm.com/v1/chat/completions "HTTP/1.1 200 OK"
2026-05-25 16:47:52,958 httpx INFO: HTTP Request: POST https://aiberm.com/v1/chat/completions "HTTP/1.1 200 OK"
2026-05-25 16:47:53,416 httpx INFO: HTTP Request: POST https://aiberm.com/v1/chat/completions "HTTP/1.1 200 OK"
2026-05-25 16:47:53,507 httpx INFO: HTTP Request: POST https://aiberm.com/v1/chat/completions "HTTP/1.1 200 OK"
2026-05-25 16:47:54,027 httpx INFO: HTTP Request: POST https://aiberm.com/v1/chat/completions "HTTP/1.1 200 OK"
2026-05-25 16:47:54,820 httpx INFO: HTTP Request: POST https://aiberm.com/v1/chat/completions "HTTP/1.1 200 OK"
2026-05-25 16:47:55,042 httpx INFO: HTTP Request: POST https://aiberm.com/v1/chat/completions "HTTP/1.1 200 OK"
2026-05-25 16:47:55,095 httpx INFO: HTTP Request: POST https://aiberm.com/v1/chat/completions "HTTP/1.1 200 OK"
2026-05-25 16:47:55,498 httpx INFO: HTTP Request: POST https://aiberm.com/v1/chat/completions "HTTP/1.1 200 OK"
2026-05-25 16:47:55,788 httpx INFO: HTTP Request: POST https://aiberm.com/v1/chat/completions "HTTP/1.1 200 OK"
2026-05-25 16:47:56,213 httpx INFO: HTTP Request: POST https://aiberm.com/v1/chat/completions "HTTP/1.1 200 OK"
2026-05-25 16:47:57,038 httpx INFO: HTTP Request: POST https://aiberm.com/v1/chat/completions "HTTP/1.1 200 OK"
2026-05-25 16:47:57,393 httpx INFO: HTTP Request: POST https://aiberm.com/v1/chat/completions "HTTP/1.1 200 OK"
2026-05-25 16:47:57,705 httpx INFO: HTTP Request: POST https://aiberm.com/v1/chat/completions "HTTP/1.1 200 OK"
2026-05-25 16:47:58,147 httpx INFO: HTTP Request: POST https://aiberm.com/v1/chat/completions "HTTP/1.1 200 OK"
2026-05-25 16:47:58,595 httpx INFO: HTTP Request: POST https://aiberm.com/v1/chat/completions "HTTP/1.1 200 OK"
2026-05-25 16:47:58,835 httpx INFO: HTTP Request: POST https://aiberm.com/v1/chat/completions "HTTP/1.1 200 OK"
2026-05-25 16:47:59,310 httpx INFO: HTTP Request: POST https://aiberm.com/v1/chat/completions "HTTP/1.1 200 OK"
2026-05-25 16:47:59,383 httpx INFO: HTTP Request: POST https://aiberm.com/v1/chat/completions "HTTP/1.1 200 OK"
2026-05-25 16:47:59,755 httpx INFO: HTTP Request: POST https://aiberm.com/v1/chat/completions "HTTP/1.1 200 OK"
2026-05-25 16:48:00,698 httpx INFO: HTTP Request: POST https://aiberm.com/v1/chat/completions "HTTP/1.1 200 OK"
2026-05-25 16:48:00,750 httpx INFO: HTTP Request: POST https://aiberm.com/v1/chat/completions "HTTP/1.1 200 OK"
2026-05-25 16:48:01,359 httpx INFO: HTTP Request: POST https://aiberm.com/v1/chat/completions "HTTP/1.1 200 OK"
2026-05-25 16:48:01,392 httpx INFO: HTTP Request: POST https://aiberm.com/v1/chat/completions "HTTP/1.1 200 OK"
2026-05-25 16:48:01,438 httpx INFO: HTTP Request: POST https://aiberm.com/v1/chat/completions "HTTP/1.1 200 OK"
2026-05-25 16:48:01,941 httpx INFO: HTTP Request: POST https://aiberm.com/v1/chat/completions "HTTP/1.1 200 OK"
2026-05-25 16:48:02,108 httpx INFO: HTTP Request: POST https://aiberm.com/v1/chat/completions "HTTP/1.1 200 OK"
2026-05-25 16:48:03,141 httpx INFO: HTTP Request: POST https://aiberm.com/v1/chat/completions "HTTP/1.1 200 OK"
2026-05-25 16:48:03,861 httpx INFO: HTTP Request: POST https://aiberm.com/v1/chat/completions "HTTP/1.1 200 OK"
2026-05-25 16:48:03,889 httpx INFO: HTTP Request: POST https://aiberm.com/v1/chat/completions "HTTP/1.1 200 OK"
2026-05-25 16:48:03,936 httpx INFO: HTTP Request: POST https://aiberm.com/v1/chat/completions "HTTP/1.1 200 OK"
2026-05-25 16:48:04,171 httpx INFO: HTTP Request: POST https://aiberm.com/v1/chat/completions "HTTP/1.1 200 OK"
2026-05-25 16:48:04,628 httpx INFO: HTTP Request: POST https://aiberm.com/v1/chat/completions "HTTP/1.1 200 OK"
2026-05-25 16:48:05,294 httpx INFO: HTTP Request: POST https://aiberm.com/v1/chat/completions "HTTP/1.1 200 OK"
2026-05-25 16:48:05,689 httpx INFO: HTTP Request: POST https://aiberm.com/v1/chat/completions "HTTP/1.1 200 OK"
2026-05-25 16:48:06,035 httpx INFO: HTTP Request: POST https://aiberm.com/v1/chat/completions "HTTP/1.1 200 OK"
2026-05-25 16:48:06,127 httpx INFO: HTTP Request: POST https://aiberm.com/v1/chat/completions "HTTP/1.1 200 OK"
2026-05-25 16:48:06,155 httpx INFO: HTTP Request: POST https://aiberm.com/v1/chat/completions "HTTP/1.1 200 OK"
2026-05-25 16:48:07,425 httpx INFO: HTTP Request: POST https://aiberm.com/v1/chat/completions "HTTP/1.1 200 OK"
2026-05-25 16:48:07,607 httpx INFO: HTTP Request: POST https://aiberm.com/v1/chat/completions "HTTP/1.1 200 OK"
2026-05-25 16:48:07,779 httpx INFO: HTTP Request: POST https://aiberm.com/v1/chat/completions "HTTP/1.1 200 OK"
2026-05-25 16:48:07,833 httpx INFO: HTTP Request: POST https://aiberm.com/v1/chat/completions "HTTP/1.1 200 OK"
2026-05-25 16:48:08,426 httpx INFO: HTTP Request: POST https://aiberm.com/v1/chat/completions "HTTP/1.1 200 OK"
2026-05-25 16:48:08,526 httpx INFO: HTTP Request: POST https://aiberm.com/v1/chat/completions "HTTP/1.1 200 OK"
2026-05-25 16:48:08,581 httpx INFO: HTTP Request: POST https://aiberm.com/v1/chat/completions "HTTP/1.1 200 OK"
2026-05-25 16:48:09,151 httpx INFO: HTTP Request: POST https://aiberm.com/v1/chat/completions "HTTP/1.1 200 OK"
2026-05-25 16:48:09,755 httpx INFO: HTTP Request: POST https://aiberm.com/v1/chat/completions "HTTP/1.1 200 OK"
2026-05-25 16:48:10,147 httpx INFO: HTTP Request: POST https://aiberm.com/v1/chat/completions "HTTP/1.1 200 OK"
2026-05-25 16:48:10,525 httpx INFO: HTTP Request: POST https://aiberm.com/v1/chat/completions "HTTP/1.1 200 OK"
2026-05-25 16:48:10,968 httpx INFO: HTTP Request: POST https://aiberm.com/v1/chat/completions "HTTP/1.1 200 OK"
2026-05-25 16:48:11,286 httpx INFO: HTTP Request: POST https://aiberm.com/v1/chat/completions "HTTP/1.1 200 OK"
2026-05-25 16:48:11,676 httpx INFO: HTTP Request: POST https://aiberm.com/v1/chat/completions "HTTP/1.1 200 OK"
2026-05-25 16:48:11,768 httpx INFO: HTTP Request: POST https://aiberm.com/v1/chat/completions "HTTP/1.1 200 OK"
2026-05-25 16:48:12,001 httpx INFO: HTTP Request: POST https://aiberm.com/v1/chat/completions "HTTP/1.1 200 OK"
2026-05-25 16:48:12,499 httpx INFO: HTTP Request: POST https://aiberm.com/v1/chat/completions "HTTP/1.1 200 OK"
2026-05-25 16:48:12,667 httpx INFO: HTTP Request: POST https://aiberm.com/v1/chat/completions "HTTP/1.1 200 OK"
2026-05-25 16:48:12,694 httpx INFO: HTTP Request: POST https://aiberm.com/v1/chat/completions "HTTP/1.1 200 OK"
2026-05-25 16:48:13,168 httpx INFO: HTTP Request: POST https://aiberm.com/v1/chat/completions "HTTP/1.1 200 OK"
2026-05-25 16:48:13,252 httpx INFO: HTTP Request: POST https://aiberm.com/v1/chat/completions "HTTP/1.1 200 OK"
2026-05-25 16:48:13,354 httpx INFO: HTTP Request: POST https://aiberm.com/v1/chat/completions "HTTP/1.1 200 OK"
2026-05-25 16:48:13,603 httpx INFO: HTTP Request: POST https://aiberm.com/v1/chat/completions "HTTP/1.1 200 OK"
2026-05-25 16:48:14,395 httpx INFO: HTTP Request: POST https://aiberm.com/v1/chat/completions "HTTP/1.1 200 OK"
2026-05-25 16:48:14,554 httpx INFO: HTTP Request: POST https://aiberm.com/v1/chat/completions "HTTP/1.1 200 OK"
2026-05-25 16:48:14,951 httpx INFO: HTTP Request: POST https://aiberm.com/v1/chat/completions "HTTP/1.1 200 OK"
2026-05-25 16:48:15,113 httpx INFO: HTTP Request: POST https://aiberm.com/v1/chat/completions "HTTP/1.1 200 OK"
2026-05-25 16:48:15,710 httpx INFO: HTTP Request: POST https://aiberm.com/v1/chat/completions "HTTP/1.1 200 OK"
2026-05-25 16:48:15,869 httpx INFO: HTTP Request: POST https://aiberm.com/v1/chat/completions "HTTP/1.1 200 OK"
2026-05-25 16:48:16,454 httpx INFO: HTTP Request: POST https://aiberm.com/v1/chat/completions "HTTP/1.1 200 OK"
2026-05-25 16:48:17,434 httpx INFO: HTTP Request: POST https://aiberm.com/v1/chat/completions "HTTP/1.1 200 OK"
2026-05-25 16:48:17,533 httpx INFO: HTTP Request: POST https://aiberm.com/v1/chat/completions "HTTP/1.1 200 OK"
2026-05-25 16:48:18,168 httpx INFO: HTTP Request: POST https://aiberm.com/v1/chat/completions "HTTP/1.1 200 OK"
2026-05-25 16:48:18,229 httpx INFO: HTTP Request: POST https://aiberm.com/v1/chat/completions "HTTP/1.1 200 OK"
2026-05-25 16:48:18,379 httpx INFO: HTTP Request: POST https://aiberm.com/v1/chat/completions "HTTP/1.1 200 OK"
2026-05-25 16:48:18,783 httpx INFO: HTTP Request: POST https://aiberm.com/v1/chat/completions "HTTP/1.1 200 OK"
2026-05-25 16:48:19,101 httpx INFO: HTTP Request: POST https://aiberm.com/v1/chat/completions "HTTP/1.1 200 OK"
2026-05-25 16:48:19,139 httpx INFO: HTTP Request: POST https://aiberm.com/v1/chat/completions "HTTP/1.1 200 OK"
2026-05-25 16:48:19,221 httpx INFO: HTTP Request: POST https://aiberm.com/v1/chat/completions "HTTP/1.1 200 OK"
2026-05-25 16:48:19,441 httpx INFO: HTTP Request: POST https://aiberm.com/v1/chat/completions "HTTP/1.1 200 OK"
2026-05-25 16:48:19,750 httpx INFO: HTTP Request: POST https://aiberm.com/v1/chat/completions "HTTP/1.1 200 OK"
2026-05-25 16:48:20,239 httpx INFO: HTTP Request: POST https://aiberm.com/v1/chat/completions "HTTP/1.1 200 OK"
2026-05-25 16:48:20,665 httpx INFO: HTTP Request: POST https://aiberm.com/v1/chat/completions "HTTP/1.1 200 OK"
2026-05-25 16:48:21,039 httpx INFO: HTTP Request: POST https://aiberm.com/v1/chat/completions "HTTP/1.1 200 OK"
2026-05-25 16:48:22,070 httpx INFO: HTTP Request: POST https://aiberm.com/v1/chat/completions "HTTP/1.1 200 OK"
2026-05-25 16:48:22,244 httpx INFO: HTTP Request: POST https://aiberm.com/v1/chat/completions "HTTP/1.1 200 OK"
2026-05-25 16:48:22,343 httpx INFO: HTTP Request: POST https://aiberm.com/v1/chat/completions "HTTP/1.1 200 OK"
2026-05-25 16:48:23,186 httpx INFO: HTTP Request: POST https://aiberm.com/v1/chat/completions "HTTP/1.1 200 OK"
2026-05-25 16:48:23,241 httpx INFO: HTTP Request: POST https://aiberm.com/v1/chat/completions "HTTP/1.1 200 OK"
2026-05-25 16:48:23,477 httpx INFO: HTTP Request: POST https://aiberm.com/v1/chat/completions "HTTP/1.1 200 OK"
2026-05-25 16:48:23,596 httpx INFO: HTTP Request: POST https://aiberm.com/v1/chat/completions "HTTP/1.1 200 OK"
2026-05-25 16:48:23,960 httpx INFO: HTTP Request: POST https://aiberm.com/v1/chat/completions "HTTP/1.1 200 OK"
2026-05-25 16:48:23,988 httpx INFO: HTTP Request: POST https://aiberm.com/v1/chat/completions "HTTP/1.1 200 OK"
2026-05-25 16:48:24,031 httpx INFO: HTTP Request: POST https://aiberm.com/v1/chat/completions "HTTP/1.1 200 OK"
2026-05-25 16:48:24,475 httpx INFO: HTTP Request: POST https://aiberm.com/v1/chat/completions "HTTP/1.1 200 OK"
2026-05-25 16:48:24,716 httpx INFO: HTTP Request: POST https://aiberm.com/v1/chat/completions "HTTP/1.1 200 OK"
2026-05-25 16:48:24,816 httpx INFO: HTTP Request: POST https://aiberm.com/v1/chat/completions "HTTP/1.1 200 OK"
2026-05-25 16:48:24,983 httpx INFO: HTTP Request: POST https://aiberm.com/v1/chat/completions "HTTP/1.1 200 OK"
2026-05-25 16:48:25,403 httpx INFO: HTTP Request: POST https://aiberm.com/v1/chat/completions "HTTP/1.1 200 OK"
2026-05-25 16:48:25,747 httpx INFO: HTTP Request: POST https://aiberm.com/v1/chat/completions "HTTP/1.1 200 OK"
2026-05-25 16:48:26,489 httpx INFO: HTTP Request: POST https://aiberm.com/v1/chat/completions "HTTP/1.1 200 OK"
2026-05-25 16:48:26,709 httpx INFO: HTTP Request: POST https://aiberm.com/v1/chat/completions "HTTP/1.1 200 OK"
2026-05-25 16:48:26,887 httpx INFO: HTTP Request: POST https://aiberm.com/v1/chat/completions "HTTP/1.1 200 OK"
2026-05-25 16:48:27,446 httpx INFO: HTTP Request: POST https://aiberm.com/v1/chat/completions "HTTP/1.1 200 OK"
2026-05-25 16:48:27,725 httpx INFO: HTTP Request: POST https://aiberm.com/v1/chat/completions "HTTP/1.1 200 OK"
2026-05-25 16:48:28,063 httpx INFO: HTTP Request: POST https://aiberm.com/v1/chat/completions "HTTP/1.1 200 OK"
2026-05-25 16:48:28,218 httpx INFO: HTTP Request: POST https://aiberm.com/v1/chat/completions "HTTP/1.1 200 OK"
2026-05-25 16:48:28,632 httpx INFO: HTTP Request: POST https://aiberm.com/v1/chat/completions "HTTP/1.1 200 OK"
2026-05-25 16:48:29,675 httpx INFO: HTTP Request: POST https://aiberm.com/v1/chat/completions "HTTP/1.1 200 OK"
2026-05-25 16:48:29,736 httpx INFO: HTTP Request: POST https://aiberm.com/v1/chat/completions "HTTP/1.1 200 OK"
2026-05-25 16:48:29,928 httpx INFO: HTTP Request: POST https://aiberm.com/v1/chat/completions "HTTP/1.1 200 OK"
2026-05-25 16:48:30,002 httpx INFO: HTTP Request: POST https://aiberm.com/v1/chat/completions "HTTP/1.1 200 OK"
2026-05-25 16:48:30,348 httpx INFO: HTTP Request: POST https://aiberm.com/v1/chat/completions "HTTP/1.1 200 OK"
2026-05-25 16:48:30,379 httpx INFO: HTTP Request: POST https://aiberm.com/v1/chat/completions "HTTP/1.1 200 OK"
2026-05-25 16:48:30,758 httpx INFO: HTTP Request: POST https://aiberm.com/v1/chat/completions "HTTP/1.1 200 OK"
2026-05-25 16:48:31,603 httpx INFO: HTTP Request: POST https://aiberm.com/v1/chat/completions "HTTP/1.1 200 OK"
2026-05-25 16:48:31,630 httpx INFO: HTTP Request: POST https://aiberm.com/v1/chat/completions "HTTP/1.1 200 OK"
2026-05-25 16:48:31,741 httpx INFO: HTTP Request: POST https://aiberm.com/v1/chat/completions "HTTP/1.1 200 OK"
2026-05-25 16:48:32,161 httpx INFO: HTTP Request: POST https://aiberm.com/v1/chat/completions "HTTP/1.1 200 OK"
2026-05-25 16:48:32,532 httpx INFO: HTTP Request: POST https://aiberm.com/v1/chat/completions "HTTP/1.1 200 OK"
2026-05-25 16:48:33,221 httpx INFO: HTTP Request: POST https://aiberm.com/v1/chat/completions "HTTP/1.1 200 OK"
2026-05-25 16:48:33,639 httpx INFO: HTTP Request: POST https://aiberm.com/v1/chat/completions "HTTP/1.1 200 OK"
2026-05-25 16:48:33,734 httpx INFO: HTTP Request: POST https://aiberm.com/v1/chat/completions "HTTP/1.1 200 OK"
2026-05-25 16:48:33,769 httpx INFO: HTTP Request: POST https://aiberm.com/v1/chat/completions "HTTP/1.1 200 OK"
2026-05-25 16:48:34,023 httpx INFO: HTTP Request: POST https://aiberm.com/v1/chat/completions "HTTP/1.1 200 OK"
2026-05-25 16:48:34,473 httpx INFO: HTTP Request: POST https://aiberm.com/v1/chat/completions "HTTP/1.1 200 OK"
2026-05-25 16:48:34,643 httpx INFO: HTTP Request: POST https://aiberm.com/v1/chat/completions "HTTP/1.1 200 OK"
2026-05-25 16:48:34,753 httpx INFO: HTTP Request: POST https://aiberm.com/v1/chat/completions "HTTP/1.1 200 OK"
2026-05-25 16:48:35,136 httpx INFO: HTTP Request: POST https://aiberm.com/v1/chat/completions "HTTP/1.1 200 OK"
2026-05-25 16:48:35,357 httpx INFO: HTTP Request: POST https://aiberm.com/v1/chat/completions "HTTP/1.1 200 OK"
2026-05-25 16:48:35,806 httpx INFO: HTTP Request: POST https://aiberm.com/v1/chat/completions "HTTP/1.1 200 OK"
2026-05-25 16:48:35,892 httpx INFO: HTTP Request: POST https://aiberm.com/v1/chat/completions "HTTP/1.1 200 OK"
2026-05-25 16:48:36,402 httpx INFO: HTTP Request: POST https://aiberm.com/v1/chat/completions "HTTP/1.1 200 OK"
2026-05-25 16:48:36,789 httpx INFO: HTTP Request: POST https://aiberm.com/v1/chat/completions "HTTP/1.1 200 OK"
2026-05-25 16:48:36,890 httpx INFO: HTTP Request: POST https://aiberm.com/v1/chat/completions "HTTP/1.1 200 OK"
2026-05-25 16:48:39,562 httpx INFO: HTTP Request: POST https://aiberm.com/v1/chat/completions "HTTP/1.1 200 OK"
2026-05-25 16:48:39,604 httpx INFO: HTTP Request: POST https://aiberm.com/v1/chat/completions "HTTP/1.1 200 OK"
2026-05-25 16:48:39,737 httpx INFO: HTTP Request: POST https://aiberm.com/v1/chat/completions "HTTP/1.1 200 OK"
2026-05-25 16:48:40,088 httpx INFO: HTTP Request: POST https://aiberm.com/v1/chat/completions "HTTP/1.1 200 OK"
2026-05-25 16:48:40,233 httpx INFO: HTTP Request: POST https://aiberm.com/v1/chat/completions "HTTP/1.1 200 OK"
2026-05-25 16:48:40,395 httpx INFO: HTTP Request: POST https://aiberm.com/v1/chat/completions "HTTP/1.1 200 OK"
2026-05-25 16:48:40,789 httpx INFO: HTTP Request: POST https://aiberm.com/v1/chat/completions "HTTP/1.1 200 OK"
2026-05-25 16:48:40,923 httpx INFO: HTTP Request: POST https://aiberm.com/v1/chat/completions "HTTP/1.1 200 OK"
2026-05-25 16:48:41,366 httpx INFO: HTTP Request: POST https://aiberm.com/v1/chat/completions "HTTP/1.1 200 OK"
2026-05-25 16:48:42,300 httpx INFO: HTTP Request: POST https://aiberm.com/v1/chat/completions "HTTP/1.1 200 OK"
2026-05-25 16:48:42,645 httpx INFO: HTTP Request: POST https://aiberm.com/v1/chat/completions "HTTP/1.1 200 OK"
2026-05-25 16:48:43,226 httpx INFO: HTTP Request: POST https://aiberm.com/v1/chat/completions "HTTP/1.1 200 OK"
2026-05-25 16:48:43,538 httpx INFO: HTTP Request: POST https://aiberm.com/v1/chat/completions "HTTP/1.1 200 OK"
2026-05-25 16:48:44,363 httpx INFO: HTTP Request: POST https://aiberm.com/v1/chat/completions "HTTP/1.1 200 OK"
2026-05-25 16:48:44,976 httpx INFO: HTTP Request: POST https://aiberm.com/v1/chat/completions "HTTP/1.1 200 OK"
2026-05-25 16:48:45,247 httpx INFO: HTTP Request: POST https://aiberm.com/v1/chat/completions "HTTP/1.1 200 OK"
2026-05-25 16:48:45,281 httpx INFO: HTTP Request: POST https://aiberm.com/v1/chat/completions "HTTP/1.1 200 OK"
2026-05-25 16:48:45,543 httpx INFO: HTTP Request: POST https://aiberm.com/v1/chat/completions "HTTP/1.1 200 OK"
2026-05-25 16:48:46,041 httpx INFO: HTTP Request: POST https://aiberm.com/v1/chat/completions "HTTP/1.1 200 OK"
2026-05-25 16:48:46,135 httpx INFO: HTTP Request: POST https://aiberm.com/v1/chat/completions "HTTP/1.1 200 OK"
2026-05-25 16:48:46,481 httpx INFO: HTTP Request: POST https://aiberm.com/v1/chat/completions "HTTP/1.1 200 OK"
2026-05-25 16:48:46,624 httpx INFO: HTTP Request: POST https://aiberm.com/v1/chat/completions "HTTP/1.1 200 OK"
2026-05-25 16:48:46,733 httpx INFO: HTTP Request: POST https://aiberm.com/v1/chat/completions "HTTP/1.1 200 OK"
2026-05-25 16:48:47,040 httpx INFO: HTTP Request: POST https://aiberm.com/v1/chat/completions "HTTP/1.1 200 OK"
2026-05-25 16:48:47,354 httpx INFO: HTTP Request: POST https://aiberm.com/v1/chat/completions "HTTP/1.1 200 OK"
2026-05-25 16:48:47,443 httpx INFO: HTTP Request: POST https://aiberm.com/v1/chat/completions "HTTP/1.1 200 OK"
2026-05-25 16:48:47,737 httpx INFO: HTTP Request: POST https://aiberm.com/v1/chat/completions "HTTP/1.1 200 OK"
2026-05-25 16:48:48,202 httpx INFO: HTTP Request: POST https://aiberm.com/v1/chat/completions "HTTP/1.1 200 OK"
2026-05-25 16:48:48,971 httpx INFO: HTTP Request: POST https://aiberm.com/v1/chat/completions "HTTP/1.1 200 OK"
2026-05-25 16:48:49,918 httpx INFO: HTTP Request: POST https://aiberm.com/v1/chat/completions "HTTP/1.1 200 OK"
2026-05-25 16:48:50,586 httpx INFO: HTTP Request: POST https://aiberm.com/v1/chat/completions "HTTP/1.1 200 OK"
2026-05-25 16:48:51,384 httpx INFO: HTTP Request: POST https://aiberm.com/v1/chat/completions "HTTP/1.1 200 OK"
2026-05-25 16:48:51,543 httpx INFO: HTTP Request: POST https://aiberm.com/v1/chat/completions "HTTP/1.1 200 OK"
2026-05-25 16:48:51,689 httpx INFO: HTTP Request: POST https://aiberm.com/v1/chat/completions "HTTP/1.1 200 OK"
2026-05-25 16:48:51,991 httpx INFO: HTTP Request: POST https://aiberm.com/v1/chat/completions "HTTP/1.1 200 OK"
2026-05-25 16:48:52,248 httpx INFO: HTTP Request: POST https://aiberm.com/v1/chat/completions "HTTP/1.1 200 OK"
2026-05-25 16:48:52,387 httpx INFO: HTTP Request: POST https://aiberm.com/v1/chat/completions "HTTP/1.1 200 OK"
2026-05-25 16:48:52,461 httpx INFO: HTTP Request: POST https://aiberm.com/v1/chat/completions "HTTP/1.1 200 OK"
2026-05-25 16:48:52,801 httpx INFO: HTTP Request: POST https://aiberm.com/v1/chat/completions "HTTP/1.1 200 OK"
2026-05-25 16:48:53,090 httpx INFO: HTTP Request: POST https://aiberm.com/v1/chat/completions "HTTP/1.1 200 OK"
2026-05-25 16:48:53,225 httpx INFO: HTTP Request: POST https://aiberm.com/v1/chat/completions "HTTP/1.1 200 OK"
2026-05-25 16:48:53,372 httpx INFO: HTTP Request: POST https://aiberm.com/v1/chat/completions "HTTP/1.1 200 OK"
2026-05-25 16:48:53,503 httpx INFO: HTTP Request: POST https://aiberm.com/v1/chat/completions "HTTP/1.1 200 OK"
2026-05-25 16:48:53,711 httpx INFO: HTTP Request: POST https://aiberm.com/v1/chat/completions "HTTP/1.1 200 OK"
2026-05-25 16:48:54,480 httpx INFO: HTTP Request: POST https://aiberm.com/v1/chat/completions "HTTP/1.1 200 OK"
2026-05-25 16:48:55,205 httpx INFO: HTTP Request: POST https://aiberm.com/v1/chat/completions "HTTP/1.1 200 OK"
2026-05-25 16:48:55,599 httpx INFO: HTTP Request: POST https://aiberm.com/v1/chat/completions "HTTP/1.1 200 OK"
2026-05-25 16:48:55,907 httpx INFO: HTTP Request: POST https://aiberm.com/v1/chat/completions "HTTP/1.1 200 OK"
2026-05-25 16:48:56,010 httpx INFO: HTTP Request: POST https://aiberm.com/v1/chat/completions "HTTP/1.1 200 OK"
2026-05-25 16:48:56,040 httpx INFO: HTTP Request: POST https://aiberm.com/v1/chat/completions "HTTP/1.1 200 OK"
2026-05-25 16:48:57,030 httpx INFO: HTTP Request: POST https://aiberm.com/v1/chat/completions "HTTP/1.1 200 OK"
2026-05-25 16:48:57,227 httpx INFO: HTTP Request: POST https://aiberm.com/v1/chat/completions "HTTP/1.1 200 OK"
2026-05-25 16:48:57,257 httpx INFO: HTTP Request: POST https://aiberm.com/v1/chat/completions "HTTP/1.1 200 OK"
2026-05-25 16:48:57,286 httpx INFO: HTTP Request: POST https://aiberm.com/v1/chat/completions "HTTP/1.1 200 OK"
2026-05-25 16:48:57,328 httpx INFO: HTTP Request: POST https://aiberm.com/v1/chat/completions "HTTP/1.1 200 OK"
2026-05-25 16:48:57,329 httpx INFO: HTTP Request: POST https://aiberm.com/v1/chat/completions "HTTP/1.1 200 OK"
2026-05-25 16:48:57,954 httpx INFO: HTTP Request: POST https://aiberm.com/v1/chat/completions "HTTP/1.1 200 OK"
2026-05-25 16:48:57,983 httpx INFO: HTTP Request: POST https://aiberm.com/v1/chat/completions "HTTP/1.1 200 OK"
2026-05-25 16:48:58,265 httpx INFO: HTTP Request: POST https://aiberm.com/v1/chat/completions "HTTP/1.1 200 OK"
2026-05-25 16:48:59,668 httpx INFO: HTTP Request: POST https://aiberm.com/v1/chat/completions "HTTP/1.1 200 OK"
2026-05-25 16:48:59,770 httpx INFO: HTTP Request: POST https://aiberm.com/v1/chat/completions "HTTP/1.1 200 OK"
2026-05-25 16:49:00,166 httpx INFO: HTTP Request: POST https://aiberm.com/v1/chat/completions "HTTP/1.1 200 OK"
2026-05-25 16:49:00,364 httpx INFO: HTTP Request: POST https://aiberm.com/v1/chat/completions "HTTP/1.1 200 OK"
2026-05-25 16:49:00,710 httpx INFO: HTTP Request: POST https://aiberm.com/v1/chat/completions "HTTP/1.1 200 OK"
2026-05-25 16:49:00,739 httpx INFO: HTTP Request: POST https://aiberm.com/v1/chat/completions "HTTP/1.1 200 OK"
2026-05-25 16:49:00,801 httpx INFO: HTTP Request: POST https://aiberm.com/v1/chat/completions "HTTP/1.1 200 OK"
2026-05-25 16:49:01,322 httpx INFO: HTTP Request: POST https://aiberm.com/v1/chat/completions "HTTP/1.1 200 OK"
2026-05-25 16:49:01,630 httpx INFO: HTTP Request: POST https://aiberm.com/v1/chat/completions "HTTP/1.1 200 OK"
2026-05-25 16:49:02,249 httpx INFO: HTTP Request: POST https://aiberm.com/v1/chat/completions "HTTP/1.1 200 OK"
2026-05-25 16:49:02,457 httpx INFO: HTTP Request: POST https://aiberm.com/v1/chat/completions "HTTP/1.1 200 OK"
2026-05-25 16:49:02,841 httpx INFO: HTTP Request: POST https://aiberm.com/v1/chat/completions "HTTP/1.1 200 OK"
2026-05-25 16:49:02,885 httpx INFO: HTTP Request: POST https://aiberm.com/v1/chat/completions "HTTP/1.1 200 OK"
2026-05-25 16:49:03,033 httpx INFO: HTTP Request: POST https://aiberm.com/v1/chat/completions "HTTP/1.1 200 OK"
2026-05-25 16:49:03,386 httpx INFO: HTTP Request: POST https://aiberm.com/v1/chat/completions "HTTP/1.1 200 OK"
2026-05-25 16:49:03,669 httpx INFO: HTTP Request: POST https://aiberm.com/v1/chat/completions "HTTP/1.1 200 OK"
2026-05-25 16:49:03,698 httpx INFO: HTTP Request: POST https://aiberm.com/v1/chat/completions "HTTP/1.1 200 OK"
2026-05-25 16:49:04,362 httpx INFO: HTTP Request: POST https://aiberm.com/v1/chat/completions "HTTP/1.1 200 OK"
2026-05-25 16:49:04,567 httpx INFO: HTTP Request: POST https://aiberm.com/v1/chat/completions "HTTP/1.1 200 OK"
2026-05-25 16:49:04,892 httpx INFO: HTTP Request: POST https://aiberm.com/v1/chat/completions "HTTP/1.1 200 OK"
2026-05-25 16:49:05,189 httpx INFO: HTTP Request: POST https://aiberm.com/v1/chat/completions "HTTP/1.1 200 OK"
2026-05-25 16:49:05,380 httpx INFO: HTTP Request: POST https://aiberm.com/v1/chat/completions "HTTP/1.1 200 OK"
2026-05-25 16:49:05,850 httpx INFO: HTTP Request: POST https://aiberm.com/v1/chat/completions "HTTP/1.1 200 OK"
2026-05-25 16:49:06,353 httpx INFO: HTTP Request: POST https://aiberm.com/v1/chat/completions "HTTP/1.1 200 OK"
2026-05-25 16:49:06,991 httpx INFO: HTTP Request: POST https://aiberm.com/v1/chat/completions "HTTP/1.1 200 OK"
2026-05-25 16:49:07,040 httpx INFO: HTTP Request: POST https://aiberm.com/v1/chat/completions "HTTP/1.1 200 OK"
2026-05-25 16:49:07,813 httpx INFO: HTTP Request: POST https://aiberm.com/v1/chat/completions "HTTP/1.1 200 OK"
2026-05-25 16:49:08,737 httpx INFO: HTTP Request: POST https://aiberm.com/v1/chat/completions "HTTP/1.1 200 OK"
2026-05-25 16:49:09,443 httpx INFO: HTTP Request: POST https://aiberm.com/v1/chat/completions "HTTP/1.1 200 OK"
2026-05-25 16:49:09,502 httpx INFO: HTTP Request: POST https://aiberm.com/v1/chat/completions "HTTP/1.1 200 OK"
2026-05-25 16:49:10,687 httpx INFO: HTTP Request: POST https://aiberm.com/v1/chat/completions "HTTP/1.1 200 OK"
2026-05-25 16:49:10,752 httpx INFO: HTTP Request: POST https://aiberm.com/v1/chat/completions "HTTP/1.1 200 OK"
2026-05-25 16:49:11,063 httpx INFO: HTTP Request: POST https://aiberm.com/v1/chat/completions "HTTP/1.1 200 OK"
2026-05-25 16:49:11,620 httpx INFO: HTTP Request: POST https://aiberm.com/v1/chat/completions "HTTP/1.1 200 OK"
2026-05-25 16:49:11,911 httpx INFO: HTTP Request: POST https://aiberm.com/v1/chat/completions "HTTP/1.1 200 OK"
2026-05-25 16:49:11,944 httpx INFO: HTTP Request: POST https://aiberm.com/v1/chat/completions "HTTP/1.1 200 OK"
2026-05-25 16:49:12,518 httpx INFO: HTTP Request: POST https://aiberm.com/v1/chat/completions "HTTP/1.1 200 OK"
2026-05-25 16:49:12,611 httpx INFO: HTTP Request: POST https://aiberm.com/v1/chat/completions "HTTP/1.1 200 OK"
2026-05-25 16:49:13,107 httpx INFO: HTTP Request: POST https://aiberm.com/v1/chat/completions "HTTP/1.1 200 OK"
2026-05-25 16:49:13,437 httpx INFO: HTTP Request: POST https://aiberm.com/v1/chat/completions "HTTP/1.1 200 OK"
2026-05-25 16:49:13,859 httpx INFO: HTTP Request: POST https://aiberm.com/v1/chat/completions "HTTP/1.1 200 OK"
2026-05-25 16:49:13,890 httpx INFO: HTTP Request: POST https://aiberm.com/v1/chat/completions "HTTP/1.1 200 OK"
2026-05-25 16:49:14,070 httpx INFO: HTTP Request: POST https://aiberm.com/v1/chat/completions "HTTP/1.1 200 OK"
2026-05-25 16:49:14,234 httpx INFO: HTTP Request: POST https://aiberm.com/v1/chat/completions "HTTP/1.1 200 OK"
2026-05-25 16:49:14,321 httpx INFO: HTTP Request: POST https://aiberm.com/v1/chat/completions "HTTP/1.1 200 OK"
2026-05-25 16:49:14,454 httpx INFO: HTTP Request: POST https://aiberm.com/v1/chat/completions "HTTP/1.1 200 OK"
2026-05-25 16:49:14,548 httpx INFO: HTTP Request: POST https://aiberm.com/v1/chat/completions "HTTP/1.1 200 OK"
2026-05-25 16:49:14,647 httpx INFO: HTTP Request: POST https://aiberm.com/v1/chat/completions "HTTP/1.1 200 OK"
2026-05-25 16:49:14,768 httpx INFO: HTTP Request: POST https://aiberm.com/v1/chat/completions "HTTP/1.1 200 OK"
2026-05-25 16:49:15,394 httpx INFO: HTTP Request: POST https://aiberm.com/v1/chat/completions "HTTP/1.1 200 OK"
2026-05-25 16:49:15,664 httpx INFO: HTTP Request: POST https://aiberm.com/v1/chat/completions "HTTP/1.1 200 OK"
2026-05-25 16:49:15,694 httpx INFO: HTTP Request: POST https://aiberm.com/v1/chat/completions "HTTP/1.1 200 OK"
2026-05-25 16:49:16,305 httpx INFO: HTTP Request: POST https://aiberm.com/v1/chat/completions "HTTP/1.1 200 OK"
2026-05-25 16:49:17,164 httpx INFO: HTTP Request: POST https://aiberm.com/v1/chat/completions "HTTP/1.1 200 OK"
2026-05-25 16:49:17,560 httpx INFO: HTTP Request: POST https://aiberm.com/v1/chat/completions "HTTP/1.1 200 OK"
2026-05-25 16:49:17,964 httpx INFO: HTTP Request: POST https://aiberm.com/v1/chat/completions "HTTP/1.1 200 OK"
2026-05-25 16:49:18,256 httpx INFO: HTTP Request: POST https://aiberm.com/v1/chat/completions "HTTP/1.1 200 OK"
2026-05-25 16:49:19,051 httpx INFO: HTTP Request: POST https://aiberm.com/v1/chat/completions "HTTP/1.1 200 OK"
2026-05-25 16:49:19,151 httpx INFO: HTTP Request: POST https://aiberm.com/v1/chat/completions "HTTP/1.1 200 OK"
2026-05-25 16:49:19,473 httpx INFO: HTTP Request: POST https://aiberm.com/v1/chat/completions "HTTP/1.1 200 OK"
2026-05-25 16:49:19,512 httpx INFO: HTTP Request: POST https://aiberm.com/v1/chat/completions "HTTP/1.1 200 OK"
2026-05-25 16:49:19,664 httpx INFO: HTTP Request: POST https://aiberm.com/v1/chat/completions "HTTP/1.1 200 OK"
2026-05-25 16:49:19,857 httpx INFO: HTTP Request: POST https://aiberm.com/v1/chat/completions "HTTP/1.1 200 OK"
2026-05-25 16:49:20,922 httpx INFO: HTTP Request: POST https://aiberm.com/v1/chat/completions "HTTP/1.1 200 OK"
2026-05-25 16:49:21,299 httpx INFO: HTTP Request: POST https://aiberm.com/v1/chat/completions "HTTP/1.1 200 OK"
2026-05-25 16:49:21,330 httpx INFO: HTTP Request: POST https://aiberm.com/v1/chat/completions "HTTP/1.1 200 OK"
2026-05-25 16:49:21,409 httpx INFO: HTTP Request: POST https://aiberm.com/v1/chat/completions "HTTP/1.1 200 OK"
2026-05-25 16:49:21,448 httpx INFO: HTTP Request: POST https://aiberm.com/v1/chat/completions "HTTP/1.1 200 OK"
2026-05-25 16:49:22,290 httpx INFO: HTTP Request: POST https://aiberm.com/v1/chat/completions "HTTP/1.1 200 OK"
2026-05-25 16:49:22,318 httpx INFO: HTTP Request: POST https://aiberm.com/v1/chat/completions "HTTP/1.1 200 OK"
2026-05-25 16:49:22,651 httpx INFO: HTTP Request: POST https://aiberm.com/v1/chat/completions "HTTP/1.1 200 OK"
2026-05-25 16:49:22,858 httpx INFO: HTTP Request: POST https://aiberm.com/v1/chat/completions "HTTP/1.1 200 OK"
2026-05-25 16:49:23,126 httpx INFO: HTTP Request: POST https://aiberm.com/v1/chat/completions "HTTP/1.1 200 OK"
2026-05-25 16:49:23,224 httpx INFO: HTTP Request: POST https://aiberm.com/v1/chat/completions "HTTP/1.1 200 OK"
2026-05-25 16:49:23,389 httpx INFO: HTTP Request: POST https://aiberm.com/v1/chat/completions "HTTP/1.1 200 OK"
2026-05-25 16:49:23,422 httpx INFO: HTTP Request: POST https://aiberm.com/v1/chat/completions "HTTP/1.1 200 OK"
2026-05-25 16:49:24,243 httpx INFO: HTTP Request: POST https://aiberm.com/v1/chat/completions "HTTP/1.1 200 OK"
2026-05-25 16:49:24,330 httpx INFO: HTTP Request: POST https://aiberm.com/v1/chat/completions "HTTP/1.1 200 OK"
2026-05-25 16:49:25,134 httpx INFO: HTTP Request: POST https://aiberm.com/v1/chat/completions "HTTP/1.1 200 OK"
2026-05-25 16:49:25,667 httpx INFO: HTTP Request: POST https://aiberm.com/v1/chat/completions "HTTP/1.1 200 OK"
2026-05-25 16:49:25,830 httpx INFO: HTTP Request: POST https://aiberm.com/v1/chat/completions "HTTP/1.1 200 OK"
2026-05-25 16:49:25,983 httpx INFO: HTTP Request: POST https://aiberm.com/v1/chat/completions "HTTP/1.1 200 OK"
2026-05-25 16:49:26,011 httpx INFO: HTTP Request: POST https://aiberm.com/v1/chat/completions "HTTP/1.1 200 OK"
2026-05-25 16:49:26,045 httpx INFO: HTTP Request: POST https://aiberm.com/v1/chat/completions "HTTP/1.1 200 OK"
2026-05-25 16:49:26,335 httpx INFO: HTTP Request: POST https://aiberm.com/v1/chat/completions "HTTP/1.1 200 OK"
2026-05-25 16:49:28,015 httpx INFO: HTTP Request: POST https://aiberm.com/v1/chat/completions "HTTP/1.1 200 OK"
2026-05-25 16:49:28,893 httpx INFO: HTTP Request: POST https://aiberm.com/v1/chat/completions "HTTP/1.1 200 OK"
2026-05-25 16:49:28,952 httpx INFO: HTTP Request: POST https://aiberm.com/v1/chat/completions "HTTP/1.1 200 OK"
2026-05-25 16:49:29,066 httpx INFO: HTTP Request: POST https://aiberm.com/v1/chat/completions "HTTP/1.1 200 OK"
2026-05-25 16:49:29,540 httpx INFO: HTTP Request: POST https://aiberm.com/v1/chat/completions "HTTP/1.1 200 OK"
2026-05-25 16:49:29,964 httpx INFO: HTTP Request: POST https://aiberm.com/v1/chat/completions "HTTP/1.1 200 OK"
2026-05-25 16:49:30,190 httpx INFO: HTTP Request: POST https://aiberm.com/v1/chat/completions "HTTP/1.1 200 OK"
2026-05-25 16:49:30,242 httpx INFO: HTTP Request: POST https://aiberm.com/v1/chat/completions "HTTP/1.1 200 OK"
2026-05-25 16:49:30,282 httpx INFO: HTTP Request: POST https://aiberm.com/v1/chat/completions "HTTP/1.1 200 OK"
2026-05-25 16:49:30,709 httpx INFO: HTTP Request: POST https://aiberm.com/v1/chat/completions "HTTP/1.1 200 OK"
2026-05-25 16:49:30,838 httpx INFO: HTTP Request: POST https://aiberm.com/v1/chat/completions "HTTP/1.1 200 OK"
2026-05-25 16:49:30,987 httpx INFO: HTTP Request: POST https://aiberm.com/v1/chat/completions "HTTP/1.1 200 OK"
2026-05-25 16:49:31,111 httpx INFO: HTTP Request: POST https://aiberm.com/v1/chat/completions "HTTP/1.1 200 OK"
2026-05-25 16:49:32,641 httpx INFO: HTTP Request: POST https://aiberm.com/v1/chat/completions "HTTP/1.1 200 OK"
2026-05-25 16:49:32,708 httpx INFO: HTTP Request: POST https://aiberm.com/v1/chat/completions "HTTP/1.1 200 OK"
2026-05-25 16:49:34,022 httpx INFO: HTTP Request: POST https://aiberm.com/v1/chat/completions "HTTP/1.1 200 OK"
2026-05-25 16:49:34,221 httpx INFO: HTTP Request: POST https://aiberm.com/v1/chat/completions "HTTP/1.1 200 OK"
2026-05-25 16:49:34,465 httpx INFO: HTTP Request: POST https://aiberm.com/v1/chat/completions "HTTP/1.1 200 OK"
2026-05-25 16:49:34,560 httpx INFO: HTTP Request: POST https://aiberm.com/v1/chat/completions "HTTP/1.1 200 OK"
2026-05-25 16:49:35,022 httpx INFO: HTTP Request: POST https://aiberm.com/v1/chat/completions "HTTP/1.1 200 OK"
2026-05-25 16:49:35,251 httpx INFO: HTTP Request: POST https://aiberm.com/v1/chat/completions "HTTP/1.1 200 OK"
2026-05-25 16:49:35,422 httpx INFO: HTTP Request: POST https://aiberm.com/v1/chat/completions "HTTP/1.1 200 OK"
2026-05-25 16:49:35,524 httpx INFO: HTTP Request: POST https://aiberm.com/v1/chat/completions "HTTP/1.1 200 OK"
2026-05-25 16:49:35,653 httpx INFO: HTTP Request: POST https://aiberm.com/v1/chat/completions "HTTP/1.1 200 OK"
2026-05-25 16:49:36,017 httpx INFO: HTTP Request: POST https://aiberm.com/v1/chat/completions "HTTP/1.1 200 OK"
2026-05-25 16:49:36,358 httpx INFO: HTTP Request: POST https://aiberm.com/v1/chat/completions "HTTP/1.1 200 OK"
2026-05-25 16:49:36,755 httpx INFO: HTTP Request: POST https://aiberm.com/v1/chat/completions "HTTP/1.1 200 OK"
2026-05-25 16:49:37,550 httpx INFO: HTTP Request: POST https://aiberm.com/v1/chat/completions "HTTP/1.1 200 OK"
2026-05-25 16:49:37,781 httpx INFO: HTTP Request: POST https://aiberm.com/v1/chat/completions "HTTP/1.1 200 OK"
2026-05-25 16:49:38,238 httpx INFO: HTTP Request: POST https://aiberm.com/v1/chat/completions "HTTP/1.1 200 OK"
2026-05-25 16:49:38,590 httpx INFO: HTTP Request: POST https://aiberm.com/v1/chat/completions "HTTP/1.1 200 OK"
2026-05-25 16:49:38,792 httpx INFO: HTTP Request: POST https://aiberm.com/v1/chat/completions "HTTP/1.1 200 OK"
2026-05-25 16:49:39,056 httpx INFO: HTTP Request: POST https://aiberm.com/v1/chat/completions "HTTP/1.1 200 OK"
2026-05-25 16:49:39,084 httpx INFO: HTTP Request: POST https://aiberm.com/v1/chat/completions "HTTP/1.1 200 OK"
2026-05-25 16:49:39,084 httpx INFO: HTTP Request: POST https://aiberm.com/v1/chat/completions "HTTP/1.1 200 OK"
2026-05-25 16:49:39,142 httpx INFO: HTTP Request: POST https://aiberm.com/v1/chat/completions "HTTP/1.1 200 OK"
2026-05-25 16:49:39,388 httpx INFO: HTTP Request: POST https://aiberm.com/v1/chat/completions "HTTP/1.1 200 OK"
2026-05-25 16:49:39,457 httpx INFO: HTTP Request: POST https://aiberm.com/v1/chat/completions "HTTP/1.1 200 OK"
2026-05-25 16:49:39,721 httpx INFO: HTTP Request: POST https://aiberm.com/v1/chat/completions "HTTP/1.1 200 OK"
2026-05-25 16:49:40,982 httpx INFO: HTTP Request: POST https://aiberm.com/v1/chat/completions "HTTP/1.1 200 OK"
2026-05-25 16:49:41,511 httpx INFO: HTTP Request: POST https://aiberm.com/v1/chat/completions "HTTP/1.1 200 OK"
2026-05-25 16:49:41,658 httpx INFO: HTTP Request: POST https://aiberm.com/v1/chat/completions "HTTP/1.1 200 OK"
2026-05-25 16:49:42,195 httpx INFO: HTTP Request: POST https://aiberm.com/v1/chat/completions "HTTP/1.1 200 OK"
2026-05-25 16:49:43,121 httpx INFO: HTTP Request: POST https://aiberm.com/v1/chat/completions "HTTP/1.1 200 OK"
2026-05-25 16:49:43,244 httpx INFO: HTTP Request: POST https://aiberm.com/v1/chat/completions "HTTP/1.1 200 OK"
2026-05-25 16:49:44,571 httpx INFO: HTTP Request: POST https://aiberm.com/v1/chat/completions "HTTP/1.1 200 OK"
2026-05-25 16:49:46,010 httpx INFO: HTTP Request: POST https://aiberm.com/v1/chat/completions "HTTP/1.1 200 OK"
2026-05-25 16:49:46,182 httpx INFO: HTTP Request: POST https://aiberm.com/v1/chat/completions "HTTP/1.1 200 OK"
2026-05-25 16:49:46,574 httpx INFO: HTTP Request: POST https://aiberm.com/v1/chat/completions "HTTP/1.1 200 OK"
2026-05-25 16:49:47,270 httpx INFO: HTTP Request: POST https://aiberm.com/v1/chat/completions "HTTP/1.1 200 OK"
2026-05-25 16:49:47,354 httpx INFO: HTTP Request: POST https://aiberm.com/v1/chat/completions "HTTP/1.1 200 OK"
2026-05-25 16:49:47,424 httpx INFO: HTTP Request: POST https://aiberm.com/v1/chat/completions "HTTP/1.1 200 OK"
2026-05-25 16:49:47,931 httpx INFO: HTTP Request: POST https://aiberm.com/v1/chat/completions "HTTP/1.1 200 OK"
2026-05-25 16:49:48,036 httpx INFO: HTTP Request: POST https://aiberm.com/v1/chat/completions "HTTP/1.1 200 OK"
2026-05-25 16:49:48,069 httpx INFO: HTTP Request: POST https://aiberm.com/v1/chat/completions "HTTP/1.1 200 OK"
2026-05-25 16:49:48,523 httpx INFO: HTTP Request: POST https://aiberm.com/v1/chat/completions "HTTP/1.1 200 OK"
2026-05-25 16:49:48,713 httpx INFO: HTTP Request: POST https://aiberm.com/v1/chat/completions "HTTP/1.1 200 OK"
2026-05-25 16:49:48,792 httpx INFO: HTTP Request: POST https://aiberm.com/v1/chat/completions "HTTP/1.1 200 OK"
2026-05-25 16:49:49,462 httpx INFO: HTTP Request: POST https://aiberm.com/v1/chat/completions "HTTP/1.1 200 OK"
2026-05-25 16:49:49,767 httpx INFO: HTTP Request: POST https://aiberm.com/v1/chat/completions "HTTP/1.1 200 OK"
2026-05-25 16:49:50,058 httpx INFO: HTTP Request: POST https://aiberm.com/v1/chat/completions "HTTP/1.1 200 OK"
2026-05-25 16:49:50,089 httpx INFO: HTTP Request: POST https://aiberm.com/v1/chat/completions "HTTP/1.1 200 OK"
2026-05-25 16:49:50,469 httpx INFO: HTTP Request: POST https://aiberm.com/v1/chat/completions "HTTP/1.1 200 OK"
2026-05-25 16:49:50,537 httpx INFO: HTTP Request: POST https://aiberm.com/v1/chat/completions "HTTP/1.1 200 OK"
2026-05-25 16:49:50,576 httpx INFO: HTTP Request: POST https://aiberm.com/v1/chat/completions "HTTP/1.1 200 OK"
2026-05-25 16:49:50,620 httpx INFO: HTTP Request: POST https://aiberm.com/v1/chat/completions "HTTP/1.1 200 OK"
2026-05-25 16:49:51,798 httpx INFO: HTTP Request: POST https://aiberm.com/v1/chat/completions "HTTP/1.1 200 OK"
2026-05-25 16:49:52,204 httpx INFO: HTTP Request: POST https://aiberm.com/v1/chat/completions "HTTP/1.1 200 OK"
2026-05-25 16:49:52,709 httpx INFO: HTTP Request: POST https://aiberm.com/v1/chat/completions "HTTP/1.1 200 OK"
2026-05-25 16:49:53,041 httpx INFO: HTTP Request: POST https://aiberm.com/v1/chat/completions "HTTP/1.1 200 OK"
2026-05-25 16:49:53,562 httpx INFO: HTTP Request: POST https://aiberm.com/v1/chat/completions "HTTP/1.1 200 OK"
2026-05-25 16:49:53,639 httpx INFO: HTTP Request: POST https://aiberm.com/v1/chat/completions "HTTP/1.1 200 OK"
2026-05-25 16:49:53,677 httpx INFO: HTTP Request: POST https://aiberm.com/v1/chat/completions "HTTP/1.1 200 OK"
2026-05-25 16:49:54,196 httpx INFO: HTTP Request: POST https://aiberm.com/v1/chat/completions "HTTP/1.1 200 OK"
2026-05-25 16:49:54,302 httpx INFO: HTTP Request: POST https://aiberm.com/v1/chat/completions "HTTP/1.1 200 OK"
2026-05-25 16:49:54,516 httpx INFO: HTTP Request: POST https://aiberm.com/v1/chat/completions "HTTP/1.1 200 OK"
2026-05-25 16:49:54,675 httpx INFO: HTTP Request: POST https://aiberm.com/v1/chat/completions "HTTP/1.1 200 OK"
2026-05-25 16:49:54,763 httpx INFO: HTTP Request: POST https://aiberm.com/v1/chat/completions "HTTP/1.1 200 OK"
2026-05-25 16:49:54,796 httpx INFO: HTTP Request: POST https://aiberm.com/v1/chat/completions "HTTP/1.1 200 OK"
2026-05-25 16:49:55,118 httpx INFO: HTTP Request: POST https://aiberm.com/v1/chat/completions "HTTP/1.1 200 OK"
2026-05-25 16:49:55,707 httpx INFO: HTTP Request: POST https://aiberm.com/v1/chat/completions "HTTP/1.1 200 OK"
2026-05-25 16:49:55,914 httpx INFO: HTTP Request: POST https://aiberm.com/v1/chat/completions "HTTP/1.1 200 OK"
2026-05-25 16:49:57,072 httpx INFO: HTTP Request: POST https://aiberm.com/v1/chat/completions "HTTP/1.1 200 OK"
2026-05-25 16:49:57,179 httpx INFO: HTTP Request: POST https://aiberm.com/v1/chat/completions "HTTP/1.1 200 OK"
2026-05-25 16:49:57,818 httpx INFO: HTTP Request: POST https://aiberm.com/v1/chat/completions "HTTP/1.1 200 OK"
2026-05-25 16:49:57,853 httpx INFO: HTTP Request: POST https://aiberm.com/v1/chat/completions "HTTP/1.1 200 OK"
2026-05-25 16:49:58,041 httpx INFO: HTTP Request: POST https://aiberm.com/v1/chat/completions "HTTP/1.1 200 OK"
2026-05-25 16:49:58,103 httpx INFO: HTTP Request: POST https://aiberm.com/v1/chat/completions "HTTP/1.1 200 OK"
2026-05-25 16:49:58,409 httpx INFO: HTTP Request: POST https://aiberm.com/v1/chat/completions "HTTP/1.1 200 OK"
2026-05-25 16:49:58,758 httpx INFO: HTTP Request: POST https://aiberm.com/v1/chat/completions "HTTP/1.1 200 OK"
2026-05-25 16:49:59,583 httpx INFO: HTTP Request: POST https://aiberm.com/v1/chat/completions "HTTP/1.1 200 OK"
2026-05-25 16:50:00,033 httpx INFO: HTTP Request: POST https://aiberm.com/v1/chat/completions "HTTP/1.1 200 OK"
2026-05-25 16:50:00,160 httpx INFO: HTTP Request: POST https://aiberm.com/v1/chat/completions "HTTP/1.1 200 OK"
2026-05-25 16:50:00,254 httpx INFO: HTTP Request: POST https://aiberm.com/v1/chat/completions "HTTP/1.1 200 OK"
2026-05-25 16:50:00,372 httpx INFO: HTTP Request: POST https://aiberm.com/v1/chat/completions "HTTP/1.1 200 OK"
2026-05-25 16:50:00,554 httpx INFO: HTTP Request: POST https://aiberm.com/v1/chat/completions "HTTP/1.1 200 OK"
2026-05-25 16:50:00,880 httpx INFO: HTTP Request: POST https://aiberm.com/v1/chat/completions "HTTP/1.1 200 OK"
2026-05-25 16:50:01,885 httpx INFO: HTTP Request: POST https://aiberm.com/v1/chat/completions "HTTP/1.1 200 OK"
2026-05-25 16:50:02,291 httpx INFO: HTTP Request: POST https://aiberm.com/v1/chat/completions "HTTP/1.1 200 OK"
2026-05-25 16:50:02,473 httpx INFO: HTTP Request: POST https://aiberm.com/v1/chat/completions "HTTP/1.1 200 OK"
2026-05-25 16:50:02,721 httpx INFO: HTTP Request: POST https://aiberm.com/v1/chat/completions "HTTP/1.1 200 OK"
2026-05-25 16:50:03,314 httpx INFO: HTTP Request: POST https://aiberm.com/v1/chat/completions "HTTP/1.1 200 OK"
2026-05-25 16:50:03,739 httpx INFO: HTTP Request: POST https://aiberm.com/v1/chat/completions "HTTP/1.1 200 OK"
2026-05-25 16:50:04,036 httpx INFO: HTTP Request: POST https://aiberm.com/v1/chat/completions "HTTP/1.1 200 OK"
2026-05-25 16:50:04,415 httpx INFO: HTTP Request: POST https://aiberm.com/v1/chat/completions "HTTP/1.1 200 OK"
2026-05-25 16:50:04,516 httpx INFO: HTTP Request: POST https://aiberm.com/v1/chat/completions "HTTP/1.1 200 OK"
2026-05-25 16:50:04,561 httpx INFO: HTTP Request: POST https://aiberm.com/v1/chat/completions "HTTP/1.1 200 OK"
2026-05-25 16:50:04,665 httpx INFO: HTTP Request: POST https://aiberm.com/v1/chat/completions "HTTP/1.1 200 OK"
2026-05-25 16:50:04,911 httpx INFO: HTTP Request: POST https://aiberm.com/v1/chat/completions "HTTP/1.1 200 OK"
2026-05-25 16:50:06,159 httpx INFO: HTTP Request: POST https://aiberm.com/v1/chat/completions "HTTP/1.1 200 OK"
2026-05-25 16:50:06,309 httpx INFO: HTTP Request: POST https://aiberm.com/v1/chat/completions "HTTP/1.1 200 OK"
2026-05-25 16:50:06,604 httpx INFO: HTTP Request: POST https://aiberm.com/v1/chat/completions "HTTP/1.1 200 OK"
2026-05-25 16:50:06,674 httpx INFO: HTTP Request: POST https://aiberm.com/v1/chat/completions "HTTP/1.1 200 OK"
2026-05-25 16:50:06,747 httpx INFO: HTTP Request: POST https://aiberm.com/v1/chat/completions "HTTP/1.1 200 OK"
2026-05-25 16:50:07,041 httpx INFO: HTTP Request: POST https://aiberm.com/v1/chat/completions "HTTP/1.1 200 OK"
2026-05-25 16:50:07,505 httpx INFO: HTTP Request: POST https://aiberm.com/v1/chat/completions "HTTP/1.1 200 OK"
2026-05-25 16:50:08,443 httpx INFO: HTTP Request: POST https://aiberm.com/v1/chat/completions "HTTP/1.1 200 OK"
2026-05-25 16:50:08,564 httpx INFO: HTTP Request: POST https://aiberm.com/v1/chat/completions "HTTP/1.1 200 OK"
2026-05-25 16:50:08,988 httpx INFO: HTTP Request: POST https://aiberm.com/v1/chat/completions "HTTP/1.1 200 OK"
2026-05-25 16:50:09,231 httpx INFO: HTTP Request: POST https://aiberm.com/v1/chat/completions "HTTP/1.1 200 OK"
2026-05-25 16:50:10,071 httpx INFO: HTTP Request: POST https://aiberm.com/v1/chat/completions "HTTP/1.1 200 OK"
2026-05-25 16:50:10,102 httpx INFO: HTTP Request: POST https://aiberm.com/v1/chat/completions "HTTP/1.1 200 OK"
2026-05-25 16:50:10,408 httpx INFO: HTTP Request: POST https://aiberm.com/v1/chat/completions "HTTP/1.1 200 OK"
2026-05-25 16:50:11,381 httpx INFO: HTTP Request: POST https://aiberm.com/v1/chat/completions "HTTP/1.1 200 OK"
2026-05-25 16:50:11,786 httpx INFO: HTTP Request: POST https://aiberm.com/v1/chat/completions "HTTP/1.1 200 OK"
2026-05-25 16:50:12,766 httpx INFO: HTTP Request: POST https://aiberm.com/v1/chat/completions "HTTP/1.1 200 OK"
2026-05-25 16:50:13,614 httpx INFO: HTTP Request: POST https://aiberm.com/v1/chat/completions "HTTP/1.1 200 OK"
2026-05-25 16:50:13,645 httpx INFO: HTTP Request: POST https://aiberm.com/v1/chat/completions "HTTP/1.1 200 OK"
2026-05-25 16:50:13,719 httpx INFO: HTTP Request: POST https://aiberm.com/v1/chat/completions "HTTP/1.1 200 OK"
2026-05-25 16:50:13,875 httpx INFO: HTTP Request: POST https://aiberm.com/v1/chat/completions "HTTP/1.1 200 OK"
2026-05-25 16:50:13,984 httpx INFO: HTTP Request: POST https://aiberm.com/v1/chat/completions "HTTP/1.1 200 OK"
2026-05-25 16:50:15,286 httpx INFO: HTTP Request: POST https://aiberm.com/v1/chat/completions "HTTP/1.1 200 OK"
2026-05-25 16:50:15,315 httpx INFO: HTTP Request: POST https://aiberm.com/v1/chat/completions "HTTP/1.1 200 OK"
2026-05-25 16:50:15,441 httpx INFO: HTTP Request: POST https://aiberm.com/v1/chat/completions "HTTP/1.1 200 OK"
2026-05-25 16:50:16,282 httpx INFO: HTTP Request: POST https://aiberm.com/v1/chat/completions "HTTP/1.1 200 OK"
2026-05-25 16:50:16,481 httpx INFO: HTTP Request: POST https://aiberm.com/v1/chat/completions "HTTP/1.1 200 OK"
2026-05-25 16:50:16,827 httpx INFO: HTTP Request: POST https://aiberm.com/v1/chat/completions "HTTP/1.1 200 OK"
2026-05-25 16:50:16,830 httpx INFO: HTTP Request: POST https://aiberm.com/v1/chat/completions "HTTP/1.1 200 OK"
2026-05-25 16:50:17,833 httpx INFO: HTTP Request: POST https://aiberm.com/v1/chat/completions "HTTP/1.1 200 OK"
2026-05-25 16:50:18,767 httpx INFO: HTTP Request: POST https://aiberm.com/v1/chat/completions "HTTP/1.1 200 OK"
2026-05-25 16:50:18,915 httpx INFO: HTTP Request: POST https://aiberm.com/v1/chat/completions "HTTP/1.1 200 OK"
2026-05-25 16:50:19,729 httpx INFO: HTTP Request: POST https://aiberm.com/v1/chat/completions "HTTP/1.1 200 OK"
2026-05-25 16:50:21,668 httpx INFO: HTTP Request: POST https://aiberm.com/v1/chat/completions "HTTP/1.1 200 OK"
2026-05-25 16:50:21,851 httpx INFO: HTTP Request: POST https://aiberm.com/v1/chat/completions "HTTP/1.1 200 OK"
2026-05-25 16:50:23,015 httpx INFO: HTTP Request: POST https://aiberm.com/v1/chat/completions "HTTP/1.1 200 OK"
2026-05-25 16:50:23,045 __main__ INFO: wrote scores=outputs/scoring/cae-v2.0-1-scores-v2.json report=outputs/scoring/cae-v2.0-1-report-v2.md (94 items scored ok, 0 errors)
