2026-05-26 01:22:38,182 __main__ INFO: loaded 94 rubric items from data/CAE-v2.0-1-rubrics-v4.json
2026-05-26 01:22:38,183 __main__ INFO: loaded 94 anchors from data/CAE-anchor-scores.json
2026-05-26 01:22:38,183 __main__ INFO: loaded 0 existing scores from outputs/scoring/cae-v2.0-1-scores-v4.json
2026-05-26 01:22:38,183 __main__ WARNING: item_idx=46 has no rlm_answer; skipping
2026-05-26 01:22:38,183 __main__ WARNING: item_idx=48 has no rlm_answer; skipping
2026-05-26 01:22:38,287 __main__ INFO: scoring 92 pending items
2026-05-26 01:23:07,682 httpx INFO: HTTP Request: POST https://aiberm.com/v1/chat/completions "HTTP/1.1 200 OK"
2026-05-26 01:23:08,021 httpx INFO: HTTP Request: POST https://aiberm.com/v1/chat/completions "HTTP/1.1 200 OK"
2026-05-26 01:23:08,053 httpx INFO: HTTP Request: POST https://aiberm.com/v1/chat/completions "HTTP/1.1 200 OK"
2026-05-26 01:23:08,424 httpx INFO: HTTP Request: POST https://aiberm.com/v1/chat/completions "HTTP/1.1 200 OK"
2026-05-26 01:23:08,562 httpx INFO: HTTP Request: POST https://aiberm.com/v1/chat/completions "HTTP/1.1 200 OK"
2026-05-26 01:23:08,690 httpx INFO: HTTP Request: POST https://aiberm.com/v1/chat/completions "HTTP/1.1 200 OK"
2026-05-26 01:23:08,718 httpx INFO: HTTP Request: POST https://aiberm.com/v1/chat/completions "HTTP/1.1 200 OK"
2026-05-26 01:23:08,756 httpx INFO: HTTP Request: POST https://aiberm.com/v1/chat/completions "HTTP/1.1 200 OK"
2026-05-26 01:23:09,085 httpx INFO: HTTP Request: POST https://aiberm.com/v1/chat/completions "HTTP/1.1 200 OK"
2026-05-26 01:23:09,116 httpx INFO: HTTP Request: POST https://aiberm.com/v1/chat/completions "HTTP/1.1 200 OK"
2026-05-26 01:23:09,328 httpx INFO: HTTP Request: POST https://aiberm.com/v1/chat/completions "HTTP/1.1 200 OK"
2026-05-26 01:23:10,219 httpx INFO: HTTP Request: POST https://aiberm.com/v1/chat/completions "HTTP/1.1 200 OK"
2026-05-26 01:23:10,562 httpx INFO: HTTP Request: POST https://aiberm.com/v1/chat/completions "HTTP/1.1 200 OK"
2026-05-26 01:23:10,711 httpx INFO: HTTP Request: POST https://aiberm.com/v1/chat/completions "HTTP/1.1 200 OK"
2026-05-26 01:23:11,542 httpx INFO: HTTP Request: POST https://aiberm.com/v1/chat/completions "HTTP/1.1 200 OK"
2026-05-26 01:23:11,657 httpx INFO: HTTP Request: POST https://aiberm.com/v1/chat/completions "HTTP/1.1 200 OK"
2026-05-26 01:23:12,065 httpx INFO: HTTP Request: POST https://aiberm.com/v1/chat/completions "HTTP/1.1 200 OK"
2026-05-26 01:23:12,131 httpx INFO: HTTP Request: POST https://aiberm.com/v1/chat/completions "HTTP/1.1 200 OK"
2026-05-26 01:23:12,988 httpx INFO: HTTP Request: POST https://aiberm.com/v1/chat/completions "HTTP/1.1 200 OK"
2026-05-26 01:23:13,129 httpx INFO: HTTP Request: POST https://aiberm.com/v1/chat/completions "HTTP/1.1 200 OK"
2026-05-26 01:23:13,359 httpx INFO: HTTP Request: POST https://aiberm.com/v1/chat/completions "HTTP/1.1 200 OK"
2026-05-26 01:23:13,630 httpx INFO: HTTP Request: POST https://aiberm.com/v1/chat/completions "HTTP/1.1 200 OK"
2026-05-26 01:23:13,961 httpx INFO: HTTP Request: POST https://aiberm.com/v1/chat/completions "HTTP/1.1 200 OK"
2026-05-26 01:23:14,203 httpx INFO: HTTP Request: POST https://aiberm.com/v1/chat/completions "HTTP/1.1 200 OK"
2026-05-26 01:23:14,431 httpx INFO: HTTP Request: POST https://aiberm.com/v1/chat/completions "HTTP/1.1 200 OK"
2026-05-26 01:23:14,510 httpx INFO: HTTP Request: POST https://aiberm.com/v1/chat/completions "HTTP/1.1 200 OK"
2026-05-26 01:23:14,934 httpx INFO: HTTP Request: POST https://aiberm.com/v1/chat/completions "HTTP/1.1 200 OK"
2026-05-26 01:23:15,088 httpx INFO: HTTP Request: POST https://aiberm.com/v1/chat/completions "HTTP/1.1 200 OK"
2026-05-26 01:23:15,519 httpx INFO: HTTP Request: POST https://aiberm.com/v1/chat/completions "HTTP/1.1 200 OK"
2026-05-26 01:23:15,661 httpx INFO: HTTP Request: POST https://aiberm.com/v1/chat/completions "HTTP/1.1 200 OK"
2026-05-26 01:23:15,755 httpx INFO: HTTP Request: POST https://aiberm.com/v1/chat/completions "HTTP/1.1 200 OK"
2026-05-26 01:23:15,997 httpx INFO: HTTP Request: POST https://aiberm.com/v1/chat/completions "HTTP/1.1 200 OK"
2026-05-26 01:23:16,066 httpx INFO: HTTP Request: POST https://aiberm.com/v1/chat/completions "HTTP/1.1 200 OK"
2026-05-26 01:23:16,340 httpx INFO: HTTP Request: POST https://aiberm.com/v1/chat/completions "HTTP/1.1 200 OK"
2026-05-26 01:23:16,893 httpx INFO: HTTP Request: POST https://aiberm.com/v1/chat/completions "HTTP/1.1 200 OK"
2026-05-26 01:23:17,543 httpx INFO: HTTP Request: POST https://aiberm.com/v1/chat/completions "HTTP/1.1 200 OK"
2026-05-26 01:23:18,062 httpx INFO: HTTP Request: POST https://aiberm.com/v1/chat/completions "HTTP/1.1 200 OK"
2026-05-26 01:23:18,099 httpx INFO: HTTP Request: POST https://aiberm.com/v1/chat/completions "HTTP/1.1 200 OK"
2026-05-26 01:23:18,276 httpx INFO: HTTP Request: POST https://aiberm.com/v1/chat/completions "HTTP/1.1 200 OK"
2026-05-26 01:23:18,277 httpx INFO: HTTP Request: POST https://aiberm.com/v1/chat/completions "HTTP/1.1 200 OK"
2026-05-26 01:23:19,142 httpx INFO: HTTP Request: POST https://aiberm.com/v1/chat/completions "HTTP/1.1 200 OK"
2026-05-26 01:23:19,327 httpx INFO: HTTP Request: POST https://aiberm.com/v1/chat/completions "HTTP/1.1 200 OK"
2026-05-26 01:23:19,354 httpx INFO: HTTP Request: POST https://aiberm.com/v1/chat/completions "HTTP/1.1 200 OK"
2026-05-26 01:23:19,388 httpx INFO: HTTP Request: POST https://aiberm.com/v1/chat/completions "HTTP/1.1 200 OK"
2026-05-26 01:23:19,389 httpx INFO: HTTP Request: POST https://aiberm.com/v1/chat/completions "HTTP/1.1 200 OK"
2026-05-26 01:23:19,443 httpx INFO: HTTP Request: POST https://aiberm.com/v1/chat/completions "HTTP/1.1 200 OK"
2026-05-26 01:23:19,444 httpx INFO: HTTP Request: POST https://aiberm.com/v1/chat/completions "HTTP/1.1 200 OK"
2026-05-26 01:23:19,497 httpx INFO: HTTP Request: POST https://aiberm.com/v1/chat/completions "HTTP/1.1 200 OK"
2026-05-26 01:23:20,380 httpx INFO: HTTP Request: POST https://aiberm.com/v1/chat/completions "HTTP/1.1 200 OK"
2026-05-26 01:23:20,841 httpx INFO: HTTP Request: POST https://aiberm.com/v1/chat/completions "HTTP/1.1 200 OK"
2026-05-26 01:23:21,373 httpx INFO: HTTP Request: POST https://aiberm.com/v1/chat/completions "HTTP/1.1 200 OK"
2026-05-26 01:23:21,775 httpx INFO: HTTP Request: POST https://aiberm.com/v1/chat/completions "HTTP/1.1 200 OK"
2026-05-26 01:23:22,172 httpx INFO: HTTP Request: POST https://aiberm.com/v1/chat/completions "HTTP/1.1 200 OK"
2026-05-26 01:23:22,328 httpx INFO: HTTP Request: POST https://aiberm.com/v1/chat/completions "HTTP/1.1 200 OK"
2026-05-26 01:23:22,566 httpx INFO: HTTP Request: POST https://aiberm.com/v1/chat/completions "HTTP/1.1 200 OK"
2026-05-26 01:23:22,924 httpx INFO: HTTP Request: POST https://aiberm.com/v1/chat/completions "HTTP/1.1 200 OK"
2026-05-26 01:23:23,002 httpx INFO: HTTP Request: POST https://aiberm.com/v1/chat/completions "HTTP/1.1 200 OK"
2026-05-26 01:23:23,132 httpx INFO: HTTP Request: POST https://aiberm.com/v1/chat/completions "HTTP/1.1 200 OK"
2026-05-26 01:23:23,160 httpx INFO: HTTP Request: POST https://aiberm.com/v1/chat/completions "HTTP/1.1 200 OK"
2026-05-26 01:23:23,187 httpx INFO: HTTP Request: POST https://aiberm.com/v1/chat/completions "HTTP/1.1 200 OK"
2026-05-26 01:23:23,243 httpx INFO: HTTP Request: POST https://aiberm.com/v1/chat/completions "HTTP/1.1 200 OK"
2026-05-26 01:23:23,285 httpx INFO: HTTP Request: POST https://aiberm.com/v1/chat/completions "HTTP/1.1 200 OK"
2026-05-26 01:23:23,614 httpx INFO: HTTP Request: POST https://aiberm.com/v1/chat/completions "HTTP/1.1 200 OK"
2026-05-26 01:23:24,065 httpx INFO: HTTP Request: POST https://aiberm.com/v1/chat/completions "HTTP/1.1 200 OK"
2026-05-26 01:23:24,361 httpx INFO: HTTP Request: POST https://aiberm.com/v1/chat/completions "HTTP/1.1 200 OK"
2026-05-26 01:23:25,059 httpx INFO: HTTP Request: POST https://aiberm.com/v1/chat/completions "HTTP/1.1 200 OK"
2026-05-26 01:23:25,221 httpx INFO: HTTP Request: POST https://aiberm.com/v1/chat/completions "HTTP/1.1 200 OK"
2026-05-26 01:23:25,836 httpx INFO: HTTP Request: POST https://aiberm.com/v1/chat/completions "HTTP/1.1 200 OK"
2026-05-26 01:23:25,867 httpx INFO: HTTP Request: POST https://aiberm.com/v1/chat/completions "HTTP/1.1 200 OK"
2026-05-26 01:23:26,026 httpx INFO: HTTP Request: POST https://aiberm.com/v1/chat/completions "HTTP/1.1 200 OK"
2026-05-26 01:23:26,066 httpx INFO: HTTP Request: POST https://aiberm.com/v1/chat/completions "HTTP/1.1 200 OK"
2026-05-26 01:23:26,284 httpx INFO: HTTP Request: POST https://aiberm.com/v1/chat/completions "HTTP/1.1 200 OK"
2026-05-26 01:23:26,720 httpx INFO: HTTP Request: POST https://aiberm.com/v1/chat/completions "HTTP/1.1 200 OK"
2026-05-26 01:23:26,982 httpx INFO: HTTP Request: POST https://aiberm.com/v1/chat/completions "HTTP/1.1 200 OK"
2026-05-26 01:23:27,215 httpx INFO: HTTP Request: POST https://aiberm.com/v1/chat/completions "HTTP/1.1 200 OK"
2026-05-26 01:23:27,620 httpx INFO: HTTP Request: POST https://aiberm.com/v1/chat/completions "HTTP/1.1 200 OK"
2026-05-26 01:23:28,353 httpx INFO: HTTP Request: POST https://aiberm.com/v1/chat/completions "HTTP/1.1 200 OK"
2026-05-26 01:23:28,687 httpx INFO: HTTP Request: POST https://aiberm.com/v1/chat/completions "HTTP/1.1 200 OK"
2026-05-26 01:23:29,222 httpx INFO: HTTP Request: POST https://aiberm.com/v1/chat/completions "HTTP/1.1 200 OK"
2026-05-26 01:23:29,251 httpx INFO: HTTP Request: POST https://aiberm.com/v1/chat/completions "HTTP/1.1 200 OK"
2026-05-26 01:23:29,278 httpx INFO: HTTP Request: POST https://aiberm.com/v1/chat/completions "HTTP/1.1 200 OK"
2026-05-26 01:23:29,607 httpx INFO: HTTP Request: POST https://aiberm.com/v1/chat/completions "HTTP/1.1 200 OK"
2026-05-26 01:23:29,838 httpx INFO: HTTP Request: POST https://aiberm.com/v1/chat/completions "HTTP/1.1 200 OK"
2026-05-26 01:23:30,009 httpx INFO: HTTP Request: POST https://aiberm.com/v1/chat/completions "HTTP/1.1 200 OK"
2026-05-26 01:23:30,478 httpx INFO: HTTP Request: POST https://aiberm.com/v1/chat/completions "HTTP/1.1 200 OK"
2026-05-26 01:23:30,507 httpx INFO: HTTP Request: POST https://aiberm.com/v1/chat/completions "HTTP/1.1 200 OK"
2026-05-26 01:23:30,618 httpx INFO: HTTP Request: POST https://aiberm.com/v1/chat/completions "HTTP/1.1 200 OK"
2026-05-26 01:23:30,943 httpx INFO: HTTP Request: POST https://aiberm.com/v1/chat/completions "HTTP/1.1 200 OK"
2026-05-26 01:23:31,064 httpx INFO: HTTP Request: POST https://aiberm.com/v1/chat/completions "HTTP/1.1 200 OK"
2026-05-26 01:23:31,765 httpx INFO: HTTP Request: POST https://aiberm.com/v1/chat/completions "HTTP/1.1 200 OK"
2026-05-26 01:23:32,684 httpx INFO: HTTP Request: POST https://aiberm.com/v1/chat/completions "HTTP/1.1 200 OK"
2026-05-26 01:23:32,765 httpx INFO: HTTP Request: POST https://aiberm.com/v1/chat/completions "HTTP/1.1 200 OK"
2026-05-26 01:23:32,808 httpx INFO: HTTP Request: POST https://aiberm.com/v1/chat/completions "HTTP/1.1 200 OK"
2026-05-26 01:23:33,025 httpx INFO: HTTP Request: POST https://aiberm.com/v1/chat/completions "HTTP/1.1 200 OK"
2026-05-26 01:23:33,830 httpx INFO: HTTP Request: POST https://aiberm.com/v1/chat/completions "HTTP/1.1 200 OK"
2026-05-26 01:23:34,073 httpx INFO: HTTP Request: POST https://aiberm.com/v1/chat/completions "HTTP/1.1 200 OK"
2026-05-26 01:23:34,188 httpx INFO: HTTP Request: POST https://aiberm.com/v1/chat/completions "HTTP/1.1 200 OK"
2026-05-26 01:23:34,267 httpx INFO: HTTP Request: POST https://aiberm.com/v1/chat/completions "HTTP/1.1 200 OK"
2026-05-26 01:23:34,928 httpx INFO: HTTP Request: POST https://aiberm.com/v1/chat/completions "HTTP/1.1 200 OK"
2026-05-26 01:23:35,260 httpx INFO: HTTP Request: POST https://aiberm.com/v1/chat/completions "HTTP/1.1 200 OK"
2026-05-26 01:23:35,310 httpx INFO: HTTP Request: POST https://aiberm.com/v1/chat/completions "HTTP/1.1 200 OK"
2026-05-26 01:23:35,391 httpx INFO: HTTP Request: POST https://aiberm.com/v1/chat/completions "HTTP/1.1 200 OK"
2026-05-26 01:23:35,575 httpx INFO: HTTP Request: POST https://aiberm.com/v1/chat/completions "HTTP/1.1 200 OK"
2026-05-26 01:23:35,771 httpx INFO: HTTP Request: POST https://aiberm.com/v1/chat/completions "HTTP/1.1 200 OK"
2026-05-26 01:23:36,102 httpx INFO: HTTP Request: POST https://aiberm.com/v1/chat/completions "HTTP/1.1 200 OK"
2026-05-26 01:23:36,129 httpx INFO: HTTP Request: POST https://aiberm.com/v1/chat/completions "HTTP/1.1 200 OK"
2026-05-26 01:23:36,270 httpx INFO: HTTP Request: POST https://aiberm.com/v1/chat/completions "HTTP/1.1 200 OK"
2026-05-26 01:23:36,662 httpx INFO: HTTP Request: POST https://aiberm.com/v1/chat/completions "HTTP/1.1 200 OK"
2026-05-26 01:23:37,214 httpx INFO: HTTP Request: POST https://aiberm.com/v1/chat/completions "HTTP/1.1 200 OK"
2026-05-26 01:23:37,363 httpx INFO: HTTP Request: POST https://aiberm.com/v1/chat/completions "HTTP/1.1 200 OK"
2026-05-26 01:23:37,557 httpx INFO: HTTP Request: POST https://aiberm.com/v1/chat/completions "HTTP/1.1 200 OK"
2026-05-26 01:23:37,850 httpx INFO: HTTP Request: POST https://aiberm.com/v1/chat/completions "HTTP/1.1 200 OK"
2026-05-26 01:23:38,678 httpx INFO: HTTP Request: POST https://aiberm.com/v1/chat/completions "HTTP/1.1 200 OK"
2026-05-26 01:23:38,883 httpx INFO: HTTP Request: POST https://aiberm.com/v1/chat/completions "HTTP/1.1 200 OK"
2026-05-26 01:23:38,958 httpx INFO: HTTP Request: POST https://aiberm.com/v1/chat/completions "HTTP/1.1 200 OK"
2026-05-26 01:23:39,039 httpx INFO: HTTP Request: POST https://aiberm.com/v1/chat/completions "HTTP/1.1 200 OK"
2026-05-26 01:23:39,571 httpx INFO: HTTP Request: POST https://aiberm.com/v1/chat/completions "HTTP/1.1 200 OK"
2026-05-26 01:23:39,700 httpx INFO: HTTP Request: POST https://aiberm.com/v1/chat/completions "HTTP/1.1 200 OK"
2026-05-26 01:23:40,049 httpx INFO: HTTP Request: POST https://aiberm.com/v1/chat/completions "HTTP/1.1 200 OK"
2026-05-26 01:23:40,108 httpx INFO: HTTP Request: POST https://aiberm.com/v1/chat/completions "HTTP/1.1 200 OK"
2026-05-26 01:23:40,167 httpx INFO: HTTP Request: POST https://aiberm.com/v1/chat/completions "HTTP/1.1 200 OK"
2026-05-26 01:23:41,075 httpx INFO: HTTP Request: POST https://aiberm.com/v1/chat/completions "HTTP/1.1 200 OK"
2026-05-26 01:23:42,262 httpx INFO: HTTP Request: POST https://aiberm.com/v1/chat/completions "HTTP/1.1 200 OK"
2026-05-26 01:23:42,290 httpx INFO: HTTP Request: POST https://aiberm.com/v1/chat/completions "HTTP/1.1 200 OK"
2026-05-26 01:23:42,795 httpx INFO: HTTP Request: POST https://aiberm.com/v1/chat/completions "HTTP/1.1 200 OK"
2026-05-26 01:23:42,826 httpx INFO: HTTP Request: POST https://aiberm.com/v1/chat/completions "HTTP/1.1 200 OK"
2026-05-26 01:23:42,863 httpx INFO: HTTP Request: POST https://aiberm.com/v1/chat/completions "HTTP/1.1 200 OK"
2026-05-26 01:23:43,058 httpx INFO: HTTP Request: POST https://aiberm.com/v1/chat/completions "HTTP/1.1 200 OK"
2026-05-26 01:23:43,156 httpx INFO: HTTP Request: POST https://aiberm.com/v1/chat/completions "HTTP/1.1 200 OK"
2026-05-26 01:23:43,453 httpx INFO: HTTP Request: POST https://aiberm.com/v1/chat/completions "HTTP/1.1 200 OK"
2026-05-26 01:23:43,507 httpx INFO: HTTP Request: POST https://aiberm.com/v1/chat/completions "HTTP/1.1 200 OK"
2026-05-26 01:23:43,628 httpx INFO: HTTP Request: POST https://aiberm.com/v1/chat/completions "HTTP/1.1 200 OK"
2026-05-26 01:23:43,755 httpx INFO: HTTP Request: POST https://aiberm.com/v1/chat/completions "HTTP/1.1 200 OK"
2026-05-26 01:23:43,890 httpx INFO: HTTP Request: POST https://aiberm.com/v1/chat/completions "HTTP/1.1 200 OK"
2026-05-26 01:23:44,129 httpx INFO: HTTP Request: POST https://aiberm.com/v1/chat/completions "HTTP/1.1 200 OK"
2026-05-26 01:23:45,214 httpx INFO: HTTP Request: POST https://aiberm.com/v1/chat/completions "HTTP/1.1 200 OK"
2026-05-26 01:23:45,800 httpx INFO: HTTP Request: POST https://aiberm.com/v1/chat/completions "HTTP/1.1 200 OK"
2026-05-26 01:23:45,830 httpx INFO: HTTP Request: POST https://aiberm.com/v1/chat/completions "HTTP/1.1 200 OK"
2026-05-26 01:23:46,087 httpx INFO: HTTP Request: POST https://aiberm.com/v1/chat/completions "HTTP/1.1 200 OK"
2026-05-26 01:23:46,480 httpx INFO: HTTP Request: POST https://aiberm.com/v1/chat/completions "HTTP/1.1 200 OK"
2026-05-26 01:23:46,540 httpx INFO: HTTP Request: POST https://aiberm.com/v1/chat/completions "HTTP/1.1 200 OK"
2026-05-26 01:23:46,569 httpx INFO: HTTP Request: POST https://aiberm.com/v1/chat/completions "HTTP/1.1 200 OK"
2026-05-26 01:23:46,660 httpx INFO: HTTP Request: POST https://aiberm.com/v1/chat/completions "HTTP/1.1 200 OK"
2026-05-26 01:23:46,737 httpx INFO: HTTP Request: POST https://aiberm.com/v1/chat/completions "HTTP/1.1 200 OK"
2026-05-26 01:23:47,304 httpx INFO: HTTP Request: POST https://aiberm.com/v1/chat/completions "HTTP/1.1 200 OK"
2026-05-26 01:23:47,412 httpx INFO: HTTP Request: POST https://aiberm.com/v1/chat/completions "HTTP/1.1 200 OK"
2026-05-26 01:23:48,927 httpx INFO: HTTP Request: POST https://aiberm.com/v1/chat/completions "HTTP/1.1 200 OK"
2026-05-26 01:23:48,953 httpx INFO: HTTP Request: POST https://aiberm.com/v1/chat/completions "HTTP/1.1 200 OK"
2026-05-26 01:23:49,044 httpx INFO: HTTP Request: POST https://aiberm.com/v1/chat/completions "HTTP/1.1 200 OK"
2026-05-26 01:23:49,129 httpx INFO: HTTP Request: POST https://aiberm.com/v1/chat/completions "HTTP/1.1 200 OK"
2026-05-26 01:23:49,304 httpx INFO: HTTP Request: POST https://aiberm.com/v1/chat/completions "HTTP/1.1 200 OK"
2026-05-26 01:23:49,650 httpx INFO: HTTP Request: POST https://aiberm.com/v1/chat/completions "HTTP/1.1 200 OK"
2026-05-26 01:23:49,746 httpx INFO: HTTP Request: POST https://aiberm.com/v1/chat/completions "HTTP/1.1 200 OK"
2026-05-26 01:23:50,017 httpx INFO: HTTP Request: POST https://aiberm.com/v1/chat/completions "HTTP/1.1 200 OK"
2026-05-26 01:23:50,070 httpx INFO: HTTP Request: POST https://aiberm.com/v1/chat/completions "HTTP/1.1 200 OK"
2026-05-26 01:23:50,183 httpx INFO: HTTP Request: POST https://aiberm.com/v1/chat/completions "HTTP/1.1 200 OK"
2026-05-26 01:23:50,296 httpx INFO: HTTP Request: POST https://aiberm.com/v1/chat/completions "HTTP/1.1 200 OK"
2026-05-26 01:23:50,681 httpx INFO: HTTP Request: POST https://aiberm.com/v1/chat/completions "HTTP/1.1 200 OK"
2026-05-26 01:23:51,191 httpx INFO: HTTP Request: POST https://aiberm.com/v1/chat/completions "HTTP/1.1 200 OK"
2026-05-26 01:23:51,696 httpx INFO: HTTP Request: POST https://aiberm.com/v1/chat/completions "HTTP/1.1 200 OK"
2026-05-26 01:23:51,874 httpx INFO: HTTP Request: POST https://aiberm.com/v1/chat/completions "HTTP/1.1 200 OK"
2026-05-26 01:23:52,161 httpx INFO: HTTP Request: POST https://aiberm.com/v1/chat/completions "HTTP/1.1 200 OK"
2026-05-26 01:23:52,649 httpx INFO: HTTP Request: POST https://aiberm.com/v1/chat/completions "HTTP/1.1 200 OK"
2026-05-26 01:23:52,894 httpx INFO: HTTP Request: POST https://aiberm.com/v1/chat/completions "HTTP/1.1 200 OK"
2026-05-26 01:23:53,254 httpx INFO: HTTP Request: POST https://aiberm.com/v1/chat/completions "HTTP/1.1 200 OK"
2026-05-26 01:23:53,468 httpx INFO: HTTP Request: POST https://aiberm.com/v1/chat/completions "HTTP/1.1 200 OK"
2026-05-26 01:23:53,507 httpx INFO: HTTP Request: POST https://aiberm.com/v1/chat/completions "HTTP/1.1 200 OK"
2026-05-26 01:23:53,790 httpx INFO: HTTP Request: POST https://aiberm.com/v1/chat/completions "HTTP/1.1 200 OK"
2026-05-26 01:23:53,960 httpx INFO: HTTP Request: POST https://aiberm.com/v1/chat/completions "HTTP/1.1 200 OK"
2026-05-26 01:23:54,787 httpx INFO: HTTP Request: POST https://aiberm.com/v1/chat/completions "HTTP/1.1 200 OK"
2026-05-26 01:23:55,186 httpx INFO: HTTP Request: POST https://aiberm.com/v1/chat/completions "HTTP/1.1 200 OK"
2026-05-26 01:23:55,485 httpx INFO: HTTP Request: POST https://aiberm.com/v1/chat/completions "HTTP/1.1 200 OK"
2026-05-26 01:23:55,585 httpx INFO: HTTP Request: POST https://aiberm.com/v1/chat/completions "HTTP/1.1 200 OK"
2026-05-26 01:23:55,586 httpx INFO: HTTP Request: POST https://aiberm.com/v1/chat/completions "HTTP/1.1 200 OK"
2026-05-26 01:23:55,819 httpx INFO: HTTP Request: POST https://aiberm.com/v1/chat/completions "HTTP/1.1 200 OK"
2026-05-26 01:23:56,111 httpx INFO: HTTP Request: POST https://aiberm.com/v1/chat/completions "HTTP/1.1 200 OK"
2026-05-26 01:23:56,225 httpx INFO: HTTP Request: POST https://aiberm.com/v1/chat/completions "HTTP/1.1 200 OK"
2026-05-26 01:23:56,280 httpx INFO: HTTP Request: POST https://aiberm.com/v1/chat/completions "HTTP/1.1 200 OK"
2026-05-26 01:23:56,315 httpx INFO: HTTP Request: POST https://aiberm.com/v1/chat/completions "HTTP/1.1 200 OK"
2026-05-26 01:23:56,456 httpx INFO: HTTP Request: POST https://aiberm.com/v1/chat/completions "HTTP/1.1 200 OK"
2026-05-26 01:23:56,645 httpx INFO: HTTP Request: POST https://aiberm.com/v1/chat/completions "HTTP/1.1 200 OK"
2026-05-26 01:23:57,267 httpx INFO: HTTP Request: POST https://aiberm.com/v1/chat/completions "HTTP/1.1 200 OK"
2026-05-26 01:23:58,093 httpx INFO: HTTP Request: POST https://aiberm.com/v1/chat/completions "HTTP/1.1 200 OK"
2026-05-26 01:23:58,326 httpx INFO: HTTP Request: POST https://aiberm.com/v1/chat/completions "HTTP/1.1 200 OK"
2026-05-26 01:23:58,999 httpx INFO: HTTP Request: POST https://aiberm.com/v1/chat/completions "HTTP/1.1 200 OK"
2026-05-26 01:23:59,653 httpx INFO: HTTP Request: POST https://aiberm.com/v1/chat/completions "HTTP/1.1 200 OK"
2026-05-26 01:23:59,680 httpx INFO: HTTP Request: POST https://aiberm.com/v1/chat/completions "HTTP/1.1 200 OK"
2026-05-26 01:23:59,870 httpx INFO: HTTP Request: POST https://aiberm.com/v1/chat/completions "HTTP/1.1 200 OK"
2026-05-26 01:23:59,898 httpx INFO: HTTP Request: POST https://aiberm.com/v1/chat/completions "HTTP/1.1 200 OK"
2026-05-26 01:24:00,373 httpx INFO: HTTP Request: POST https://aiberm.com/v1/chat/completions "HTTP/1.1 200 OK"
2026-05-26 01:24:00,816 httpx INFO: HTTP Request: POST https://aiberm.com/v1/chat/completions "HTTP/1.1 200 OK"
2026-05-26 01:24:00,929 httpx INFO: HTTP Request: POST https://aiberm.com/v1/chat/completions "HTTP/1.1 200 OK"
2026-05-26 01:24:00,977 httpx INFO: HTTP Request: POST https://aiberm.com/v1/chat/completions "HTTP/1.1 200 OK"
2026-05-26 01:24:01,428 httpx INFO: HTTP Request: POST https://aiberm.com/v1/chat/completions "HTTP/1.1 200 OK"
2026-05-26 01:24:01,619 httpx INFO: HTTP Request: POST https://aiberm.com/v1/chat/completions "HTTP/1.1 200 OK"
2026-05-26 01:24:02,109 httpx INFO: HTTP Request: POST https://aiberm.com/v1/chat/completions "HTTP/1.1 200 OK"
2026-05-26 01:24:02,336 httpx INFO: HTTP Request: POST https://aiberm.com/v1/chat/completions "HTTP/1.1 200 OK"
2026-05-26 01:24:02,613 httpx INFO: HTTP Request: POST https://aiberm.com/v1/chat/completions "HTTP/1.1 200 OK"
2026-05-26 01:24:02,937 httpx INFO: HTTP Request: POST https://aiberm.com/v1/chat/completions "HTTP/1.1 200 OK"
2026-05-26 01:24:03,333 httpx INFO: HTTP Request: POST https://aiberm.com/v1/chat/completions "HTTP/1.1 200 OK"
2026-05-26 01:24:03,410 httpx INFO: HTTP Request: POST https://aiberm.com/v1/chat/completions "HTTP/1.1 200 OK"
2026-05-26 01:24:03,813 httpx INFO: HTTP Request: POST https://aiberm.com/v1/chat/completions "HTTP/1.1 200 OK"
2026-05-26 01:24:03,852 httpx INFO: HTTP Request: POST https://aiberm.com/v1/chat/completions "HTTP/1.1 200 OK"
2026-05-26 01:24:03,993 httpx INFO: HTTP Request: POST https://aiberm.com/v1/chat/completions "HTTP/1.1 200 OK"
2026-05-26 01:24:04,154 httpx INFO: HTTP Request: POST https://aiberm.com/v1/chat/completions "HTTP/1.1 200 OK"
2026-05-26 01:24:04,202 httpx INFO: HTTP Request: POST https://aiberm.com/v1/chat/completions "HTTP/1.1 200 OK"
2026-05-26 01:24:04,595 httpx INFO: HTTP Request: POST https://aiberm.com/v1/chat/completions "HTTP/1.1 200 OK"
2026-05-26 01:24:04,961 httpx INFO: HTTP Request: POST https://aiberm.com/v1/chat/completions "HTTP/1.1 200 OK"
2026-05-26 01:24:05,035 httpx INFO: HTTP Request: POST https://aiberm.com/v1/chat/completions "HTTP/1.1 200 OK"
2026-05-26 01:24:05,418 httpx INFO: HTTP Request: POST https://aiberm.com/v1/chat/completions "HTTP/1.1 200 OK"
2026-05-26 01:24:05,616 httpx INFO: HTTP Request: POST https://aiberm.com/v1/chat/completions "HTTP/1.1 200 OK"
2026-05-26 01:24:05,649 httpx INFO: HTTP Request: POST https://aiberm.com/v1/chat/completions "HTTP/1.1 200 OK"
2026-05-26 01:24:05,905 httpx INFO: HTTP Request: POST https://aiberm.com/v1/chat/completions "HTTP/1.1 200 OK"
2026-05-26 01:24:06,736 httpx INFO: HTTP Request: POST https://aiberm.com/v1/chat/completions "HTTP/1.1 200 OK"
2026-05-26 01:24:06,844 httpx INFO: HTTP Request: POST https://aiberm.com/v1/chat/completions "HTTP/1.1 200 OK"
2026-05-26 01:24:07,116 httpx INFO: HTTP Request: POST https://aiberm.com/v1/chat/completions "HTTP/1.1 200 OK"
2026-05-26 01:24:07,266 httpx INFO: HTTP Request: POST https://aiberm.com/v1/chat/completions "HTTP/1.1 200 OK"
2026-05-26 01:24:07,806 httpx INFO: HTTP Request: POST https://aiberm.com/v1/chat/completions "HTTP/1.1 200 OK"
2026-05-26 01:24:08,310 httpx INFO: HTTP Request: POST https://aiberm.com/v1/chat/completions "HTTP/1.1 200 OK"
2026-05-26 01:24:08,621 httpx INFO: HTTP Request: POST https://aiberm.com/v1/chat/completions "HTTP/1.1 200 OK"
2026-05-26 01:24:08,656 httpx INFO: HTTP Request: POST https://aiberm.com/v1/chat/completions "HTTP/1.1 200 OK"
2026-05-26 01:24:08,657 httpx INFO: HTTP Request: POST https://aiberm.com/v1/chat/completions "HTTP/1.1 200 OK"
2026-05-26 01:24:08,911 httpx INFO: HTTP Request: POST https://aiberm.com/v1/chat/completions "HTTP/1.1 200 OK"
2026-05-26 01:24:09,118 httpx INFO: HTTP Request: POST https://aiberm.com/v1/chat/completions "HTTP/1.1 200 OK"
2026-05-26 01:24:09,231 httpx INFO: HTTP Request: POST https://aiberm.com/v1/chat/completions "HTTP/1.1 200 OK"
2026-05-26 01:24:09,291 httpx INFO: HTTP Request: POST https://aiberm.com/v1/chat/completions "HTTP/1.1 200 OK"
2026-05-26 01:24:09,799 httpx INFO: HTTP Request: POST https://aiberm.com/v1/chat/completions "HTTP/1.1 200 OK"
2026-05-26 01:24:09,881 httpx INFO: HTTP Request: POST https://aiberm.com/v1/chat/completions "HTTP/1.1 200 OK"
2026-05-26 01:24:09,936 httpx INFO: HTTP Request: POST https://aiberm.com/v1/chat/completions "HTTP/1.1 200 OK"
2026-05-26 01:24:10,137 httpx INFO: HTTP Request: POST https://aiberm.com/v1/chat/completions "HTTP/1.1 200 OK"
2026-05-26 01:24:11,016 httpx INFO: HTTP Request: POST https://aiberm.com/v1/chat/completions "HTTP/1.1 200 OK"
2026-05-26 01:24:11,245 httpx INFO: HTTP Request: POST https://aiberm.com/v1/chat/completions "HTTP/1.1 200 OK"
2026-05-26 01:24:12,284 httpx INFO: HTTP Request: POST https://aiberm.com/v1/chat/completions "HTTP/1.1 200 OK"
2026-05-26 01:24:12,632 httpx INFO: HTTP Request: POST https://aiberm.com/v1/chat/completions "HTTP/1.1 200 OK"
2026-05-26 01:24:12,917 httpx INFO: HTTP Request: POST https://aiberm.com/v1/chat/completions "HTTP/1.1 200 OK"
2026-05-26 01:24:12,947 httpx INFO: HTTP Request: POST https://aiberm.com/v1/chat/completions "HTTP/1.1 200 OK"
2026-05-26 01:24:13,021 httpx INFO: HTTP Request: POST https://aiberm.com/v1/chat/completions "HTTP/1.1 200 OK"
2026-05-26 01:24:13,313 httpx INFO: HTTP Request: POST https://aiberm.com/v1/chat/completions "HTTP/1.1 200 OK"
2026-05-26 01:24:13,342 httpx INFO: HTTP Request: POST https://aiberm.com/v1/chat/completions "HTTP/1.1 200 OK"
2026-05-26 01:24:13,481 httpx INFO: HTTP Request: POST https://aiberm.com/v1/chat/completions "HTTP/1.1 200 OK"
2026-05-26 01:24:13,642 httpx INFO: HTTP Request: POST https://aiberm.com/v1/chat/completions "HTTP/1.1 200 OK"
2026-05-26 01:24:13,674 httpx INFO: HTTP Request: POST https://aiberm.com/v1/chat/completions "HTTP/1.1 200 OK"
2026-05-26 01:24:14,198 httpx INFO: HTTP Request: POST https://aiberm.com/v1/chat/completions "HTTP/1.1 200 OK"
2026-05-26 01:24:14,484 httpx INFO: HTTP Request: POST https://aiberm.com/v1/chat/completions "HTTP/1.1 200 OK"
2026-05-26 01:24:15,301 httpx INFO: HTTP Request: POST https://aiberm.com/v1/chat/completions "HTTP/1.1 200 OK"
2026-05-26 01:24:15,571 httpx INFO: HTTP Request: POST https://aiberm.com/v1/chat/completions "HTTP/1.1 200 OK"
2026-05-26 01:24:15,702 httpx INFO: HTTP Request: POST https://aiberm.com/v1/chat/completions "HTTP/1.1 200 OK"
2026-05-26 01:24:15,995 httpx INFO: HTTP Request: POST https://aiberm.com/v1/chat/completions "HTTP/1.1 200 OK"
2026-05-26 01:24:16,602 httpx INFO: HTTP Request: POST https://aiberm.com/v1/chat/completions "HTTP/1.1 200 OK"
2026-05-26 01:24:16,679 httpx INFO: HTTP Request: POST https://aiberm.com/v1/chat/completions "HTTP/1.1 200 OK"
2026-05-26 01:24:16,845 httpx INFO: HTTP Request: POST https://aiberm.com/v1/chat/completions "HTTP/1.1 200 OK"
2026-05-26 01:24:16,874 httpx INFO: HTTP Request: POST https://aiberm.com/v1/chat/completions "HTTP/1.1 200 OK"
2026-05-26 01:24:16,903 httpx INFO: HTTP Request: POST https://aiberm.com/v1/chat/completions "HTTP/1.1 200 OK"
2026-05-26 01:24:16,964 httpx INFO: HTTP Request: POST https://aiberm.com/v1/chat/completions "HTTP/1.1 200 OK"
2026-05-26 01:24:17,087 httpx INFO: HTTP Request: POST https://aiberm.com/v1/chat/completions "HTTP/1.1 200 OK"
2026-05-26 01:24:17,180 httpx INFO: HTTP Request: POST https://aiberm.com/v1/chat/completions "HTTP/1.1 200 OK"
2026-05-26 01:24:18,885 httpx INFO: HTTP Request: POST https://aiberm.com/v1/chat/completions "HTTP/1.1 200 OK"
2026-05-26 01:24:19,074 httpx INFO: HTTP Request: POST https://aiberm.com/v1/chat/completions "HTTP/1.1 200 OK"
2026-05-26 01:24:19,200 httpx INFO: HTTP Request: POST https://aiberm.com/v1/chat/completions "HTTP/1.1 200 OK"
2026-05-26 01:24:19,966 httpx INFO: HTTP Request: POST https://aiberm.com/v1/chat/completions "HTTP/1.1 200 OK"
2026-05-26 01:24:20,192 httpx INFO: HTTP Request: POST https://aiberm.com/v1/chat/completions "HTTP/1.1 200 OK"
2026-05-26 01:24:20,219 httpx INFO: HTTP Request: POST https://aiberm.com/v1/chat/completions "HTTP/1.1 200 OK"
2026-05-26 01:24:20,634 httpx INFO: HTTP Request: POST https://aiberm.com/v1/chat/completions "HTTP/1.1 200 OK"
2026-05-26 01:24:20,675 httpx INFO: HTTP Request: POST https://aiberm.com/v1/chat/completions "HTTP/1.1 200 OK"
2026-05-26 01:24:20,704 httpx INFO: HTTP Request: POST https://aiberm.com/v1/chat/completions "HTTP/1.1 200 OK"
2026-05-26 01:24:20,832 httpx INFO: HTTP Request: POST https://aiberm.com/v1/chat/completions "HTTP/1.1 200 OK"
2026-05-26 01:24:20,866 httpx INFO: HTTP Request: POST https://aiberm.com/v1/chat/completions "HTTP/1.1 200 OK"
2026-05-26 01:24:20,984 httpx INFO: HTTP Request: POST https://aiberm.com/v1/chat/completions "HTTP/1.1 200 OK"
2026-05-26 01:24:21,104 httpx INFO: HTTP Request: POST https://aiberm.com/v1/chat/completions "HTTP/1.1 200 OK"
2026-05-26 01:24:21,355 httpx INFO: HTTP Request: POST https://aiberm.com/v1/chat/completions "HTTP/1.1 200 OK"
2026-05-26 01:24:22,918 httpx INFO: HTTP Request: POST https://aiberm.com/v1/chat/completions "HTTP/1.1 200 OK"
2026-05-26 01:24:23,179 httpx INFO: HTTP Request: POST https://aiberm.com/v1/chat/completions "HTTP/1.1 200 OK"
2026-05-26 01:24:23,535 httpx INFO: HTTP Request: POST https://aiberm.com/v1/chat/completions "HTTP/1.1 200 OK"
2026-05-26 01:24:23,658 httpx INFO: HTTP Request: POST https://aiberm.com/v1/chat/completions "HTTP/1.1 200 OK"
2026-05-26 01:24:23,685 httpx INFO: HTTP Request: POST https://aiberm.com/v1/chat/completions "HTTP/1.1 200 OK"
2026-05-26 01:24:23,725 httpx INFO: HTTP Request: POST https://aiberm.com/v1/chat/completions "HTTP/1.1 200 OK"
2026-05-26 01:24:24,038 httpx INFO: HTTP Request: POST https://aiberm.com/v1/chat/completions "HTTP/1.1 200 OK"
2026-05-26 01:24:24,705 httpx INFO: HTTP Request: POST https://aiberm.com/v1/chat/completions "HTTP/1.1 200 OK"
2026-05-26 01:24:24,831 httpx INFO: HTTP Request: POST https://aiberm.com/v1/chat/completions "HTTP/1.1 200 OK"
2026-05-26 01:24:25,067 httpx INFO: HTTP Request: POST https://aiberm.com/v1/chat/completions "HTTP/1.1 200 OK"
2026-05-26 01:24:25,139 httpx INFO: HTTP Request: POST https://aiberm.com/v1/chat/completions "HTTP/1.1 200 OK"
2026-05-26 01:24:25,385 httpx INFO: HTTP Request: POST https://aiberm.com/v1/chat/completions "HTTP/1.1 200 OK"
2026-05-26 01:24:26,437 httpx INFO: HTTP Request: POST https://aiberm.com/v1/chat/completions "HTTP/1.1 200 OK"
2026-05-26 01:24:26,739 httpx INFO: HTTP Request: POST https://aiberm.com/v1/chat/completions "HTTP/1.1 200 OK"
2026-05-26 01:24:26,767 httpx INFO: HTTP Request: POST https://aiberm.com/v1/chat/completions "HTTP/1.1 200 OK"
2026-05-26 01:24:27,157 httpx INFO: HTTP Request: POST https://aiberm.com/v1/chat/completions "HTTP/1.1 200 OK"
2026-05-26 01:24:27,184 httpx INFO: HTTP Request: POST https://aiberm.com/v1/chat/completions "HTTP/1.1 200 OK"
2026-05-26 01:24:27,251 httpx INFO: HTTP Request: POST https://aiberm.com/v1/chat/completions "HTTP/1.1 200 OK"
2026-05-26 01:24:27,420 httpx INFO: HTTP Request: POST https://aiberm.com/v1/chat/completions "HTTP/1.1 200 OK"
2026-05-26 01:24:27,608 httpx INFO: HTTP Request: POST https://aiberm.com/v1/chat/completions "HTTP/1.1 200 OK"
2026-05-26 01:24:27,636 httpx INFO: HTTP Request: POST https://aiberm.com/v1/chat/completions "HTTP/1.1 200 OK"
2026-05-26 01:24:27,875 httpx INFO: HTTP Request: POST https://aiberm.com/v1/chat/completions "HTTP/1.1 200 OK"
2026-05-26 01:24:28,267 httpx INFO: HTTP Request: POST https://aiberm.com/v1/chat/completions "HTTP/1.1 200 OK"
2026-05-26 01:24:28,513 httpx INFO: HTTP Request: POST https://aiberm.com/v1/chat/completions "HTTP/1.1 200 OK"
2026-05-26 01:24:28,550 httpx INFO: HTTP Request: POST https://aiberm.com/v1/chat/completions "HTTP/1.1 200 OK"
2026-05-26 01:24:29,335 httpx INFO: HTTP Request: POST https://aiberm.com/v1/chat/completions "HTTP/1.1 200 OK"
2026-05-26 01:24:29,448 httpx INFO: HTTP Request: POST https://aiberm.com/v1/chat/completions "HTTP/1.1 200 OK"
2026-05-26 01:24:29,974 httpx INFO: HTTP Request: POST https://aiberm.com/v1/chat/completions "HTTP/1.1 200 OK"
2026-05-26 01:24:30,170 httpx INFO: HTTP Request: POST https://aiberm.com/v1/chat/completions "HTTP/1.1 200 OK"
2026-05-26 01:24:30,468 httpx INFO: HTTP Request: POST https://aiberm.com/v1/chat/completions "HTTP/1.1 200 OK"
2026-05-26 01:24:30,650 httpx INFO: HTTP Request: POST https://aiberm.com/v1/chat/completions "HTTP/1.1 200 OK"
2026-05-26 01:24:31,132 httpx INFO: HTTP Request: POST https://aiberm.com/v1/chat/completions "HTTP/1.1 200 OK"
2026-05-26 01:24:31,185 httpx INFO: HTTP Request: POST https://aiberm.com/v1/chat/completions "HTTP/1.1 200 OK"
2026-05-26 01:24:31,238 httpx INFO: HTTP Request: POST https://aiberm.com/v1/chat/completions "HTTP/1.1 200 OK"
2026-05-26 01:24:31,457 httpx INFO: HTTP Request: POST https://aiberm.com/v1/chat/completions "HTTP/1.1 200 OK"
2026-05-26 01:24:31,484 httpx INFO: HTTP Request: POST https://aiberm.com/v1/chat/completions "HTTP/1.1 200 OK"
2026-05-26 01:24:31,796 httpx INFO: HTTP Request: POST https://aiberm.com/v1/chat/completions "HTTP/1.1 200 OK"
2026-05-26 01:24:31,833 httpx INFO: HTTP Request: POST https://aiberm.com/v1/chat/completions "HTTP/1.1 200 OK"
2026-05-26 01:24:31,997 httpx INFO: HTTP Request: POST https://aiberm.com/v1/chat/completions "HTTP/1.1 200 OK"
2026-05-26 01:24:32,145 httpx INFO: HTTP Request: POST https://aiberm.com/v1/chat/completions "HTTP/1.1 200 OK"
2026-05-26 01:24:32,783 httpx INFO: HTTP Request: POST https://aiberm.com/v1/chat/completions "HTTP/1.1 200 OK"
2026-05-26 01:24:33,337 httpx INFO: HTTP Request: POST https://aiberm.com/v1/chat/completions "HTTP/1.1 200 OK"
2026-05-26 01:24:33,607 httpx INFO: HTTP Request: POST https://aiberm.com/v1/chat/completions "HTTP/1.1 200 OK"
2026-05-26 01:24:33,697 httpx INFO: HTTP Request: POST https://aiberm.com/v1/chat/completions "HTTP/1.1 200 OK"
2026-05-26 01:24:34,091 httpx INFO: HTTP Request: POST https://aiberm.com/v1/chat/completions "HTTP/1.1 200 OK"
2026-05-26 01:24:34,709 httpx INFO: HTTP Request: POST https://aiberm.com/v1/chat/completions "HTTP/1.1 200 OK"
2026-05-26 01:24:34,741 httpx INFO: HTTP Request: POST https://aiberm.com/v1/chat/completions "HTTP/1.1 200 OK"
2026-05-26 01:24:35,138 httpx INFO: HTTP Request: POST https://aiberm.com/v1/chat/completions "HTTP/1.1 200 OK"
2026-05-26 01:24:35,429 httpx INFO: HTTP Request: POST https://aiberm.com/v1/chat/completions "HTTP/1.1 200 OK"
2026-05-26 01:24:35,754 httpx INFO: HTTP Request: POST https://aiberm.com/v1/chat/completions "HTTP/1.1 200 OK"
2026-05-26 01:24:35,897 httpx INFO: HTTP Request: POST https://aiberm.com/v1/chat/completions "HTTP/1.1 200 OK"
2026-05-26 01:24:36,187 httpx INFO: HTTP Request: POST https://aiberm.com/v1/chat/completions "HTTP/1.1 200 OK"
2026-05-26 01:24:36,326 httpx INFO: HTTP Request: POST https://aiberm.com/v1/chat/completions "HTTP/1.1 200 OK"
2026-05-26 01:24:36,851 httpx INFO: HTTP Request: POST https://aiberm.com/v1/chat/completions "HTTP/1.1 200 OK"
2026-05-26 01:24:36,989 httpx INFO: HTTP Request: POST https://aiberm.com/v1/chat/completions "HTTP/1.1 200 OK"
2026-05-26 01:24:37,083 httpx INFO: HTTP Request: POST https://aiberm.com/v1/chat/completions "HTTP/1.1 200 OK"
2026-05-26 01:24:37,348 httpx INFO: HTTP Request: POST https://aiberm.com/v1/chat/completions "HTTP/1.1 200 OK"
2026-05-26 01:24:38,150 httpx INFO: HTTP Request: POST https://aiberm.com/v1/chat/completions "HTTP/1.1 200 OK"
2026-05-26 01:24:38,189 httpx INFO: HTTP Request: POST https://aiberm.com/v1/chat/completions "HTTP/1.1 200 OK"
2026-05-26 01:24:38,312 httpx INFO: HTTP Request: POST https://aiberm.com/v1/chat/completions "HTTP/1.1 200 OK"
2026-05-26 01:24:38,846 httpx INFO: HTTP Request: POST https://aiberm.com/v1/chat/completions "HTTP/1.1 200 OK"
2026-05-26 01:24:39,182 httpx INFO: HTTP Request: POST https://aiberm.com/v1/chat/completions "HTTP/1.1 200 OK"
2026-05-26 01:24:39,219 httpx INFO: HTTP Request: POST https://aiberm.com/v1/chat/completions "HTTP/1.1 200 OK"
2026-05-26 01:24:39,800 httpx INFO: HTTP Request: POST https://aiberm.com/v1/chat/completions "HTTP/1.1 200 OK"
2026-05-26 01:24:39,865 httpx INFO: HTTP Request: POST https://aiberm.com/v1/chat/completions "HTTP/1.1 200 OK"
2026-05-26 01:24:40,096 httpx INFO: HTTP Request: POST https://aiberm.com/v1/chat/completions "HTTP/1.1 200 OK"
2026-05-26 01:24:40,364 httpx INFO: HTTP Request: POST https://aiberm.com/v1/chat/completions "HTTP/1.1 200 OK"
2026-05-26 01:24:40,491 httpx INFO: HTTP Request: POST https://aiberm.com/v1/chat/completions "HTTP/1.1 200 OK"
2026-05-26 01:24:40,583 httpx INFO: HTTP Request: POST https://aiberm.com/v1/chat/completions "HTTP/1.1 200 OK"
2026-05-26 01:24:40,659 httpx INFO: HTTP Request: POST https://aiberm.com/v1/chat/completions "HTTP/1.1 200 OK"
2026-05-26 01:24:40,687 httpx INFO: HTTP Request: POST https://aiberm.com/v1/chat/completions "HTTP/1.1 200 OK"
2026-05-26 01:24:40,714 httpx INFO: HTTP Request: POST https://aiberm.com/v1/chat/completions "HTTP/1.1 200 OK"
2026-05-26 01:24:41,466 httpx INFO: HTTP Request: POST https://aiberm.com/v1/chat/completions "HTTP/1.1 200 OK"
2026-05-26 01:24:41,512 httpx INFO: HTTP Request: POST https://aiberm.com/v1/chat/completions "HTTP/1.1 200 OK"
2026-05-26 01:24:42,331 httpx INFO: HTTP Request: POST https://aiberm.com/v1/chat/completions "HTTP/1.1 200 OK"
2026-05-26 01:24:42,673 httpx INFO: HTTP Request: POST https://aiberm.com/v1/chat/completions "HTTP/1.1 200 OK"
2026-05-26 01:24:42,956 httpx INFO: HTTP Request: POST https://aiberm.com/v1/chat/completions "HTTP/1.1 200 OK"
2026-05-26 01:24:43,424 httpx INFO: HTTP Request: POST https://aiberm.com/v1/chat/completions "HTTP/1.1 200 OK"
2026-05-26 01:24:43,689 httpx INFO: HTTP Request: POST https://aiberm.com/v1/chat/completions "HTTP/1.1 200 OK"
2026-05-26 01:24:43,843 httpx INFO: HTTP Request: POST https://aiberm.com/v1/chat/completions "HTTP/1.1 200 OK"
2026-05-26 01:24:44,040 httpx INFO: HTTP Request: POST https://aiberm.com/v1/chat/completions "HTTP/1.1 200 OK"
2026-05-26 01:24:44,135 httpx INFO: HTTP Request: POST https://aiberm.com/v1/chat/completions "HTTP/1.1 200 OK"
2026-05-26 01:24:44,212 httpx INFO: HTTP Request: POST https://aiberm.com/v1/chat/completions "HTTP/1.1 200 OK"
2026-05-26 01:24:44,334 httpx INFO: HTTP Request: POST https://aiberm.com/v1/chat/completions "HTTP/1.1 200 OK"
2026-05-26 01:24:44,783 httpx INFO: HTTP Request: POST https://aiberm.com/v1/chat/completions "HTTP/1.1 200 OK"
2026-05-26 01:24:45,091 httpx INFO: HTTP Request: POST https://aiberm.com/v1/chat/completions "HTTP/1.1 200 OK"
2026-05-26 01:24:45,610 httpx INFO: HTTP Request: POST https://aiberm.com/v1/chat/completions "HTTP/1.1 200 OK"
2026-05-26 01:24:46,353 httpx INFO: HTTP Request: POST https://aiberm.com/v1/chat/completions "HTTP/1.1 200 OK"
2026-05-26 01:24:46,432 httpx INFO: HTTP Request: POST https://aiberm.com/v1/chat/completions "HTTP/1.1 200 OK"
2026-05-26 01:24:46,639 httpx INFO: HTTP Request: POST https://aiberm.com/v1/chat/completions "HTTP/1.1 200 OK"
2026-05-26 01:24:46,744 httpx INFO: HTTP Request: POST https://aiberm.com/v1/chat/completions "HTTP/1.1 200 OK"
2026-05-26 01:24:47,205 httpx INFO: HTTP Request: POST https://aiberm.com/v1/chat/completions "HTTP/1.1 200 OK"
2026-05-26 01:24:47,259 httpx INFO: HTTP Request: POST https://aiberm.com/v1/chat/completions "HTTP/1.1 200 OK"
2026-05-26 01:24:47,321 httpx INFO: HTTP Request: POST https://aiberm.com/v1/chat/completions "HTTP/1.1 200 OK"
2026-05-26 01:24:47,354 httpx INFO: HTTP Request: POST https://aiberm.com/v1/chat/completions "HTTP/1.1 200 OK"
2026-05-26 01:24:48,585 httpx INFO: HTTP Request: POST https://aiberm.com/v1/chat/completions "HTTP/1.1 200 OK"
2026-05-26 01:24:48,727 httpx INFO: HTTP Request: POST https://aiberm.com/v1/chat/completions "HTTP/1.1 200 OK"
2026-05-26 01:24:48,817 httpx INFO: HTTP Request: POST https://aiberm.com/v1/chat/completions "HTTP/1.1 200 OK"
2026-05-26 01:24:48,956 httpx INFO: HTTP Request: POST https://aiberm.com/v1/chat/completions "HTTP/1.1 200 OK"
2026-05-26 01:24:49,858 httpx INFO: HTTP Request: POST https://aiberm.com/v1/chat/completions "HTTP/1.1 200 OK"
2026-05-26 01:24:50,211 httpx INFO: HTTP Request: POST https://aiberm.com/v1/chat/completions "HTTP/1.1 200 OK"
2026-05-26 01:24:50,352 httpx INFO: HTTP Request: POST https://aiberm.com/v1/chat/completions "HTTP/1.1 200 OK"
2026-05-26 01:24:50,512 httpx INFO: HTTP Request: POST https://aiberm.com/v1/chat/completions "HTTP/1.1 200 OK"
2026-05-26 01:24:50,684 httpx INFO: HTTP Request: POST https://aiberm.com/v1/chat/completions "HTTP/1.1 200 OK"
2026-05-26 01:24:50,950 httpx INFO: HTTP Request: POST https://aiberm.com/v1/chat/completions "HTTP/1.1 200 OK"
2026-05-26 01:24:51,127 httpx INFO: HTTP Request: POST https://aiberm.com/v1/chat/completions "HTTP/1.1 200 OK"
2026-05-26 01:24:51,240 httpx INFO: HTTP Request: POST https://aiberm.com/v1/chat/completions "HTTP/1.1 200 OK"
2026-05-26 01:24:51,910 httpx INFO: HTTP Request: POST https://aiberm.com/v1/chat/completions "HTTP/1.1 200 OK"
2026-05-26 01:24:52,303 httpx INFO: HTTP Request: POST https://aiberm.com/v1/chat/completions "HTTP/1.1 200 OK"
2026-05-26 01:24:52,455 httpx INFO: HTTP Request: POST https://aiberm.com/v1/chat/completions "HTTP/1.1 200 OK"
2026-05-26 01:24:52,483 httpx INFO: HTTP Request: POST https://aiberm.com/v1/chat/completions "HTTP/1.1 200 OK"
2026-05-26 01:24:53,026 httpx INFO: HTTP Request: POST https://aiberm.com/v1/chat/completions "HTTP/1.1 200 OK"
2026-05-26 01:24:53,785 httpx INFO: HTTP Request: POST https://aiberm.com/v1/chat/completions "HTTP/1.1 200 OK"
2026-05-26 01:24:53,876 httpx INFO: HTTP Request: POST https://aiberm.com/v1/chat/completions "HTTP/1.1 200 OK"
2026-05-26 01:24:53,903 httpx INFO: HTTP Request: POST https://aiberm.com/v1/chat/completions "HTTP/1.1 200 OK"
2026-05-26 01:24:53,949 httpx INFO: HTTP Request: POST https://aiberm.com/v1/chat/completions "HTTP/1.1 200 OK"
2026-05-26 01:24:54,693 httpx INFO: HTTP Request: POST https://aiberm.com/v1/chat/completions "HTTP/1.1 200 OK"
2026-05-26 01:24:54,799 httpx INFO: HTTP Request: POST https://aiberm.com/v1/chat/completions "HTTP/1.1 200 OK"
2026-05-26 01:24:55,299 httpx INFO: HTTP Request: POST https://aiberm.com/v1/chat/completions "HTTP/1.1 200 OK"
2026-05-26 01:24:55,489 httpx INFO: HTTP Request: POST https://aiberm.com/v1/chat/completions "HTTP/1.1 200 OK"
2026-05-26 01:24:55,665 httpx INFO: HTTP Request: POST https://aiberm.com/v1/chat/completions "HTTP/1.1 200 OK"
2026-05-26 01:24:56,208 httpx INFO: HTTP Request: POST https://aiberm.com/v1/chat/completions "HTTP/1.1 200 OK"
2026-05-26 01:24:56,612 httpx INFO: HTTP Request: POST https://aiberm.com/v1/chat/completions "HTTP/1.1 200 OK"
2026-05-26 01:24:56,695 httpx INFO: HTTP Request: POST https://aiberm.com/v1/chat/completions "HTTP/1.1 200 OK"
2026-05-26 01:24:56,982 httpx INFO: HTTP Request: POST https://aiberm.com/v1/chat/completions "HTTP/1.1 200 OK"
2026-05-26 01:24:58,055 httpx INFO: HTTP Request: POST https://aiberm.com/v1/chat/completions "HTTP/1.1 200 OK"
2026-05-26 01:24:58,056 httpx INFO: HTTP Request: POST https://aiberm.com/v1/chat/completions "HTTP/1.1 200 OK"
2026-05-26 01:24:58,740 httpx INFO: HTTP Request: POST https://aiberm.com/v1/chat/completions "HTTP/1.1 200 OK"
2026-05-26 01:24:58,905 httpx INFO: HTTP Request: POST https://aiberm.com/v1/chat/completions "HTTP/1.1 200 OK"
2026-05-26 01:24:58,987 httpx INFO: HTTP Request: POST https://aiberm.com/v1/chat/completions "HTTP/1.1 200 OK"
2026-05-26 01:24:59,997 httpx INFO: HTTP Request: POST https://aiberm.com/v1/chat/completions "HTTP/1.1 200 OK"
2026-05-26 01:25:00,025 httpx INFO: HTTP Request: POST https://aiberm.com/v1/chat/completions "HTTP/1.1 200 OK"
2026-05-26 01:25:00,211 httpx INFO: HTTP Request: POST https://aiberm.com/v1/chat/completions "HTTP/1.1 200 OK"
2026-05-26 01:25:00,339 httpx INFO: HTTP Request: POST https://aiberm.com/v1/chat/completions "HTTP/1.1 200 OK"
2026-05-26 01:25:00,412 httpx INFO: HTTP Request: POST https://aiberm.com/v1/chat/completions "HTTP/1.1 200 OK"
2026-05-26 01:25:00,663 httpx INFO: HTTP Request: POST https://aiberm.com/v1/chat/completions "HTTP/1.1 200 OK"
2026-05-26 01:25:01,178 httpx INFO: HTTP Request: POST https://aiberm.com/v1/chat/completions "HTTP/1.1 200 OK"
2026-05-26 01:25:01,372 httpx INFO: HTTP Request: POST https://aiberm.com/v1/chat/completions "HTTP/1.1 200 OK"
2026-05-26 01:25:01,571 httpx INFO: HTTP Request: POST https://aiberm.com/v1/chat/completions "HTTP/1.1 200 OK"
2026-05-26 01:25:02,217 httpx INFO: HTTP Request: POST https://aiberm.com/v1/chat/completions "HTTP/1.1 200 OK"
2026-05-26 01:25:02,244 httpx INFO: HTTP Request: POST https://aiberm.com/v1/chat/completions "HTTP/1.1 200 OK"
2026-05-26 01:25:03,690 httpx INFO: HTTP Request: POST https://aiberm.com/v1/chat/completions "HTTP/1.1 200 OK"
2026-05-26 01:25:04,828 httpx INFO: HTTP Request: POST https://aiberm.com/v1/chat/completions "HTTP/1.1 200 OK"
2026-05-26 01:25:04,918 httpx INFO: HTTP Request: POST https://aiberm.com/v1/chat/completions "HTTP/1.1 200 OK"
2026-05-26 01:25:05,090 httpx INFO: HTTP Request: POST https://aiberm.com/v1/chat/completions "HTTP/1.1 200 OK"
2026-05-26 01:25:05,242 httpx INFO: HTTP Request: POST https://aiberm.com/v1/chat/completions "HTTP/1.1 200 OK"
2026-05-26 01:25:05,476 httpx INFO: HTTP Request: POST https://aiberm.com/v1/chat/completions "HTTP/1.1 200 OK"
2026-05-26 01:25:05,506 httpx INFO: HTTP Request: POST https://aiberm.com/v1/chat/completions "HTTP/1.1 200 OK"
2026-05-26 01:25:05,705 httpx INFO: HTTP Request: POST https://aiberm.com/v1/chat/completions "HTTP/1.1 200 OK"
2026-05-26 01:25:05,850 httpx INFO: HTTP Request: POST https://aiberm.com/v1/chat/completions "HTTP/1.1 200 OK"
2026-05-26 01:25:05,877 httpx INFO: HTTP Request: POST https://aiberm.com/v1/chat/completions "HTTP/1.1 200 OK"
2026-05-26 01:25:05,989 httpx INFO: HTTP Request: POST https://aiberm.com/v1/chat/completions "HTTP/1.1 200 OK"
2026-05-26 01:25:06,024 httpx INFO: HTTP Request: POST https://aiberm.com/v1/chat/completions "HTTP/1.1 200 OK"
2026-05-26 01:25:06,128 httpx INFO: HTTP Request: POST https://aiberm.com/v1/chat/completions "HTTP/1.1 200 OK"
2026-05-26 01:25:07,274 httpx INFO: HTTP Request: POST https://aiberm.com/v1/chat/completions "HTTP/1.1 200 OK"
2026-05-26 01:25:07,658 httpx INFO: HTTP Request: POST https://aiberm.com/v1/chat/completions "HTTP/1.1 200 OK"
2026-05-26 01:25:08,461 httpx INFO: HTTP Request: POST https://aiberm.com/v1/chat/completions "HTTP/1.1 200 OK"
2026-05-26 01:25:09,154 httpx INFO: HTTP Request: POST https://aiberm.com/v1/chat/completions "HTTP/1.1 200 OK"
2026-05-26 01:25:09,279 httpx INFO: HTTP Request: POST https://aiberm.com/v1/chat/completions "HTTP/1.1 200 OK"
2026-05-26 01:25:09,346 httpx INFO: HTTP Request: POST https://aiberm.com/v1/chat/completions "HTTP/1.1 200 OK"
2026-05-26 01:25:09,462 httpx INFO: HTTP Request: POST https://aiberm.com/v1/chat/completions "HTTP/1.1 200 OK"
2026-05-26 01:25:09,606 httpx INFO: HTTP Request: POST https://aiberm.com/v1/chat/completions "HTTP/1.1 200 OK"
2026-05-26 01:25:09,782 httpx INFO: HTTP Request: POST https://aiberm.com/v1/chat/completions "HTTP/1.1 200 OK"
2026-05-26 01:25:09,870 httpx INFO: HTTP Request: POST https://aiberm.com/v1/chat/completions "HTTP/1.1 200 OK"
2026-05-26 01:25:10,084 httpx INFO: HTTP Request: POST https://aiberm.com/v1/chat/completions "HTTP/1.1 200 OK"
2026-05-26 01:25:10,184 httpx INFO: HTTP Request: POST https://aiberm.com/v1/chat/completions "HTTP/1.1 200 OK"
2026-05-26 01:25:10,249 httpx INFO: HTTP Request: POST https://aiberm.com/v1/chat/completions "HTTP/1.1 200 OK"
2026-05-26 01:25:10,278 httpx INFO: HTTP Request: POST https://aiberm.com/v1/chat/completions "HTTP/1.1 200 OK"
2026-05-26 01:25:11,360 httpx INFO: HTTP Request: POST https://aiberm.com/v1/chat/completions "HTTP/1.1 200 OK"
2026-05-26 01:25:12,387 httpx INFO: HTTP Request: POST https://aiberm.com/v1/chat/completions "HTTP/1.1 200 OK"
2026-05-26 01:25:12,705 httpx INFO: HTTP Request: POST https://aiberm.com/v1/chat/completions "HTTP/1.1 200 OK"
2026-05-26 01:25:12,931 httpx INFO: HTTP Request: POST https://aiberm.com/v1/chat/completions "HTTP/1.1 200 OK"
2026-05-26 01:25:13,221 httpx INFO: HTTP Request: POST https://aiberm.com/v1/chat/completions "HTTP/1.1 200 OK"
2026-05-26 01:25:13,558 httpx INFO: HTTP Request: POST https://aiberm.com/v1/chat/completions "HTTP/1.1 200 OK"
2026-05-26 01:25:14,092 httpx INFO: HTTP Request: POST https://aiberm.com/v1/chat/completions "HTTP/1.1 200 OK"
2026-05-26 01:25:14,351 httpx INFO: HTTP Request: POST https://aiberm.com/v1/chat/completions "HTTP/1.1 200 OK"
2026-05-26 01:25:14,452 httpx INFO: HTTP Request: POST https://aiberm.com/v1/chat/completions "HTTP/1.1 200 OK"
2026-05-26 01:25:14,495 httpx INFO: HTTP Request: POST https://aiberm.com/v1/chat/completions "HTTP/1.1 200 OK"
2026-05-26 01:25:15,028 httpx INFO: HTTP Request: POST https://aiberm.com/v1/chat/completions "HTTP/1.1 200 OK"
2026-05-26 01:25:15,029 httpx INFO: HTTP Request: POST https://aiberm.com/v1/chat/completions "HTTP/1.1 200 OK"
2026-05-26 01:25:15,061 httpx INFO: HTTP Request: POST https://aiberm.com/v1/chat/completions "HTTP/1.1 200 OK"
2026-05-26 01:25:15,184 httpx INFO: HTTP Request: POST https://aiberm.com/v1/chat/completions "HTTP/1.1 200 OK"
2026-05-26 01:25:15,684 httpx INFO: HTTP Request: POST https://aiberm.com/v1/chat/completions "HTTP/1.1 200 OK"
2026-05-26 01:25:16,304 httpx INFO: HTTP Request: POST https://aiberm.com/v1/chat/completions "HTTP/1.1 200 OK"
2026-05-26 01:25:16,386 httpx INFO: HTTP Request: POST https://aiberm.com/v1/chat/completions "HTTP/1.1 200 OK"
2026-05-26 01:25:16,563 httpx INFO: HTTP Request: POST https://aiberm.com/v1/chat/completions "HTTP/1.1 200 OK"
2026-05-26 01:25:16,932 httpx INFO: HTTP Request: POST https://aiberm.com/v1/chat/completions "HTTP/1.1 200 OK"
2026-05-26 01:25:17,651 httpx INFO: HTTP Request: POST https://aiberm.com/v1/chat/completions "HTTP/1.1 200 OK"
2026-05-26 01:25:18,202 httpx INFO: HTTP Request: POST https://aiberm.com/v1/chat/completions "HTTP/1.1 200 OK"
2026-05-26 01:25:18,331 httpx INFO: HTTP Request: POST https://aiberm.com/v1/chat/completions "HTTP/1.1 200 OK"
2026-05-26 01:25:18,423 httpx INFO: HTTP Request: POST https://aiberm.com/v1/chat/completions "HTTP/1.1 200 OK"
2026-05-26 01:25:18,504 httpx INFO: HTTP Request: POST https://aiberm.com/v1/chat/completions "HTTP/1.1 200 OK"
2026-05-26 01:25:18,532 httpx INFO: HTTP Request: POST https://aiberm.com/v1/chat/completions "HTTP/1.1 200 OK"
2026-05-26 01:25:18,559 httpx INFO: HTTP Request: POST https://aiberm.com/v1/chat/completions "HTTP/1.1 200 OK"
2026-05-26 01:25:18,977 httpx INFO: HTTP Request: POST https://aiberm.com/v1/chat/completions "HTTP/1.1 200 OK"
2026-05-26 01:25:19,531 httpx INFO: HTTP Request: POST https://aiberm.com/v1/chat/completions "HTTP/1.1 200 OK"
2026-05-26 01:25:20,089 httpx INFO: HTTP Request: POST https://aiberm.com/v1/chat/completions "HTTP/1.1 200 OK"
2026-05-26 01:25:20,596 httpx INFO: HTTP Request: POST https://aiberm.com/v1/chat/completions "HTTP/1.1 200 OK"
2026-05-26 01:25:20,837 httpx INFO: HTTP Request: POST https://aiberm.com/v1/chat/completions "HTTP/1.1 200 OK"
2026-05-26 01:25:20,944 httpx INFO: HTTP Request: POST https://aiberm.com/v1/chat/completions "HTTP/1.1 200 OK"
2026-05-26 01:25:21,666 httpx INFO: HTTP Request: POST https://aiberm.com/v1/chat/completions "HTTP/1.1 200 OK"
2026-05-26 01:25:22,368 httpx INFO: HTTP Request: POST https://aiberm.com/v1/chat/completions "HTTP/1.1 200 OK"
2026-05-26 01:25:22,396 httpx INFO: HTTP Request: POST https://aiberm.com/v1/chat/completions "HTTP/1.1 200 OK"
2026-05-26 01:25:22,749 httpx INFO: HTTP Request: POST https://aiberm.com/v1/chat/completions "HTTP/1.1 200 OK"
2026-05-26 01:25:23,054 httpx INFO: HTTP Request: POST https://aiberm.com/v1/chat/completions "HTTP/1.1 200 OK"
2026-05-26 01:25:23,080 httpx INFO: HTTP Request: POST https://aiberm.com/v1/chat/completions "HTTP/1.1 200 OK"
2026-05-26 01:25:23,107 httpx INFO: HTTP Request: POST https://aiberm.com/v1/chat/completions "HTTP/1.1 200 OK"
2026-05-26 01:25:23,210 httpx INFO: HTTP Request: POST https://aiberm.com/v1/chat/completions "HTTP/1.1 200 OK"
2026-05-26 01:25:23,344 httpx INFO: HTTP Request: POST https://aiberm.com/v1/chat/completions "HTTP/1.1 200 OK"
2026-05-26 01:25:23,795 httpx INFO: HTTP Request: POST https://aiberm.com/v1/chat/completions "HTTP/1.1 200 OK"
2026-05-26 01:25:24,913 httpx INFO: HTTP Request: POST https://aiberm.com/v1/chat/completions "HTTP/1.1 200 OK"
2026-05-26 01:25:25,284 httpx INFO: HTTP Request: POST https://aiberm.com/v1/chat/completions "HTTP/1.1 200 OK"
2026-05-26 01:25:25,406 httpx INFO: HTTP Request: POST https://aiberm.com/v1/chat/completions "HTTP/1.1 200 OK"
2026-05-26 01:25:25,494 httpx INFO: HTTP Request: POST https://aiberm.com/v1/chat/completions "HTTP/1.1 200 OK"
2026-05-26 01:25:25,695 httpx INFO: HTTP Request: POST https://aiberm.com/v1/chat/completions "HTTP/1.1 200 OK"
2026-05-26 01:25:26,411 httpx INFO: HTTP Request: POST https://aiberm.com/v1/chat/completions "HTTP/1.1 200 OK"
2026-05-26 01:25:27,249 httpx INFO: HTTP Request: POST https://aiberm.com/v1/chat/completions "HTTP/1.1 200 OK"
2026-05-26 01:25:27,280 httpx INFO: HTTP Request: POST https://aiberm.com/v1/chat/completions "HTTP/1.1 200 OK"
2026-05-26 01:25:27,327 httpx INFO: HTTP Request: POST https://aiberm.com/v1/chat/completions "HTTP/1.1 200 OK"
2026-05-26 01:25:27,394 httpx INFO: HTTP Request: POST https://aiberm.com/v1/chat/completions "HTTP/1.1 200 OK"
2026-05-26 01:25:27,636 httpx INFO: HTTP Request: POST https://aiberm.com/v1/chat/completions "HTTP/1.1 200 OK"
2026-05-26 01:25:28,045 httpx INFO: HTTP Request: POST https://aiberm.com/v1/chat/completions "HTTP/1.1 200 OK"
2026-05-26 01:25:28,236 httpx INFO: HTTP Request: POST https://aiberm.com/v1/chat/completions "HTTP/1.1 200 OK"
2026-05-26 01:25:28,436 httpx INFO: HTTP Request: POST https://aiberm.com/v1/chat/completions "HTTP/1.1 200 OK"
2026-05-26 01:25:28,465 httpx INFO: HTTP Request: POST https://aiberm.com/v1/chat/completions "HTTP/1.1 200 OK"
2026-05-26 01:25:28,517 httpx INFO: HTTP Request: POST https://aiberm.com/v1/chat/completions "HTTP/1.1 200 OK"
2026-05-26 01:25:28,545 httpx INFO: HTTP Request: POST https://aiberm.com/v1/chat/completions "HTTP/1.1 200 OK"
2026-05-26 01:25:28,574 httpx INFO: HTTP Request: POST https://aiberm.com/v1/chat/completions "HTTP/1.1 200 OK"
2026-05-26 01:25:29,003 httpx INFO: HTTP Request: POST https://aiberm.com/v1/chat/completions "HTTP/1.1 200 OK"
2026-05-26 01:25:29,552 httpx INFO: HTTP Request: POST https://aiberm.com/v1/chat/completions "HTTP/1.1 200 OK"
2026-05-26 01:25:30,537 httpx INFO: HTTP Request: POST https://aiberm.com/v1/chat/completions "HTTP/1.1 200 OK"
2026-05-26 01:25:30,604 httpx INFO: HTTP Request: POST https://aiberm.com/v1/chat/completions "HTTP/1.1 200 OK"
2026-05-26 01:25:30,670 httpx INFO: HTTP Request: POST https://aiberm.com/v1/chat/completions "HTTP/1.1 200 OK"
2026-05-26 01:25:31,112 httpx INFO: HTTP Request: POST https://aiberm.com/v1/chat/completions "HTTP/1.1 200 OK"
2026-05-26 01:25:31,633 httpx INFO: HTTP Request: POST https://aiberm.com/v1/chat/completions "HTTP/1.1 200 OK"
2026-05-26 01:25:31,691 httpx INFO: HTTP Request: POST https://aiberm.com/v1/chat/completions "HTTP/1.1 200 OK"
2026-05-26 01:25:31,777 httpx INFO: HTTP Request: POST https://aiberm.com/v1/chat/completions "HTTP/1.1 200 OK"
2026-05-26 01:25:31,930 httpx INFO: HTTP Request: POST https://aiberm.com/v1/chat/completions "HTTP/1.1 200 OK"
2026-05-26 01:25:32,009 httpx INFO: HTTP Request: POST https://aiberm.com/v1/chat/completions "HTTP/1.1 200 OK"
2026-05-26 01:25:32,313 httpx INFO: HTTP Request: POST https://aiberm.com/v1/chat/completions "HTTP/1.1 200 OK"
2026-05-26 01:25:32,341 httpx INFO: HTTP Request: POST https://aiberm.com/v1/chat/completions "HTTP/1.1 200 OK"
2026-05-26 01:25:32,588 httpx INFO: HTTP Request: POST https://aiberm.com/v1/chat/completions "HTTP/1.1 200 OK"
2026-05-26 01:25:33,188 httpx INFO: HTTP Request: POST https://aiberm.com/v1/chat/completions "HTTP/1.1 200 OK"
2026-05-26 01:25:33,634 httpx INFO: HTTP Request: POST https://aiberm.com/v1/chat/completions "HTTP/1.1 200 OK"
2026-05-26 01:25:33,661 httpx INFO: HTTP Request: POST https://aiberm.com/v1/chat/completions "HTTP/1.1 200 OK"
2026-05-26 01:25:33,831 httpx INFO: HTTP Request: POST https://aiberm.com/v1/chat/completions "HTTP/1.1 200 OK"
2026-05-26 01:25:34,459 httpx INFO: HTTP Request: POST https://aiberm.com/v1/chat/completions "HTTP/1.1 200 OK"
2026-05-26 01:25:35,096 httpx INFO: HTTP Request: POST https://aiberm.com/v1/chat/completions "HTTP/1.1 200 OK"
2026-05-26 01:25:35,165 httpx INFO: HTTP Request: POST https://aiberm.com/v1/chat/completions "HTTP/1.1 200 OK"
2026-05-26 01:25:35,276 httpx INFO: HTTP Request: POST https://aiberm.com/v1/chat/completions "HTTP/1.1 200 OK"
2026-05-26 01:25:35,657 httpx INFO: HTTP Request: POST https://aiberm.com/v1/chat/completions "HTTP/1.1 200 OK"
2026-05-26 01:25:36,013 httpx INFO: HTTP Request: POST https://aiberm.com/v1/chat/completions "HTTP/1.1 200 OK"
2026-05-26 01:25:36,247 httpx INFO: HTTP Request: POST https://aiberm.com/v1/chat/completions "HTTP/1.1 200 OK"
2026-05-26 01:25:36,287 httpx INFO: HTTP Request: POST https://aiberm.com/v1/chat/completions "HTTP/1.1 200 OK"
2026-05-26 01:25:36,392 httpx INFO: HTTP Request: POST https://aiberm.com/v1/chat/completions "HTTP/1.1 200 OK"
2026-05-26 01:25:36,627 httpx INFO: HTTP Request: POST https://aiberm.com/v1/chat/completions "HTTP/1.1 200 OK"
2026-05-26 01:25:36,655 httpx INFO: HTTP Request: POST https://aiberm.com/v1/chat/completions "HTTP/1.1 200 OK"
2026-05-26 01:25:36,682 httpx INFO: HTTP Request: POST https://aiberm.com/v1/chat/completions "HTTP/1.1 200 OK"
2026-05-26 01:25:37,144 httpx INFO: HTTP Request: POST https://aiberm.com/v1/chat/completions "HTTP/1.1 200 OK"
2026-05-26 01:25:37,306 httpx INFO: HTTP Request: POST https://aiberm.com/v1/chat/completions "HTTP/1.1 200 OK"
2026-05-26 01:25:37,417 httpx INFO: HTTP Request: POST https://aiberm.com/v1/chat/completions "HTTP/1.1 200 OK"
2026-05-26 01:25:38,637 httpx INFO: HTTP Request: POST https://aiberm.com/v1/chat/completions "HTTP/1.1 200 OK"
2026-05-26 01:25:39,016 httpx INFO: HTTP Request: POST https://aiberm.com/v1/chat/completions "HTTP/1.1 200 OK"
2026-05-26 01:25:39,059 httpx INFO: HTTP Request: POST https://aiberm.com/v1/chat/completions "HTTP/1.1 200 OK"
2026-05-26 01:25:39,144 httpx INFO: HTTP Request: POST https://aiberm.com/v1/chat/completions "HTTP/1.1 200 OK"
2026-05-26 01:25:40,093 httpx INFO: HTTP Request: POST https://aiberm.com/v1/chat/completions "HTTP/1.1 200 OK"
2026-05-26 01:25:40,166 httpx INFO: HTTP Request: POST https://aiberm.com/v1/chat/completions "HTTP/1.1 200 OK"
2026-05-26 01:25:40,194 httpx INFO: HTTP Request: POST https://aiberm.com/v1/chat/completions "HTTP/1.1 200 OK"
2026-05-26 01:25:40,348 httpx INFO: HTTP Request: POST https://aiberm.com/v1/chat/completions "HTTP/1.1 200 OK"
2026-05-26 01:25:40,498 httpx INFO: HTTP Request: POST https://aiberm.com/v1/chat/completions "HTTP/1.1 200 OK"
2026-05-26 01:25:40,828 httpx INFO: HTTP Request: POST https://aiberm.com/v1/chat/completions "HTTP/1.1 200 OK"
2026-05-26 01:25:40,995 httpx INFO: HTTP Request: POST https://aiberm.com/v1/chat/completions "HTTP/1.1 200 OK"
2026-05-26 01:25:41,120 httpx INFO: HTTP Request: POST https://aiberm.com/v1/chat/completions "HTTP/1.1 200 OK"
2026-05-26 01:25:41,561 httpx INFO: HTTP Request: POST https://aiberm.com/v1/chat/completions "HTTP/1.1 200 OK"
2026-05-26 01:25:42,128 httpx INFO: HTTP Request: POST https://aiberm.com/v1/chat/completions "HTTP/1.1 200 OK"
2026-05-26 01:25:42,185 httpx INFO: HTTP Request: POST https://aiberm.com/v1/chat/completions "HTTP/1.1 200 OK"
2026-05-26 01:25:42,844 httpx INFO: HTTP Request: POST https://aiberm.com/v1/chat/completions "HTTP/1.1 200 OK"
2026-05-26 01:25:43,254 httpx INFO: HTTP Request: POST https://aiberm.com/v1/chat/completions "HTTP/1.1 200 OK"
2026-05-26 01:25:43,313 httpx INFO: HTTP Request: POST https://aiberm.com/v1/chat/completions "HTTP/1.1 200 OK"
2026-05-26 01:25:43,747 httpx INFO: HTTP Request: POST https://aiberm.com/v1/chat/completions "HTTP/1.1 200 OK"
2026-05-26 01:25:43,799 httpx INFO: HTTP Request: POST https://aiberm.com/v1/chat/completions "HTTP/1.1 200 OK"
2026-05-26 01:25:43,826 httpx INFO: HTTP Request: POST https://aiberm.com/v1/chat/completions "HTTP/1.1 200 OK"
2026-05-26 01:25:43,960 httpx INFO: HTTP Request: POST https://aiberm.com/v1/chat/completions "HTTP/1.1 200 OK"
2026-05-26 01:25:44,059 httpx INFO: HTTP Request: POST https://aiberm.com/v1/chat/completions "HTTP/1.1 200 OK"
2026-05-26 01:25:44,629 httpx INFO: HTTP Request: POST https://aiberm.com/v1/chat/completions "HTTP/1.1 200 OK"
2026-05-26 01:25:45,253 httpx INFO: HTTP Request: POST https://aiberm.com/v1/chat/completions "HTTP/1.1 200 OK"
2026-05-26 01:25:45,373 httpx INFO: HTTP Request: POST https://aiberm.com/v1/chat/completions "HTTP/1.1 200 OK"
2026-05-26 01:25:46,123 httpx INFO: HTTP Request: POST https://aiberm.com/v1/chat/completions "HTTP/1.1 200 OK"
2026-05-26 01:25:46,593 httpx INFO: HTTP Request: POST https://aiberm.com/v1/chat/completions "HTTP/1.1 200 OK"
2026-05-26 01:25:46,928 httpx INFO: HTTP Request: POST https://aiberm.com/v1/chat/completions "HTTP/1.1 200 OK"
2026-05-26 01:25:46,956 httpx INFO: HTTP Request: POST https://aiberm.com/v1/chat/completions "HTTP/1.1 200 OK"
2026-05-26 01:25:46,983 httpx INFO: HTTP Request: POST https://aiberm.com/v1/chat/completions "HTTP/1.1 200 OK"
2026-05-26 01:25:47,550 httpx INFO: HTTP Request: POST https://aiberm.com/v1/chat/completions "HTTP/1.1 200 OK"
2026-05-26 01:25:47,990 httpx INFO: HTTP Request: POST https://aiberm.com/v1/chat/completions "HTTP/1.1 200 OK"
2026-05-26 01:25:48,512 httpx INFO: HTTP Request: POST https://aiberm.com/v1/chat/completions "HTTP/1.1 200 OK"
2026-05-26 01:25:48,539 httpx INFO: HTTP Request: POST https://aiberm.com/v1/chat/completions "HTTP/1.1 200 OK"
2026-05-26 01:25:48,718 httpx INFO: HTTP Request: POST https://aiberm.com/v1/chat/completions "HTTP/1.1 200 OK"
2026-05-26 01:25:49,276 httpx INFO: HTTP Request: POST https://aiberm.com/v1/chat/completions "HTTP/1.1 200 OK"
2026-05-26 01:25:49,277 httpx INFO: HTTP Request: POST https://aiberm.com/v1/chat/completions "HTTP/1.1 200 OK"
2026-05-26 01:25:50,044 httpx INFO: HTTP Request: POST https://aiberm.com/v1/chat/completions "HTTP/1.1 200 OK"
2026-05-26 01:25:50,178 httpx INFO: HTTP Request: POST https://aiberm.com/v1/chat/completions "HTTP/1.1 200 OK"
2026-05-26 01:25:50,276 httpx INFO: HTTP Request: POST https://aiberm.com/v1/chat/completions "HTTP/1.1 200 OK"
2026-05-26 01:25:50,347 httpx INFO: HTTP Request: POST https://aiberm.com/v1/chat/completions "HTTP/1.1 200 OK"
2026-05-26 01:25:50,374 httpx INFO: HTTP Request: POST https://aiberm.com/v1/chat/completions "HTTP/1.1 200 OK"
2026-05-26 01:25:50,772 httpx INFO: HTTP Request: POST https://aiberm.com/v1/chat/completions "HTTP/1.1 200 OK"
2026-05-26 01:25:50,802 httpx INFO: HTTP Request: POST https://aiberm.com/v1/chat/completions "HTTP/1.1 200 OK"
2026-05-26 01:25:51,451 httpx INFO: HTTP Request: POST https://aiberm.com/v1/chat/completions "HTTP/1.1 200 OK"
2026-05-26 01:25:52,110 httpx INFO: HTTP Request: POST https://aiberm.com/v1/chat/completions "HTTP/1.1 200 OK"
2026-05-26 01:25:52,526 httpx INFO: HTTP Request: POST https://aiberm.com/v1/chat/completions "HTTP/1.1 200 OK"
2026-05-26 01:25:52,700 httpx INFO: HTTP Request: POST https://aiberm.com/v1/chat/completions "HTTP/1.1 200 OK"
2026-05-26 01:25:52,923 httpx INFO: HTTP Request: POST https://aiberm.com/v1/chat/completions "HTTP/1.1 200 OK"
2026-05-26 01:25:53,018 httpx INFO: HTTP Request: POST https://aiberm.com/v1/chat/completions "HTTP/1.1 200 OK"
2026-05-26 01:25:53,074 httpx INFO: HTTP Request: POST https://aiberm.com/v1/chat/completions "HTTP/1.1 200 OK"
2026-05-26 01:25:53,150 httpx INFO: HTTP Request: POST https://aiberm.com/v1/chat/completions "HTTP/1.1 200 OK"
2026-05-26 01:25:53,667 httpx INFO: HTTP Request: POST https://aiberm.com/v1/chat/completions "HTTP/1.1 200 OK"
2026-05-26 01:25:53,818 httpx INFO: HTTP Request: POST https://aiberm.com/v1/chat/completions "HTTP/1.1 200 OK"
2026-05-26 01:25:54,311 httpx INFO: HTTP Request: POST https://aiberm.com/v1/chat/completions "HTTP/1.1 200 OK"
2026-05-26 01:25:54,551 httpx INFO: HTTP Request: POST https://aiberm.com/v1/chat/completions "HTTP/1.1 200 OK"
2026-05-26 01:25:54,578 httpx INFO: HTTP Request: POST https://aiberm.com/v1/chat/completions "HTTP/1.1 200 OK"
2026-05-26 01:25:54,627 httpx INFO: HTTP Request: POST https://aiberm.com/v1/chat/completions "HTTP/1.1 200 OK"
2026-05-26 01:25:55,150 httpx INFO: HTTP Request: POST https://aiberm.com/v1/chat/completions "HTTP/1.1 200 OK"
2026-05-26 01:25:55,292 httpx INFO: HTTP Request: POST https://aiberm.com/v1/chat/completions "HTTP/1.1 200 OK"
2026-05-26 01:25:55,745 httpx INFO: HTTP Request: POST https://aiberm.com/v1/chat/completions "HTTP/1.1 200 OK"
2026-05-26 01:25:56,482 httpx INFO: HTTP Request: POST https://aiberm.com/v1/chat/completions "HTTP/1.1 200 OK"
2026-05-26 01:25:56,588 httpx INFO: HTTP Request: POST https://aiberm.com/v1/chat/completions "HTTP/1.1 200 OK"
2026-05-26 01:25:56,647 httpx INFO: HTTP Request: POST https://aiberm.com/v1/chat/completions "HTTP/1.1 200 OK"
2026-05-26 01:25:56,767 httpx INFO: HTTP Request: POST https://aiberm.com/v1/chat/completions "HTTP/1.1 200 OK"
2026-05-26 01:25:56,809 httpx INFO: HTTP Request: POST https://aiberm.com/v1/chat/completions "HTTP/1.1 200 OK"
2026-05-26 01:25:57,517 httpx INFO: HTTP Request: POST https://aiberm.com/v1/chat/completions "HTTP/1.1 200 OK"
2026-05-26 01:25:57,569 httpx INFO: HTTP Request: POST https://aiberm.com/v1/chat/completions "HTTP/1.1 200 OK"
2026-05-26 01:25:57,620 httpx INFO: HTTP Request: POST https://aiberm.com/v1/chat/completions "HTTP/1.1 200 OK"
2026-05-26 01:25:58,435 httpx INFO: HTTP Request: POST https://aiberm.com/v1/chat/completions "HTTP/1.1 200 OK"
2026-05-26 01:25:58,559 httpx INFO: HTTP Request: POST https://aiberm.com/v1/chat/completions "HTTP/1.1 200 OK"
2026-05-26 01:25:59,218 httpx INFO: HTTP Request: POST https://aiberm.com/v1/chat/completions "HTTP/1.1 200 OK"
2026-05-26 01:25:59,499 httpx INFO: HTTP Request: POST https://aiberm.com/v1/chat/completions "HTTP/1.1 200 OK"
2026-05-26 01:25:59,550 httpx INFO: HTTP Request: POST https://aiberm.com/v1/chat/completions "HTTP/1.1 200 OK"
2026-05-26 01:25:59,867 httpx INFO: HTTP Request: POST https://aiberm.com/v1/chat/completions "HTTP/1.1 200 OK"
2026-05-26 01:25:59,900 httpx INFO: HTTP Request: POST https://aiberm.com/v1/chat/completions "HTTP/1.1 200 OK"
2026-05-26 01:25:59,926 httpx INFO: HTTP Request: POST https://aiberm.com/v1/chat/completions "HTTP/1.1 200 OK"
2026-05-26 01:26:00,454 httpx INFO: HTTP Request: POST https://aiberm.com/v1/chat/completions "HTTP/1.1 200 OK"
2026-05-26 01:26:00,697 httpx INFO: HTTP Request: POST https://aiberm.com/v1/chat/completions "HTTP/1.1 200 OK"
2026-05-26 01:26:00,799 httpx INFO: HTTP Request: POST https://aiberm.com/v1/chat/completions "HTTP/1.1 200 OK"
2026-05-26 01:26:01,329 httpx INFO: HTTP Request: POST https://aiberm.com/v1/chat/completions "HTTP/1.1 200 OK"
2026-05-26 01:26:01,439 httpx INFO: HTTP Request: POST https://aiberm.com/v1/chat/completions "HTTP/1.1 200 OK"
2026-05-26 01:26:01,880 httpx INFO: HTTP Request: POST https://aiberm.com/v1/chat/completions "HTTP/1.1 200 OK"
2026-05-26 01:26:02,303 httpx INFO: HTTP Request: POST https://aiberm.com/v1/chat/completions "HTTP/1.1 200 OK"
2026-05-26 01:26:03,409 httpx INFO: HTTP Request: POST https://aiberm.com/v1/chat/completions "HTTP/1.1 200 OK"
2026-05-26 01:26:03,871 httpx INFO: HTTP Request: POST https://aiberm.com/v1/chat/completions "HTTP/1.1 200 OK"
2026-05-26 01:26:04,122 httpx INFO: HTTP Request: POST https://aiberm.com/v1/chat/completions "HTTP/1.1 200 OK"
2026-05-26 01:26:04,365 httpx INFO: HTTP Request: POST https://aiberm.com/v1/chat/completions "HTTP/1.1 200 OK"
2026-05-26 01:26:04,534 httpx INFO: HTTP Request: POST https://aiberm.com/v1/chat/completions "HTTP/1.1 200 OK"
2026-05-26 01:26:04,993 httpx INFO: HTTP Request: POST https://aiberm.com/v1/chat/completions "HTTP/1.1 200 OK"
2026-05-26 01:26:05,022 httpx INFO: HTTP Request: POST https://aiberm.com/v1/chat/completions "HTTP/1.1 200 OK"
2026-05-26 01:26:05,202 httpx INFO: HTTP Request: POST https://aiberm.com/v1/chat/completions "HTTP/1.1 200 OK"
2026-05-26 01:26:05,258 httpx INFO: HTTP Request: POST https://aiberm.com/v1/chat/completions "HTTP/1.1 200 OK"
2026-05-26 01:26:05,467 httpx INFO: HTTP Request: POST https://aiberm.com/v1/chat/completions "HTTP/1.1 200 OK"
2026-05-26 01:26:06,195 httpx INFO: HTTP Request: POST https://aiberm.com/v1/chat/completions "HTTP/1.1 200 OK"
2026-05-26 01:26:06,493 httpx INFO: HTTP Request: POST https://aiberm.com/v1/chat/completions "HTTP/1.1 200 OK"
2026-05-26 01:26:06,762 httpx INFO: HTTP Request: POST https://aiberm.com/v1/chat/completions "HTTP/1.1 200 OK"
2026-05-26 01:26:07,754 httpx INFO: HTTP Request: POST https://aiberm.com/v1/chat/completions "HTTP/1.1 200 OK"
2026-05-26 01:26:07,918 httpx INFO: HTTP Request: POST https://aiberm.com/v1/chat/completions "HTTP/1.1 200 OK"
2026-05-26 01:26:08,182 httpx INFO: HTTP Request: POST https://aiberm.com/v1/chat/completions "HTTP/1.1 200 OK"
2026-05-26 01:26:08,474 httpx INFO: HTTP Request: POST https://aiberm.com/v1/chat/completions "HTTP/1.1 200 OK"
2026-05-26 01:26:08,813 httpx INFO: HTTP Request: POST https://aiberm.com/v1/chat/completions "HTTP/1.1 200 OK"
2026-05-26 01:26:08,899 httpx INFO: HTTP Request: POST https://aiberm.com/v1/chat/completions "HTTP/1.1 200 OK"
2026-05-26 01:26:09,172 httpx INFO: HTTP Request: POST https://aiberm.com/v1/chat/completions "HTTP/1.1 200 OK"
2026-05-26 01:26:09,999 httpx INFO: HTTP Request: POST https://aiberm.com/v1/chat/completions "HTTP/1.1 200 OK"
2026-05-26 01:26:10,032 httpx INFO: HTTP Request: POST https://aiberm.com/v1/chat/completions "HTTP/1.1 200 OK"
2026-05-26 01:26:10,852 httpx INFO: HTTP Request: POST https://aiberm.com/v1/chat/completions "HTTP/1.1 200 OK"
2026-05-26 01:26:10,882 httpx INFO: HTTP Request: POST https://aiberm.com/v1/chat/completions "HTTP/1.1 200 OK"
2026-05-26 01:26:11,403 httpx INFO: HTTP Request: POST https://aiberm.com/v1/chat/completions "HTTP/1.1 200 OK"
2026-05-26 01:26:11,676 httpx INFO: HTTP Request: POST https://aiberm.com/v1/chat/completions "HTTP/1.1 200 OK"
2026-05-26 01:26:11,732 httpx INFO: HTTP Request: POST https://aiberm.com/v1/chat/completions "HTTP/1.1 200 OK"
2026-05-26 01:26:12,105 httpx INFO: HTTP Request: POST https://aiberm.com/v1/chat/completions "HTTP/1.1 200 OK"
2026-05-26 01:26:12,243 httpx INFO: HTTP Request: POST https://aiberm.com/v1/chat/completions "HTTP/1.1 200 OK"
2026-05-26 01:26:12,431 httpx INFO: HTTP Request: POST https://aiberm.com/v1/chat/completions "HTTP/1.1 200 OK"
2026-05-26 01:26:12,632 httpx INFO: HTTP Request: POST https://aiberm.com/v1/chat/completions "HTTP/1.1 200 OK"
2026-05-26 01:26:13,499 httpx INFO: HTTP Request: POST https://aiberm.com/v1/chat/completions "HTTP/1.1 200 OK"
2026-05-26 01:26:13,774 httpx INFO: HTTP Request: POST https://aiberm.com/v1/chat/completions "HTTP/1.1 200 OK"
2026-05-26 01:26:14,437 httpx INFO: HTTP Request: POST https://aiberm.com/v1/chat/completions "HTTP/1.1 200 OK"
2026-05-26 01:26:14,637 httpx INFO: HTTP Request: POST https://aiberm.com/v1/chat/completions "HTTP/1.1 200 OK"
2026-05-26 01:26:14,927 httpx INFO: HTTP Request: POST https://aiberm.com/v1/chat/completions "HTTP/1.1 200 OK"
2026-05-26 01:26:15,171 httpx INFO: HTTP Request: POST https://aiberm.com/v1/chat/completions "HTTP/1.1 200 OK"
2026-05-26 01:26:15,487 httpx INFO: HTTP Request: POST https://aiberm.com/v1/chat/completions "HTTP/1.1 200 OK"
2026-05-26 01:26:15,669 httpx INFO: HTTP Request: POST https://aiberm.com/v1/chat/completions "HTTP/1.1 200 OK"
2026-05-26 01:26:15,700 httpx INFO: HTTP Request: POST https://aiberm.com/v1/chat/completions "HTTP/1.1 200 OK"
2026-05-26 01:26:15,971 httpx INFO: HTTP Request: POST https://aiberm.com/v1/chat/completions "HTTP/1.1 200 OK"
2026-05-26 01:26:16,274 httpx INFO: HTTP Request: POST https://aiberm.com/v1/chat/completions "HTTP/1.1 200 OK"
2026-05-26 01:26:16,661 httpx INFO: HTTP Request: POST https://aiberm.com/v1/chat/completions "HTTP/1.1 200 OK"
2026-05-26 01:26:16,757 httpx INFO: HTTP Request: POST https://aiberm.com/v1/chat/completions "HTTP/1.1 200 OK"
2026-05-26 01:26:17,174 httpx INFO: HTTP Request: POST https://aiberm.com/v1/chat/completions "HTTP/1.1 200 OK"
2026-05-26 01:26:17,643 httpx INFO: HTTP Request: POST https://aiberm.com/v1/chat/completions "HTTP/1.1 200 OK"
2026-05-26 01:26:19,376 httpx INFO: HTTP Request: POST https://aiberm.com/v1/chat/completions "HTTP/1.1 200 OK"
2026-05-26 01:26:19,806 httpx INFO: HTTP Request: POST https://aiberm.com/v1/chat/completions "HTTP/1.1 200 OK"
2026-05-26 01:26:20,076 httpx INFO: HTTP Request: POST https://aiberm.com/v1/chat/completions "HTTP/1.1 200 OK"
2026-05-26 01:26:20,111 httpx INFO: HTTP Request: POST https://aiberm.com/v1/chat/completions "HTTP/1.1 200 OK"
2026-05-26 01:26:20,217 httpx INFO: HTTP Request: POST https://aiberm.com/v1/chat/completions "HTTP/1.1 200 OK"
2026-05-26 01:26:20,326 httpx INFO: HTTP Request: POST https://aiberm.com/v1/chat/completions "HTTP/1.1 200 OK"
2026-05-26 01:26:20,683 httpx INFO: HTTP Request: POST https://aiberm.com/v1/chat/completions "HTTP/1.1 200 OK"
2026-05-26 01:26:20,849 httpx INFO: HTTP Request: POST https://aiberm.com/v1/chat/completions "HTTP/1.1 200 OK"
2026-05-26 01:26:22,025 httpx INFO: HTTP Request: POST https://aiberm.com/v1/chat/completions "HTTP/1.1 200 OK"
2026-05-26 01:26:22,377 httpx INFO: HTTP Request: POST https://aiberm.com/v1/chat/completions "HTTP/1.1 200 OK"
2026-05-26 01:26:22,951 httpx INFO: HTTP Request: POST https://aiberm.com/v1/chat/completions "HTTP/1.1 200 OK"
2026-05-26 01:26:23,518 httpx INFO: HTTP Request: POST https://aiberm.com/v1/chat/completions "HTTP/1.1 200 OK"
2026-05-26 01:26:23,688 httpx INFO: HTTP Request: POST https://aiberm.com/v1/chat/completions "HTTP/1.1 200 OK"
2026-05-26 01:26:24,410 httpx INFO: HTTP Request: POST https://aiberm.com/v1/chat/completions "HTTP/1.1 200 OK"
2026-05-26 01:26:24,757 httpx INFO: HTTP Request: POST https://aiberm.com/v1/chat/completions "HTTP/1.1 200 OK"
2026-05-26 01:26:24,908 httpx INFO: HTTP Request: POST https://aiberm.com/v1/chat/completions "HTTP/1.1 200 OK"
2026-05-26 01:26:25,206 httpx INFO: HTTP Request: POST https://aiberm.com/v1/chat/completions "HTTP/1.1 200 OK"
2026-05-26 01:26:25,246 httpx INFO: HTTP Request: POST https://aiberm.com/v1/chat/completions "HTTP/1.1 200 OK"
2026-05-26 01:26:25,386 httpx INFO: HTTP Request: POST https://aiberm.com/v1/chat/completions "HTTP/1.1 200 OK"
2026-05-26 01:26:25,963 httpx INFO: HTTP Request: POST https://aiberm.com/v1/chat/completions "HTTP/1.1 200 OK"
2026-05-26 01:26:26,127 httpx INFO: HTTP Request: POST https://aiberm.com/v1/chat/completions "HTTP/1.1 200 OK"
2026-05-26 01:26:26,280 httpx INFO: HTTP Request: POST https://aiberm.com/v1/chat/completions "HTTP/1.1 200 OK"
2026-05-26 01:26:26,544 httpx INFO: HTTP Request: POST https://aiberm.com/v1/chat/completions "HTTP/1.1 200 OK"
2026-05-26 01:26:26,657 httpx INFO: HTTP Request: POST https://aiberm.com/v1/chat/completions "HTTP/1.1 200 OK"
2026-05-26 01:26:27,538 httpx INFO: HTTP Request: POST https://aiberm.com/v1/chat/completions "HTTP/1.1 200 OK"
2026-05-26 01:26:27,769 httpx INFO: HTTP Request: POST https://aiberm.com/v1/chat/completions "HTTP/1.1 200 OK"
2026-05-26 01:26:27,832 httpx INFO: HTTP Request: POST https://aiberm.com/v1/chat/completions "HTTP/1.1 200 OK"
2026-05-26 01:26:28,035 httpx INFO: HTTP Request: POST https://aiberm.com/v1/chat/completions "HTTP/1.1 200 OK"
2026-05-26 01:26:28,669 httpx INFO: HTTP Request: POST https://aiberm.com/v1/chat/completions "HTTP/1.1 200 OK"
2026-05-26 01:26:29,602 httpx INFO: HTTP Request: POST https://aiberm.com/v1/chat/completions "HTTP/1.1 200 OK"
2026-05-26 01:26:29,784 httpx INFO: HTTP Request: POST https://aiberm.com/v1/chat/completions "HTTP/1.1 200 OK"
2026-05-26 01:26:29,939 httpx INFO: HTTP Request: POST https://aiberm.com/v1/chat/completions "HTTP/1.1 200 OK"
2026-05-26 01:26:30,028 httpx INFO: HTTP Request: POST https://aiberm.com/v1/chat/completions "HTTP/1.1 200 OK"
2026-05-26 01:26:30,078 httpx INFO: HTTP Request: POST https://aiberm.com/v1/chat/completions "HTTP/1.1 200 OK"
2026-05-26 01:26:30,221 httpx INFO: HTTP Request: POST https://aiberm.com/v1/chat/completions "HTTP/1.1 200 OK"
2026-05-26 01:26:30,248 httpx INFO: HTTP Request: POST https://aiberm.com/v1/chat/completions "HTTP/1.1 200 OK"
2026-05-26 01:26:30,613 httpx INFO: HTTP Request: POST https://aiberm.com/v1/chat/completions "HTTP/1.1 200 OK"
2026-05-26 01:26:30,747 httpx INFO: HTTP Request: POST https://aiberm.com/v1/chat/completions "HTTP/1.1 200 OK"
2026-05-26 01:26:31,090 httpx INFO: HTTP Request: POST https://aiberm.com/v1/chat/completions "HTTP/1.1 200 OK"
2026-05-26 01:26:31,482 httpx INFO: HTTP Request: POST https://aiberm.com/v1/chat/completions "HTTP/1.1 200 OK"
2026-05-26 01:26:32,323 httpx INFO: HTTP Request: POST https://aiberm.com/v1/chat/completions "HTTP/1.1 200 OK"
2026-05-26 01:26:33,142 httpx INFO: HTTP Request: POST https://aiberm.com/v1/chat/completions "HTTP/1.1 200 OK"
2026-05-26 01:26:33,210 httpx INFO: HTTP Request: POST https://aiberm.com/v1/chat/completions "HTTP/1.1 200 OK"
2026-05-26 01:26:33,251 httpx INFO: HTTP Request: POST https://aiberm.com/v1/chat/completions "HTTP/1.1 200 OK"
2026-05-26 01:26:33,331 httpx INFO: HTTP Request: POST https://aiberm.com/v1/chat/completions "HTTP/1.1 200 OK"
2026-05-26 01:26:33,363 httpx INFO: HTTP Request: POST https://aiberm.com/v1/chat/completions "HTTP/1.1 200 OK"
2026-05-26 01:26:33,408 httpx INFO: HTTP Request: POST https://aiberm.com/v1/chat/completions "HTTP/1.1 200 OK"
2026-05-26 01:26:33,830 httpx INFO: HTTP Request: POST https://aiberm.com/v1/chat/completions "HTTP/1.1 200 OK"
2026-05-26 01:26:33,918 httpx INFO: HTTP Request: POST https://aiberm.com/v1/chat/completions "HTTP/1.1 200 OK"
2026-05-26 01:26:34,174 httpx INFO: HTTP Request: POST https://aiberm.com/v1/chat/completions "HTTP/1.1 200 OK"
2026-05-26 01:26:34,351 httpx INFO: HTTP Request: POST https://aiberm.com/v1/chat/completions "HTTP/1.1 200 OK"
2026-05-26 01:26:34,449 httpx INFO: HTTP Request: POST https://aiberm.com/v1/chat/completions "HTTP/1.1 200 OK"
2026-05-26 01:26:35,095 httpx INFO: HTTP Request: POST https://aiberm.com/v1/chat/completions "HTTP/1.1 200 OK"
2026-05-26 01:26:35,123 httpx INFO: HTTP Request: POST https://aiberm.com/v1/chat/completions "HTTP/1.1 200 OK"
2026-05-26 01:26:35,275 httpx INFO: HTTP Request: POST https://aiberm.com/v1/chat/completions "HTTP/1.1 200 OK"
2026-05-26 01:26:35,613 httpx INFO: HTTP Request: POST https://aiberm.com/v1/chat/completions "HTTP/1.1 200 OK"
2026-05-26 01:26:35,878 httpx INFO: HTTP Request: POST https://aiberm.com/v1/chat/completions "HTTP/1.1 200 OK"
2026-05-26 01:26:36,618 httpx INFO: HTTP Request: POST https://aiberm.com/v1/chat/completions "HTTP/1.1 200 OK"
2026-05-26 01:26:36,669 httpx INFO: HTTP Request: POST https://aiberm.com/v1/chat/completions "HTTP/1.1 200 OK"
2026-05-26 01:26:36,997 httpx INFO: HTTP Request: POST https://aiberm.com/v1/chat/completions "HTTP/1.1 200 OK"
2026-05-26 01:26:38,021 httpx INFO: HTTP Request: POST https://aiberm.com/v1/chat/completions "HTTP/1.1 200 OK"
2026-05-26 01:26:38,198 httpx INFO: HTTP Request: POST https://aiberm.com/v1/chat/completions "HTTP/1.1 200 OK"
2026-05-26 01:26:38,499 httpx INFO: HTTP Request: POST https://aiberm.com/v1/chat/completions "HTTP/1.1 200 OK"
2026-05-26 01:26:38,531 httpx INFO: HTTP Request: POST https://aiberm.com/v1/chat/completions "HTTP/1.1 200 OK"
2026-05-26 01:26:38,633 httpx INFO: HTTP Request: POST https://aiberm.com/v1/chat/completions "HTTP/1.1 200 OK"
2026-05-26 01:26:38,908 httpx INFO: HTTP Request: POST https://aiberm.com/v1/chat/completions "HTTP/1.1 200 OK"
2026-05-26 01:26:39,248 httpx INFO: HTTP Request: POST https://aiberm.com/v1/chat/completions "HTTP/1.1 200 OK"
2026-05-26 01:26:39,281 httpx INFO: HTTP Request: POST https://aiberm.com/v1/chat/completions "HTTP/1.1 200 OK"
2026-05-26 01:26:39,388 httpx INFO: HTTP Request: POST https://aiberm.com/v1/chat/completions "HTTP/1.1 200 OK"
2026-05-26 01:26:39,644 httpx INFO: HTTP Request: POST https://aiberm.com/v1/chat/completions "HTTP/1.1 200 OK"
2026-05-26 01:26:39,920 httpx INFO: HTTP Request: POST https://aiberm.com/v1/chat/completions "HTTP/1.1 200 OK"
2026-05-26 01:26:41,082 httpx INFO: HTTP Request: POST https://aiberm.com/v1/chat/completions "HTTP/1.1 200 OK"
2026-05-26 01:26:41,120 httpx INFO: HTTP Request: POST https://aiberm.com/v1/chat/completions "HTTP/1.1 200 OK"
2026-05-26 01:26:41,268 httpx INFO: HTTP Request: POST https://aiberm.com/v1/chat/completions "HTTP/1.1 200 OK"
2026-05-26 01:26:41,372 httpx INFO: HTTP Request: POST https://aiberm.com/v1/chat/completions "HTTP/1.1 200 OK"
2026-05-26 01:26:41,441 httpx INFO: HTTP Request: POST https://aiberm.com/v1/chat/completions "HTTP/1.1 200 OK"
2026-05-26 01:26:41,472 httpx INFO: HTTP Request: POST https://aiberm.com/v1/chat/completions "HTTP/1.1 200 OK"
2026-05-26 01:26:41,843 httpx INFO: HTTP Request: POST https://aiberm.com/v1/chat/completions "HTTP/1.1 200 OK"
2026-05-26 01:26:42,063 httpx INFO: HTTP Request: POST https://aiberm.com/v1/chat/completions "HTTP/1.1 200 OK"
2026-05-26 01:26:42,546 httpx INFO: HTTP Request: POST https://aiberm.com/v1/chat/completions "HTTP/1.1 200 OK"
2026-05-26 01:26:42,579 httpx INFO: HTTP Request: POST https://aiberm.com/v1/chat/completions "HTTP/1.1 200 OK"
2026-05-26 01:26:43,108 httpx INFO: HTTP Request: POST https://aiberm.com/v1/chat/completions "HTTP/1.1 200 OK"
2026-05-26 01:26:43,156 httpx INFO: HTTP Request: POST https://aiberm.com/v1/chat/completions "HTTP/1.1 200 OK"
2026-05-26 01:26:43,248 httpx INFO: HTTP Request: POST https://aiberm.com/v1/chat/completions "HTTP/1.1 200 OK"
2026-05-26 01:26:43,329 httpx INFO: HTTP Request: POST https://aiberm.com/v1/chat/completions "HTTP/1.1 200 OK"
2026-05-26 01:26:44,141 httpx INFO: HTTP Request: POST https://aiberm.com/v1/chat/completions "HTTP/1.1 200 OK"
2026-05-26 01:26:44,607 httpx INFO: HTTP Request: POST https://aiberm.com/v1/chat/completions "HTTP/1.1 200 OK"
2026-05-26 01:26:46,193 httpx INFO: HTTP Request: POST https://aiberm.com/v1/chat/completions "HTTP/1.1 200 OK"
2026-05-26 01:26:46,290 httpx INFO: HTTP Request: POST https://aiberm.com/v1/chat/completions "HTTP/1.1 200 OK"
2026-05-26 01:26:46,375 httpx INFO: HTTP Request: POST https://aiberm.com/v1/chat/completions "HTTP/1.1 200 OK"
2026-05-26 01:26:46,622 httpx INFO: HTTP Request: POST https://aiberm.com/v1/chat/completions "HTTP/1.1 200 OK"
2026-05-26 01:26:46,623 httpx INFO: HTTP Request: POST https://aiberm.com/v1/chat/completions "HTTP/1.1 200 OK"
2026-05-26 01:26:46,920 httpx INFO: HTTP Request: POST https://aiberm.com/v1/chat/completions "HTTP/1.1 200 OK"
2026-05-26 01:26:46,981 httpx INFO: HTTP Request: POST https://aiberm.com/v1/chat/completions "HTTP/1.1 200 OK"
2026-05-26 01:26:47,639 httpx INFO: HTTP Request: POST https://aiberm.com/v1/chat/completions "HTTP/1.1 200 OK"
2026-05-26 01:26:47,667 httpx INFO: HTTP Request: POST https://aiberm.com/v1/chat/completions "HTTP/1.1 200 OK"
2026-05-26 01:26:47,850 httpx INFO: HTTP Request: POST https://aiberm.com/v1/chat/completions "HTTP/1.1 200 OK"
2026-05-26 01:26:48,595 httpx INFO: HTTP Request: POST https://aiberm.com/v1/chat/completions "HTTP/1.1 200 OK"
2026-05-26 01:26:48,734 httpx INFO: HTTP Request: POST https://aiberm.com/v1/chat/completions "HTTP/1.1 200 OK"
2026-05-26 01:26:49,474 httpx INFO: HTTP Request: POST https://aiberm.com/v1/chat/completions "HTTP/1.1 200 OK"
2026-05-26 01:26:49,631 httpx INFO: HTTP Request: POST https://aiberm.com/v1/chat/completions "HTTP/1.1 200 OK"
2026-05-26 01:26:50,084 httpx INFO: HTTP Request: POST https://aiberm.com/v1/chat/completions "HTTP/1.1 200 OK"
2026-05-26 01:26:50,110 httpx INFO: HTTP Request: POST https://aiberm.com/v1/chat/completions "HTTP/1.1 200 OK"
2026-05-26 01:26:50,339 httpx INFO: HTTP Request: POST https://aiberm.com/v1/chat/completions "HTTP/1.1 200 OK"
2026-05-26 01:26:50,526 httpx INFO: HTTP Request: POST https://aiberm.com/v1/chat/completions "HTTP/1.1 200 OK"
2026-05-26 01:26:50,554 httpx INFO: HTTP Request: POST https://aiberm.com/v1/chat/completions "HTTP/1.1 200 OK"
2026-05-26 01:26:50,713 httpx INFO: HTTP Request: POST https://aiberm.com/v1/chat/completions "HTTP/1.1 200 OK"
2026-05-26 01:26:50,988 httpx INFO: HTTP Request: POST https://aiberm.com/v1/chat/completions "HTTP/1.1 200 OK"
2026-05-26 01:26:51,227 httpx INFO: HTTP Request: POST https://aiberm.com/v1/chat/completions "HTTP/1.1 200 OK"
2026-05-26 01:26:51,365 httpx INFO: HTTP Request: POST https://aiberm.com/v1/chat/completions "HTTP/1.1 200 OK"
2026-05-26 01:26:51,393 httpx INFO: HTTP Request: POST https://aiberm.com/v1/chat/completions "HTTP/1.1 200 OK"
2026-05-26 01:26:51,642 httpx INFO: HTTP Request: POST https://aiberm.com/v1/chat/completions "HTTP/1.1 200 OK"
2026-05-26 01:26:52,490 httpx INFO: HTTP Request: POST https://aiberm.com/v1/chat/completions "HTTP/1.1 200 OK"
2026-05-26 01:26:53,012 httpx INFO: HTTP Request: POST https://aiberm.com/v1/chat/completions "HTTP/1.1 200 OK"
2026-05-26 01:26:53,603 httpx INFO: HTTP Request: POST https://aiberm.com/v1/chat/completions "HTTP/1.1 200 OK"
2026-05-26 01:26:53,662 httpx INFO: HTTP Request: POST https://aiberm.com/v1/chat/completions "HTTP/1.1 200 OK"
2026-05-26 01:26:53,735 httpx INFO: HTTP Request: POST https://aiberm.com/v1/chat/completions "HTTP/1.1 200 OK"
2026-05-26 01:26:54,109 httpx INFO: HTTP Request: POST https://aiberm.com/v1/chat/completions "HTTP/1.1 200 OK"
2026-05-26 01:26:54,446 httpx INFO: HTTP Request: POST https://aiberm.com/v1/chat/completions "HTTP/1.1 200 OK"
2026-05-26 01:26:55,305 httpx INFO: HTTP Request: POST https://aiberm.com/v1/chat/completions "HTTP/1.1 200 OK"
2026-05-26 01:26:55,332 httpx INFO: HTTP Request: POST https://aiberm.com/v1/chat/completions "HTTP/1.1 200 OK"
2026-05-26 01:26:55,359 httpx INFO: HTTP Request: POST https://aiberm.com/v1/chat/completions "HTTP/1.1 200 OK"
2026-05-26 01:26:55,471 httpx INFO: HTTP Request: POST https://aiberm.com/v1/chat/completions "HTTP/1.1 200 OK"
2026-05-26 01:26:55,655 httpx INFO: HTTP Request: POST https://aiberm.com/v1/chat/completions "HTTP/1.1 200 OK"
2026-05-26 01:26:55,777 httpx INFO: HTTP Request: POST https://aiberm.com/v1/chat/completions "HTTP/1.1 200 OK"
2026-05-26 01:26:55,804 httpx INFO: HTTP Request: POST https://aiberm.com/v1/chat/completions "HTTP/1.1 200 OK"
2026-05-26 01:26:56,099 httpx INFO: HTTP Request: POST https://aiberm.com/v1/chat/completions "HTTP/1.1 200 OK"
2026-05-26 01:26:56,507 httpx INFO: HTTP Request: POST https://aiberm.com/v1/chat/completions "HTTP/1.1 200 OK"
2026-05-26 01:26:56,770 httpx INFO: HTTP Request: POST https://aiberm.com/v1/chat/completions "HTTP/1.1 200 OK"
2026-05-26 01:26:57,039 httpx INFO: HTTP Request: POST https://aiberm.com/v1/chat/completions "HTTP/1.1 200 OK"
2026-05-26 01:26:58,240 httpx INFO: HTTP Request: POST https://aiberm.com/v1/chat/completions "HTTP/1.1 200 OK"
2026-05-26 01:26:58,600 httpx INFO: HTTP Request: POST https://aiberm.com/v1/chat/completions "HTTP/1.1 200 OK"
2026-05-26 01:26:58,792 httpx INFO: HTTP Request: POST https://aiberm.com/v1/chat/completions "HTTP/1.1 200 OK"
2026-05-26 01:26:58,821 httpx INFO: HTTP Request: POST https://aiberm.com/v1/chat/completions "HTTP/1.1 200 OK"
2026-05-26 01:26:59,891 httpx INFO: HTTP Request: POST https://aiberm.com/v1/chat/completions "HTTP/1.1 200 OK"
2026-05-26 01:27:00,631 httpx INFO: HTTP Request: POST https://aiberm.com/v1/chat/completions "HTTP/1.1 200 OK"
2026-05-26 01:27:00,729 httpx INFO: HTTP Request: POST https://aiberm.com/v1/chat/completions "HTTP/1.1 200 OK"
2026-05-26 01:27:01,066 httpx INFO: HTTP Request: POST https://aiberm.com/v1/chat/completions "HTTP/1.1 200 OK"
2026-05-26 01:27:01,093 httpx INFO: HTTP Request: POST https://aiberm.com/v1/chat/completions "HTTP/1.1 200 OK"
2026-05-26 01:27:01,240 httpx INFO: HTTP Request: POST https://aiberm.com/v1/chat/completions "HTTP/1.1 200 OK"
2026-05-26 01:27:01,341 httpx INFO: HTTP Request: POST https://aiberm.com/v1/chat/completions "HTTP/1.1 200 OK"
2026-05-26 01:27:01,414 httpx INFO: HTTP Request: POST https://aiberm.com/v1/chat/completions "HTTP/1.1 200 OK"
2026-05-26 01:27:01,974 httpx INFO: HTTP Request: POST https://aiberm.com/v1/chat/completions "HTTP/1.1 200 OK"
2026-05-26 01:27:02,211 httpx INFO: HTTP Request: POST https://aiberm.com/v1/chat/completions "HTTP/1.1 200 OK"
2026-05-26 01:27:02,850 httpx INFO: HTTP Request: POST https://aiberm.com/v1/chat/completions "HTTP/1.1 200 OK"
2026-05-26 01:27:03,115 httpx INFO: HTTP Request: POST https://aiberm.com/v1/chat/completions "HTTP/1.1 200 OK"
2026-05-26 01:27:04,527 httpx INFO: HTTP Request: POST https://aiberm.com/v1/chat/completions "HTTP/1.1 200 OK"
2026-05-26 01:27:04,548 httpx INFO: HTTP Request: POST https://aiberm.com/v1/chat/completions "HTTP/1.1 200 OK"
2026-05-26 01:27:04,867 httpx INFO: HTTP Request: POST https://aiberm.com/v1/chat/completions "HTTP/1.1 200 OK"
2026-05-26 01:27:04,990 httpx INFO: HTTP Request: POST https://aiberm.com/v1/chat/completions "HTTP/1.1 200 OK"
2026-05-26 01:27:05,018 httpx INFO: HTTP Request: POST https://aiberm.com/v1/chat/completions "HTTP/1.1 200 OK"
2026-05-26 01:27:05,109 httpx INFO: HTTP Request: POST https://aiberm.com/v1/chat/completions "HTTP/1.1 200 OK"
2026-05-26 01:27:06,098 httpx INFO: HTTP Request: POST https://aiberm.com/v1/chat/completions "HTTP/1.1 200 OK"
2026-05-26 01:27:08,575 httpx INFO: HTTP Request: POST https://aiberm.com/v1/chat/completions "HTTP/1.1 200 OK"
2026-05-26 01:27:11,681 httpx INFO: HTTP Request: POST https://aiberm.com/v1/chat/completions "HTTP/1.1 200 OK"
2026-05-26 01:27:12,752 httpx INFO: HTTP Request: POST https://aiberm.com/v1/chat/completions "HTTP/1.1 200 OK"
2026-05-26 01:27:12,781 __main__ INFO: wrote scores=outputs/scoring/cae-v2.0-1-scores-v4.json report=outputs/scoring/cae-v2.0-1-report-v4.md (92 items scored ok, 0 errors)
