2026-05-25 18:25:48,065 __main__ INFO: loaded 94 rubric items from data/CAE-v2.0-1-rubrics-v3.json
2026-05-25 18:25:48,065 __main__ INFO: loaded 94 anchors from data/CAE-anchor-scores.json
2026-05-25 18:25:48,065 __main__ INFO: loaded 0 existing scores from outputs/scoring/cae-v2.0-1-scores-v3.json
2026-05-25 18:25:48,144 __main__ INFO: scoring 94 pending items
2026-05-25 18:25:52,468 httpx INFO: HTTP Request: POST https://aiberm.com/v1/chat/completions "HTTP/1.1 200 OK"
2026-05-25 18:25:52,501 httpx INFO: HTTP Request: POST https://aiberm.com/v1/chat/completions "HTTP/1.1 200 OK"
2026-05-25 18:25:52,887 httpx INFO: HTTP Request: POST https://aiberm.com/v1/chat/completions "HTTP/1.1 200 OK"
2026-05-25 18:25:52,922 httpx INFO: HTTP Request: POST https://aiberm.com/v1/chat/completions "HTTP/1.1 200 OK"
2026-05-25 18:25:53,035 httpx INFO: HTTP Request: POST https://aiberm.com/v1/chat/completions "HTTP/1.1 200 OK"
2026-05-25 18:25:53,066 httpx INFO: HTTP Request: POST https://aiberm.com/v1/chat/completions "HTTP/1.1 200 OK"
2026-05-25 18:25:53,546 httpx INFO: HTTP Request: POST https://aiberm.com/v1/chat/completions "HTTP/1.1 200 OK"
2026-05-25 18:25:54,053 httpx INFO: HTTP Request: POST https://aiberm.com/v1/chat/completions "HTTP/1.1 200 OK"
2026-05-25 18:25:54,365 httpx INFO: HTTP Request: POST https://aiberm.com/v1/chat/completions "HTTP/1.1 200 OK"
2026-05-25 18:25:55,621 httpx INFO: HTTP Request: POST https://aiberm.com/v1/chat/completions "HTTP/1.1 200 OK"
2026-05-25 18:25:55,661 httpx INFO: HTTP Request: POST https://aiberm.com/v1/chat/completions "HTTP/1.1 200 OK"
2026-05-25 18:25:56,038 httpx INFO: HTTP Request: POST https://aiberm.com/v1/chat/completions "HTTP/1.1 200 OK"
2026-05-25 18:25:56,753 httpx INFO: HTTP Request: POST https://aiberm.com/v1/chat/completions "HTTP/1.1 200 OK"
2026-05-25 18:25:57,018 httpx INFO: HTTP Request: POST https://aiberm.com/v1/chat/completions "HTTP/1.1 200 OK"
2026-05-25 18:25:57,122 httpx INFO: HTTP Request: POST https://aiberm.com/v1/chat/completions "HTTP/1.1 200 OK"
2026-05-25 18:25:58,127 httpx INFO: HTTP Request: POST https://aiberm.com/v1/chat/completions "HTTP/1.1 200 OK"
2026-05-25 18:25:58,324 httpx INFO: HTTP Request: POST https://aiberm.com/v1/chat/completions "HTTP/1.1 200 OK"
2026-05-25 18:25:58,398 httpx INFO: HTTP Request: POST https://aiberm.com/v1/chat/completions "HTTP/1.1 200 OK"
2026-05-25 18:25:59,014 httpx INFO: HTTP Request: POST https://aiberm.com/v1/chat/completions "HTTP/1.1 200 OK"
2026-05-25 18:25:59,363 httpx INFO: HTTP Request: POST https://aiberm.com/v1/chat/completions "HTTP/1.1 200 OK"
2026-05-25 18:26:00,617 httpx INFO: HTTP Request: POST https://aiberm.com/v1/chat/completions "HTTP/1.1 200 OK"
2026-05-25 18:26:01,210 httpx INFO: HTTP Request: POST https://aiberm.com/v1/chat/completions "HTTP/1.1 200 OK"
2026-05-25 18:26:01,698 httpx INFO: HTTP Request: POST https://aiberm.com/v1/chat/completions "HTTP/1.1 200 OK"
2026-05-25 18:26:02,129 httpx INFO: HTTP Request: POST https://aiberm.com/v1/chat/completions "HTTP/1.1 200 OK"
2026-05-25 18:26:02,463 httpx INFO: HTTP Request: POST https://aiberm.com/v1/chat/completions "HTTP/1.1 200 OK"
2026-05-25 18:26:02,563 httpx INFO: HTTP Request: POST https://aiberm.com/v1/chat/completions "HTTP/1.1 200 OK"
2026-05-25 18:26:03,105 httpx INFO: HTTP Request: POST https://aiberm.com/v1/chat/completions "HTTP/1.1 200 OK"
2026-05-25 18:26:03,560 httpx INFO: HTTP Request: POST https://aiberm.com/v1/chat/completions "HTTP/1.1 200 OK"
2026-05-25 18:26:03,660 httpx INFO: HTTP Request: POST https://aiberm.com/v1/chat/completions "HTTP/1.1 200 OK"
2026-05-25 18:26:03,696 httpx INFO: HTTP Request: POST https://aiberm.com/v1/chat/completions "HTTP/1.1 200 OK"
2026-05-25 18:26:04,491 httpx INFO: HTTP Request: POST https://aiberm.com/v1/chat/completions "HTTP/1.1 200 OK"
2026-05-25 18:26:04,542 httpx INFO: HTTP Request: POST https://aiberm.com/v1/chat/completions "HTTP/1.1 200 OK"
2026-05-25 18:26:04,863 httpx INFO: HTTP Request: POST https://aiberm.com/v1/chat/completions "HTTP/1.1 200 OK"
2026-05-25 18:26:04,909 httpx INFO: HTTP Request: POST https://aiberm.com/v1/chat/completions "HTTP/1.1 200 OK"
2026-05-25 18:26:05,847 httpx INFO: HTTP Request: POST https://aiberm.com/v1/chat/completions "HTTP/1.1 200 OK"
2026-05-25 18:26:05,993 httpx INFO: HTTP Request: POST https://aiberm.com/v1/chat/completions "HTTP/1.1 200 OK"
2026-05-25 18:26:06,072 httpx INFO: HTTP Request: POST https://aiberm.com/v1/chat/completions "HTTP/1.1 200 OK"
2026-05-25 18:26:06,909 httpx INFO: HTTP Request: POST https://aiberm.com/v1/chat/completions "HTTP/1.1 200 OK"
2026-05-25 18:26:07,017 httpx INFO: HTTP Request: POST https://aiberm.com/v1/chat/completions "HTTP/1.1 200 OK"
2026-05-25 18:26:07,116 httpx INFO: HTTP Request: POST https://aiberm.com/v1/chat/completions "HTTP/1.1 200 OK"
2026-05-25 18:26:07,498 httpx INFO: HTTP Request: POST https://aiberm.com/v1/chat/completions "HTTP/1.1 200 OK"
2026-05-25 18:26:08,081 httpx INFO: HTTP Request: POST https://aiberm.com/v1/chat/completions "HTTP/1.1 200 OK"
2026-05-25 18:26:08,409 httpx INFO: HTTP Request: POST https://aiberm.com/v1/chat/completions "HTTP/1.1 200 OK"
2026-05-25 18:26:08,873 httpx INFO: HTTP Request: POST https://aiberm.com/v1/chat/completions "HTTP/1.1 200 OK"
2026-05-25 18:26:09,377 httpx INFO: HTTP Request: POST https://aiberm.com/v1/chat/completions "HTTP/1.1 200 OK"
2026-05-25 18:26:09,787 httpx INFO: HTTP Request: POST https://aiberm.com/v1/chat/completions "HTTP/1.1 200 OK"
2026-05-25 18:26:10,097 httpx INFO: HTTP Request: POST https://aiberm.com/v1/chat/completions "HTTP/1.1 200 OK"
2026-05-25 18:26:10,150 httpx INFO: HTTP Request: POST https://aiberm.com/v1/chat/completions "HTTP/1.1 200 OK"
2026-05-25 18:26:10,181 httpx INFO: HTTP Request: POST https://aiberm.com/v1/chat/completions "HTTP/1.1 200 OK"
2026-05-25 18:26:10,555 httpx INFO: HTTP Request: POST https://aiberm.com/v1/chat/completions "HTTP/1.1 200 OK"
2026-05-25 18:26:10,641 httpx INFO: HTTP Request: POST https://aiberm.com/v1/chat/completions "HTTP/1.1 200 OK"
2026-05-25 18:26:11,269 httpx INFO: HTTP Request: POST https://aiberm.com/v1/chat/completions "HTTP/1.1 200 OK"
2026-05-25 18:26:11,476 httpx INFO: HTTP Request: POST https://aiberm.com/v1/chat/completions "HTTP/1.1 200 OK"
2026-05-25 18:26:11,826 httpx INFO: HTTP Request: POST https://aiberm.com/v1/chat/completions "HTTP/1.1 200 OK"
2026-05-25 18:26:12,527 httpx INFO: HTTP Request: POST https://aiberm.com/v1/chat/completions "HTTP/1.1 200 OK"
2026-05-25 18:26:12,557 httpx INFO: HTTP Request: POST https://aiberm.com/v1/chat/completions "HTTP/1.1 200 OK"
2026-05-25 18:26:13,964 httpx INFO: HTTP Request: POST https://aiberm.com/v1/chat/completions "HTTP/1.1 200 OK"
2026-05-25 18:26:14,082 httpx INFO: HTTP Request: POST https://aiberm.com/v1/chat/completions "HTTP/1.1 200 OK"
2026-05-25 18:26:14,131 httpx INFO: HTTP Request: POST https://aiberm.com/v1/chat/completions "HTTP/1.1 200 OK"
2026-05-25 18:26:14,441 httpx INFO: HTTP Request: POST https://aiberm.com/v1/chat/completions "HTTP/1.1 200 OK"
2026-05-25 18:26:15,583 httpx INFO: HTTP Request: POST https://aiberm.com/v1/chat/completions "HTTP/1.1 200 OK"
2026-05-25 18:26:15,707 httpx INFO: HTTP Request: POST https://aiberm.com/v1/chat/completions "HTTP/1.1 200 OK"
2026-05-25 18:26:15,789 httpx INFO: HTTP Request: POST https://aiberm.com/v1/chat/completions "HTTP/1.1 200 OK"
2026-05-25 18:26:16,054 httpx INFO: HTTP Request: POST https://aiberm.com/v1/chat/completions "HTTP/1.1 200 OK"
2026-05-25 18:26:16,529 httpx INFO: HTTP Request: POST https://aiberm.com/v1/chat/completions "HTTP/1.1 200 OK"
2026-05-25 18:26:16,833 httpx INFO: HTTP Request: POST https://aiberm.com/v1/chat/completions "HTTP/1.1 200 OK"
2026-05-25 18:26:17,111 httpx INFO: HTTP Request: POST https://aiberm.com/v1/chat/completions "HTTP/1.1 200 OK"
2026-05-25 18:26:17,987 httpx INFO: HTTP Request: POST https://aiberm.com/v1/chat/completions "HTTP/1.1 200 OK"
2026-05-25 18:26:18,027 httpx INFO: HTTP Request: POST https://aiberm.com/v1/chat/completions "HTTP/1.1 200 OK"
2026-05-25 18:26:18,070 httpx INFO: HTTP Request: POST https://aiberm.com/v1/chat/completions "HTTP/1.1 200 OK"
2026-05-25 18:26:18,843 httpx INFO: HTTP Request: POST https://aiberm.com/v1/chat/completions "HTTP/1.1 200 OK"
2026-05-25 18:26:19,629 httpx INFO: HTTP Request: POST https://aiberm.com/v1/chat/completions "HTTP/1.1 200 OK"
2026-05-25 18:26:19,672 httpx INFO: HTTP Request: POST https://aiberm.com/v1/chat/completions "HTTP/1.1 200 OK"
2026-05-25 18:26:19,705 httpx INFO: HTTP Request: POST https://aiberm.com/v1/chat/completions "HTTP/1.1 200 OK"
2026-05-25 18:26:19,933 httpx INFO: HTTP Request: POST https://aiberm.com/v1/chat/completions "HTTP/1.1 200 OK"
2026-05-25 18:26:20,046 httpx INFO: HTTP Request: POST https://aiberm.com/v1/chat/completions "HTTP/1.1 200 OK"
2026-05-25 18:26:21,176 httpx INFO: HTTP Request: POST https://aiberm.com/v1/chat/completions "HTTP/1.1 200 OK"
2026-05-25 18:26:22,016 httpx INFO: HTTP Request: POST https://aiberm.com/v1/chat/completions "HTTP/1.1 200 OK"
2026-05-25 18:26:22,194 httpx INFO: HTTP Request: POST https://aiberm.com/v1/chat/completions "HTTP/1.1 200 OK"
2026-05-25 18:26:22,396 httpx INFO: HTTP Request: POST https://aiberm.com/v1/chat/completions "HTTP/1.1 200 OK"
2026-05-25 18:26:22,892 httpx INFO: HTTP Request: POST https://aiberm.com/v1/chat/completions "HTTP/1.1 200 OK"
2026-05-25 18:26:23,447 httpx INFO: HTTP Request: POST https://aiberm.com/v1/chat/completions "HTTP/1.1 200 OK"
2026-05-25 18:26:24,831 httpx INFO: HTTP Request: POST https://aiberm.com/v1/chat/completions "HTTP/1.1 200 OK"
2026-05-25 18:26:25,751 httpx INFO: HTTP Request: POST https://aiberm.com/v1/chat/completions "HTTP/1.1 200 OK"
2026-05-25 18:26:25,896 httpx INFO: HTTP Request: POST https://aiberm.com/v1/chat/completions "HTTP/1.1 200 OK"
2026-05-25 18:26:25,996 httpx INFO: HTTP Request: POST https://aiberm.com/v1/chat/completions "HTTP/1.1 200 OK"
2026-05-25 18:26:26,024 httpx INFO: HTTP Request: POST https://aiberm.com/v1/chat/completions "HTTP/1.1 200 OK"
2026-05-25 18:26:26,192 httpx INFO: HTTP Request: POST https://aiberm.com/v1/chat/completions "HTTP/1.1 200 OK"
2026-05-25 18:26:26,457 httpx INFO: HTTP Request: POST https://aiberm.com/v1/chat/completions "HTTP/1.1 200 OK"
2026-05-25 18:26:26,825 httpx INFO: HTTP Request: POST https://aiberm.com/v1/chat/completions "HTTP/1.1 200 OK"
2026-05-25 18:26:27,383 httpx INFO: HTTP Request: POST https://aiberm.com/v1/chat/completions "HTTP/1.1 200 OK"
2026-05-25 18:26:27,414 httpx INFO: HTTP Request: POST https://aiberm.com/v1/chat/completions "HTTP/1.1 200 OK"
2026-05-25 18:26:27,449 httpx INFO: HTTP Request: POST https://aiberm.com/v1/chat/completions "HTTP/1.1 200 OK"
2026-05-25 18:26:28,049 httpx INFO: HTTP Request: POST https://aiberm.com/v1/chat/completions "HTTP/1.1 200 OK"
2026-05-25 18:26:28,843 httpx INFO: HTTP Request: POST https://aiberm.com/v1/chat/completions "HTTP/1.1 200 OK"
2026-05-25 18:26:28,948 httpx INFO: HTTP Request: POST https://aiberm.com/v1/chat/completions "HTTP/1.1 200 OK"
2026-05-25 18:26:29,076 httpx INFO: HTTP Request: POST https://aiberm.com/v1/chat/completions "HTTP/1.1 200 OK"
2026-05-25 18:26:29,736 httpx INFO: HTTP Request: POST https://aiberm.com/v1/chat/completions "HTTP/1.1 200 OK"
2026-05-25 18:26:31,192 httpx INFO: HTTP Request: POST https://aiberm.com/v1/chat/completions "HTTP/1.1 200 OK"
2026-05-25 18:26:31,250 httpx INFO: HTTP Request: POST https://aiberm.com/v1/chat/completions "HTTP/1.1 200 OK"
2026-05-25 18:26:31,712 httpx INFO: HTTP Request: POST https://aiberm.com/v1/chat/completions "HTTP/1.1 200 OK"
2026-05-25 18:26:31,928 httpx INFO: HTTP Request: POST https://aiberm.com/v1/chat/completions "HTTP/1.1 200 OK"
2026-05-25 18:26:32,167 httpx INFO: HTTP Request: POST https://aiberm.com/v1/chat/completions "HTTP/1.1 200 OK"
2026-05-25 18:26:32,618 httpx INFO: HTTP Request: POST https://aiberm.com/v1/chat/completions "HTTP/1.1 200 OK"
2026-05-25 18:26:32,878 httpx INFO: HTTP Request: POST https://aiberm.com/v1/chat/completions "HTTP/1.1 200 OK"
2026-05-25 18:26:33,063 httpx INFO: HTTP Request: POST https://aiberm.com/v1/chat/completions "HTTP/1.1 200 OK"
2026-05-25 18:26:33,111 httpx INFO: HTTP Request: POST https://aiberm.com/v1/chat/completions "HTTP/1.1 200 OK"
2026-05-25 18:26:33,154 httpx INFO: HTTP Request: POST https://aiberm.com/v1/chat/completions "HTTP/1.1 200 OK"
2026-05-25 18:26:33,187 httpx INFO: HTTP Request: POST https://aiberm.com/v1/chat/completions "HTTP/1.1 200 OK"
2026-05-25 18:26:33,350 httpx INFO: HTTP Request: POST https://aiberm.com/v1/chat/completions "HTTP/1.1 200 OK"
2026-05-25 18:26:34,215 httpx INFO: HTTP Request: POST https://aiberm.com/v1/chat/completions "HTTP/1.1 200 OK"
2026-05-25 18:26:35,450 httpx INFO: HTTP Request: POST https://aiberm.com/v1/chat/completions "HTTP/1.1 200 OK"
2026-05-25 18:26:35,523 httpx INFO: HTTP Request: POST https://aiberm.com/v1/chat/completions "HTTP/1.1 200 OK"
2026-05-25 18:26:35,695 httpx INFO: HTTP Request: POST https://aiberm.com/v1/chat/completions "HTTP/1.1 200 OK"
2026-05-25 18:26:36,124 httpx INFO: HTTP Request: POST https://aiberm.com/v1/chat/completions "HTTP/1.1 200 OK"
2026-05-25 18:26:36,446 httpx INFO: HTTP Request: POST https://aiberm.com/v1/chat/completions "HTTP/1.1 200 OK"
2026-05-25 18:26:36,912 httpx INFO: HTTP Request: POST https://aiberm.com/v1/chat/completions "HTTP/1.1 200 OK"
2026-05-25 18:26:36,959 httpx INFO: HTTP Request: POST https://aiberm.com/v1/chat/completions "HTTP/1.1 200 OK"
2026-05-25 18:26:37,724 httpx INFO: HTTP Request: POST https://aiberm.com/v1/chat/completions "HTTP/1.1 200 OK"
2026-05-25 18:26:37,973 httpx INFO: HTTP Request: POST https://aiberm.com/v1/chat/completions "HTTP/1.1 200 OK"
2026-05-25 18:26:38,182 httpx INFO: HTTP Request: POST https://aiberm.com/v1/chat/completions "HTTP/1.1 200 OK"
2026-05-25 18:26:38,295 httpx INFO: HTTP Request: POST https://aiberm.com/v1/chat/completions "HTTP/1.1 200 OK"
2026-05-25 18:26:38,635 httpx INFO: HTTP Request: POST https://aiberm.com/v1/chat/completions "HTTP/1.1 200 OK"
2026-05-25 18:26:38,929 httpx INFO: HTTP Request: POST https://aiberm.com/v1/chat/completions "HTTP/1.1 200 OK"
2026-05-25 18:26:40,314 httpx INFO: HTTP Request: POST https://aiberm.com/v1/chat/completions "HTTP/1.1 200 OK"
2026-05-25 18:26:40,397 httpx INFO: HTTP Request: POST https://aiberm.com/v1/chat/completions "HTTP/1.1 200 OK"
2026-05-25 18:26:40,429 httpx INFO: HTTP Request: POST https://aiberm.com/v1/chat/completions "HTTP/1.1 200 OK"
2026-05-25 18:26:40,471 httpx INFO: HTTP Request: POST https://aiberm.com/v1/chat/completions "HTTP/1.1 200 OK"
2026-05-25 18:26:40,869 httpx INFO: HTTP Request: POST https://aiberm.com/v1/chat/completions "HTTP/1.1 200 OK"
2026-05-25 18:26:41,501 httpx INFO: HTTP Request: POST https://aiberm.com/v1/chat/completions "HTTP/1.1 200 OK"
2026-05-25 18:26:42,048 httpx INFO: HTTP Request: POST https://aiberm.com/v1/chat/completions "HTTP/1.1 200 OK"
2026-05-25 18:26:42,895 httpx INFO: HTTP Request: POST https://aiberm.com/v1/chat/completions "HTTP/1.1 200 OK"
2026-05-25 18:26:43,125 httpx INFO: HTTP Request: POST https://aiberm.com/v1/chat/completions "HTTP/1.1 200 OK"
2026-05-25 18:26:43,478 httpx INFO: HTTP Request: POST https://aiberm.com/v1/chat/completions "HTTP/1.1 200 OK"
2026-05-25 18:26:43,800 httpx INFO: HTTP Request: POST https://aiberm.com/v1/chat/completions "HTTP/1.1 200 OK"
2026-05-25 18:26:44,024 httpx INFO: HTTP Request: POST https://aiberm.com/v1/chat/completions "HTTP/1.1 200 OK"
2026-05-25 18:26:44,976 httpx INFO: HTTP Request: POST https://aiberm.com/v1/chat/completions "HTTP/1.1 200 OK"
2026-05-25 18:26:45,318 httpx INFO: HTTP Request: POST https://aiberm.com/v1/chat/completions "HTTP/1.1 200 OK"
2026-05-25 18:26:45,947 httpx INFO: HTTP Request: POST https://aiberm.com/v1/chat/completions "HTTP/1.1 200 OK"
2026-05-25 18:26:46,156 httpx INFO: HTTP Request: POST https://aiberm.com/v1/chat/completions "HTTP/1.1 200 OK"
2026-05-25 18:26:46,407 httpx INFO: HTTP Request: POST https://aiberm.com/v1/chat/completions "HTTP/1.1 200 OK"
2026-05-25 18:26:46,441 httpx INFO: HTTP Request: POST https://aiberm.com/v1/chat/completions "HTTP/1.1 200 OK"
2026-05-25 18:26:47,113 httpx INFO: HTTP Request: POST https://aiberm.com/v1/chat/completions "HTTP/1.1 200 OK"
2026-05-25 18:26:47,148 httpx INFO: HTTP Request: POST https://aiberm.com/v1/chat/completions "HTTP/1.1 200 OK"
2026-05-25 18:26:47,967 httpx INFO: HTTP Request: POST https://aiberm.com/v1/chat/completions "HTTP/1.1 200 OK"
2026-05-25 18:26:48,202 httpx INFO: HTTP Request: POST https://aiberm.com/v1/chat/completions "HTTP/1.1 200 OK"
2026-05-25 18:26:48,828 httpx INFO: HTTP Request: POST https://aiberm.com/v1/chat/completions "HTTP/1.1 200 OK"
2026-05-25 18:26:49,041 httpx INFO: HTTP Request: POST https://aiberm.com/v1/chat/completions "HTTP/1.1 200 OK"
2026-05-25 18:26:49,558 httpx INFO: HTTP Request: POST https://aiberm.com/v1/chat/completions "HTTP/1.1 200 OK"
2026-05-25 18:26:49,660 httpx INFO: HTTP Request: POST https://aiberm.com/v1/chat/completions "HTTP/1.1 200 OK"
2026-05-25 18:26:49,793 httpx INFO: HTTP Request: POST https://aiberm.com/v1/chat/completions "HTTP/1.1 200 OK"
2026-05-25 18:26:49,898 httpx INFO: HTTP Request: POST https://aiberm.com/v1/chat/completions "HTTP/1.1 200 OK"
2026-05-25 18:26:50,088 httpx INFO: HTTP Request: POST https://aiberm.com/v1/chat/completions "HTTP/1.1 200 OK"
2026-05-25 18:26:50,454 httpx INFO: HTTP Request: POST https://aiberm.com/v1/chat/completions "HTTP/1.1 200 OK"
2026-05-25 18:26:50,786 httpx INFO: HTTP Request: POST https://aiberm.com/v1/chat/completions "HTTP/1.1 200 OK"
2026-05-25 18:26:50,994 httpx INFO: HTTP Request: POST https://aiberm.com/v1/chat/completions "HTTP/1.1 200 OK"
2026-05-25 18:26:52,121 httpx INFO: HTTP Request: POST https://aiberm.com/v1/chat/completions "HTTP/1.1 200 OK"
2026-05-25 18:26:52,192 httpx INFO: HTTP Request: POST https://aiberm.com/v1/chat/completions "HTTP/1.1 200 OK"
2026-05-25 18:26:52,709 httpx INFO: HTTP Request: POST https://aiberm.com/v1/chat/completions "HTTP/1.1 200 OK"
2026-05-25 18:26:52,738 httpx INFO: HTTP Request: POST https://aiberm.com/v1/chat/completions "HTTP/1.1 200 OK"
2026-05-25 18:26:52,923 httpx INFO: HTTP Request: POST https://aiberm.com/v1/chat/completions "HTTP/1.1 200 OK"
2026-05-25 18:26:53,358 httpx INFO: HTTP Request: POST https://aiberm.com/v1/chat/completions "HTTP/1.1 200 OK"
2026-05-25 18:26:54,003 httpx INFO: HTTP Request: POST https://aiberm.com/v1/chat/completions "HTTP/1.1 200 OK"
2026-05-25 18:26:54,186 httpx INFO: HTTP Request: POST https://aiberm.com/v1/chat/completions "HTTP/1.1 200 OK"
2026-05-25 18:26:54,324 httpx INFO: HTTP Request: POST https://aiberm.com/v1/chat/completions "HTTP/1.1 200 OK"
2026-05-25 18:26:54,586 httpx INFO: HTTP Request: POST https://aiberm.com/v1/chat/completions "HTTP/1.1 200 OK"
2026-05-25 18:26:54,739 httpx INFO: HTTP Request: POST https://aiberm.com/v1/chat/completions "HTTP/1.1 200 OK"
2026-05-25 18:26:54,824 httpx INFO: HTTP Request: POST https://aiberm.com/v1/chat/completions "HTTP/1.1 200 OK"
2026-05-25 18:26:55,560 httpx INFO: HTTP Request: POST https://aiberm.com/v1/chat/completions "HTTP/1.1 200 OK"
2026-05-25 18:26:55,863 httpx INFO: HTTP Request: POST https://aiberm.com/v1/chat/completions "HTTP/1.1 200 OK"
2026-05-25 18:26:56,045 httpx INFO: HTTP Request: POST https://aiberm.com/v1/chat/completions "HTTP/1.1 200 OK"
2026-05-25 18:26:56,072 httpx INFO: HTTP Request: POST https://aiberm.com/v1/chat/completions "HTTP/1.1 200 OK"
2026-05-25 18:26:56,261 httpx INFO: HTTP Request: POST https://aiberm.com/v1/chat/completions "HTTP/1.1 200 OK"
2026-05-25 18:26:56,330 httpx INFO: HTTP Request: POST https://aiberm.com/v1/chat/completions "HTTP/1.1 200 OK"
2026-05-25 18:26:56,878 httpx INFO: HTTP Request: POST https://aiberm.com/v1/chat/completions "HTTP/1.1 200 OK"
2026-05-25 18:26:58,212 httpx INFO: HTTP Request: POST https://aiberm.com/v1/chat/completions "HTTP/1.1 200 OK"
2026-05-25 18:26:58,261 httpx INFO: HTTP Request: POST https://aiberm.com/v1/chat/completions "HTTP/1.1 200 OK"
2026-05-25 18:26:58,425 httpx INFO: HTTP Request: POST https://aiberm.com/v1/chat/completions "HTTP/1.1 200 OK"
2026-05-25 18:26:58,426 httpx INFO: HTTP Request: POST https://aiberm.com/v1/chat/completions "HTTP/1.1 200 OK"
2026-05-25 18:26:58,593 httpx INFO: HTTP Request: POST https://aiberm.com/v1/chat/completions "HTTP/1.1 200 OK"
2026-05-25 18:26:59,155 httpx INFO: HTTP Request: POST https://aiberm.com/v1/chat/completions "HTTP/1.1 200 OK"
2026-05-25 18:26:59,763 httpx INFO: HTTP Request: POST https://aiberm.com/v1/chat/completions "HTTP/1.1 200 OK"
2026-05-25 18:27:00,034 httpx INFO: HTTP Request: POST https://aiberm.com/v1/chat/completions "HTTP/1.1 200 OK"
2026-05-25 18:27:00,314 httpx INFO: HTTP Request: POST https://aiberm.com/v1/chat/completions "HTTP/1.1 200 OK"
2026-05-25 18:27:00,863 httpx INFO: HTTP Request: POST https://aiberm.com/v1/chat/completions "HTTP/1.1 200 OK"
2026-05-25 18:27:01,062 httpx INFO: HTTP Request: POST https://aiberm.com/v1/chat/completions "HTTP/1.1 200 OK"
2026-05-25 18:27:01,436 httpx INFO: HTTP Request: POST https://aiberm.com/v1/chat/completions "HTTP/1.1 200 OK"
2026-05-25 18:27:01,903 httpx INFO: HTTP Request: POST https://aiberm.com/v1/chat/completions "HTTP/1.1 200 OK"
2026-05-25 18:27:02,079 httpx INFO: HTTP Request: POST https://aiberm.com/v1/chat/completions "HTTP/1.1 200 OK"
2026-05-25 18:27:02,416 httpx INFO: HTTP Request: POST https://aiberm.com/v1/chat/completions "HTTP/1.1 200 OK"
2026-05-25 18:27:02,504 httpx INFO: HTTP Request: POST https://aiberm.com/v1/chat/completions "HTTP/1.1 200 OK"
2026-05-25 18:27:02,848 httpx INFO: HTTP Request: POST https://aiberm.com/v1/chat/completions "HTTP/1.1 200 OK"
2026-05-25 18:27:02,890 httpx INFO: HTTP Request: POST https://aiberm.com/v1/chat/completions "HTTP/1.1 200 OK"
2026-05-25 18:27:04,001 httpx INFO: HTTP Request: POST https://aiberm.com/v1/chat/completions "HTTP/1.1 200 OK"
2026-05-25 18:27:04,303 httpx INFO: HTTP Request: POST https://aiberm.com/v1/chat/completions "HTTP/1.1 200 OK"
2026-05-25 18:27:04,669 httpx INFO: HTTP Request: POST https://aiberm.com/v1/chat/completions "HTTP/1.1 200 OK"
2026-05-25 18:27:04,726 httpx INFO: HTTP Request: POST https://aiberm.com/v1/chat/completions "HTTP/1.1 200 OK"
2026-05-25 18:27:05,172 httpx INFO: HTTP Request: POST https://aiberm.com/v1/chat/completions "HTTP/1.1 200 OK"
2026-05-25 18:27:05,212 httpx INFO: HTTP Request: POST https://aiberm.com/v1/chat/completions "HTTP/1.1 200 OK"
2026-05-25 18:27:05,213 httpx INFO: HTTP Request: POST https://aiberm.com/v1/chat/completions "HTTP/1.1 200 OK"
2026-05-25 18:27:05,480 httpx INFO: HTTP Request: POST https://aiberm.com/v1/chat/completions "HTTP/1.1 200 OK"
2026-05-25 18:27:05,610 httpx INFO: HTTP Request: POST https://aiberm.com/v1/chat/completions "HTTP/1.1 200 OK"
2026-05-25 18:27:05,728 httpx INFO: HTTP Request: POST https://aiberm.com/v1/chat/completions "HTTP/1.1 200 OK"
2026-05-25 18:27:06,166 httpx INFO: HTTP Request: POST https://aiberm.com/v1/chat/completions "HTTP/1.1 200 OK"
2026-05-25 18:27:06,245 httpx INFO: HTTP Request: POST https://aiberm.com/v1/chat/completions "HTTP/1.1 200 OK"
2026-05-25 18:27:06,768 httpx INFO: HTTP Request: POST https://aiberm.com/v1/chat/completions "HTTP/1.1 200 OK"
2026-05-25 18:27:06,797 httpx INFO: HTTP Request: POST https://aiberm.com/v1/chat/completions "HTTP/1.1 200 OK"
2026-05-25 18:27:07,476 httpx INFO: HTTP Request: POST https://aiberm.com/v1/chat/completions "HTTP/1.1 200 OK"
2026-05-25 18:27:08,039 httpx INFO: HTTP Request: POST https://aiberm.com/v1/chat/completions "HTTP/1.1 200 OK"
2026-05-25 18:27:08,566 httpx INFO: HTTP Request: POST https://aiberm.com/v1/chat/completions "HTTP/1.1 200 OK"
2026-05-25 18:27:08,670 httpx INFO: HTTP Request: POST https://aiberm.com/v1/chat/completions "HTTP/1.1 200 OK"
2026-05-25 18:27:09,068 httpx INFO: HTTP Request: POST https://aiberm.com/v1/chat/completions "HTTP/1.1 200 OK"
2026-05-25 18:27:09,819 httpx INFO: HTTP Request: POST https://aiberm.com/v1/chat/completions "HTTP/1.1 200 OK"
2026-05-25 18:27:10,316 httpx INFO: HTTP Request: POST https://aiberm.com/v1/chat/completions "HTTP/1.1 200 OK"
2026-05-25 18:27:10,349 httpx INFO: HTTP Request: POST https://aiberm.com/v1/chat/completions "HTTP/1.1 200 OK"
2026-05-25 18:27:11,097 httpx INFO: HTTP Request: POST https://aiberm.com/v1/chat/completions "HTTP/1.1 200 OK"
2026-05-25 18:27:11,174 httpx INFO: HTTP Request: POST https://aiberm.com/v1/chat/completions "HTTP/1.1 200 OK"
2026-05-25 18:27:11,277 httpx INFO: HTTP Request: POST https://aiberm.com/v1/chat/completions "HTTP/1.1 200 OK"
2026-05-25 18:27:11,567 httpx INFO: HTTP Request: POST https://aiberm.com/v1/chat/completions "HTTP/1.1 200 OK"
2026-05-25 18:27:12,383 httpx INFO: HTTP Request: POST https://aiberm.com/v1/chat/completions "HTTP/1.1 200 OK"
2026-05-25 18:27:12,693 httpx INFO: HTTP Request: POST https://aiberm.com/v1/chat/completions "HTTP/1.1 200 OK"
2026-05-25 18:27:13,153 httpx INFO: HTTP Request: POST https://aiberm.com/v1/chat/completions "HTTP/1.1 200 OK"
2026-05-25 18:27:13,216 httpx INFO: HTTP Request: POST https://aiberm.com/v1/chat/completions "HTTP/1.1 200 OK"
2026-05-25 18:27:13,384 httpx INFO: HTTP Request: POST https://aiberm.com/v1/chat/completions "HTTP/1.1 200 OK"
2026-05-25 18:27:13,558 httpx INFO: HTTP Request: POST https://aiberm.com/v1/chat/completions "HTTP/1.1 200 OK"
2026-05-25 18:27:13,713 httpx INFO: HTTP Request: POST https://aiberm.com/v1/chat/completions "HTTP/1.1 200 OK"
2026-05-25 18:27:14,169 httpx INFO: HTTP Request: POST https://aiberm.com/v1/chat/completions "HTTP/1.1 200 OK"
2026-05-25 18:27:14,873 httpx INFO: HTTP Request: POST https://aiberm.com/v1/chat/completions "HTTP/1.1 200 OK"
2026-05-25 18:27:14,901 httpx INFO: HTTP Request: POST https://aiberm.com/v1/chat/completions "HTTP/1.1 200 OK"
2026-05-25 18:27:15,101 httpx INFO: HTTP Request: POST https://aiberm.com/v1/chat/completions "HTTP/1.1 200 OK"
2026-05-25 18:27:15,543 httpx INFO: HTTP Request: POST https://aiberm.com/v1/chat/completions "HTTP/1.1 200 OK"
2026-05-25 18:27:16,410 httpx INFO: HTTP Request: POST https://aiberm.com/v1/chat/completions "HTTP/1.1 200 OK"
2026-05-25 18:27:17,209 httpx INFO: HTTP Request: POST https://aiberm.com/v1/chat/completions "HTTP/1.1 200 OK"
2026-05-25 18:27:17,318 httpx INFO: HTTP Request: POST https://aiberm.com/v1/chat/completions "HTTP/1.1 200 OK"
2026-05-25 18:27:17,948 httpx INFO: HTTP Request: POST https://aiberm.com/v1/chat/completions "HTTP/1.1 200 OK"
2026-05-25 18:27:18,090 httpx INFO: HTTP Request: POST https://aiberm.com/v1/chat/completions "HTTP/1.1 200 OK"
2026-05-25 18:27:18,272 httpx INFO: HTTP Request: POST https://aiberm.com/v1/chat/completions "HTTP/1.1 200 OK"
2026-05-25 18:27:18,300 httpx INFO: HTTP Request: POST https://aiberm.com/v1/chat/completions "HTTP/1.1 200 OK"
2026-05-25 18:27:18,446 httpx INFO: HTTP Request: POST https://aiberm.com/v1/chat/completions "HTTP/1.1 200 OK"
2026-05-25 18:27:18,862 httpx INFO: HTTP Request: POST https://aiberm.com/v1/chat/completions "HTTP/1.1 200 OK"
2026-05-25 18:27:19,338 httpx INFO: HTTP Request: POST https://aiberm.com/v1/chat/completions "HTTP/1.1 200 OK"
2026-05-25 18:27:19,471 httpx INFO: HTTP Request: POST https://aiberm.com/v1/chat/completions "HTTP/1.1 200 OK"
2026-05-25 18:27:19,671 httpx INFO: HTTP Request: POST https://aiberm.com/v1/chat/completions "HTTP/1.1 200 OK"
2026-05-25 18:27:19,796 httpx INFO: HTTP Request: POST https://aiberm.com/v1/chat/completions "HTTP/1.1 200 OK"
2026-05-25 18:27:20,972 httpx INFO: HTTP Request: POST https://aiberm.com/v1/chat/completions "HTTP/1.1 200 OK"
2026-05-25 18:27:21,202 httpx INFO: HTTP Request: POST https://aiberm.com/v1/chat/completions "HTTP/1.1 200 OK"
2026-05-25 18:27:21,246 httpx INFO: HTTP Request: POST https://aiberm.com/v1/chat/completions "HTTP/1.1 200 OK"
2026-05-25 18:27:21,930 httpx INFO: HTTP Request: POST https://aiberm.com/v1/chat/completions "HTTP/1.1 200 OK"
2026-05-25 18:27:21,957 httpx INFO: HTTP Request: POST https://aiberm.com/v1/chat/completions "HTTP/1.1 200 OK"
2026-05-25 18:27:22,102 httpx INFO: HTTP Request: POST https://aiberm.com/v1/chat/completions "HTTP/1.1 200 OK"
2026-05-25 18:27:22,352 httpx INFO: HTTP Request: POST https://aiberm.com/v1/chat/completions "HTTP/1.1 200 OK"
2026-05-25 18:27:22,496 httpx INFO: HTTP Request: POST https://aiberm.com/v1/chat/completions "HTTP/1.1 200 OK"
2026-05-25 18:27:23,401 httpx INFO: HTTP Request: POST https://aiberm.com/v1/chat/completions "HTTP/1.1 200 OK"
2026-05-25 18:27:23,961 httpx INFO: HTTP Request: POST https://aiberm.com/v1/chat/completions "HTTP/1.1 200 OK"
2026-05-25 18:27:24,107 httpx INFO: HTTP Request: POST https://aiberm.com/v1/chat/completions "HTTP/1.1 200 OK"
2026-05-25 18:27:24,186 httpx INFO: HTTP Request: POST https://aiberm.com/v1/chat/completions "HTTP/1.1 200 OK"
2026-05-25 18:27:24,367 httpx INFO: HTTP Request: POST https://aiberm.com/v1/chat/completions "HTTP/1.1 200 OK"
2026-05-25 18:27:24,561 httpx INFO: HTTP Request: POST https://aiberm.com/v1/chat/completions "HTTP/1.1 200 OK"
2026-05-25 18:27:24,859 httpx INFO: HTTP Request: POST https://aiberm.com/v1/chat/completions "HTTP/1.1 200 OK"
2026-05-25 18:27:25,917 httpx INFO: HTTP Request: POST https://aiberm.com/v1/chat/completions "HTTP/1.1 200 OK"
2026-05-25 18:27:26,001 httpx INFO: HTTP Request: POST https://aiberm.com/v1/chat/completions "HTTP/1.1 200 OK"
2026-05-25 18:27:26,713 httpx INFO: HTTP Request: POST https://aiberm.com/v1/chat/completions "HTTP/1.1 200 OK"
2026-05-25 18:27:26,895 httpx INFO: HTTP Request: POST https://aiberm.com/v1/chat/completions "HTTP/1.1 200 OK"
2026-05-25 18:27:27,411 httpx INFO: HTTP Request: POST https://aiberm.com/v1/chat/completions "HTTP/1.1 200 OK"
2026-05-25 18:27:27,595 httpx INFO: HTTP Request: POST https://aiberm.com/v1/chat/completions "HTTP/1.1 200 OK"
2026-05-25 18:27:27,706 httpx INFO: HTTP Request: POST https://aiberm.com/v1/chat/completions "HTTP/1.1 200 OK"
2026-05-25 18:27:28,090 httpx INFO: HTTP Request: POST https://aiberm.com/v1/chat/completions "HTTP/1.1 200 OK"
2026-05-25 18:27:28,310 httpx INFO: HTTP Request: POST https://aiberm.com/v1/chat/completions "HTTP/1.1 200 OK"
2026-05-25 18:27:28,379 httpx INFO: HTTP Request: POST https://aiberm.com/v1/chat/completions "HTTP/1.1 200 OK"
2026-05-25 18:27:28,530 httpx INFO: HTTP Request: POST https://aiberm.com/v1/chat/completions "HTTP/1.1 200 OK"
2026-05-25 18:27:28,580 httpx INFO: HTTP Request: POST https://aiberm.com/v1/chat/completions "HTTP/1.1 200 OK"
2026-05-25 18:27:29,153 httpx INFO: HTTP Request: POST https://aiberm.com/v1/chat/completions "HTTP/1.1 200 OK"
2026-05-25 18:27:29,208 httpx INFO: HTTP Request: POST https://aiberm.com/v1/chat/completions "HTTP/1.1 200 OK"
2026-05-25 18:27:29,712 httpx INFO: HTTP Request: POST https://aiberm.com/v1/chat/completions "HTTP/1.1 200 OK"
2026-05-25 18:27:30,210 httpx INFO: HTTP Request: POST https://aiberm.com/v1/chat/completions "HTTP/1.1 200 OK"
2026-05-25 18:27:31,529 httpx INFO: HTTP Request: POST https://aiberm.com/v1/chat/completions "HTTP/1.1 200 OK"
2026-05-25 18:27:31,608 httpx INFO: HTTP Request: POST https://aiberm.com/v1/chat/completions "HTTP/1.1 200 OK"
2026-05-25 18:27:32,006 httpx INFO: HTTP Request: POST https://aiberm.com/v1/chat/completions "HTTP/1.1 200 OK"
2026-05-25 18:27:32,155 httpx INFO: HTTP Request: POST https://aiberm.com/v1/chat/completions "HTTP/1.1 200 OK"
2026-05-25 18:27:32,199 httpx INFO: HTTP Request: POST https://aiberm.com/v1/chat/completions "HTTP/1.1 200 OK"
2026-05-25 18:27:32,328 httpx INFO: HTTP Request: POST https://aiberm.com/v1/chat/completions "HTTP/1.1 200 OK"
2026-05-25 18:27:32,442 httpx INFO: HTTP Request: POST https://aiberm.com/v1/chat/completions "HTTP/1.1 200 OK"
2026-05-25 18:27:33,213 httpx INFO: HTTP Request: POST https://aiberm.com/v1/chat/completions "HTTP/1.1 200 OK"
2026-05-25 18:27:33,640 httpx INFO: HTTP Request: POST https://aiberm.com/v1/chat/completions "HTTP/1.1 200 OK"
2026-05-25 18:27:33,670 httpx INFO: HTTP Request: POST https://aiberm.com/v1/chat/completions "HTTP/1.1 200 OK"
2026-05-25 18:27:33,996 httpx INFO: HTTP Request: POST https://aiberm.com/v1/chat/completions "HTTP/1.1 200 OK"
2026-05-25 18:27:34,030 httpx INFO: HTTP Request: POST https://aiberm.com/v1/chat/completions "HTTP/1.1 200 OK"
2026-05-25 18:27:34,716 httpx INFO: HTTP Request: POST https://aiberm.com/v1/chat/completions "HTTP/1.1 200 OK"
2026-05-25 18:27:34,882 httpx INFO: HTTP Request: POST https://aiberm.com/v1/chat/completions "HTTP/1.1 200 OK"
2026-05-25 18:27:34,911 httpx INFO: HTTP Request: POST https://aiberm.com/v1/chat/completions "HTTP/1.1 200 OK"
2026-05-25 18:27:35,267 httpx INFO: HTTP Request: POST https://aiberm.com/v1/chat/completions "HTTP/1.1 200 OK"
2026-05-25 18:27:35,295 httpx INFO: HTTP Request: POST https://aiberm.com/v1/chat/completions "HTTP/1.1 200 OK"
2026-05-25 18:27:35,438 httpx INFO: HTTP Request: POST https://aiberm.com/v1/chat/completions "HTTP/1.1 200 OK"
2026-05-25 18:27:35,980 httpx INFO: HTTP Request: POST https://aiberm.com/v1/chat/completions "HTTP/1.1 200 OK"
2026-05-25 18:27:36,264 httpx INFO: HTTP Request: POST https://aiberm.com/v1/chat/completions "HTTP/1.1 200 OK"
2026-05-25 18:27:37,060 httpx INFO: HTTP Request: POST https://aiberm.com/v1/chat/completions "HTTP/1.1 200 OK"
2026-05-25 18:27:37,147 httpx INFO: HTTP Request: POST https://aiberm.com/v1/chat/completions "HTTP/1.1 200 OK"
2026-05-25 18:27:37,198 httpx INFO: HTTP Request: POST https://aiberm.com/v1/chat/completions "HTTP/1.1 200 OK"
2026-05-25 18:27:37,439 httpx INFO: HTTP Request: POST https://aiberm.com/v1/chat/completions "HTTP/1.1 200 OK"
2026-05-25 18:27:37,775 httpx INFO: HTTP Request: POST https://aiberm.com/v1/chat/completions "HTTP/1.1 200 OK"
2026-05-25 18:27:38,057 httpx INFO: HTTP Request: POST https://aiberm.com/v1/chat/completions "HTTP/1.1 200 OK"
2026-05-25 18:27:38,117 httpx INFO: HTTP Request: POST https://aiberm.com/v1/chat/completions "HTTP/1.1 200 OK"
2026-05-25 18:27:38,375 httpx INFO: HTTP Request: POST https://aiberm.com/v1/chat/completions "HTTP/1.1 200 OK"
2026-05-25 18:27:38,835 httpx INFO: HTTP Request: POST https://aiberm.com/v1/chat/completions "HTTP/1.1 200 OK"
2026-05-25 18:27:39,187 httpx INFO: HTTP Request: POST https://aiberm.com/v1/chat/completions "HTTP/1.1 200 OK"
2026-05-25 18:27:39,410 httpx INFO: HTTP Request: POST https://aiberm.com/v1/chat/completions "HTTP/1.1 200 OK"
2026-05-25 18:27:39,471 httpx INFO: HTTP Request: POST https://aiberm.com/v1/chat/completions "HTTP/1.1 200 OK"
2026-05-25 18:27:40,429 httpx INFO: HTTP Request: POST https://aiberm.com/v1/chat/completions "HTTP/1.1 200 OK"
2026-05-25 18:27:40,529 httpx INFO: HTTP Request: POST https://aiberm.com/v1/chat/completions "HTTP/1.1 200 OK"
2026-05-25 18:27:40,737 httpx INFO: HTTP Request: POST https://aiberm.com/v1/chat/completions "HTTP/1.1 200 OK"
2026-05-25 18:27:41,008 httpx INFO: HTTP Request: POST https://aiberm.com/v1/chat/completions "HTTP/1.1 200 OK"
2026-05-25 18:27:41,487 httpx INFO: HTTP Request: POST https://aiberm.com/v1/chat/completions "HTTP/1.1 200 OK"
2026-05-25 18:27:41,654 httpx INFO: HTTP Request: POST https://aiberm.com/v1/chat/completions "HTTP/1.1 200 OK"
2026-05-25 18:27:42,166 httpx INFO: HTTP Request: POST https://aiberm.com/v1/chat/completions "HTTP/1.1 200 OK"
2026-05-25 18:27:42,629 httpx INFO: HTTP Request: POST https://aiberm.com/v1/chat/completions "HTTP/1.1 200 OK"
2026-05-25 18:27:43,091 httpx INFO: HTTP Request: POST https://aiberm.com/v1/chat/completions "HTTP/1.1 200 OK"
2026-05-25 18:27:43,800 httpx INFO: HTTP Request: POST https://aiberm.com/v1/chat/completions "HTTP/1.1 200 OK"
2026-05-25 18:27:43,937 httpx INFO: HTTP Request: POST https://aiberm.com/v1/chat/completions "HTTP/1.1 200 OK"
2026-05-25 18:27:44,107 httpx INFO: HTTP Request: POST https://aiberm.com/v1/chat/completions "HTTP/1.1 200 OK"
2026-05-25 18:27:44,298 httpx INFO: HTTP Request: POST https://aiberm.com/v1/chat/completions "HTTP/1.1 200 OK"
2026-05-25 18:27:44,531 httpx INFO: HTTP Request: POST https://aiberm.com/v1/chat/completions "HTTP/1.1 200 OK"
2026-05-25 18:27:45,268 httpx INFO: HTTP Request: POST https://aiberm.com/v1/chat/completions "HTTP/1.1 200 OK"
2026-05-25 18:27:45,691 httpx INFO: HTTP Request: POST https://aiberm.com/v1/chat/completions "HTTP/1.1 200 OK"
2026-05-25 18:27:45,718 httpx INFO: HTTP Request: POST https://aiberm.com/v1/chat/completions "HTTP/1.1 200 OK"
2026-05-25 18:27:45,831 httpx INFO: HTTP Request: POST https://aiberm.com/v1/chat/completions "HTTP/1.1 200 OK"
2026-05-25 18:27:46,082 httpx INFO: HTTP Request: POST https://aiberm.com/v1/chat/completions "HTTP/1.1 200 OK"
2026-05-25 18:27:46,562 httpx INFO: HTTP Request: POST https://aiberm.com/v1/chat/completions "HTTP/1.1 200 OK"
2026-05-25 18:27:47,997 httpx INFO: HTTP Request: POST https://aiberm.com/v1/chat/completions "HTTP/1.1 200 OK"
2026-05-25 18:27:48,024 httpx INFO: HTTP Request: POST https://aiberm.com/v1/chat/completions "HTTP/1.1 200 OK"
2026-05-25 18:27:48,149 httpx INFO: HTTP Request: POST https://aiberm.com/v1/chat/completions "HTTP/1.1 200 OK"
2026-05-25 18:27:48,186 httpx INFO: HTTP Request: POST https://aiberm.com/v1/chat/completions "HTTP/1.1 200 OK"
2026-05-25 18:27:48,377 httpx INFO: HTTP Request: POST https://aiberm.com/v1/chat/completions "HTTP/1.1 200 OK"
2026-05-25 18:27:48,866 httpx INFO: HTTP Request: POST https://aiberm.com/v1/chat/completions "HTTP/1.1 200 OK"
2026-05-25 18:27:48,922 httpx INFO: HTTP Request: POST https://aiberm.com/v1/chat/completions "HTTP/1.1 200 OK"
2026-05-25 18:27:48,979 httpx INFO: HTTP Request: POST https://aiberm.com/v1/chat/completions "HTTP/1.1 200 OK"
2026-05-25 18:27:49,440 httpx INFO: HTTP Request: POST https://aiberm.com/v1/chat/completions "HTTP/1.1 200 OK"
2026-05-25 18:27:49,626 httpx INFO: HTTP Request: POST https://aiberm.com/v1/chat/completions "HTTP/1.1 200 OK"
2026-05-25 18:27:49,889 httpx INFO: HTTP Request: POST https://aiberm.com/v1/chat/completions "HTTP/1.1 200 OK"
2026-05-25 18:27:50,199 httpx INFO: HTTP Request: POST https://aiberm.com/v1/chat/completions "HTTP/1.1 200 OK"
2026-05-25 18:27:50,932 httpx INFO: HTTP Request: POST https://aiberm.com/v1/chat/completions "HTTP/1.1 200 OK"
2026-05-25 18:27:51,039 httpx INFO: HTTP Request: POST https://aiberm.com/v1/chat/completions "HTTP/1.1 200 OK"
2026-05-25 18:27:51,602 httpx INFO: HTTP Request: POST https://aiberm.com/v1/chat/completions "HTTP/1.1 200 OK"
2026-05-25 18:27:51,669 httpx INFO: HTTP Request: POST https://aiberm.com/v1/chat/completions "HTTP/1.1 200 OK"
2026-05-25 18:27:51,942 httpx INFO: HTTP Request: POST https://aiberm.com/v1/chat/completions "HTTP/1.1 200 OK"
2026-05-25 18:27:53,373 httpx INFO: HTTP Request: POST https://aiberm.com/v1/chat/completions "HTTP/1.1 200 OK"
2026-05-25 18:27:53,555 httpx INFO: HTTP Request: POST https://aiberm.com/v1/chat/completions "HTTP/1.1 200 OK"
2026-05-25 18:27:54,042 httpx INFO: HTTP Request: POST https://aiberm.com/v1/chat/completions "HTTP/1.1 200 OK"
2026-05-25 18:27:54,082 httpx INFO: HTTP Request: POST https://aiberm.com/v1/chat/completions "HTTP/1.1 200 OK"
2026-05-25 18:27:54,317 httpx INFO: HTTP Request: POST https://aiberm.com/v1/chat/completions "HTTP/1.1 200 OK"
2026-05-25 18:27:54,439 httpx INFO: HTTP Request: POST https://aiberm.com/v1/chat/completions "HTTP/1.1 200 OK"
2026-05-25 18:27:54,881 httpx INFO: HTTP Request: POST https://aiberm.com/v1/chat/completions "HTTP/1.1 200 OK"
2026-05-25 18:27:54,993 httpx INFO: HTTP Request: POST https://aiberm.com/v1/chat/completions "HTTP/1.1 200 OK"
2026-05-25 18:27:55,042 httpx INFO: HTTP Request: POST https://aiberm.com/v1/chat/completions "HTTP/1.1 200 OK"
2026-05-25 18:27:55,217 httpx INFO: HTTP Request: POST https://aiberm.com/v1/chat/completions "HTTP/1.1 200 OK"
2026-05-25 18:27:55,679 httpx INFO: HTTP Request: POST https://aiberm.com/v1/chat/completions "HTTP/1.1 200 OK"
2026-05-25 18:27:56,523 httpx INFO: HTTP Request: POST https://aiberm.com/v1/chat/completions "HTTP/1.1 200 OK"
2026-05-25 18:27:56,595 httpx INFO: HTTP Request: POST https://aiberm.com/v1/chat/completions "HTTP/1.1 200 OK"
2026-05-25 18:27:57,500 httpx INFO: HTTP Request: POST https://aiberm.com/v1/chat/completions "HTTP/1.1 200 OK"
2026-05-25 18:27:58,126 httpx INFO: HTTP Request: POST https://aiberm.com/v1/chat/completions "HTTP/1.1 200 OK"
2026-05-25 18:27:58,165 httpx INFO: HTTP Request: POST https://aiberm.com/v1/chat/completions "HTTP/1.1 200 OK"
2026-05-25 18:27:58,585 httpx INFO: HTTP Request: POST https://aiberm.com/v1/chat/completions "HTTP/1.1 200 OK"
2026-05-25 18:27:58,722 httpx INFO: HTTP Request: POST https://aiberm.com/v1/chat/completions "HTTP/1.1 200 OK"
2026-05-25 18:27:59,018 httpx INFO: HTTP Request: POST https://aiberm.com/v1/chat/completions "HTTP/1.1 200 OK"
2026-05-25 18:27:59,337 httpx INFO: HTTP Request: POST https://aiberm.com/v1/chat/completions "HTTP/1.1 200 OK"
2026-05-25 18:27:59,369 httpx INFO: HTTP Request: POST https://aiberm.com/v1/chat/completions "HTTP/1.1 200 OK"
2026-05-25 18:27:59,549 httpx INFO: HTTP Request: POST https://aiberm.com/v1/chat/completions "HTTP/1.1 200 OK"
2026-05-25 18:28:00,433 httpx INFO: HTTP Request: POST https://aiberm.com/v1/chat/completions "HTTP/1.1 200 OK"
2026-05-25 18:28:00,684 httpx INFO: HTTP Request: POST https://aiberm.com/v1/chat/completions "HTTP/1.1 200 OK"
2026-05-25 18:28:00,753 httpx INFO: HTTP Request: POST https://aiberm.com/v1/chat/completions "HTTP/1.1 200 OK"
2026-05-25 18:28:01,684 httpx INFO: HTTP Request: POST https://aiberm.com/v1/chat/completions "HTTP/1.1 200 OK"
2026-05-25 18:28:02,003 httpx INFO: HTTP Request: POST https://aiberm.com/v1/chat/completions "HTTP/1.1 200 OK"
2026-05-25 18:28:02,593 httpx INFO: HTTP Request: POST https://aiberm.com/v1/chat/completions "HTTP/1.1 200 OK"
2026-05-25 18:28:02,864 httpx INFO: HTTP Request: POST https://aiberm.com/v1/chat/completions "HTTP/1.1 200 OK"
2026-05-25 18:28:03,467 httpx INFO: HTTP Request: POST https://aiberm.com/v1/chat/completions "HTTP/1.1 200 OK"
2026-05-25 18:28:03,652 httpx INFO: HTTP Request: POST https://aiberm.com/v1/chat/completions "HTTP/1.1 200 OK"
2026-05-25 18:28:03,707 httpx INFO: HTTP Request: POST https://aiberm.com/v1/chat/completions "HTTP/1.1 200 OK"
2026-05-25 18:28:04,441 httpx INFO: HTTP Request: POST https://aiberm.com/v1/chat/completions "HTTP/1.1 200 OK"
2026-05-25 18:28:04,474 httpx INFO: HTTP Request: POST https://aiberm.com/v1/chat/completions "HTTP/1.1 200 OK"
2026-05-25 18:28:04,564 httpx INFO: HTTP Request: POST https://aiberm.com/v1/chat/completions "HTTP/1.1 200 OK"
2026-05-25 18:28:05,114 httpx INFO: HTTP Request: POST https://aiberm.com/v1/chat/completions "HTTP/1.1 200 OK"
2026-05-25 18:28:05,178 httpx INFO: HTTP Request: POST https://aiberm.com/v1/chat/completions "HTTP/1.1 200 OK"
2026-05-25 18:28:05,830 httpx INFO: HTTP Request: POST https://aiberm.com/v1/chat/completions "HTTP/1.1 200 OK"
2026-05-25 18:28:06,138 httpx INFO: HTTP Request: POST https://aiberm.com/v1/chat/completions "HTTP/1.1 200 OK"
2026-05-25 18:28:06,497 httpx INFO: HTTP Request: POST https://aiberm.com/v1/chat/completions "HTTP/1.1 200 OK"
2026-05-25 18:28:06,832 httpx INFO: HTTP Request: POST https://aiberm.com/v1/chat/completions "HTTP/1.1 200 OK"
2026-05-25 18:28:08,072 httpx INFO: HTTP Request: POST https://aiberm.com/v1/chat/completions "HTTP/1.1 200 OK"
2026-05-25 18:28:08,626 httpx INFO: HTTP Request: POST https://aiberm.com/v1/chat/completions "HTTP/1.1 200 OK"
2026-05-25 18:28:09,021 httpx INFO: HTTP Request: POST https://aiberm.com/v1/chat/completions "HTTP/1.1 200 OK"
2026-05-25 18:28:09,118 httpx INFO: HTTP Request: POST https://aiberm.com/v1/chat/completions "HTTP/1.1 200 OK"
2026-05-25 18:28:09,657 httpx INFO: HTTP Request: POST https://aiberm.com/v1/chat/completions "HTTP/1.1 200 OK"
2026-05-25 18:28:09,807 httpx INFO: HTTP Request: POST https://aiberm.com/v1/chat/completions "HTTP/1.1 200 OK"
2026-05-25 18:28:10,126 httpx INFO: HTTP Request: POST https://aiberm.com/v1/chat/completions "HTTP/1.1 200 OK"
2026-05-25 18:28:10,214 httpx INFO: HTTP Request: POST https://aiberm.com/v1/chat/completions "HTTP/1.1 200 OK"
2026-05-25 18:28:10,628 httpx INFO: HTTP Request: POST https://aiberm.com/v1/chat/completions "HTTP/1.1 200 OK"
2026-05-25 18:28:10,713 httpx INFO: HTTP Request: POST https://aiberm.com/v1/chat/completions "HTTP/1.1 200 OK"
2026-05-25 18:28:10,975 httpx INFO: HTTP Request: POST https://aiberm.com/v1/chat/completions "HTTP/1.1 200 OK"
2026-05-25 18:28:12,153 httpx INFO: HTTP Request: POST https://aiberm.com/v1/chat/completions "HTTP/1.1 200 OK"
2026-05-25 18:28:12,315 httpx INFO: HTTP Request: POST https://aiberm.com/v1/chat/completions "HTTP/1.1 200 OK"
2026-05-25 18:28:12,405 httpx INFO: HTTP Request: POST https://aiberm.com/v1/chat/completions "HTTP/1.1 200 OK"
2026-05-25 18:28:12,635 httpx INFO: HTTP Request: POST https://aiberm.com/v1/chat/completions "HTTP/1.1 200 OK"
2026-05-25 18:28:13,464 httpx INFO: HTTP Request: POST https://aiberm.com/v1/chat/completions "HTTP/1.1 200 OK"
2026-05-25 18:28:14,325 httpx INFO: HTTP Request: POST https://aiberm.com/v1/chat/completions "HTTP/1.1 200 OK"
2026-05-25 18:28:14,408 httpx INFO: HTTP Request: POST https://aiberm.com/v1/chat/completions "HTTP/1.1 200 OK"
2026-05-25 18:28:14,580 httpx INFO: HTTP Request: POST https://aiberm.com/v1/chat/completions "HTTP/1.1 200 OK"
2026-05-25 18:28:14,799 httpx INFO: HTTP Request: POST https://aiberm.com/v1/chat/completions "HTTP/1.1 200 OK"
2026-05-25 18:28:14,981 httpx INFO: HTTP Request: POST https://aiberm.com/v1/chat/completions "HTTP/1.1 200 OK"
2026-05-25 18:28:16,020 httpx INFO: HTTP Request: POST https://aiberm.com/v1/chat/completions "HTTP/1.1 200 OK"
2026-05-25 18:28:16,458 httpx INFO: HTTP Request: POST https://aiberm.com/v1/chat/completions "HTTP/1.1 200 OK"
2026-05-25 18:28:16,867 httpx INFO: HTTP Request: POST https://aiberm.com/v1/chat/completions "HTTP/1.1 200 OK"
2026-05-25 18:28:17,849 httpx INFO: HTTP Request: POST https://aiberm.com/v1/chat/completions "HTTP/1.1 200 OK"
2026-05-25 18:28:18,365 httpx INFO: HTTP Request: POST https://aiberm.com/v1/chat/completions "HTTP/1.1 200 OK"
2026-05-25 18:28:18,394 httpx INFO: HTTP Request: POST https://aiberm.com/v1/chat/completions "HTTP/1.1 200 OK"
2026-05-25 18:28:18,603 httpx INFO: HTTP Request: POST https://aiberm.com/v1/chat/completions "HTTP/1.1 200 OK"
2026-05-25 18:28:18,713 httpx INFO: HTTP Request: POST https://aiberm.com/v1/chat/completions "HTTP/1.1 200 OK"
2026-05-25 18:28:18,946 httpx INFO: HTTP Request: POST https://aiberm.com/v1/chat/completions "HTTP/1.1 200 OK"
2026-05-25 18:28:19,271 httpx INFO: HTTP Request: POST https://aiberm.com/v1/chat/completions "HTTP/1.1 200 OK"
2026-05-25 18:28:19,401 httpx INFO: HTTP Request: POST https://aiberm.com/v1/chat/completions "HTTP/1.1 200 OK"
2026-05-25 18:28:20,085 httpx INFO: HTTP Request: POST https://aiberm.com/v1/chat/completions "HTTP/1.1 200 OK"
2026-05-25 18:28:20,606 httpx INFO: HTTP Request: POST https://aiberm.com/v1/chat/completions "HTTP/1.1 200 OK"
2026-05-25 18:28:21,417 httpx INFO: HTTP Request: POST https://aiberm.com/v1/chat/completions "HTTP/1.1 200 OK"
2026-05-25 18:28:21,792 httpx INFO: HTTP Request: POST https://aiberm.com/v1/chat/completions "HTTP/1.1 200 OK"
2026-05-25 18:28:21,830 httpx INFO: HTTP Request: POST https://aiberm.com/v1/chat/completions "HTTP/1.1 200 OK"
2026-05-25 18:28:22,709 httpx INFO: HTTP Request: POST https://aiberm.com/v1/chat/completions "HTTP/1.1 200 OK"
2026-05-25 18:28:22,796 httpx INFO: HTTP Request: POST https://aiberm.com/v1/chat/completions "HTTP/1.1 200 OK"
2026-05-25 18:28:22,872 httpx INFO: HTTP Request: POST https://aiberm.com/v1/chat/completions "HTTP/1.1 200 OK"
2026-05-25 18:28:23,056 httpx INFO: HTTP Request: POST https://aiberm.com/v1/chat/completions "HTTP/1.1 200 OK"
2026-05-25 18:28:24,551 httpx INFO: HTTP Request: POST https://aiberm.com/v1/chat/completions "HTTP/1.1 200 OK"
2026-05-25 18:28:24,723 httpx INFO: HTTP Request: POST https://aiberm.com/v1/chat/completions "HTTP/1.1 200 OK"
2026-05-25 18:28:24,795 httpx INFO: HTTP Request: POST https://aiberm.com/v1/chat/completions "HTTP/1.1 200 OK"
2026-05-25 18:28:24,886 httpx INFO: HTTP Request: POST https://aiberm.com/v1/chat/completions "HTTP/1.1 200 OK"
2026-05-25 18:28:25,144 httpx INFO: HTTP Request: POST https://aiberm.com/v1/chat/completions "HTTP/1.1 200 OK"
2026-05-25 18:28:25,197 httpx INFO: HTTP Request: POST https://aiberm.com/v1/chat/completions "HTTP/1.1 200 OK"
2026-05-25 18:28:25,312 httpx INFO: HTTP Request: POST https://aiberm.com/v1/chat/completions "HTTP/1.1 200 OK"
2026-05-25 18:28:25,649 httpx INFO: HTTP Request: POST https://aiberm.com/v1/chat/completions "HTTP/1.1 200 OK"
2026-05-25 18:28:25,779 httpx INFO: HTTP Request: POST https://aiberm.com/v1/chat/completions "HTTP/1.1 200 OK"
2026-05-25 18:28:26,839 httpx INFO: HTTP Request: POST https://aiberm.com/v1/chat/completions "HTTP/1.1 200 OK"
2026-05-25 18:28:27,021 httpx INFO: HTTP Request: POST https://aiberm.com/v1/chat/completions "HTTP/1.1 200 OK"
2026-05-25 18:28:27,359 httpx INFO: HTTP Request: POST https://aiberm.com/v1/chat/completions "HTTP/1.1 200 OK"
2026-05-25 18:28:29,385 httpx INFO: HTTP Request: POST https://aiberm.com/v1/chat/completions "HTTP/1.1 200 OK"
2026-05-25 18:28:29,652 httpx INFO: HTTP Request: POST https://aiberm.com/v1/chat/completions "HTTP/1.1 200 OK"
2026-05-25 18:28:29,960 httpx INFO: HTTP Request: POST https://aiberm.com/v1/chat/completions "HTTP/1.1 200 OK"
2026-05-25 18:28:30,050 httpx INFO: HTTP Request: POST https://aiberm.com/v1/chat/completions "HTTP/1.1 200 OK"
2026-05-25 18:28:30,098 httpx INFO: HTTP Request: POST https://aiberm.com/v1/chat/completions "HTTP/1.1 200 OK"
2026-05-25 18:28:30,281 httpx INFO: HTTP Request: POST https://aiberm.com/v1/chat/completions "HTTP/1.1 200 OK"
2026-05-25 18:28:30,444 httpx INFO: HTTP Request: POST https://aiberm.com/v1/chat/completions "HTTP/1.1 200 OK"
2026-05-25 18:28:30,584 httpx INFO: HTTP Request: POST https://aiberm.com/v1/chat/completions "HTTP/1.1 200 OK"
2026-05-25 18:28:30,611 httpx INFO: HTTP Request: POST https://aiberm.com/v1/chat/completions "HTTP/1.1 200 OK"
2026-05-25 18:28:31,219 httpx INFO: HTTP Request: POST https://aiberm.com/v1/chat/completions "HTTP/1.1 200 OK"
2026-05-25 18:28:31,322 httpx INFO: HTTP Request: POST https://aiberm.com/v1/chat/completions "HTTP/1.1 200 OK"
2026-05-25 18:28:31,670 httpx INFO: HTTP Request: POST https://aiberm.com/v1/chat/completions "HTTP/1.1 200 OK"
2026-05-25 18:28:32,096 httpx INFO: HTTP Request: POST https://aiberm.com/v1/chat/completions "HTTP/1.1 200 OK"
2026-05-25 18:28:32,903 httpx INFO: HTTP Request: POST https://aiberm.com/v1/chat/completions "HTTP/1.1 200 OK"
2026-05-25 18:28:33,083 httpx INFO: HTTP Request: POST https://aiberm.com/v1/chat/completions "HTTP/1.1 200 OK"
2026-05-25 18:28:33,178 httpx INFO: HTTP Request: POST https://aiberm.com/v1/chat/completions "HTTP/1.1 200 OK"
2026-05-25 18:28:33,218 httpx INFO: HTTP Request: POST https://aiberm.com/v1/chat/completions "HTTP/1.1 200 OK"
2026-05-25 18:28:34,655 httpx INFO: HTTP Request: POST https://aiberm.com/v1/chat/completions "HTTP/1.1 200 OK"
2026-05-25 18:28:34,747 httpx INFO: HTTP Request: POST https://aiberm.com/v1/chat/completions "HTTP/1.1 200 OK"
2026-05-25 18:28:35,135 httpx INFO: HTTP Request: POST https://aiberm.com/v1/chat/completions "HTTP/1.1 200 OK"
2026-05-25 18:28:35,240 httpx INFO: HTTP Request: POST https://aiberm.com/v1/chat/completions "HTTP/1.1 200 OK"
2026-05-25 18:28:35,595 httpx INFO: HTTP Request: POST https://aiberm.com/v1/chat/completions "HTTP/1.1 200 OK"
2026-05-25 18:28:35,783 httpx INFO: HTTP Request: POST https://aiberm.com/v1/chat/completions "HTTP/1.1 200 OK"
2026-05-25 18:28:35,878 httpx INFO: HTTP Request: POST https://aiberm.com/v1/chat/completions "HTTP/1.1 200 OK"
2026-05-25 18:28:35,908 httpx INFO: HTTP Request: POST https://aiberm.com/v1/chat/completions "HTTP/1.1 200 OK"
2026-05-25 18:28:36,008 httpx INFO: HTTP Request: POST https://aiberm.com/v1/chat/completions "HTTP/1.1 200 OK"
2026-05-25 18:28:36,243 httpx INFO: HTTP Request: POST https://aiberm.com/v1/chat/completions "HTTP/1.1 200 OK"
2026-05-25 18:28:36,773 httpx INFO: HTTP Request: POST https://aiberm.com/v1/chat/completions "HTTP/1.1 200 OK"
2026-05-25 18:28:36,814 httpx INFO: HTTP Request: POST https://aiberm.com/v1/chat/completions "HTTP/1.1 200 OK"
2026-05-25 18:28:37,025 httpx INFO: HTTP Request: POST https://aiberm.com/v1/chat/completions "HTTP/1.1 200 OK"
2026-05-25 18:28:38,713 httpx INFO: HTTP Request: POST https://aiberm.com/v1/chat/completions "HTTP/1.1 200 OK"
2026-05-25 18:28:39,246 httpx INFO: HTTP Request: POST https://aiberm.com/v1/chat/completions "HTTP/1.1 200 OK"
2026-05-25 18:28:39,348 httpx INFO: HTTP Request: POST https://aiberm.com/v1/chat/completions "HTTP/1.1 200 OK"
2026-05-25 18:28:39,726 httpx INFO: HTTP Request: POST https://aiberm.com/v1/chat/completions "HTTP/1.1 200 OK"
2026-05-25 18:28:40,362 httpx INFO: HTTP Request: POST https://aiberm.com/v1/chat/completions "HTTP/1.1 200 OK"
2026-05-25 18:28:40,771 httpx INFO: HTTP Request: POST https://aiberm.com/v1/chat/completions "HTTP/1.1 200 OK"
2026-05-25 18:28:40,820 httpx INFO: HTTP Request: POST https://aiberm.com/v1/chat/completions "HTTP/1.1 200 OK"
2026-05-25 18:28:41,207 httpx INFO: HTTP Request: POST https://aiberm.com/v1/chat/completions "HTTP/1.1 200 OK"
2026-05-25 18:28:41,235 httpx INFO: HTTP Request: POST https://aiberm.com/v1/chat/completions "HTTP/1.1 200 OK"
2026-05-25 18:28:41,298 httpx INFO: HTTP Request: POST https://aiberm.com/v1/chat/completions "HTTP/1.1 200 OK"
2026-05-25 18:28:41,350 httpx INFO: HTTP Request: POST https://aiberm.com/v1/chat/completions "HTTP/1.1 200 OK"
2026-05-25 18:28:42,416 httpx INFO: HTTP Request: POST https://aiberm.com/v1/chat/completions "HTTP/1.1 200 OK"
2026-05-25 18:28:42,735 httpx INFO: HTTP Request: POST https://aiberm.com/v1/chat/completions "HTTP/1.1 200 OK"
2026-05-25 18:28:42,813 httpx INFO: HTTP Request: POST https://aiberm.com/v1/chat/completions "HTTP/1.1 200 OK"
2026-05-25 18:28:43,363 httpx INFO: HTTP Request: POST https://aiberm.com/v1/chat/completions "HTTP/1.1 200 OK"
2026-05-25 18:28:43,499 httpx INFO: HTTP Request: POST https://aiberm.com/v1/chat/completions "HTTP/1.1 200 OK"
2026-05-25 18:28:43,718 httpx INFO: HTTP Request: POST https://aiberm.com/v1/chat/completions "HTTP/1.1 200 OK"
2026-05-25 18:28:43,747 httpx INFO: HTTP Request: POST https://aiberm.com/v1/chat/completions "HTTP/1.1 200 OK"
2026-05-25 18:28:43,989 httpx INFO: HTTP Request: POST https://aiberm.com/v1/chat/completions "HTTP/1.1 200 OK"
2026-05-25 18:28:44,616 httpx INFO: HTTP Request: POST https://aiberm.com/v1/chat/completions "HTTP/1.1 200 OK"
2026-05-25 18:28:44,896 httpx INFO: HTTP Request: POST https://aiberm.com/v1/chat/completions "HTTP/1.1 200 OK"
2026-05-25 18:28:45,034 httpx INFO: HTTP Request: POST https://aiberm.com/v1/chat/completions "HTTP/1.1 200 OK"
2026-05-25 18:28:45,167 httpx INFO: HTTP Request: POST https://aiberm.com/v1/chat/completions "HTTP/1.1 200 OK"
2026-05-25 18:28:45,195 httpx INFO: HTTP Request: POST https://aiberm.com/v1/chat/completions "HTTP/1.1 200 OK"
2026-05-25 18:28:45,233 httpx INFO: HTTP Request: POST https://aiberm.com/v1/chat/completions "HTTP/1.1 200 OK"
2026-05-25 18:28:45,723 httpx INFO: HTTP Request: POST https://aiberm.com/v1/chat/completions "HTTP/1.1 200 OK"
2026-05-25 18:28:46,659 httpx INFO: HTTP Request: POST https://aiberm.com/v1/chat/completions "HTTP/1.1 200 OK"
2026-05-25 18:28:47,075 httpx INFO: HTTP Request: POST https://aiberm.com/v1/chat/completions "HTTP/1.1 200 OK"
2026-05-25 18:28:47,219 httpx INFO: HTTP Request: POST https://aiberm.com/v1/chat/completions "HTTP/1.1 200 OK"
2026-05-25 18:28:47,431 httpx INFO: HTTP Request: POST https://aiberm.com/v1/chat/completions "HTTP/1.1 200 OK"
2026-05-25 18:28:47,620 httpx INFO: HTTP Request: POST https://aiberm.com/v1/chat/completions "HTTP/1.1 200 OK"
2026-05-25 18:28:47,912 httpx INFO: HTTP Request: POST https://aiberm.com/v1/chat/completions "HTTP/1.1 200 OK"
2026-05-25 18:28:47,998 httpx INFO: HTTP Request: POST https://aiberm.com/v1/chat/completions "HTTP/1.1 200 OK"
2026-05-25 18:28:48,025 httpx INFO: HTTP Request: POST https://aiberm.com/v1/chat/completions "HTTP/1.1 200 OK"
2026-05-25 18:28:48,560 httpx INFO: HTTP Request: POST https://aiberm.com/v1/chat/completions "HTTP/1.1 200 OK"
2026-05-25 18:28:48,912 httpx INFO: HTTP Request: POST https://aiberm.com/v1/chat/completions "HTTP/1.1 200 OK"
2026-05-25 18:28:48,975 httpx INFO: HTTP Request: POST https://aiberm.com/v1/chat/completions "HTTP/1.1 200 OK"
2026-05-25 18:28:49,500 httpx INFO: HTTP Request: POST https://aiberm.com/v1/chat/completions "HTTP/1.1 200 OK"
2026-05-25 18:28:50,518 httpx INFO: HTTP Request: POST https://aiberm.com/v1/chat/completions "HTTP/1.1 200 OK"
2026-05-25 18:28:50,887 httpx INFO: HTTP Request: POST https://aiberm.com/v1/chat/completions "HTTP/1.1 200 OK"
2026-05-25 18:28:51,010 httpx INFO: HTTP Request: POST https://aiberm.com/v1/chat/completions "HTTP/1.1 200 OK"
2026-05-25 18:28:51,634 httpx INFO: HTTP Request: POST https://aiberm.com/v1/chat/completions "HTTP/1.1 200 OK"
2026-05-25 18:28:51,760 httpx INFO: HTTP Request: POST https://aiberm.com/v1/chat/completions "HTTP/1.1 200 OK"
2026-05-25 18:28:51,982 httpx INFO: HTTP Request: POST https://aiberm.com/v1/chat/completions "HTTP/1.1 200 OK"
2026-05-25 18:28:52,010 httpx INFO: HTTP Request: POST https://aiberm.com/v1/chat/completions "HTTP/1.1 200 OK"
2026-05-25 18:28:52,129 httpx INFO: HTTP Request: POST https://aiberm.com/v1/chat/completions "HTTP/1.1 200 OK"
2026-05-25 18:28:52,638 httpx INFO: HTTP Request: POST https://aiberm.com/v1/chat/completions "HTTP/1.1 200 OK"
2026-05-25 18:28:53,040 httpx INFO: HTTP Request: POST https://aiberm.com/v1/chat/completions "HTTP/1.1 200 OK"
2026-05-25 18:28:53,322 httpx INFO: HTTP Request: POST https://aiberm.com/v1/chat/completions "HTTP/1.1 200 OK"
2026-05-25 18:28:53,585 httpx INFO: HTTP Request: POST https://aiberm.com/v1/chat/completions "HTTP/1.1 200 OK"
2026-05-25 18:28:53,830 httpx INFO: HTTP Request: POST https://aiberm.com/v1/chat/completions "HTTP/1.1 200 OK"
2026-05-25 18:28:54,408 httpx INFO: HTTP Request: POST https://aiberm.com/v1/chat/completions "HTTP/1.1 200 OK"
2026-05-25 18:28:55,549 httpx INFO: HTTP Request: POST https://aiberm.com/v1/chat/completions "HTTP/1.1 200 OK"
2026-05-25 18:28:55,706 httpx INFO: HTTP Request: POST https://aiberm.com/v1/chat/completions "HTTP/1.1 200 OK"
2026-05-25 18:28:55,733 httpx INFO: HTTP Request: POST https://aiberm.com/v1/chat/completions "HTTP/1.1 200 OK"
2026-05-25 18:28:55,940 httpx INFO: HTTP Request: POST https://aiberm.com/v1/chat/completions "HTTP/1.1 200 OK"
2026-05-25 18:28:56,108 httpx INFO: HTTP Request: POST https://aiberm.com/v1/chat/completions "HTTP/1.1 200 OK"
2026-05-25 18:28:56,214 httpx INFO: HTTP Request: POST https://aiberm.com/v1/chat/completions "HTTP/1.1 200 OK"
2026-05-25 18:28:56,635 httpx INFO: HTTP Request: POST https://aiberm.com/v1/chat/completions "HTTP/1.1 200 OK"
2026-05-25 18:28:56,896 httpx INFO: HTTP Request: POST https://aiberm.com/v1/chat/completions "HTTP/1.1 200 OK"
2026-05-25 18:28:57,028 httpx INFO: HTTP Request: POST https://aiberm.com/v1/chat/completions "HTTP/1.1 200 OK"
2026-05-25 18:28:57,064 httpx INFO: HTTP Request: POST https://aiberm.com/v1/chat/completions "HTTP/1.1 200 OK"
2026-05-25 18:28:57,105 httpx INFO: HTTP Request: POST https://aiberm.com/v1/chat/completions "HTTP/1.1 200 OK"
2026-05-25 18:28:57,698 httpx INFO: HTTP Request: POST https://aiberm.com/v1/chat/completions "HTTP/1.1 200 OK"
2026-05-25 18:28:58,888 httpx INFO: HTTP Request: POST https://aiberm.com/v1/chat/completions "HTTP/1.1 200 OK"
2026-05-25 18:28:59,005 httpx INFO: HTTP Request: POST https://aiberm.com/v1/chat/completions "HTTP/1.1 200 OK"
2026-05-25 18:28:59,232 httpx INFO: HTTP Request: POST https://aiberm.com/v1/chat/completions "HTTP/1.1 200 OK"
2026-05-25 18:29:00,179 httpx INFO: HTTP Request: POST https://aiberm.com/v1/chat/completions "HTTP/1.1 200 OK"
2026-05-25 18:29:00,410 httpx INFO: HTTP Request: POST https://aiberm.com/v1/chat/completions "HTTP/1.1 200 OK"
2026-05-25 18:29:00,452 httpx INFO: HTTP Request: POST https://aiberm.com/v1/chat/completions "HTTP/1.1 200 OK"
2026-05-25 18:29:00,453 httpx INFO: HTTP Request: POST https://aiberm.com/v1/chat/completions "HTTP/1.1 200 OK"
2026-05-25 18:29:00,693 httpx INFO: HTTP Request: POST https://aiberm.com/v1/chat/completions "HTTP/1.1 200 OK"
2026-05-25 18:29:01,008 httpx INFO: HTTP Request: POST https://aiberm.com/v1/chat/completions "HTTP/1.1 200 OK"
2026-05-25 18:29:01,137 httpx INFO: HTTP Request: POST https://aiberm.com/v1/chat/completions "HTTP/1.1 200 OK"
2026-05-25 18:29:01,258 httpx INFO: HTTP Request: POST https://aiberm.com/v1/chat/completions "HTTP/1.1 200 OK"
2026-05-25 18:29:01,600 httpx INFO: HTTP Request: POST https://aiberm.com/v1/chat/completions "HTTP/1.1 200 OK"
2026-05-25 18:29:01,935 httpx INFO: HTTP Request: POST https://aiberm.com/v1/chat/completions "HTTP/1.1 200 OK"
2026-05-25 18:29:02,063 httpx INFO: HTTP Request: POST https://aiberm.com/v1/chat/completions "HTTP/1.1 200 OK"
2026-05-25 18:29:02,092 httpx INFO: HTTP Request: POST https://aiberm.com/v1/chat/completions "HTTP/1.1 200 OK"
2026-05-25 18:29:02,246 httpx INFO: HTTP Request: POST https://aiberm.com/v1/chat/completions "HTTP/1.1 200 OK"
2026-05-25 18:29:03,037 httpx INFO: HTTP Request: POST https://aiberm.com/v1/chat/completions "HTTP/1.1 200 OK"
2026-05-25 18:29:03,518 httpx INFO: HTTP Request: POST https://aiberm.com/v1/chat/completions "HTTP/1.1 200 OK"
2026-05-25 18:29:03,907 httpx INFO: HTTP Request: POST https://aiberm.com/v1/chat/completions "HTTP/1.1 200 OK"
2026-05-25 18:29:03,962 httpx INFO: HTTP Request: POST https://aiberm.com/v1/chat/completions "HTTP/1.1 200 OK"
2026-05-25 18:29:04,246 httpx INFO: HTTP Request: POST https://aiberm.com/v1/chat/completions "HTTP/1.1 200 OK"
2026-05-25 18:29:04,690 httpx INFO: HTTP Request: POST https://aiberm.com/v1/chat/completions "HTTP/1.1 200 OK"
2026-05-25 18:29:04,716 httpx INFO: HTTP Request: POST https://aiberm.com/v1/chat/completions "HTTP/1.1 200 OK"
2026-05-25 18:29:05,525 httpx INFO: HTTP Request: POST https://aiberm.com/v1/chat/completions "HTTP/1.1 200 OK"
2026-05-25 18:29:05,713 httpx INFO: HTTP Request: POST https://aiberm.com/v1/chat/completions "HTTP/1.1 200 OK"
2026-05-25 18:29:06,135 httpx INFO: HTTP Request: POST https://aiberm.com/v1/chat/completions "HTTP/1.1 200 OK"
2026-05-25 18:29:06,215 httpx INFO: HTTP Request: POST https://aiberm.com/v1/chat/completions "HTTP/1.1 200 OK"
2026-05-25 18:29:06,348 httpx INFO: HTTP Request: POST https://aiberm.com/v1/chat/completions "HTTP/1.1 200 OK"
2026-05-25 18:29:06,455 httpx INFO: HTTP Request: POST https://aiberm.com/v1/chat/completions "HTTP/1.1 200 OK"
2026-05-25 18:29:07,004 httpx INFO: HTTP Request: POST https://aiberm.com/v1/chat/completions "HTTP/1.1 200 OK"
2026-05-25 18:29:07,067 httpx INFO: HTTP Request: POST https://aiberm.com/v1/chat/completions "HTTP/1.1 200 OK"
2026-05-25 18:29:07,357 httpx INFO: HTTP Request: POST https://aiberm.com/v1/chat/completions "HTTP/1.1 200 OK"
2026-05-25 18:29:07,760 httpx INFO: HTTP Request: POST https://aiberm.com/v1/chat/completions "HTTP/1.1 200 OK"
2026-05-25 18:29:07,787 httpx INFO: HTTP Request: POST https://aiberm.com/v1/chat/completions "HTTP/1.1 200 OK"
2026-05-25 18:29:08,416 httpx INFO: HTTP Request: POST https://aiberm.com/v1/chat/completions "HTTP/1.1 200 OK"
2026-05-25 18:29:08,699 httpx INFO: HTTP Request: POST https://aiberm.com/v1/chat/completions "HTTP/1.1 200 OK"
2026-05-25 18:29:09,082 httpx INFO: HTTP Request: POST https://aiberm.com/v1/chat/completions "HTTP/1.1 200 OK"
2026-05-25 18:29:09,215 httpx INFO: HTTP Request: POST https://aiberm.com/v1/chat/completions "HTTP/1.1 200 OK"
2026-05-25 18:29:09,243 httpx INFO: HTTP Request: POST https://aiberm.com/v1/chat/completions "HTTP/1.1 200 OK"
2026-05-25 18:29:09,653 httpx INFO: HTTP Request: POST https://aiberm.com/v1/chat/completions "HTTP/1.1 200 OK"
2026-05-25 18:29:09,755 httpx INFO: HTTP Request: POST https://aiberm.com/v1/chat/completions "HTTP/1.1 200 OK"
2026-05-25 18:29:10,098 httpx INFO: HTTP Request: POST https://aiberm.com/v1/chat/completions "HTTP/1.1 200 OK"
2026-05-25 18:29:10,459 httpx INFO: HTTP Request: POST https://aiberm.com/v1/chat/completions "HTTP/1.1 200 OK"
2026-05-25 18:29:10,860 httpx INFO: HTTP Request: POST https://aiberm.com/v1/chat/completions "HTTP/1.1 200 OK"
2026-05-25 18:29:11,165 httpx INFO: HTTP Request: POST https://aiberm.com/v1/chat/completions "HTTP/1.1 200 OK"
2026-05-25 18:29:11,194 httpx INFO: HTTP Request: POST https://aiberm.com/v1/chat/completions "HTTP/1.1 200 OK"
2026-05-25 18:29:11,860 httpx INFO: HTTP Request: POST https://aiberm.com/v1/chat/completions "HTTP/1.1 200 OK"
2026-05-25 18:29:11,979 httpx INFO: HTTP Request: POST https://aiberm.com/v1/chat/completions "HTTP/1.1 200 OK"
2026-05-25 18:29:12,200 httpx INFO: HTTP Request: POST https://aiberm.com/v1/chat/completions "HTTP/1.1 200 OK"
2026-05-25 18:29:12,339 httpx INFO: HTTP Request: POST https://aiberm.com/v1/chat/completions "HTTP/1.1 200 OK"
2026-05-25 18:29:13,626 httpx INFO: HTTP Request: POST https://aiberm.com/v1/chat/completions "HTTP/1.1 200 OK"
2026-05-25 18:29:13,704 httpx INFO: HTTP Request: POST https://aiberm.com/v1/chat/completions "HTTP/1.1 200 OK"
2026-05-25 18:29:13,734 httpx INFO: HTTP Request: POST https://aiberm.com/v1/chat/completions "HTTP/1.1 200 OK"
2026-05-25 18:29:13,775 httpx INFO: HTTP Request: POST https://aiberm.com/v1/chat/completions "HTTP/1.1 200 OK"
2026-05-25 18:29:13,837 httpx INFO: HTTP Request: POST https://aiberm.com/v1/chat/completions "HTTP/1.1 200 OK"
2026-05-25 18:29:13,875 httpx INFO: HTTP Request: POST https://aiberm.com/v1/chat/completions "HTTP/1.1 200 OK"
2026-05-25 18:29:14,017 httpx INFO: HTTP Request: POST https://aiberm.com/v1/chat/completions "HTTP/1.1 200 OK"
2026-05-25 18:29:14,305 httpx INFO: HTTP Request: POST https://aiberm.com/v1/chat/completions "HTTP/1.1 200 OK"
2026-05-25 18:29:14,331 httpx INFO: HTTP Request: POST https://aiberm.com/v1/chat/completions "HTTP/1.1 200 OK"
2026-05-25 18:29:14,393 httpx INFO: HTTP Request: POST https://aiberm.com/v1/chat/completions "HTTP/1.1 200 OK"
2026-05-25 18:29:15,783 httpx INFO: HTTP Request: POST https://aiberm.com/v1/chat/completions "HTTP/1.1 200 OK"
2026-05-25 18:29:15,829 httpx INFO: HTTP Request: POST https://aiberm.com/v1/chat/completions "HTTP/1.1 200 OK"
2026-05-25 18:29:16,527 httpx INFO: HTTP Request: POST https://aiberm.com/v1/chat/completions "HTTP/1.1 200 OK"
2026-05-25 18:29:17,052 httpx INFO: HTTP Request: POST https://aiberm.com/v1/chat/completions "HTTP/1.1 200 OK"
2026-05-25 18:29:17,082 httpx INFO: HTTP Request: POST https://aiberm.com/v1/chat/completions "HTTP/1.1 200 OK"
2026-05-25 18:29:17,435 httpx INFO: HTTP Request: POST https://aiberm.com/v1/chat/completions "HTTP/1.1 200 OK"
2026-05-25 18:29:17,464 httpx INFO: HTTP Request: POST https://aiberm.com/v1/chat/completions "HTTP/1.1 200 OK"
2026-05-25 18:29:17,916 httpx INFO: HTTP Request: POST https://aiberm.com/v1/chat/completions "HTTP/1.1 200 OK"
2026-05-25 18:29:17,943 httpx INFO: HTTP Request: POST https://aiberm.com/v1/chat/completions "HTTP/1.1 200 OK"
2026-05-25 18:29:18,216 httpx INFO: HTTP Request: POST https://aiberm.com/v1/chat/completions "HTTP/1.1 200 OK"
2026-05-25 18:29:18,775 httpx INFO: HTTP Request: POST https://aiberm.com/v1/chat/completions "HTTP/1.1 200 OK"
2026-05-25 18:29:18,804 httpx INFO: HTTP Request: POST https://aiberm.com/v1/chat/completions "HTTP/1.1 200 OK"
2026-05-25 18:29:18,805 httpx INFO: HTTP Request: POST https://aiberm.com/v1/chat/completions "HTTP/1.1 200 OK"
2026-05-25 18:29:19,266 httpx INFO: HTTP Request: POST https://aiberm.com/v1/chat/completions "HTTP/1.1 200 OK"
2026-05-25 18:29:19,772 httpx INFO: HTTP Request: POST https://aiberm.com/v1/chat/completions "HTTP/1.1 200 OK"
2026-05-25 18:29:19,856 httpx INFO: HTTP Request: POST https://aiberm.com/v1/chat/completions "HTTP/1.1 200 OK"
2026-05-25 18:29:20,401 httpx INFO: HTTP Request: POST https://aiberm.com/v1/chat/completions "HTTP/1.1 200 OK"
2026-05-25 18:29:20,453 httpx INFO: HTTP Request: POST https://aiberm.com/v1/chat/completions "HTTP/1.1 200 OK"
2026-05-25 18:29:20,793 httpx INFO: HTTP Request: POST https://aiberm.com/v1/chat/completions "HTTP/1.1 200 OK"
2026-05-25 18:29:20,955 httpx INFO: HTTP Request: POST https://aiberm.com/v1/chat/completions "HTTP/1.1 200 OK"
2026-05-25 18:29:22,371 httpx INFO: HTTP Request: POST https://aiberm.com/v1/chat/completions "HTTP/1.1 200 OK"
2026-05-25 18:29:23,084 httpx INFO: HTTP Request: POST https://aiberm.com/v1/chat/completions "HTTP/1.1 200 OK"
2026-05-25 18:29:23,211 httpx INFO: HTTP Request: POST https://aiberm.com/v1/chat/completions "HTTP/1.1 200 OK"
2026-05-25 18:29:23,355 httpx INFO: HTTP Request: POST https://aiberm.com/v1/chat/completions "HTTP/1.1 200 OK"
2026-05-25 18:29:23,395 httpx INFO: HTTP Request: POST https://aiberm.com/v1/chat/completions "HTTP/1.1 200 OK"
2026-05-25 18:29:23,562 httpx INFO: HTTP Request: POST https://aiberm.com/v1/chat/completions "HTTP/1.1 200 OK"
2026-05-25 18:29:23,943 httpx INFO: HTTP Request: POST https://aiberm.com/v1/chat/completions "HTTP/1.1 200 OK"
2026-05-25 18:29:24,172 httpx INFO: HTTP Request: POST https://aiberm.com/v1/chat/completions "HTTP/1.1 200 OK"
2026-05-25 18:29:24,485 httpx INFO: HTTP Request: POST https://aiberm.com/v1/chat/completions "HTTP/1.1 200 OK"
2026-05-25 18:29:25,262 httpx INFO: HTTP Request: POST https://aiberm.com/v1/chat/completions "HTTP/1.1 200 OK"
2026-05-25 18:29:25,484 httpx INFO: HTTP Request: POST https://aiberm.com/v1/chat/completions "HTTP/1.1 200 OK"
2026-05-25 18:29:25,862 httpx INFO: HTTP Request: POST https://aiberm.com/v1/chat/completions "HTTP/1.1 200 OK"
2026-05-25 18:29:26,617 httpx INFO: HTTP Request: POST https://aiberm.com/v1/chat/completions "HTTP/1.1 200 OK"
2026-05-25 18:29:26,657 httpx INFO: HTTP Request: POST https://aiberm.com/v1/chat/completions "HTTP/1.1 200 OK"
2026-05-25 18:29:26,685 httpx INFO: HTTP Request: POST https://aiberm.com/v1/chat/completions "HTTP/1.1 200 OK"
2026-05-25 18:29:27,384 httpx INFO: HTTP Request: POST https://aiberm.com/v1/chat/completions "HTTP/1.1 200 OK"
2026-05-25 18:29:27,411 httpx INFO: HTTP Request: POST https://aiberm.com/v1/chat/completions "HTTP/1.1 200 OK"
2026-05-25 18:29:27,723 httpx INFO: HTTP Request: POST https://aiberm.com/v1/chat/completions "HTTP/1.1 200 OK"
2026-05-25 18:29:27,904 httpx INFO: HTTP Request: POST https://aiberm.com/v1/chat/completions "HTTP/1.1 200 OK"
2026-05-25 18:29:27,963 httpx INFO: HTTP Request: POST https://aiberm.com/v1/chat/completions "HTTP/1.1 200 OK"
2026-05-25 18:29:29,278 httpx INFO: HTTP Request: POST https://aiberm.com/v1/chat/completions "HTTP/1.1 200 OK"
2026-05-25 18:29:29,695 httpx INFO: HTTP Request: POST https://aiberm.com/v1/chat/completions "HTTP/1.1 200 OK"
2026-05-25 18:29:30,019 httpx INFO: HTTP Request: POST https://aiberm.com/v1/chat/completions "HTTP/1.1 200 OK"
2026-05-25 18:29:30,350 httpx INFO: HTTP Request: POST https://aiberm.com/v1/chat/completions "HTTP/1.1 200 OK"
2026-05-25 18:29:30,751 httpx INFO: HTTP Request: POST https://aiberm.com/v1/chat/completions "HTTP/1.1 200 OK"
2026-05-25 18:29:31,096 httpx INFO: HTTP Request: POST https://aiberm.com/v1/chat/completions "HTTP/1.1 200 OK"
2026-05-25 18:29:31,589 httpx INFO: HTTP Request: POST https://aiberm.com/v1/chat/completions "HTTP/1.1 200 OK"
2026-05-25 18:29:31,617 httpx INFO: HTTP Request: POST https://aiberm.com/v1/chat/completions "HTTP/1.1 200 OK"
2026-05-25 18:29:32,870 httpx INFO: HTTP Request: POST https://aiberm.com/v1/chat/completions "HTTP/1.1 200 OK"
2026-05-25 18:29:32,901 httpx INFO: HTTP Request: POST https://aiberm.com/v1/chat/completions "HTTP/1.1 200 OK"
2026-05-25 18:29:33,419 httpx INFO: HTTP Request: POST https://aiberm.com/v1/chat/completions "HTTP/1.1 200 OK"
2026-05-25 18:29:33,514 httpx INFO: HTTP Request: POST https://aiberm.com/v1/chat/completions "HTTP/1.1 200 OK"
2026-05-25 18:29:33,605 httpx INFO: HTTP Request: POST https://aiberm.com/v1/chat/completions "HTTP/1.1 200 OK"
2026-05-25 18:29:33,859 httpx INFO: HTTP Request: POST https://aiberm.com/v1/chat/completions "HTTP/1.1 200 OK"
2026-05-25 18:29:33,893 httpx INFO: HTTP Request: POST https://aiberm.com/v1/chat/completions "HTTP/1.1 200 OK"
2026-05-25 18:29:33,940 httpx INFO: HTTP Request: POST https://aiberm.com/v1/chat/completions "HTTP/1.1 200 OK"
2026-05-25 18:29:34,234 httpx INFO: HTTP Request: POST https://aiberm.com/v1/chat/completions "HTTP/1.1 200 OK"
2026-05-25 18:29:34,546 httpx INFO: HTTP Request: POST https://aiberm.com/v1/chat/completions "HTTP/1.1 200 OK"
2026-05-25 18:29:34,621 httpx INFO: HTTP Request: POST https://aiberm.com/v1/chat/completions "HTTP/1.1 200 OK"
2026-05-25 18:29:35,118 httpx INFO: HTTP Request: POST https://aiberm.com/v1/chat/completions "HTTP/1.1 200 OK"
2026-05-25 18:29:35,556 httpx INFO: HTTP Request: POST https://aiberm.com/v1/chat/completions "HTTP/1.1 200 OK"
2026-05-25 18:29:36,575 httpx INFO: HTTP Request: POST https://aiberm.com/v1/chat/completions "HTTP/1.1 200 OK"
2026-05-25 18:29:37,247 httpx INFO: HTTP Request: POST https://aiberm.com/v1/chat/completions "HTTP/1.1 200 OK"
2026-05-25 18:29:37,286 httpx INFO: HTTP Request: POST https://aiberm.com/v1/chat/completions "HTTP/1.1 200 OK"
2026-05-25 18:29:37,394 httpx INFO: HTTP Request: POST https://aiberm.com/v1/chat/completions "HTTP/1.1 200 OK"
2026-05-25 18:29:37,840 httpx INFO: HTTP Request: POST https://aiberm.com/v1/chat/completions "HTTP/1.1 200 OK"
2026-05-25 18:29:38,083 httpx INFO: HTTP Request: POST https://aiberm.com/v1/chat/completions "HTTP/1.1 200 OK"
2026-05-25 18:29:38,415 httpx INFO: HTTP Request: POST https://aiberm.com/v1/chat/completions "HTTP/1.1 200 OK"
2026-05-25 18:29:38,475 httpx INFO: HTTP Request: POST https://aiberm.com/v1/chat/completions "HTTP/1.1 200 OK"
2026-05-25 18:29:38,550 httpx INFO: HTTP Request: POST https://aiberm.com/v1/chat/completions "HTTP/1.1 200 OK"
2026-05-25 18:29:38,701 httpx INFO: HTTP Request: POST https://aiberm.com/v1/chat/completions "HTTP/1.1 200 OK"
2026-05-25 18:29:39,683 httpx INFO: HTTP Request: POST https://aiberm.com/v1/chat/completions "HTTP/1.1 200 OK"
2026-05-25 18:29:40,045 httpx INFO: HTTP Request: POST https://aiberm.com/v1/chat/completions "HTTP/1.1 200 OK"
2026-05-25 18:29:40,127 httpx INFO: HTTP Request: POST https://aiberm.com/v1/chat/completions "HTTP/1.1 200 OK"
2026-05-25 18:29:40,510 httpx INFO: HTTP Request: POST https://aiberm.com/v1/chat/completions "HTTP/1.1 200 OK"
2026-05-25 18:29:40,921 httpx INFO: HTTP Request: POST https://aiberm.com/v1/chat/completions "HTTP/1.1 200 OK"
2026-05-25 18:29:41,789 httpx INFO: HTTP Request: POST https://aiberm.com/v1/chat/completions "HTTP/1.1 200 OK"
2026-05-25 18:29:41,818 httpx INFO: HTTP Request: POST https://aiberm.com/v1/chat/completions "HTTP/1.1 200 OK"
2026-05-25 18:29:42,997 httpx INFO: HTTP Request: POST https://aiberm.com/v1/chat/completions "HTTP/1.1 200 OK"
2026-05-25 18:29:43,141 httpx INFO: HTTP Request: POST https://aiberm.com/v1/chat/completions "HTTP/1.1 200 OK"
2026-05-25 18:29:43,599 httpx INFO: HTTP Request: POST https://aiberm.com/v1/chat/completions "HTTP/1.1 200 OK"
2026-05-25 18:29:43,754 httpx INFO: HTTP Request: POST https://aiberm.com/v1/chat/completions "HTTP/1.1 200 OK"
2026-05-25 18:29:43,781 httpx INFO: HTTP Request: POST https://aiberm.com/v1/chat/completions "HTTP/1.1 200 OK"
2026-05-25 18:29:43,821 httpx INFO: HTTP Request: POST https://aiberm.com/v1/chat/completions "HTTP/1.1 200 OK"
2026-05-25 18:29:43,907 httpx INFO: HTTP Request: POST https://aiberm.com/v1/chat/completions "HTTP/1.1 200 OK"
2026-05-25 18:29:44,324 httpx INFO: HTTP Request: POST https://aiberm.com/v1/chat/completions "HTTP/1.1 200 OK"
2026-05-25 18:29:44,356 httpx INFO: HTTP Request: POST https://aiberm.com/v1/chat/completions "HTTP/1.1 200 OK"
2026-05-25 18:29:44,762 httpx INFO: HTTP Request: POST https://aiberm.com/v1/chat/completions "HTTP/1.1 200 OK"
2026-05-25 18:29:44,821 httpx INFO: HTTP Request: POST https://aiberm.com/v1/chat/completions "HTTP/1.1 200 OK"
2026-05-25 18:29:45,959 httpx INFO: HTTP Request: POST https://aiberm.com/v1/chat/completions "HTTP/1.1 200 OK"
2026-05-25 18:29:46,106 httpx INFO: HTTP Request: POST https://aiberm.com/v1/chat/completions "HTTP/1.1 200 OK"
2026-05-25 18:29:47,353 httpx INFO: HTTP Request: POST https://aiberm.com/v1/chat/completions "HTTP/1.1 200 OK"
2026-05-25 18:29:47,886 httpx INFO: HTTP Request: POST https://aiberm.com/v1/chat/completions "HTTP/1.1 200 OK"
2026-05-25 18:29:48,092 httpx INFO: HTTP Request: POST https://aiberm.com/v1/chat/completions "HTTP/1.1 200 OK"
2026-05-25 18:29:48,130 httpx INFO: HTTP Request: POST https://aiberm.com/v1/chat/completions "HTTP/1.1 200 OK"
2026-05-25 18:29:48,364 httpx INFO: HTTP Request: POST https://aiberm.com/v1/chat/completions "HTTP/1.1 200 OK"
2026-05-25 18:29:48,575 httpx INFO: HTTP Request: POST https://aiberm.com/v1/chat/completions "HTTP/1.1 200 OK"
2026-05-25 18:29:48,817 httpx INFO: HTTP Request: POST https://aiberm.com/v1/chat/completions "HTTP/1.1 200 OK"
2026-05-25 18:29:48,967 httpx INFO: HTTP Request: POST https://aiberm.com/v1/chat/completions "HTTP/1.1 200 OK"
2026-05-25 18:29:49,428 httpx INFO: HTTP Request: POST https://aiberm.com/v1/chat/completions "HTTP/1.1 200 OK"
2026-05-25 18:29:49,573 httpx INFO: HTTP Request: POST https://aiberm.com/v1/chat/completions "HTTP/1.1 200 OK"
2026-05-25 18:29:50,240 httpx INFO: HTTP Request: POST https://aiberm.com/v1/chat/completions "HTTP/1.1 200 OK"
2026-05-25 18:29:50,742 httpx INFO: HTTP Request: POST https://aiberm.com/v1/chat/completions "HTTP/1.1 200 OK"
2026-05-25 18:29:50,951 httpx INFO: HTTP Request: POST https://aiberm.com/v1/chat/completions "HTTP/1.1 200 OK"
2026-05-25 18:29:51,195 httpx INFO: HTTP Request: POST https://aiberm.com/v1/chat/completions "HTTP/1.1 200 OK"
2026-05-25 18:29:51,618 httpx INFO: HTTP Request: POST https://aiberm.com/v1/chat/completions "HTTP/1.1 200 OK"
2026-05-25 18:29:52,168 httpx INFO: HTTP Request: POST https://aiberm.com/v1/chat/completions "HTTP/1.1 200 OK"
2026-05-25 18:29:53,208 httpx INFO: HTTP Request: POST https://aiberm.com/v1/chat/completions "HTTP/1.1 200 OK"
2026-05-25 18:29:53,355 httpx INFO: HTTP Request: POST https://aiberm.com/v1/chat/completions "HTTP/1.1 200 OK"
2026-05-25 18:29:53,386 httpx INFO: HTTP Request: POST https://aiberm.com/v1/chat/completions "HTTP/1.1 200 OK"
2026-05-25 18:29:53,416 httpx INFO: HTTP Request: POST https://aiberm.com/v1/chat/completions "HTTP/1.1 200 OK"
2026-05-25 18:29:53,694 httpx INFO: HTTP Request: POST https://aiberm.com/v1/chat/completions "HTTP/1.1 200 OK"
2026-05-25 18:29:53,900 httpx INFO: HTTP Request: POST https://aiberm.com/v1/chat/completions "HTTP/1.1 200 OK"
2026-05-25 18:29:53,938 httpx INFO: HTTP Request: POST https://aiberm.com/v1/chat/completions "HTTP/1.1 200 OK"
2026-05-25 18:29:54,004 httpx INFO: HTTP Request: POST https://aiberm.com/v1/chat/completions "HTTP/1.1 200 OK"
2026-05-25 18:29:54,092 httpx INFO: HTTP Request: POST https://aiberm.com/v1/chat/completions "HTTP/1.1 200 OK"
2026-05-25 18:29:54,386 httpx INFO: HTTP Request: POST https://aiberm.com/v1/chat/completions "HTTP/1.1 200 OK"
2026-05-25 18:29:55,899 httpx INFO: HTTP Request: POST https://aiberm.com/v1/chat/completions "HTTP/1.1 200 OK"
2026-05-25 18:29:55,990 httpx INFO: HTTP Request: POST https://aiberm.com/v1/chat/completions "HTTP/1.1 200 OK"
2026-05-25 18:29:56,474 httpx INFO: HTTP Request: POST https://aiberm.com/v1/chat/completions "HTTP/1.1 200 OK"
2026-05-25 18:29:56,854 httpx INFO: HTTP Request: POST https://aiberm.com/v1/chat/completions "HTTP/1.1 200 OK"
2026-05-25 18:29:57,976 httpx INFO: HTTP Request: POST https://aiberm.com/v1/chat/completions "HTTP/1.1 200 OK"
2026-05-25 18:29:58,203 httpx INFO: HTTP Request: POST https://aiberm.com/v1/chat/completions "HTTP/1.1 200 OK"
2026-05-25 18:29:58,496 httpx INFO: HTTP Request: POST https://aiberm.com/v1/chat/completions "HTTP/1.1 200 OK"
2026-05-25 18:29:59,039 httpx INFO: HTTP Request: POST https://aiberm.com/v1/chat/completions "HTTP/1.1 200 OK"
2026-05-25 18:29:59,277 httpx INFO: HTTP Request: POST https://aiberm.com/v1/chat/completions "HTTP/1.1 200 OK"
2026-05-25 18:29:59,368 httpx INFO: HTTP Request: POST https://aiberm.com/v1/chat/completions "HTTP/1.1 200 OK"
2026-05-25 18:29:59,473 httpx INFO: HTTP Request: POST https://aiberm.com/v1/chat/completions "HTTP/1.1 200 OK"
2026-05-25 18:29:59,943 httpx INFO: HTTP Request: POST https://aiberm.com/v1/chat/completions "HTTP/1.1 200 OK"
2026-05-25 18:30:00,246 httpx INFO: HTTP Request: POST https://aiberm.com/v1/chat/completions "HTTP/1.1 200 OK"
2026-05-25 18:30:00,416 httpx INFO: HTTP Request: POST https://aiberm.com/v1/chat/completions "HTTP/1.1 200 OK"
2026-05-25 18:30:00,446 httpx INFO: HTTP Request: POST https://aiberm.com/v1/chat/completions "HTTP/1.1 200 OK"
2026-05-25 18:30:00,683 httpx INFO: HTTP Request: POST https://aiberm.com/v1/chat/completions "HTTP/1.1 200 OK"
2026-05-25 18:30:01,027 httpx INFO: HTTP Request: POST https://aiberm.com/v1/chat/completions "HTTP/1.1 200 OK"
2026-05-25 18:30:01,330 httpx INFO: HTTP Request: POST https://aiberm.com/v1/chat/completions "HTTP/1.1 200 OK"
2026-05-25 18:30:01,880 httpx INFO: HTTP Request: POST https://aiberm.com/v1/chat/completions "HTTP/1.1 200 OK"
2026-05-25 18:30:02,841 httpx INFO: HTTP Request: POST https://aiberm.com/v1/chat/completions "HTTP/1.1 200 OK"
2026-05-25 18:30:02,901 httpx INFO: HTTP Request: POST https://aiberm.com/v1/chat/completions "HTTP/1.1 200 OK"
2026-05-25 18:30:02,990 httpx INFO: HTTP Request: POST https://aiberm.com/v1/chat/completions "HTTP/1.1 200 OK"
2026-05-25 18:30:03,515 httpx INFO: HTTP Request: POST https://aiberm.com/v1/chat/completions "HTTP/1.1 200 OK"
2026-05-25 18:30:03,720 httpx INFO: HTTP Request: POST https://aiberm.com/v1/chat/completions "HTTP/1.1 200 OK"
2026-05-25 18:30:03,795 httpx INFO: HTTP Request: POST https://aiberm.com/v1/chat/completions "HTTP/1.1 200 OK"
2026-05-25 18:30:03,958 httpx INFO: HTTP Request: POST https://aiberm.com/v1/chat/completions "HTTP/1.1 200 OK"
2026-05-25 18:30:04,147 httpx INFO: HTTP Request: POST https://aiberm.com/v1/chat/completions "HTTP/1.1 200 OK"
2026-05-25 18:30:04,680 httpx INFO: HTTP Request: POST https://aiberm.com/v1/chat/completions "HTTP/1.1 200 OK"
2026-05-25 18:30:05,115 httpx INFO: HTTP Request: POST https://aiberm.com/v1/chat/completions "HTTP/1.1 200 OK"
2026-05-25 18:30:05,341 httpx INFO: HTTP Request: POST https://aiberm.com/v1/chat/completions "HTTP/1.1 200 OK"
2026-05-25 18:30:05,429 httpx INFO: HTTP Request: POST https://aiberm.com/v1/chat/completions "HTTP/1.1 200 OK"
2026-05-25 18:30:06,066 httpx INFO: HTTP Request: POST https://aiberm.com/v1/chat/completions "HTTP/1.1 200 OK"
2026-05-25 18:30:06,264 httpx INFO: HTTP Request: POST https://aiberm.com/v1/chat/completions "HTTP/1.1 200 OK"
2026-05-25 18:30:07,064 httpx INFO: HTTP Request: POST https://aiberm.com/v1/chat/completions "HTTP/1.1 200 OK"
2026-05-25 18:30:07,138 httpx INFO: HTTP Request: POST https://aiberm.com/v1/chat/completions "HTTP/1.1 200 OK"
2026-05-25 18:30:07,434 httpx INFO: HTTP Request: POST https://aiberm.com/v1/chat/completions "HTTP/1.1 200 OK"
2026-05-25 18:30:08,006 httpx INFO: HTTP Request: POST https://aiberm.com/v1/chat/completions "HTTP/1.1 200 OK"
2026-05-25 18:30:08,170 httpx INFO: HTTP Request: POST https://aiberm.com/v1/chat/completions "HTTP/1.1 200 OK"
2026-05-25 18:30:08,280 httpx INFO: HTTP Request: POST https://aiberm.com/v1/chat/completions "HTTP/1.1 200 OK"
2026-05-25 18:30:08,735 httpx INFO: HTTP Request: POST https://aiberm.com/v1/chat/completions "HTTP/1.1 200 OK"
2026-05-25 18:30:08,982 httpx INFO: HTTP Request: POST https://aiberm.com/v1/chat/completions "HTTP/1.1 200 OK"
2026-05-25 18:30:09,211 httpx INFO: HTTP Request: POST https://aiberm.com/v1/chat/completions "HTTP/1.1 200 OK"
2026-05-25 18:30:09,342 httpx INFO: HTTP Request: POST https://aiberm.com/v1/chat/completions "HTTP/1.1 200 OK"
2026-05-25 18:30:09,462 httpx INFO: HTTP Request: POST https://aiberm.com/v1/chat/completions "HTTP/1.1 200 OK"
2026-05-25 18:30:09,762 httpx INFO: HTTP Request: POST https://aiberm.com/v1/chat/completions "HTTP/1.1 200 OK"
2026-05-25 18:30:10,093 httpx INFO: HTTP Request: POST https://aiberm.com/v1/chat/completions "HTTP/1.1 200 OK"
2026-05-25 18:30:10,559 httpx INFO: HTTP Request: POST https://aiberm.com/v1/chat/completions "HTTP/1.1 200 OK"
2026-05-25 18:30:10,813 httpx INFO: HTTP Request: POST https://aiberm.com/v1/chat/completions "HTTP/1.1 200 OK"
2026-05-25 18:30:10,936 httpx INFO: HTTP Request: POST https://aiberm.com/v1/chat/completions "HTTP/1.1 200 OK"
2026-05-25 18:30:11,130 httpx INFO: HTTP Request: POST https://aiberm.com/v1/chat/completions "HTTP/1.1 200 OK"
2026-05-25 18:30:11,183 httpx INFO: HTTP Request: POST https://aiberm.com/v1/chat/completions "HTTP/1.1 200 OK"
2026-05-25 18:30:11,729 httpx INFO: HTTP Request: POST https://aiberm.com/v1/chat/completions "HTTP/1.1 200 OK"
2026-05-25 18:30:11,851 httpx INFO: HTTP Request: POST https://aiberm.com/v1/chat/completions "HTTP/1.1 200 OK"
2026-05-25 18:30:12,450 httpx INFO: HTTP Request: POST https://aiberm.com/v1/chat/completions "HTTP/1.1 200 OK"
2026-05-25 18:30:13,095 httpx INFO: HTTP Request: POST https://aiberm.com/v1/chat/completions "HTTP/1.1 200 OK"
2026-05-25 18:30:13,219 httpx INFO: HTTP Request: POST https://aiberm.com/v1/chat/completions "HTTP/1.1 200 OK"
2026-05-25 18:30:13,672 httpx INFO: HTTP Request: POST https://aiberm.com/v1/chat/completions "HTTP/1.1 200 OK"
2026-05-25 18:30:13,906 httpx INFO: HTTP Request: POST https://aiberm.com/v1/chat/completions "HTTP/1.1 200 OK"
2026-05-25 18:30:13,935 httpx INFO: HTTP Request: POST https://aiberm.com/v1/chat/completions "HTTP/1.1 200 OK"
2026-05-25 18:30:14,574 httpx INFO: HTTP Request: POST https://aiberm.com/v1/chat/completions "HTTP/1.1 200 OK"
2026-05-25 18:30:14,648 httpx INFO: HTTP Request: POST https://aiberm.com/v1/chat/completions "HTTP/1.1 200 OK"
2026-05-25 18:30:14,970 httpx INFO: HTTP Request: POST https://aiberm.com/v1/chat/completions "HTTP/1.1 200 OK"
2026-05-25 18:30:15,089 httpx INFO: HTTP Request: POST https://aiberm.com/v1/chat/completions "HTTP/1.1 200 OK"
2026-05-25 18:30:15,132 httpx INFO: HTTP Request: POST https://aiberm.com/v1/chat/completions "HTTP/1.1 200 OK"
2026-05-25 18:30:15,710 httpx INFO: HTTP Request: POST https://aiberm.com/v1/chat/completions "HTTP/1.1 200 OK"
2026-05-25 18:30:16,094 httpx INFO: HTTP Request: POST https://aiberm.com/v1/chat/completions "HTTP/1.1 200 OK"
2026-05-25 18:30:16,441 httpx INFO: HTTP Request: POST https://aiberm.com/v1/chat/completions "HTTP/1.1 200 OK"
2026-05-25 18:30:16,967 httpx INFO: HTTP Request: POST https://aiberm.com/v1/chat/completions "HTTP/1.1 200 OK"
2026-05-25 18:30:17,221 httpx INFO: HTTP Request: POST https://aiberm.com/v1/chat/completions "HTTP/1.1 200 OK"
2026-05-25 18:30:18,040 httpx INFO: HTTP Request: POST https://aiberm.com/v1/chat/completions "HTTP/1.1 200 OK"
2026-05-25 18:30:18,074 httpx INFO: HTTP Request: POST https://aiberm.com/v1/chat/completions "HTTP/1.1 200 OK"
2026-05-25 18:30:18,759 httpx INFO: HTTP Request: POST https://aiberm.com/v1/chat/completions "HTTP/1.1 200 OK"
2026-05-25 18:30:19,116 httpx INFO: HTTP Request: POST https://aiberm.com/v1/chat/completions "HTTP/1.1 200 OK"
2026-05-25 18:30:19,144 httpx INFO: HTTP Request: POST https://aiberm.com/v1/chat/completions "HTTP/1.1 200 OK"
2026-05-25 18:30:19,171 httpx INFO: HTTP Request: POST https://aiberm.com/v1/chat/completions "HTTP/1.1 200 OK"
2026-05-25 18:30:19,662 httpx INFO: HTTP Request: POST https://aiberm.com/v1/chat/completions "HTTP/1.1 200 OK"
2026-05-25 18:30:19,908 httpx INFO: HTTP Request: POST https://aiberm.com/v1/chat/completions "HTTP/1.1 200 OK"
2026-05-25 18:30:20,187 httpx INFO: HTTP Request: POST https://aiberm.com/v1/chat/completions "HTTP/1.1 200 OK"
2026-05-25 18:30:21,152 httpx INFO: HTTP Request: POST https://aiberm.com/v1/chat/completions "HTTP/1.1 200 OK"
2026-05-25 18:30:21,444 httpx INFO: HTTP Request: POST https://aiberm.com/v1/chat/completions "HTTP/1.1 200 OK"
2026-05-25 18:30:21,721 httpx INFO: HTTP Request: POST https://aiberm.com/v1/chat/completions "HTTP/1.1 200 OK"
2026-05-25 18:30:21,859 httpx INFO: HTTP Request: POST https://aiberm.com/v1/chat/completions "HTTP/1.1 200 OK"
2026-05-25 18:30:22,054 httpx INFO: HTTP Request: POST https://aiberm.com/v1/chat/completions "HTTP/1.1 200 OK"
2026-05-25 18:30:22,898 httpx INFO: HTTP Request: POST https://aiberm.com/v1/chat/completions "HTTP/1.1 200 OK"
2026-05-25 18:30:23,267 httpx INFO: HTTP Request: POST https://aiberm.com/v1/chat/completions "HTTP/1.1 200 OK"
2026-05-25 18:30:23,508 httpx INFO: HTTP Request: POST https://aiberm.com/v1/chat/completions "HTTP/1.1 200 OK"
2026-05-25 18:30:23,554 httpx INFO: HTTP Request: POST https://aiberm.com/v1/chat/completions "HTTP/1.1 200 OK"
2026-05-25 18:30:23,843 httpx INFO: HTTP Request: POST https://aiberm.com/v1/chat/completions "HTTP/1.1 200 OK"
2026-05-25 18:30:24,572 httpx INFO: HTTP Request: POST https://aiberm.com/v1/chat/completions "HTTP/1.1 200 OK"
2026-05-25 18:30:24,611 httpx INFO: HTTP Request: POST https://aiberm.com/v1/chat/completions "HTTP/1.1 200 OK"
2026-05-25 18:30:24,978 httpx INFO: HTTP Request: POST https://aiberm.com/v1/chat/completions "HTTP/1.1 200 OK"
2026-05-25 18:30:25,614 httpx INFO: HTTP Request: POST https://aiberm.com/v1/chat/completions "HTTP/1.1 200 OK"
2026-05-25 18:30:25,720 httpx INFO: HTTP Request: POST https://aiberm.com/v1/chat/completions "HTTP/1.1 200 OK"
2026-05-25 18:30:26,119 httpx INFO: HTTP Request: POST https://aiberm.com/v1/chat/completions "HTTP/1.1 200 OK"
2026-05-25 18:30:26,494 httpx INFO: HTTP Request: POST https://aiberm.com/v1/chat/completions "HTTP/1.1 200 OK"
2026-05-25 18:30:26,686 httpx INFO: HTTP Request: POST https://aiberm.com/v1/chat/completions "HTTP/1.1 200 OK"
2026-05-25 18:30:28,191 httpx INFO: HTTP Request: POST https://aiberm.com/v1/chat/completions "HTTP/1.1 200 OK"
2026-05-25 18:30:28,673 httpx INFO: HTTP Request: POST https://aiberm.com/v1/chat/completions "HTTP/1.1 200 OK"
2026-05-25 18:30:28,776 httpx INFO: HTTP Request: POST https://aiberm.com/v1/chat/completions "HTTP/1.1 200 OK"
2026-05-25 18:30:28,807 httpx INFO: HTTP Request: POST https://aiberm.com/v1/chat/completions "HTTP/1.1 200 OK"
2026-05-25 18:30:29,221 httpx INFO: HTTP Request: POST https://aiberm.com/v1/chat/completions "HTTP/1.1 200 OK"
2026-05-25 18:30:29,394 httpx INFO: HTTP Request: POST https://aiberm.com/v1/chat/completions "HTTP/1.1 200 OK"
2026-05-25 18:30:29,667 httpx INFO: HTTP Request: POST https://aiberm.com/v1/chat/completions "HTTP/1.1 200 OK"
2026-05-25 18:30:29,867 httpx INFO: HTTP Request: POST https://aiberm.com/v1/chat/completions "HTTP/1.1 200 OK"
2026-05-25 18:30:30,991 httpx INFO: HTTP Request: POST https://aiberm.com/v1/chat/completions "HTTP/1.1 200 OK"
2026-05-25 18:30:31,411 httpx INFO: HTTP Request: POST https://aiberm.com/v1/chat/completions "HTTP/1.1 200 OK"
2026-05-25 18:30:31,851 httpx INFO: HTTP Request: POST https://aiberm.com/v1/chat/completions "HTTP/1.1 200 OK"
2026-05-25 18:30:31,913 httpx INFO: HTTP Request: POST https://aiberm.com/v1/chat/completions "HTTP/1.1 200 OK"
2026-05-25 18:30:32,313 httpx INFO: HTTP Request: POST https://aiberm.com/v1/chat/completions "HTTP/1.1 200 OK"
2026-05-25 18:30:32,388 httpx INFO: HTTP Request: POST https://aiberm.com/v1/chat/completions "HTTP/1.1 200 OK"
2026-05-25 18:30:32,618 httpx INFO: HTTP Request: POST https://aiberm.com/v1/chat/completions "HTTP/1.1 200 OK"
2026-05-25 18:30:32,892 httpx INFO: HTTP Request: POST https://aiberm.com/v1/chat/completions "HTTP/1.1 200 OK"
2026-05-25 18:30:33,324 httpx INFO: HTTP Request: POST https://aiberm.com/v1/chat/completions "HTTP/1.1 200 OK"
2026-05-25 18:30:33,519 httpx INFO: HTTP Request: POST https://aiberm.com/v1/chat/completions "HTTP/1.1 200 OK"
2026-05-25 18:30:33,708 httpx INFO: HTTP Request: POST https://aiberm.com/v1/chat/completions "HTTP/1.1 200 OK"
2026-05-25 18:30:33,921 httpx INFO: HTTP Request: POST https://aiberm.com/v1/chat/completions "HTTP/1.1 200 OK"
2026-05-25 18:30:33,988 httpx INFO: HTTP Request: POST https://aiberm.com/v1/chat/completions "HTTP/1.1 200 OK"
2026-05-25 18:30:34,672 httpx INFO: HTTP Request: POST https://aiberm.com/v1/chat/completions "HTTP/1.1 200 OK"
2026-05-25 18:30:35,067 httpx INFO: HTTP Request: POST https://aiberm.com/v1/chat/completions "HTTP/1.1 200 OK"
2026-05-25 18:30:35,873 httpx INFO: HTTP Request: POST https://aiberm.com/v1/chat/completions "HTTP/1.1 200 OK"
2026-05-25 18:30:36,067 httpx INFO: HTTP Request: POST https://aiberm.com/v1/chat/completions "HTTP/1.1 200 OK"
2026-05-25 18:30:36,306 httpx INFO: HTTP Request: POST https://aiberm.com/v1/chat/completions "HTTP/1.1 200 OK"
2026-05-25 18:30:36,308 httpx INFO: HTTP Request: POST https://aiberm.com/v1/chat/completions "HTTP/1.1 200 OK"
2026-05-25 18:30:36,359 httpx INFO: HTTP Request: POST https://aiberm.com/v1/chat/completions "HTTP/1.1 200 OK"
2026-05-25 18:30:36,488 httpx INFO: HTTP Request: POST https://aiberm.com/v1/chat/completions "HTTP/1.1 200 OK"
2026-05-25 18:30:37,042 httpx INFO: HTTP Request: POST https://aiberm.com/v1/chat/completions "HTTP/1.1 200 OK"
2026-05-25 18:30:39,193 httpx INFO: HTTP Request: POST https://aiberm.com/v1/chat/completions "HTTP/1.1 200 OK"
2026-05-25 18:30:39,222 __main__ INFO: wrote scores=outputs/scoring/cae-v2.0-1-scores-v3.json report=outputs/scoring/cae-v2.0-1-report-v3.md (94 items scored ok, 0 errors)
