2026-05-26 11:39:48,266 __main__ INFO: loaded 94 rubric items from data/CAE-v2.0-1-rubrics-v5.json
2026-05-26 11:39:48,267 __main__ INFO: loaded 94 anchors from data/CAE-anchor-scores.json
2026-05-26 11:39:48,267 __main__ INFO: loaded 0 existing scores from outputs/scoring/cae-v2.0-1-scores-v5.json
2026-05-26 11:39:48,267 __main__ WARNING: item_idx=46 has no rlm_answer; skipping
2026-05-26 11:39:48,267 __main__ WARNING: item_idx=48 has no rlm_answer; skipping
2026-05-26 11:39:48,339 __main__ INFO: scoring 92 pending items
2026-05-26 11:39:51,857 httpx INFO: HTTP Request: POST https://aiberm.com/v1/chat/completions "HTTP/1.1 200 OK"
2026-05-26 11:39:52,089 httpx INFO: HTTP Request: POST https://aiberm.com/v1/chat/completions "HTTP/1.1 200 OK"
2026-05-26 11:39:52,695 httpx INFO: HTTP Request: POST https://aiberm.com/v1/chat/completions "HTTP/1.1 200 OK"
2026-05-26 11:39:52,810 httpx INFO: HTTP Request: POST https://aiberm.com/v1/chat/completions "HTTP/1.1 200 OK"
2026-05-26 11:39:53,057 httpx INFO: HTTP Request: POST https://aiberm.com/v1/chat/completions "HTTP/1.1 200 OK"
2026-05-26 11:39:53,088 httpx INFO: HTTP Request: POST https://aiberm.com/v1/chat/completions "HTTP/1.1 200 OK"
2026-05-26 11:39:53,089 httpx INFO: HTTP Request: POST https://aiberm.com/v1/chat/completions "HTTP/1.1 200 OK"
2026-05-26 11:39:53,819 httpx INFO: HTTP Request: POST https://aiberm.com/v1/chat/completions "HTTP/1.1 200 OK"
2026-05-26 11:39:53,919 httpx INFO: HTTP Request: POST https://aiberm.com/v1/chat/completions "HTTP/1.1 200 OK"
2026-05-26 11:39:53,982 httpx INFO: HTTP Request: POST https://aiberm.com/v1/chat/completions "HTTP/1.1 200 OK"
2026-05-26 11:39:54,323 httpx INFO: HTTP Request: POST https://aiberm.com/v1/chat/completions "HTTP/1.1 200 OK"
2026-05-26 11:39:54,580 httpx INFO: HTTP Request: POST https://aiberm.com/v1/chat/completions "HTTP/1.1 200 OK"
2026-05-26 11:39:54,914 httpx INFO: HTTP Request: POST https://aiberm.com/v1/chat/completions "HTTP/1.1 200 OK"
2026-05-26 11:39:55,670 httpx INFO: HTTP Request: POST https://aiberm.com/v1/chat/completions "HTTP/1.1 200 OK"
2026-05-26 11:39:56,344 httpx INFO: HTTP Request: POST https://aiberm.com/v1/chat/completions "HTTP/1.1 200 OK"
2026-05-26 11:39:56,913 httpx INFO: HTTP Request: POST https://aiberm.com/v1/chat/completions "HTTP/1.1 200 OK"
2026-05-26 11:39:57,500 httpx INFO: HTTP Request: POST https://aiberm.com/v1/chat/completions "HTTP/1.1 200 OK"
2026-05-26 11:39:57,623 httpx INFO: HTTP Request: POST https://aiberm.com/v1/chat/completions "HTTP/1.1 200 OK"
2026-05-26 11:39:58,551 httpx INFO: HTTP Request: POST https://aiberm.com/v1/chat/completions "HTTP/1.1 200 OK"
2026-05-26 11:39:58,829 httpx INFO: HTTP Request: POST https://aiberm.com/v1/chat/completions "HTTP/1.1 200 OK"
2026-05-26 11:39:59,212 httpx INFO: HTTP Request: POST https://aiberm.com/v1/chat/completions "HTTP/1.1 200 OK"
2026-05-26 11:40:00,009 httpx INFO: HTTP Request: POST https://aiberm.com/v1/chat/completions "HTTP/1.1 200 OK"
2026-05-26 11:40:00,439 httpx INFO: HTTP Request: POST https://aiberm.com/v1/chat/completions "HTTP/1.1 200 OK"
2026-05-26 11:40:00,658 httpx INFO: HTTP Request: POST https://aiberm.com/v1/chat/completions "HTTP/1.1 200 OK"
2026-05-26 11:40:00,887 httpx INFO: HTTP Request: POST https://aiberm.com/v1/chat/completions "HTTP/1.1 200 OK"
2026-05-26 11:40:01,672 httpx INFO: HTTP Request: POST https://aiberm.com/v1/chat/completions "HTTP/1.1 200 OK"
2026-05-26 11:40:01,772 httpx INFO: HTTP Request: POST https://aiberm.com/v1/chat/completions "HTTP/1.1 200 OK"
2026-05-26 11:40:02,469 httpx INFO: HTTP Request: POST https://aiberm.com/v1/chat/completions "HTTP/1.1 200 OK"
2026-05-26 11:40:02,739 httpx INFO: HTTP Request: POST https://aiberm.com/v1/chat/completions "HTTP/1.1 200 OK"
2026-05-26 11:40:03,322 httpx INFO: HTTP Request: POST https://aiberm.com/v1/chat/completions "HTTP/1.1 200 OK"
2026-05-26 11:40:03,513 httpx INFO: HTTP Request: POST https://aiberm.com/v1/chat/completions "HTTP/1.1 200 OK"
2026-05-26 11:40:03,566 httpx INFO: HTTP Request: POST https://aiberm.com/v1/chat/completions "HTTP/1.1 200 OK"
2026-05-26 11:40:03,680 httpx INFO: HTTP Request: POST https://aiberm.com/v1/chat/completions "HTTP/1.1 200 OK"
2026-05-26 11:40:03,858 httpx INFO: HTTP Request: POST https://aiberm.com/v1/chat/completions "HTTP/1.1 200 OK"
2026-05-26 11:40:04,116 httpx INFO: HTTP Request: POST https://aiberm.com/v1/chat/completions "HTTP/1.1 200 OK"
2026-05-26 11:40:04,176 httpx INFO: HTTP Request: POST https://aiberm.com/v1/chat/completions "HTTP/1.1 200 OK"
2026-05-26 11:40:04,500 httpx INFO: HTTP Request: POST https://aiberm.com/v1/chat/completions "HTTP/1.1 200 OK"
2026-05-26 11:40:04,533 httpx INFO: HTTP Request: POST https://aiberm.com/v1/chat/completions "HTTP/1.1 200 OK"
2026-05-26 11:40:05,137 httpx INFO: HTTP Request: POST https://aiberm.com/v1/chat/completions "HTTP/1.1 200 OK"
2026-05-26 11:40:05,638 httpx INFO: HTTP Request: POST https://aiberm.com/v1/chat/completions "HTTP/1.1 200 OK"
2026-05-26 11:40:06,418 httpx INFO: HTTP Request: POST https://aiberm.com/v1/chat/completions "HTTP/1.1 200 OK"
2026-05-26 11:40:06,683 httpx INFO: HTTP Request: POST https://aiberm.com/v1/chat/completions "HTTP/1.1 200 OK"
2026-05-26 11:40:06,775 httpx INFO: HTTP Request: POST https://aiberm.com/v1/chat/completions "HTTP/1.1 200 OK"
2026-05-26 11:40:06,850 httpx INFO: HTTP Request: POST https://aiberm.com/v1/chat/completions "HTTP/1.1 200 OK"
2026-05-26 11:40:07,293 httpx INFO: HTTP Request: POST https://aiberm.com/v1/chat/completions "HTTP/1.1 200 OK"
2026-05-26 11:40:07,645 httpx INFO: HTTP Request: POST https://aiberm.com/v1/chat/completions "HTTP/1.1 200 OK"
2026-05-26 11:40:07,948 httpx INFO: HTTP Request: POST https://aiberm.com/v1/chat/completions "HTTP/1.1 200 OK"
2026-05-26 11:40:08,337 httpx INFO: HTTP Request: POST https://aiberm.com/v1/chat/completions "HTTP/1.1 200 OK"
2026-05-26 11:40:09,231 httpx INFO: HTTP Request: POST https://aiberm.com/v1/chat/completions "HTTP/1.1 200 OK"
2026-05-26 11:40:09,316 httpx INFO: HTTP Request: POST https://aiberm.com/v1/chat/completions "HTTP/1.1 200 OK"
2026-05-26 11:40:09,358 httpx INFO: HTTP Request: POST https://aiberm.com/v1/chat/completions "HTTP/1.1 200 OK"
2026-05-26 11:40:09,385 httpx INFO: HTTP Request: POST https://aiberm.com/v1/chat/completions "HTTP/1.1 200 OK"
2026-05-26 11:40:09,780 httpx INFO: HTTP Request: POST https://aiberm.com/v1/chat/completions "HTTP/1.1 200 OK"
2026-05-26 11:40:09,827 httpx INFO: HTTP Request: POST https://aiberm.com/v1/chat/completions "HTTP/1.1 200 OK"
2026-05-26 11:40:10,581 httpx INFO: HTTP Request: POST https://aiberm.com/v1/chat/completions "HTTP/1.1 200 OK"
2026-05-26 11:40:10,721 httpx INFO: HTTP Request: POST https://aiberm.com/v1/chat/completions "HTTP/1.1 200 OK"
2026-05-26 11:40:10,867 httpx INFO: HTTP Request: POST https://aiberm.com/v1/chat/completions "HTTP/1.1 200 OK"
2026-05-26 11:40:11,027 httpx INFO: HTTP Request: POST https://aiberm.com/v1/chat/completions "HTTP/1.1 200 OK"
2026-05-26 11:40:11,055 httpx INFO: HTTP Request: POST https://aiberm.com/v1/chat/completions "HTTP/1.1 200 OK"
2026-05-26 11:40:11,324 httpx INFO: HTTP Request: POST https://aiberm.com/v1/chat/completions "HTTP/1.1 200 OK"
2026-05-26 11:40:11,382 httpx INFO: HTTP Request: POST https://aiberm.com/v1/chat/completions "HTTP/1.1 200 OK"
2026-05-26 11:40:12,900 httpx INFO: HTTP Request: POST https://aiberm.com/v1/chat/completions "HTTP/1.1 200 OK"
2026-05-26 11:40:13,962 httpx INFO: HTTP Request: POST https://aiberm.com/v1/chat/completions "HTTP/1.1 200 OK"
2026-05-26 11:40:14,034 httpx INFO: HTTP Request: POST https://aiberm.com/v1/chat/completions "HTTP/1.1 200 OK"
2026-05-26 11:40:14,069 httpx INFO: HTTP Request: POST https://aiberm.com/v1/chat/completions "HTTP/1.1 200 OK"
2026-05-26 11:40:14,421 httpx INFO: HTTP Request: POST https://aiberm.com/v1/chat/completions "HTTP/1.1 200 OK"
2026-05-26 11:40:15,147 httpx INFO: HTTP Request: POST https://aiberm.com/v1/chat/completions "HTTP/1.1 200 OK"
2026-05-26 11:40:15,582 httpx INFO: HTTP Request: POST https://aiberm.com/v1/chat/completions "HTTP/1.1 200 OK"
2026-05-26 11:40:15,904 httpx INFO: HTTP Request: POST https://aiberm.com/v1/chat/completions "HTTP/1.1 200 OK"
2026-05-26 11:40:15,935 httpx INFO: HTTP Request: POST https://aiberm.com/v1/chat/completions "HTTP/1.1 200 OK"
2026-05-26 11:40:20,398 httpx INFO: HTTP Request: POST https://aiberm.com/v1/chat/completions "HTTP/1.1 200 OK"
2026-05-26 11:40:22,452 httpx INFO: HTTP Request: POST https://aiberm.com/v1/chat/completions "HTTP/1.1 200 OK"
2026-05-26 11:40:24,953 httpx INFO: HTTP Request: POST https://aiberm.com/v1/chat/completions "HTTP/1.1 200 OK"
2026-05-26 11:40:25,084 httpx INFO: HTTP Request: POST https://aiberm.com/v1/chat/completions "HTTP/1.1 200 OK"
2026-05-26 11:40:25,248 httpx INFO: HTTP Request: POST https://aiberm.com/v1/chat/completions "HTTP/1.1 200 OK"
2026-05-26 11:40:25,997 httpx INFO: HTTP Request: POST https://aiberm.com/v1/chat/completions "HTTP/1.1 200 OK"
2026-05-26 11:40:26,083 httpx INFO: HTTP Request: POST https://aiberm.com/v1/chat/completions "HTTP/1.1 200 OK"
2026-05-26 11:40:26,122 httpx INFO: HTTP Request: POST https://aiberm.com/v1/chat/completions "HTTP/1.1 200 OK"
2026-05-26 11:40:26,237 httpx INFO: HTTP Request: POST https://aiberm.com/v1/chat/completions "HTTP/1.1 200 OK"
2026-05-26 11:40:26,395 httpx INFO: HTTP Request: POST https://aiberm.com/v1/chat/completions "HTTP/1.1 200 OK"
2026-05-26 11:40:26,469 httpx INFO: HTTP Request: POST https://aiberm.com/v1/chat/completions "HTTP/1.1 200 OK"
2026-05-26 11:40:26,537 httpx INFO: HTTP Request: POST https://aiberm.com/v1/chat/completions "HTTP/1.1 200 OK"
2026-05-26 11:40:26,801 httpx INFO: HTTP Request: POST https://aiberm.com/v1/chat/completions "HTTP/1.1 200 OK"
2026-05-26 11:40:26,828 httpx INFO: HTTP Request: POST https://aiberm.com/v1/chat/completions "HTTP/1.1 200 OK"
2026-05-26 11:40:27,193 httpx INFO: HTTP Request: POST https://aiberm.com/v1/chat/completions "HTTP/1.1 200 OK"
2026-05-26 11:40:27,267 httpx INFO: HTTP Request: POST https://aiberm.com/v1/chat/completions "HTTP/1.1 200 OK"
2026-05-26 11:40:27,811 httpx INFO: HTTP Request: POST https://aiberm.com/v1/chat/completions "HTTP/1.1 200 OK"
2026-05-26 11:40:29,778 httpx INFO: HTTP Request: POST https://aiberm.com/v1/chat/completions "HTTP/1.1 200 OK"
2026-05-26 11:40:29,939 httpx INFO: HTTP Request: POST https://aiberm.com/v1/chat/completions "HTTP/1.1 200 OK"
2026-05-26 11:40:31,682 httpx INFO: HTTP Request: POST https://aiberm.com/v1/chat/completions "HTTP/1.1 200 OK"
2026-05-26 11:40:33,723 httpx INFO: HTTP Request: POST https://aiberm.com/v1/chat/completions "HTTP/1.1 200 OK"
2026-05-26 11:40:37,300 httpx INFO: HTTP Request: POST https://aiberm.com/v1/chat/completions "HTTP/1.1 200 OK"
2026-05-26 11:40:37,964 httpx INFO: HTTP Request: POST https://aiberm.com/v1/chat/completions "HTTP/1.1 200 OK"
2026-05-26 11:40:39,005 httpx INFO: HTTP Request: POST https://aiberm.com/v1/chat/completions "HTTP/1.1 200 OK"
2026-05-26 11:40:39,032 httpx INFO: HTTP Request: POST https://aiberm.com/v1/chat/completions "HTTP/1.1 200 OK"
2026-05-26 11:40:39,062 httpx INFO: HTTP Request: POST https://aiberm.com/v1/chat/completions "HTTP/1.1 200 OK"
2026-05-26 11:40:39,115 httpx INFO: HTTP Request: POST https://aiberm.com/v1/chat/completions "HTTP/1.1 200 OK"
2026-05-26 11:40:39,147 httpx INFO: HTTP Request: POST https://aiberm.com/v1/chat/completions "HTTP/1.1 200 OK"
2026-05-26 11:40:39,245 httpx INFO: HTTP Request: POST https://aiberm.com/v1/chat/completions "HTTP/1.1 200 OK"
2026-05-26 11:40:39,335 httpx INFO: HTTP Request: POST https://aiberm.com/v1/chat/completions "HTTP/1.1 200 OK"
2026-05-26 11:40:40,490 httpx INFO: HTTP Request: POST https://aiberm.com/v1/chat/completions "HTTP/1.1 200 OK"
2026-05-26 11:40:41,060 httpx INFO: HTTP Request: POST https://aiberm.com/v1/chat/completions "HTTP/1.1 200 OK"
2026-05-26 11:40:41,116 httpx INFO: HTTP Request: POST https://aiberm.com/v1/chat/completions "HTTP/1.1 200 OK"
2026-05-26 11:40:41,326 httpx INFO: HTTP Request: POST https://aiberm.com/v1/chat/completions "HTTP/1.1 200 OK"
2026-05-26 11:40:42,323 httpx INFO: HTTP Request: POST https://aiberm.com/v1/chat/completions "HTTP/1.1 200 OK"
2026-05-26 11:40:42,700 httpx INFO: HTTP Request: POST https://aiberm.com/v1/chat/completions "HTTP/1.1 200 OK"
2026-05-26 11:40:44,326 httpx INFO: HTTP Request: POST https://aiberm.com/v1/chat/completions "HTTP/1.1 200 OK"
2026-05-26 11:40:45,073 httpx INFO: HTTP Request: POST https://aiberm.com/v1/chat/completions "HTTP/1.1 200 OK"
2026-05-26 11:40:45,242 httpx INFO: HTTP Request: POST https://aiberm.com/v1/chat/completions "HTTP/1.1 200 OK"
2026-05-26 11:40:45,299 httpx INFO: HTTP Request: POST https://aiberm.com/v1/chat/completions "HTTP/1.1 200 OK"
2026-05-26 11:40:45,372 httpx INFO: HTTP Request: POST https://aiberm.com/v1/chat/completions "HTTP/1.1 200 OK"
2026-05-26 11:40:45,724 httpx INFO: HTTP Request: POST https://aiberm.com/v1/chat/completions "HTTP/1.1 200 OK"
2026-05-26 11:40:46,435 httpx INFO: HTTP Request: POST https://aiberm.com/v1/chat/completions "HTTP/1.1 200 OK"
2026-05-26 11:40:46,766 httpx INFO: HTTP Request: POST https://aiberm.com/v1/chat/completions "HTTP/1.1 200 OK"
2026-05-26 11:40:47,521 httpx INFO: HTTP Request: POST https://aiberm.com/v1/chat/completions "HTTP/1.1 200 OK"
2026-05-26 11:40:47,617 httpx INFO: HTTP Request: POST https://aiberm.com/v1/chat/completions "HTTP/1.1 200 OK"
2026-05-26 11:40:48,094 httpx INFO: HTTP Request: POST https://aiberm.com/v1/chat/completions "HTTP/1.1 200 OK"
2026-05-26 11:40:48,656 httpx INFO: HTTP Request: POST https://aiberm.com/v1/chat/completions "HTTP/1.1 200 OK"
2026-05-26 11:40:49,131 httpx INFO: HTTP Request: POST https://aiberm.com/v1/chat/completions "HTTP/1.1 200 OK"
2026-05-26 11:40:49,319 httpx INFO: HTTP Request: POST https://aiberm.com/v1/chat/completions "HTTP/1.1 200 OK"
2026-05-26 11:40:49,368 httpx INFO: HTTP Request: POST https://aiberm.com/v1/chat/completions "HTTP/1.1 200 OK"
2026-05-26 11:40:50,177 httpx INFO: HTTP Request: POST https://aiberm.com/v1/chat/completions "HTTP/1.1 200 OK"
2026-05-26 11:40:50,204 httpx INFO: HTTP Request: POST https://aiberm.com/v1/chat/completions "HTTP/1.1 200 OK"
2026-05-26 11:40:50,242 httpx INFO: HTTP Request: POST https://aiberm.com/v1/chat/completions "HTTP/1.1 200 OK"
2026-05-26 11:40:50,701 httpx INFO: HTTP Request: POST https://aiberm.com/v1/chat/completions "HTTP/1.1 200 OK"
2026-05-26 11:40:52,204 httpx INFO: HTTP Request: POST https://aiberm.com/v1/chat/completions "HTTP/1.1 200 OK"
2026-05-26 11:40:52,489 httpx INFO: HTTP Request: POST https://aiberm.com/v1/chat/completions "HTTP/1.1 200 OK"
2026-05-26 11:40:52,525 httpx INFO: HTTP Request: POST https://aiberm.com/v1/chat/completions "HTTP/1.1 200 OK"
2026-05-26 11:40:52,552 httpx INFO: HTTP Request: POST https://aiberm.com/v1/chat/completions "HTTP/1.1 200 OK"
2026-05-26 11:40:53,148 httpx INFO: HTTP Request: POST https://aiberm.com/v1/chat/completions "HTTP/1.1 200 OK"
2026-05-26 11:40:53,539 httpx INFO: HTTP Request: POST https://aiberm.com/v1/chat/completions "HTTP/1.1 200 OK"
2026-05-26 11:40:53,605 httpx INFO: HTTP Request: POST https://aiberm.com/v1/chat/completions "HTTP/1.1 200 OK"
2026-05-26 11:40:53,798 httpx INFO: HTTP Request: POST https://aiberm.com/v1/chat/completions "HTTP/1.1 200 OK"
2026-05-26 11:40:54,188 httpx INFO: HTTP Request: POST https://aiberm.com/v1/chat/completions "HTTP/1.1 200 OK"
2026-05-26 11:40:54,267 httpx INFO: HTTP Request: POST https://aiberm.com/v1/chat/completions "HTTP/1.1 200 OK"
2026-05-26 11:40:54,311 httpx INFO: HTTP Request: POST https://aiberm.com/v1/chat/completions "HTTP/1.1 200 OK"
2026-05-26 11:40:54,598 httpx INFO: HTTP Request: POST https://aiberm.com/v1/chat/completions "HTTP/1.1 200 OK"
2026-05-26 11:40:54,629 httpx INFO: HTTP Request: POST https://aiberm.com/v1/chat/completions "HTTP/1.1 200 OK"
2026-05-26 11:40:54,749 httpx INFO: HTTP Request: POST https://aiberm.com/v1/chat/completions "HTTP/1.1 200 OK"
2026-05-26 11:40:55,511 httpx INFO: HTTP Request: POST https://aiberm.com/v1/chat/completions "HTTP/1.1 200 OK"
2026-05-26 11:40:55,913 httpx INFO: HTTP Request: POST https://aiberm.com/v1/chat/completions "HTTP/1.1 200 OK"
2026-05-26 11:40:56,554 httpx INFO: HTTP Request: POST https://aiberm.com/v1/chat/completions "HTTP/1.1 200 OK"
2026-05-26 11:40:56,822 httpx INFO: HTTP Request: POST https://aiberm.com/v1/chat/completions "HTTP/1.1 200 OK"
2026-05-26 11:40:56,894 httpx INFO: HTTP Request: POST https://aiberm.com/v1/chat/completions "HTTP/1.1 200 OK"
2026-05-26 11:40:57,950 httpx INFO: HTTP Request: POST https://aiberm.com/v1/chat/completions "HTTP/1.1 200 OK"
2026-05-26 11:40:57,980 httpx INFO: HTTP Request: POST https://aiberm.com/v1/chat/completions "HTTP/1.1 200 OK"
2026-05-26 11:40:58,084 httpx INFO: HTTP Request: POST https://aiberm.com/v1/chat/completions "HTTP/1.1 200 OK"
2026-05-26 11:40:58,527 httpx INFO: HTTP Request: POST https://aiberm.com/v1/chat/completions "HTTP/1.1 200 OK"
2026-05-26 11:40:58,607 httpx INFO: HTTP Request: POST https://aiberm.com/v1/chat/completions "HTTP/1.1 200 OK"
2026-05-26 11:40:58,860 httpx INFO: HTTP Request: POST https://aiberm.com/v1/chat/completions "HTTP/1.1 200 OK"
2026-05-26 11:40:59,345 httpx INFO: HTTP Request: POST https://aiberm.com/v1/chat/completions "HTTP/1.1 200 OK"
2026-05-26 11:40:59,395 httpx INFO: HTTP Request: POST https://aiberm.com/v1/chat/completions "HTTP/1.1 200 OK"
2026-05-26 11:41:00,039 httpx INFO: HTTP Request: POST https://aiberm.com/v1/chat/completions "HTTP/1.1 200 OK"
2026-05-26 11:41:00,340 httpx INFO: HTTP Request: POST https://aiberm.com/v1/chat/completions "HTTP/1.1 200 OK"
2026-05-26 11:41:01,002 httpx INFO: HTTP Request: POST https://aiberm.com/v1/chat/completions "HTTP/1.1 200 OK"
2026-05-26 11:41:02,040 httpx INFO: HTTP Request: POST https://aiberm.com/v1/chat/completions "HTTP/1.1 200 OK"
2026-05-26 11:41:02,892 httpx INFO: HTTP Request: POST https://aiberm.com/v1/chat/completions "HTTP/1.1 200 OK"
2026-05-26 11:41:03,454 httpx INFO: HTTP Request: POST https://aiberm.com/v1/chat/completions "HTTP/1.1 200 OK"
2026-05-26 11:41:03,948 httpx INFO: HTTP Request: POST https://aiberm.com/v1/chat/completions "HTTP/1.1 200 OK"
2026-05-26 11:41:04,433 httpx INFO: HTTP Request: POST https://aiberm.com/v1/chat/completions "HTTP/1.1 200 OK"
2026-05-26 11:41:04,481 httpx INFO: HTTP Request: POST https://aiberm.com/v1/chat/completions "HTTP/1.1 200 OK"
2026-05-26 11:41:04,525 httpx INFO: HTTP Request: POST https://aiberm.com/v1/chat/completions "HTTP/1.1 200 OK"
2026-05-26 11:41:04,651 httpx INFO: HTTP Request: POST https://aiberm.com/v1/chat/completions "HTTP/1.1 200 OK"
2026-05-26 11:41:04,719 httpx INFO: HTTP Request: POST https://aiberm.com/v1/chat/completions "HTTP/1.1 200 OK"
2026-05-26 11:41:05,082 httpx INFO: HTTP Request: POST https://aiberm.com/v1/chat/completions "HTTP/1.1 200 OK"
2026-05-26 11:41:05,208 httpx INFO: HTTP Request: POST https://aiberm.com/v1/chat/completions "HTTP/1.1 200 OK"
2026-05-26 11:41:05,292 httpx INFO: HTTP Request: POST https://aiberm.com/v1/chat/completions "HTTP/1.1 200 OK"
2026-05-26 11:41:05,486 httpx INFO: HTTP Request: POST https://aiberm.com/v1/chat/completions "HTTP/1.1 200 OK"
2026-05-26 11:41:05,816 httpx INFO: HTTP Request: POST https://aiberm.com/v1/chat/completions "HTTP/1.1 200 OK"
2026-05-26 11:41:07,193 httpx INFO: HTTP Request: POST https://aiberm.com/v1/chat/completions "HTTP/1.1 200 OK"
2026-05-26 11:41:08,117 httpx INFO: HTTP Request: POST https://aiberm.com/v1/chat/completions "HTTP/1.1 200 OK"
2026-05-26 11:41:09,213 httpx INFO: HTTP Request: POST https://aiberm.com/v1/chat/completions "HTTP/1.1 200 OK"
2026-05-26 11:41:09,830 httpx INFO: HTTP Request: POST https://aiberm.com/v1/chat/completions "HTTP/1.1 200 OK"
2026-05-26 11:41:09,876 httpx INFO: HTTP Request: POST https://aiberm.com/v1/chat/completions "HTTP/1.1 200 OK"
2026-05-26 11:41:09,956 httpx INFO: HTTP Request: POST https://aiberm.com/v1/chat/completions "HTTP/1.1 200 OK"
2026-05-26 11:41:10,050 httpx INFO: HTTP Request: POST https://aiberm.com/v1/chat/completions "HTTP/1.1 200 OK"
2026-05-26 11:41:10,276 httpx INFO: HTTP Request: POST https://aiberm.com/v1/chat/completions "HTTP/1.1 200 OK"
2026-05-26 11:41:10,343 httpx INFO: HTTP Request: POST https://aiberm.com/v1/chat/completions "HTTP/1.1 200 OK"
2026-05-26 11:41:11,139 httpx INFO: HTTP Request: POST https://aiberm.com/v1/chat/completions "HTTP/1.1 200 OK"
2026-05-26 11:41:11,387 httpx INFO: HTTP Request: POST https://aiberm.com/v1/chat/completions "HTTP/1.1 200 OK"
2026-05-26 11:41:11,507 httpx INFO: HTTP Request: POST https://aiberm.com/v1/chat/completions "HTTP/1.1 200 OK"
2026-05-26 11:41:12,988 httpx INFO: HTTP Request: POST https://aiberm.com/v1/chat/completions "HTTP/1.1 200 OK"
2026-05-26 11:41:13,623 httpx INFO: HTTP Request: POST https://aiberm.com/v1/chat/completions "HTTP/1.1 200 OK"
2026-05-26 11:41:17,293 httpx INFO: HTTP Request: POST https://aiberm.com/v1/chat/completions "HTTP/1.1 200 OK"
2026-05-26 11:41:17,898 httpx INFO: HTTP Request: POST https://aiberm.com/v1/chat/completions "HTTP/1.1 200 OK"
2026-05-26 11:41:18,482 httpx INFO: HTTP Request: POST https://aiberm.com/v1/chat/completions "HTTP/1.1 200 OK"
2026-05-26 11:41:20,840 httpx INFO: HTTP Request: POST https://aiberm.com/v1/chat/completions "HTTP/1.1 200 OK"
2026-05-26 11:41:22,346 httpx INFO: HTTP Request: POST https://aiberm.com/v1/chat/completions "HTTP/1.1 200 OK"
2026-05-26 11:41:22,819 httpx INFO: HTTP Request: POST https://aiberm.com/v1/chat/completions "HTTP/1.1 200 OK"
2026-05-26 11:41:22,866 httpx INFO: HTTP Request: POST https://aiberm.com/v1/chat/completions "HTTP/1.1 200 OK"
2026-05-26 11:41:22,959 httpx INFO: HTTP Request: POST https://aiberm.com/v1/chat/completions "HTTP/1.1 200 OK"
2026-05-26 11:41:23,029 httpx INFO: HTTP Request: POST https://aiberm.com/v1/chat/completions "HTTP/1.1 200 OK"
2026-05-26 11:41:23,646 httpx INFO: HTTP Request: POST https://aiberm.com/v1/chat/completions "HTTP/1.1 200 OK"
2026-05-26 11:41:24,938 httpx INFO: HTTP Request: POST https://aiberm.com/v1/chat/completions "HTTP/1.1 200 OK"
2026-05-26 11:41:25,608 httpx INFO: HTTP Request: POST https://aiberm.com/v1/chat/completions "HTTP/1.1 200 OK"
2026-05-26 11:41:26,300 httpx INFO: HTTP Request: POST https://aiberm.com/v1/chat/completions "HTTP/1.1 200 OK"
2026-05-26 11:41:26,329 httpx INFO: HTTP Request: POST https://aiberm.com/v1/chat/completions "HTTP/1.1 200 OK"
2026-05-26 11:41:26,722 httpx INFO: HTTP Request: POST https://aiberm.com/v1/chat/completions "HTTP/1.1 200 OK"
2026-05-26 11:41:26,965 httpx INFO: HTTP Request: POST https://aiberm.com/v1/chat/completions "HTTP/1.1 200 OK"
2026-05-26 11:41:27,307 httpx INFO: HTTP Request: POST https://aiberm.com/v1/chat/completions "HTTP/1.1 200 OK"
2026-05-26 11:41:27,963 httpx INFO: HTTP Request: POST https://aiberm.com/v1/chat/completions "HTTP/1.1 200 OK"
2026-05-26 11:41:32,673 httpx INFO: HTTP Request: POST https://aiberm.com/v1/chat/completions "HTTP/1.1 200 OK"
2026-05-26 11:41:40,203 httpx INFO: HTTP Request: POST https://aiberm.com/v1/chat/completions "HTTP/1.1 200 OK"
2026-05-26 11:41:53,411 httpx INFO: HTTP Request: POST https://aiberm.com/v1/chat/completions "HTTP/1.1 200 OK"
2026-05-26 11:41:55,766 httpx INFO: HTTP Request: POST https://aiberm.com/v1/chat/completions "HTTP/1.1 200 OK"
2026-05-26 11:41:55,897 httpx INFO: HTTP Request: POST https://aiberm.com/v1/chat/completions "HTTP/1.1 200 OK"
2026-05-26 11:41:56,110 httpx INFO: HTTP Request: POST https://aiberm.com/v1/chat/completions "HTTP/1.1 200 OK"
2026-05-26 11:41:56,231 httpx INFO: HTTP Request: POST https://aiberm.com/v1/chat/completions "HTTP/1.1 200 OK"
2026-05-26 11:41:56,784 httpx INFO: HTTP Request: POST https://aiberm.com/v1/chat/completions "HTTP/1.1 200 OK"
2026-05-26 11:41:56,950 httpx INFO: HTTP Request: POST https://aiberm.com/v1/chat/completions "HTTP/1.1 200 OK"
2026-05-26 11:41:57,329 httpx INFO: HTTP Request: POST https://aiberm.com/v1/chat/completions "HTTP/1.1 200 OK"
2026-05-26 11:41:57,414 httpx INFO: HTTP Request: POST https://aiberm.com/v1/chat/completions "HTTP/1.1 200 OK"
2026-05-26 11:41:57,836 httpx INFO: HTTP Request: POST https://aiberm.com/v1/chat/completions "HTTP/1.1 200 OK"
2026-05-26 11:41:58,063 httpx INFO: HTTP Request: POST https://aiberm.com/v1/chat/completions "HTTP/1.1 200 OK"
2026-05-26 11:41:58,188 httpx INFO: HTTP Request: POST https://aiberm.com/v1/chat/completions "HTTP/1.1 200 OK"
2026-05-26 11:41:58,846 httpx INFO: HTTP Request: POST https://aiberm.com/v1/chat/completions "HTTP/1.1 200 OK"
2026-05-26 11:41:59,119 httpx INFO: HTTP Request: POST https://aiberm.com/v1/chat/completions "HTTP/1.1 200 OK"
2026-05-26 11:41:59,227 httpx INFO: HTTP Request: POST https://aiberm.com/v1/chat/completions "HTTP/1.1 200 OK"
2026-05-26 11:41:59,261 httpx INFO: HTTP Request: POST https://aiberm.com/v1/chat/completions "HTTP/1.1 200 OK"
2026-05-26 11:41:59,442 httpx INFO: HTTP Request: POST https://aiberm.com/v1/chat/completions "HTTP/1.1 200 OK"
2026-05-26 11:42:00,230 httpx INFO: HTTP Request: POST https://aiberm.com/v1/chat/completions "HTTP/1.1 200 OK"
2026-05-26 11:42:00,821 httpx INFO: HTTP Request: POST https://aiberm.com/v1/chat/completions "HTTP/1.1 200 OK"
2026-05-26 11:42:00,929 httpx INFO: HTTP Request: POST https://aiberm.com/v1/chat/completions "HTTP/1.1 200 OK"
2026-05-26 11:42:00,958 httpx INFO: HTTP Request: POST https://aiberm.com/v1/chat/completions "HTTP/1.1 200 OK"
2026-05-26 11:42:01,082 httpx INFO: HTTP Request: POST https://aiberm.com/v1/chat/completions "HTTP/1.1 200 OK"
2026-05-26 11:42:02,256 httpx INFO: HTTP Request: POST https://aiberm.com/v1/chat/completions "HTTP/1.1 200 OK"
2026-05-26 11:42:02,336 httpx INFO: HTTP Request: POST https://aiberm.com/v1/chat/completions "HTTP/1.1 200 OK"
2026-05-26 11:42:02,661 httpx INFO: HTTP Request: POST https://aiberm.com/v1/chat/completions "HTTP/1.1 200 OK"
2026-05-26 11:42:02,738 httpx INFO: HTTP Request: POST https://aiberm.com/v1/chat/completions "HTTP/1.1 200 OK"
2026-05-26 11:42:03,591 httpx INFO: HTTP Request: POST https://aiberm.com/v1/chat/completions "HTTP/1.1 200 OK"
2026-05-26 11:42:03,658 httpx INFO: HTTP Request: POST https://aiberm.com/v1/chat/completions "HTTP/1.1 200 OK"
2026-05-26 11:42:04,297 httpx INFO: HTTP Request: POST https://aiberm.com/v1/chat/completions "HTTP/1.1 200 OK"
2026-05-26 11:42:04,464 httpx INFO: HTTP Request: POST https://aiberm.com/v1/chat/completions "HTTP/1.1 200 OK"
2026-05-26 11:42:04,868 httpx INFO: HTTP Request: POST https://aiberm.com/v1/chat/completions "HTTP/1.1 200 OK"
2026-05-26 11:42:05,645 httpx INFO: HTTP Request: POST https://aiberm.com/v1/chat/completions "HTTP/1.1 200 OK"
2026-05-26 11:42:05,765 httpx INFO: HTTP Request: POST https://aiberm.com/v1/chat/completions "HTTP/1.1 200 OK"
2026-05-26 11:42:06,402 httpx INFO: HTTP Request: POST https://aiberm.com/v1/chat/completions "HTTP/1.1 200 OK"
2026-05-26 11:42:06,479 httpx INFO: HTTP Request: POST https://aiberm.com/v1/chat/completions "HTTP/1.1 200 OK"
2026-05-26 11:42:06,650 httpx INFO: HTTP Request: POST https://aiberm.com/v1/chat/completions "HTTP/1.1 200 OK"
2026-05-26 11:42:06,714 httpx INFO: HTTP Request: POST https://aiberm.com/v1/chat/completions "HTTP/1.1 200 OK"
2026-05-26 11:42:07,769 httpx INFO: HTTP Request: POST https://aiberm.com/v1/chat/completions "HTTP/1.1 200 OK"
2026-05-26 11:42:07,798 httpx INFO: HTTP Request: POST https://aiberm.com/v1/chat/completions "HTTP/1.1 200 OK"
2026-05-26 11:42:08,265 httpx INFO: HTTP Request: POST https://aiberm.com/v1/chat/completions "HTTP/1.1 200 OK"
2026-05-26 11:42:08,330 httpx INFO: HTTP Request: POST https://aiberm.com/v1/chat/completions "HTTP/1.1 200 OK"
2026-05-26 11:42:08,489 httpx INFO: HTTP Request: POST https://aiberm.com/v1/chat/completions "HTTP/1.1 200 OK"
2026-05-26 11:42:08,518 httpx INFO: HTTP Request: POST https://aiberm.com/v1/chat/completions "HTTP/1.1 200 OK"
2026-05-26 11:42:08,593 httpx INFO: HTTP Request: POST https://aiberm.com/v1/chat/completions "HTTP/1.1 200 OK"
2026-05-26 11:42:09,936 httpx INFO: HTTP Request: POST https://aiberm.com/v1/chat/completions "HTTP/1.1 200 OK"
2026-05-26 11:42:10,066 httpx INFO: HTTP Request: POST https://aiberm.com/v1/chat/completions "HTTP/1.1 200 OK"
2026-05-26 11:42:10,254 httpx INFO: HTTP Request: POST https://aiberm.com/v1/chat/completions "HTTP/1.1 200 OK"
2026-05-26 11:42:10,484 httpx INFO: HTTP Request: POST https://aiberm.com/v1/chat/completions "HTTP/1.1 200 OK"
2026-05-26 11:42:11,019 httpx INFO: HTTP Request: POST https://aiberm.com/v1/chat/completions "HTTP/1.1 200 OK"
2026-05-26 11:42:11,117 httpx INFO: HTTP Request: POST https://aiberm.com/v1/chat/completions "HTTP/1.1 200 OK"
2026-05-26 11:42:11,269 httpx INFO: HTTP Request: POST https://aiberm.com/v1/chat/completions "HTTP/1.1 200 OK"
2026-05-26 11:42:11,306 httpx INFO: HTTP Request: POST https://aiberm.com/v1/chat/completions "HTTP/1.1 200 OK"
2026-05-26 11:42:11,530 httpx INFO: HTTP Request: POST https://aiberm.com/v1/chat/completions "HTTP/1.1 200 OK"
2026-05-26 11:42:11,641 httpx INFO: HTTP Request: POST https://aiberm.com/v1/chat/completions "HTTP/1.1 200 OK"
2026-05-26 11:42:12,080 httpx INFO: HTTP Request: POST https://aiberm.com/v1/chat/completions "HTTP/1.1 200 OK"
2026-05-26 11:42:12,487 httpx INFO: HTTP Request: POST https://aiberm.com/v1/chat/completions "HTTP/1.1 200 OK"
2026-05-26 11:42:12,752 httpx INFO: HTTP Request: POST https://aiberm.com/v1/chat/completions "HTTP/1.1 200 OK"
2026-05-26 11:42:13,300 httpx INFO: HTTP Request: POST https://aiberm.com/v1/chat/completions "HTTP/1.1 200 OK"
2026-05-26 11:42:13,410 httpx INFO: HTTP Request: POST https://aiberm.com/v1/chat/completions "HTTP/1.1 200 OK"
2026-05-26 11:42:13,468 httpx INFO: HTTP Request: POST https://aiberm.com/v1/chat/completions "HTTP/1.1 200 OK"
2026-05-26 11:42:14,079 httpx INFO: HTTP Request: POST https://aiberm.com/v1/chat/completions "HTTP/1.1 200 OK"
2026-05-26 11:42:14,352 httpx INFO: HTTP Request: POST https://aiberm.com/v1/chat/completions "HTTP/1.1 200 OK"
2026-05-26 11:42:15,314 httpx INFO: HTTP Request: POST https://aiberm.com/v1/chat/completions "HTTP/1.1 200 OK"
2026-05-26 11:42:15,704 httpx INFO: HTTP Request: POST https://aiberm.com/v1/chat/completions "HTTP/1.1 200 OK"
2026-05-26 11:42:16,427 httpx INFO: HTTP Request: POST https://aiberm.com/v1/chat/completions "HTTP/1.1 200 OK"
2026-05-26 11:42:16,633 httpx INFO: HTTP Request: POST https://aiberm.com/v1/chat/completions "HTTP/1.1 200 OK"
2026-05-26 11:42:16,670 httpx INFO: HTTP Request: POST https://aiberm.com/v1/chat/completions "HTTP/1.1 200 OK"
2026-05-26 11:42:16,723 httpx INFO: HTTP Request: POST https://aiberm.com/v1/chat/completions "HTTP/1.1 200 OK"
2026-05-26 11:42:16,798 httpx INFO: HTTP Request: POST https://aiberm.com/v1/chat/completions "HTTP/1.1 200 OK"
2026-05-26 11:42:17,401 httpx INFO: HTTP Request: POST https://aiberm.com/v1/chat/completions "HTTP/1.1 200 OK"
2026-05-26 11:42:17,677 httpx INFO: HTTP Request: POST https://aiberm.com/v1/chat/completions "HTTP/1.1 200 OK"
2026-05-26 11:42:17,795 httpx INFO: HTTP Request: POST https://aiberm.com/v1/chat/completions "HTTP/1.1 200 OK"
2026-05-26 11:42:17,957 httpx INFO: HTTP Request: POST https://aiberm.com/v1/chat/completions "HTTP/1.1 200 OK"
2026-05-26 11:42:18,013 httpx INFO: HTTP Request: POST https://aiberm.com/v1/chat/completions "HTTP/1.1 200 OK"
2026-05-26 11:42:18,725 httpx INFO: HTTP Request: POST https://aiberm.com/v1/chat/completions "HTTP/1.1 200 OK"
2026-05-26 11:42:20,368 httpx INFO: HTTP Request: POST https://aiberm.com/v1/chat/completions "HTTP/1.1 200 OK"
2026-05-26 11:42:20,400 httpx INFO: HTTP Request: POST https://aiberm.com/v1/chat/completions "HTTP/1.1 200 OK"
2026-05-26 11:42:20,544 httpx INFO: HTTP Request: POST https://aiberm.com/v1/chat/completions "HTTP/1.1 200 OK"
2026-05-26 11:42:20,573 httpx INFO: HTTP Request: POST https://aiberm.com/v1/chat/completions "HTTP/1.1 200 OK"
2026-05-26 11:42:20,943 httpx INFO: HTTP Request: POST https://aiberm.com/v1/chat/completions "HTTP/1.1 200 OK"
2026-05-26 11:42:21,186 httpx INFO: HTTP Request: POST https://aiberm.com/v1/chat/completions "HTTP/1.1 200 OK"
2026-05-26 11:42:21,384 httpx INFO: HTTP Request: POST https://aiberm.com/v1/chat/completions "HTTP/1.1 200 OK"
2026-05-26 11:42:21,730 httpx INFO: HTTP Request: POST https://aiberm.com/v1/chat/completions "HTTP/1.1 200 OK"
2026-05-26 11:42:21,760 httpx INFO: HTTP Request: POST https://aiberm.com/v1/chat/completions "HTTP/1.1 200 OK"
2026-05-26 11:42:21,788 httpx INFO: HTTP Request: POST https://aiberm.com/v1/chat/completions "HTTP/1.1 200 OK"
2026-05-26 11:42:21,897 httpx INFO: HTTP Request: POST https://aiberm.com/v1/chat/completions "HTTP/1.1 200 OK"
2026-05-26 11:42:22,454 httpx INFO: HTTP Request: POST https://aiberm.com/v1/chat/completions "HTTP/1.1 200 OK"
2026-05-26 11:42:23,434 httpx INFO: HTTP Request: POST https://aiberm.com/v1/chat/completions "HTTP/1.1 200 OK"
2026-05-26 11:42:23,734 httpx INFO: HTTP Request: POST https://aiberm.com/v1/chat/completions "HTTP/1.1 200 OK"
2026-05-26 11:42:25,313 httpx INFO: HTTP Request: POST https://aiberm.com/v1/chat/completions "HTTP/1.1 200 OK"
2026-05-26 11:42:26,345 httpx INFO: HTTP Request: POST https://aiberm.com/v1/chat/completions "HTTP/1.1 200 OK"
2026-05-26 11:42:29,497 httpx INFO: HTTP Request: POST https://aiberm.com/v1/chat/completions "HTTP/1.1 200 OK"
2026-05-26 11:42:29,818 httpx INFO: HTTP Request: POST https://aiberm.com/v1/chat/completions "HTTP/1.1 200 OK"
2026-05-26 11:42:30,129 httpx INFO: HTTP Request: POST https://aiberm.com/v1/chat/completions "HTTP/1.1 200 OK"
2026-05-26 11:42:30,243 httpx INFO: HTTP Request: POST https://aiberm.com/v1/chat/completions "HTTP/1.1 200 OK"
2026-05-26 11:42:30,283 httpx INFO: HTTP Request: POST https://aiberm.com/v1/chat/completions "HTTP/1.1 200 OK"
2026-05-26 11:42:30,549 httpx INFO: HTTP Request: POST https://aiberm.com/v1/chat/completions "HTTP/1.1 200 OK"
2026-05-26 11:42:30,880 httpx INFO: HTTP Request: POST https://aiberm.com/v1/chat/completions "HTTP/1.1 200 OK"
2026-05-26 11:42:31,265 httpx INFO: HTTP Request: POST https://aiberm.com/v1/chat/completions "HTTP/1.1 200 OK"
2026-05-26 11:42:32,268 httpx INFO: HTTP Request: POST https://aiberm.com/v1/chat/completions "HTTP/1.1 200 OK"
2026-05-26 11:42:32,628 httpx INFO: HTTP Request: POST https://aiberm.com/v1/chat/completions "HTTP/1.1 200 OK"
2026-05-26 11:42:33,044 httpx INFO: HTTP Request: POST https://aiberm.com/v1/chat/completions "HTTP/1.1 200 OK"
2026-05-26 11:42:33,438 httpx INFO: HTTP Request: POST https://aiberm.com/v1/chat/completions "HTTP/1.1 200 OK"
2026-05-26 11:42:33,548 httpx INFO: HTTP Request: POST https://aiberm.com/v1/chat/completions "HTTP/1.1 200 OK"
2026-05-26 11:42:33,751 httpx INFO: HTTP Request: POST https://aiberm.com/v1/chat/completions "HTTP/1.1 200 OK"
2026-05-26 11:42:33,795 httpx INFO: HTTP Request: POST https://aiberm.com/v1/chat/completions "HTTP/1.1 200 OK"
2026-05-26 11:42:34,848 httpx INFO: HTTP Request: POST https://aiberm.com/v1/chat/completions "HTTP/1.1 200 OK"
2026-05-26 11:42:35,226 httpx INFO: HTTP Request: POST https://aiberm.com/v1/chat/completions "HTTP/1.1 200 OK"
2026-05-26 11:42:35,520 httpx INFO: HTTP Request: POST https://aiberm.com/v1/chat/completions "HTTP/1.1 200 OK"
2026-05-26 11:42:36,867 httpx INFO: HTTP Request: POST https://aiberm.com/v1/chat/completions "HTTP/1.1 200 OK"
2026-05-26 11:42:38,558 httpx INFO: HTTP Request: POST https://aiberm.com/v1/chat/completions "HTTP/1.1 200 OK"
2026-05-26 11:42:38,778 httpx INFO: HTTP Request: POST https://aiberm.com/v1/chat/completions "HTTP/1.1 200 OK"
2026-05-26 11:42:38,952 httpx INFO: HTTP Request: POST https://aiberm.com/v1/chat/completions "HTTP/1.1 200 OK"
2026-05-26 11:42:39,400 httpx INFO: HTTP Request: POST https://aiberm.com/v1/chat/completions "HTTP/1.1 200 OK"
2026-05-26 11:42:39,495 httpx INFO: HTTP Request: POST https://aiberm.com/v1/chat/completions "HTTP/1.1 200 OK"
2026-05-26 11:42:40,377 httpx INFO: HTTP Request: POST https://aiberm.com/v1/chat/completions "HTTP/1.1 200 OK"
2026-05-26 11:42:41,132 httpx INFO: HTTP Request: POST https://aiberm.com/v1/chat/completions "HTTP/1.1 200 OK"
2026-05-26 11:42:42,121 httpx INFO: HTTP Request: POST https://aiberm.com/v1/chat/completions "HTTP/1.1 200 OK"
2026-05-26 11:42:42,353 httpx INFO: HTTP Request: POST https://aiberm.com/v1/chat/completions "HTTP/1.1 200 OK"
2026-05-26 11:42:43,703 httpx INFO: HTTP Request: POST https://aiberm.com/v1/chat/completions "HTTP/1.1 200 OK"
2026-05-26 11:42:49,046 httpx INFO: HTTP Request: POST https://aiberm.com/v1/chat/completions "HTTP/1.1 200 OK"
2026-05-26 11:42:49,373 httpx INFO: HTTP Request: POST https://aiberm.com/v1/chat/completions "HTTP/1.1 200 OK"
2026-05-26 11:42:49,403 httpx INFO: HTTP Request: POST https://aiberm.com/v1/chat/completions "HTTP/1.1 200 OK"
2026-05-26 11:42:49,468 httpx INFO: HTTP Request: POST https://aiberm.com/v1/chat/completions "HTTP/1.1 200 OK"
2026-05-26 11:42:49,682 httpx INFO: HTTP Request: POST https://aiberm.com/v1/chat/completions "HTTP/1.1 200 OK"
2026-05-26 11:42:50,268 httpx INFO: HTTP Request: POST https://aiberm.com/v1/chat/completions "HTTP/1.1 200 OK"
2026-05-26 11:42:50,338 httpx INFO: HTTP Request: POST https://aiberm.com/v1/chat/completions "HTTP/1.1 200 OK"
2026-05-26 11:42:50,339 httpx INFO: HTTP Request: POST https://aiberm.com/v1/chat/completions "HTTP/1.1 200 OK"
2026-05-26 11:42:50,428 httpx INFO: HTTP Request: POST https://aiberm.com/v1/chat/completions "HTTP/1.1 200 OK"
2026-05-26 11:42:50,457 httpx INFO: HTTP Request: POST https://aiberm.com/v1/chat/completions "HTTP/1.1 200 OK"
2026-05-26 11:42:50,745 httpx INFO: HTTP Request: POST https://aiberm.com/v1/chat/completions "HTTP/1.1 200 OK"
2026-05-26 11:42:51,006 httpx INFO: HTTP Request: POST https://aiberm.com/v1/chat/completions "HTTP/1.1 200 OK"
2026-05-26 11:42:51,333 httpx INFO: HTTP Request: POST https://aiberm.com/v1/chat/completions "HTTP/1.1 200 OK"
2026-05-26 11:42:52,454 httpx INFO: HTTP Request: POST https://aiberm.com/v1/chat/completions "HTTP/1.1 200 OK"
2026-05-26 11:42:52,497 httpx INFO: HTTP Request: POST https://aiberm.com/v1/chat/completions "HTTP/1.1 200 OK"
2026-05-26 11:42:53,321 httpx INFO: HTTP Request: POST https://aiberm.com/v1/chat/completions "HTTP/1.1 200 OK"
2026-05-26 11:42:53,362 httpx INFO: HTTP Request: POST https://aiberm.com/v1/chat/completions "HTTP/1.1 200 OK"
2026-05-26 11:42:53,495 httpx INFO: HTTP Request: POST https://aiberm.com/v1/chat/completions "HTTP/1.1 200 OK"
2026-05-26 11:42:54,054 httpx INFO: HTTP Request: POST https://aiberm.com/v1/chat/completions "HTTP/1.1 200 OK"
2026-05-26 11:42:54,319 httpx INFO: HTTP Request: POST https://aiberm.com/v1/chat/completions "HTTP/1.1 200 OK"
2026-05-26 11:42:54,599 httpx INFO: HTTP Request: POST https://aiberm.com/v1/chat/completions "HTTP/1.1 200 OK"
2026-05-26 11:42:54,639 httpx INFO: HTTP Request: POST https://aiberm.com/v1/chat/completions "HTTP/1.1 200 OK"
2026-05-26 11:42:54,726 httpx INFO: HTTP Request: POST https://aiberm.com/v1/chat/completions "HTTP/1.1 200 OK"
2026-05-26 11:42:54,979 httpx INFO: HTTP Request: POST https://aiberm.com/v1/chat/completions "HTTP/1.1 200 OK"
2026-05-26 11:42:55,008 httpx INFO: HTTP Request: POST https://aiberm.com/v1/chat/completions "HTTP/1.1 200 OK"
2026-05-26 11:42:55,039 httpx INFO: HTTP Request: POST https://aiberm.com/v1/chat/completions "HTTP/1.1 200 OK"
2026-05-26 11:42:55,229 httpx INFO: HTTP Request: POST https://aiberm.com/v1/chat/completions "HTTP/1.1 200 OK"
2026-05-26 11:42:55,598 httpx INFO: HTTP Request: POST https://aiberm.com/v1/chat/completions "HTTP/1.1 200 OK"
2026-05-26 11:42:55,978 httpx INFO: HTTP Request: POST https://aiberm.com/v1/chat/completions "HTTP/1.1 200 OK"
2026-05-26 11:42:58,056 httpx INFO: HTTP Request: POST https://aiberm.com/v1/chat/completions "HTTP/1.1 200 OK"
2026-05-26 11:42:58,482 httpx INFO: HTTP Request: POST https://aiberm.com/v1/chat/completions "HTTP/1.1 200 OK"
2026-05-26 11:42:58,510 httpx INFO: HTTP Request: POST https://aiberm.com/v1/chat/completions "HTTP/1.1 200 OK"
2026-05-26 11:42:58,633 httpx INFO: HTTP Request: POST https://aiberm.com/v1/chat/completions "HTTP/1.1 200 OK"
2026-05-26 11:42:58,693 httpx INFO: HTTP Request: POST https://aiberm.com/v1/chat/completions "HTTP/1.1 200 OK"
2026-05-26 11:42:58,825 httpx INFO: HTTP Request: POST https://aiberm.com/v1/chat/completions "HTTP/1.1 200 OK"
2026-05-26 11:42:58,857 httpx INFO: HTTP Request: POST https://aiberm.com/v1/chat/completions "HTTP/1.1 200 OK"
2026-05-26 11:42:59,090 httpx INFO: HTTP Request: POST https://aiberm.com/v1/chat/completions "HTTP/1.1 200 OK"
2026-05-26 11:42:59,394 httpx INFO: HTTP Request: POST https://aiberm.com/v1/chat/completions "HTTP/1.1 200 OK"
2026-05-26 11:42:59,424 httpx INFO: HTTP Request: POST https://aiberm.com/v1/chat/completions "HTTP/1.1 200 OK"
2026-05-26 11:43:00,394 httpx INFO: HTTP Request: POST https://aiberm.com/v1/chat/completions "HTTP/1.1 200 OK"
2026-05-26 11:43:00,708 httpx INFO: HTTP Request: POST https://aiberm.com/v1/chat/completions "HTTP/1.1 200 OK"
2026-05-26 11:43:01,495 httpx INFO: HTTP Request: POST https://aiberm.com/v1/chat/completions "HTTP/1.1 200 OK"
2026-05-26 11:43:02,159 httpx INFO: HTTP Request: POST https://aiberm.com/v1/chat/completions "HTTP/1.1 200 OK"
2026-05-26 11:43:02,982 httpx INFO: HTTP Request: POST https://aiberm.com/v1/chat/completions "HTTP/1.1 200 OK"
2026-05-26 11:43:03,137 httpx INFO: HTTP Request: POST https://aiberm.com/v1/chat/completions "HTTP/1.1 200 OK"
2026-05-26 11:43:03,358 httpx INFO: HTTP Request: POST https://aiberm.com/v1/chat/completions "HTTP/1.1 200 OK"
2026-05-26 11:43:03,417 httpx INFO: HTTP Request: POST https://aiberm.com/v1/chat/completions "HTTP/1.1 200 OK"
2026-05-26 11:43:03,954 httpx INFO: HTTP Request: POST https://aiberm.com/v1/chat/completions "HTTP/1.1 200 OK"
2026-05-26 11:43:04,188 httpx INFO: HTTP Request: POST https://aiberm.com/v1/chat/completions "HTTP/1.1 200 OK"
2026-05-26 11:43:04,348 httpx INFO: HTTP Request: POST https://aiberm.com/v1/chat/completions "HTTP/1.1 200 OK"
2026-05-26 11:43:04,776 httpx INFO: HTTP Request: POST https://aiberm.com/v1/chat/completions "HTTP/1.1 200 OK"
2026-05-26 11:43:04,875 httpx INFO: HTTP Request: POST https://aiberm.com/v1/chat/completions "HTTP/1.1 200 OK"
2026-05-26 11:43:04,986 httpx INFO: HTTP Request: POST https://aiberm.com/v1/chat/completions "HTTP/1.1 200 OK"
2026-05-26 11:43:05,209 httpx INFO: HTTP Request: POST https://aiberm.com/v1/chat/completions "HTTP/1.1 200 OK"
2026-05-26 11:43:05,681 httpx INFO: HTTP Request: POST https://aiberm.com/v1/chat/completions "HTTP/1.1 200 OK"
2026-05-26 11:43:07,208 httpx INFO: HTTP Request: POST https://aiberm.com/v1/chat/completions "HTTP/1.1 200 OK"
2026-05-26 11:43:07,815 httpx INFO: HTTP Request: POST https://aiberm.com/v1/chat/completions "HTTP/1.1 200 OK"
2026-05-26 11:43:08,020 httpx INFO: HTTP Request: POST https://aiberm.com/v1/chat/completions "HTTP/1.1 200 OK"
2026-05-26 11:43:08,241 httpx INFO: HTTP Request: POST https://aiberm.com/v1/chat/completions "HTTP/1.1 200 OK"
2026-05-26 11:43:08,299 httpx INFO: HTTP Request: POST https://aiberm.com/v1/chat/completions "HTTP/1.1 200 OK"
2026-05-26 11:43:08,644 httpx INFO: HTTP Request: POST https://aiberm.com/v1/chat/completions "HTTP/1.1 200 OK"
2026-05-26 11:43:08,996 httpx INFO: HTTP Request: POST https://aiberm.com/v1/chat/completions "HTTP/1.1 200 OK"
2026-05-26 11:43:09,546 httpx INFO: HTTP Request: POST https://aiberm.com/v1/chat/completions "HTTP/1.1 200 OK"
2026-05-26 11:43:09,631 httpx INFO: HTTP Request: POST https://aiberm.com/v1/chat/completions "HTTP/1.1 200 OK"
2026-05-26 11:43:09,899 httpx INFO: HTTP Request: POST https://aiberm.com/v1/chat/completions "HTTP/1.1 200 OK"
2026-05-26 11:43:10,361 httpx INFO: HTTP Request: POST https://aiberm.com/v1/chat/completions "HTTP/1.1 200 OK"
2026-05-26 11:43:10,498 httpx INFO: HTTP Request: POST https://aiberm.com/v1/chat/completions "HTTP/1.1 200 OK"
2026-05-26 11:43:10,734 httpx INFO: HTTP Request: POST https://aiberm.com/v1/chat/completions "HTTP/1.1 200 OK"
2026-05-26 11:43:10,801 httpx INFO: HTTP Request: POST https://aiberm.com/v1/chat/completions "HTTP/1.1 200 OK"
2026-05-26 11:43:10,955 httpx INFO: HTTP Request: POST https://aiberm.com/v1/chat/completions "HTTP/1.1 200 OK"
2026-05-26 11:43:11,675 httpx INFO: HTTP Request: POST https://aiberm.com/v1/chat/completions "HTTP/1.1 200 OK"
2026-05-26 11:43:12,247 httpx INFO: HTTP Request: POST https://aiberm.com/v1/chat/completions "HTTP/1.1 200 OK"
2026-05-26 11:43:12,654 httpx INFO: HTTP Request: POST https://aiberm.com/v1/chat/completions "HTTP/1.1 200 OK"
2026-05-26 11:43:12,808 httpx INFO: HTTP Request: POST https://aiberm.com/v1/chat/completions "HTTP/1.1 200 OK"
2026-05-26 11:43:13,989 httpx INFO: HTTP Request: POST https://aiberm.com/v1/chat/completions "HTTP/1.1 200 OK"
2026-05-26 11:43:14,375 httpx INFO: HTTP Request: POST https://aiberm.com/v1/chat/completions "HTTP/1.1 200 OK"
2026-05-26 11:43:14,652 httpx INFO: HTTP Request: POST https://aiberm.com/v1/chat/completions "HTTP/1.1 200 OK"
2026-05-26 11:43:14,686 httpx INFO: HTTP Request: POST https://aiberm.com/v1/chat/completions "HTTP/1.1 200 OK"
2026-05-26 11:43:15,204 httpx INFO: HTTP Request: POST https://aiberm.com/v1/chat/completions "HTTP/1.1 200 OK"
2026-05-26 11:43:15,767 httpx INFO: HTTP Request: POST https://aiberm.com/v1/chat/completions "HTTP/1.1 200 OK"
2026-05-26 11:43:16,068 httpx INFO: HTTP Request: POST https://aiberm.com/v1/chat/completions "HTTP/1.1 200 OK"
2026-05-26 11:43:16,446 httpx INFO: HTTP Request: POST https://aiberm.com/v1/chat/completions "HTTP/1.1 200 OK"
2026-05-26 11:43:17,057 httpx INFO: HTTP Request: POST https://aiberm.com/v1/chat/completions "HTTP/1.1 200 OK"
2026-05-26 11:43:17,375 httpx INFO: HTTP Request: POST https://aiberm.com/v1/chat/completions "HTTP/1.1 200 OK"
2026-05-26 11:43:18,202 httpx INFO: HTTP Request: POST https://aiberm.com/v1/chat/completions "HTTP/1.1 200 OK"
2026-05-26 11:43:19,406 httpx INFO: HTTP Request: POST https://aiberm.com/v1/chat/completions "HTTP/1.1 200 OK"
2026-05-26 11:43:19,641 httpx INFO: HTTP Request: POST https://aiberm.com/v1/chat/completions "HTTP/1.1 200 OK"
2026-05-26 11:43:19,694 httpx INFO: HTTP Request: POST https://aiberm.com/v1/chat/completions "HTTP/1.1 200 OK"
2026-05-26 11:43:19,855 httpx INFO: HTTP Request: POST https://aiberm.com/v1/chat/completions "HTTP/1.1 200 OK"
2026-05-26 11:43:20,066 httpx INFO: HTTP Request: POST https://aiberm.com/v1/chat/completions "HTTP/1.1 200 OK"
2026-05-26 11:43:21,216 httpx INFO: HTTP Request: POST https://aiberm.com/v1/chat/completions "HTTP/1.1 200 OK"
2026-05-26 11:43:21,245 httpx INFO: HTTP Request: POST https://aiberm.com/v1/chat/completions "HTTP/1.1 200 OK"
2026-05-26 11:43:21,291 httpx INFO: HTTP Request: POST https://aiberm.com/v1/chat/completions "HTTP/1.1 200 OK"
2026-05-26 11:43:21,992 httpx INFO: HTTP Request: POST https://aiberm.com/v1/chat/completions "HTTP/1.1 200 OK"
2026-05-26 11:43:23,010 httpx INFO: HTTP Request: POST https://aiberm.com/v1/chat/completions "HTTP/1.1 200 OK"
2026-05-26 11:43:23,047 httpx INFO: HTTP Request: POST https://aiberm.com/v1/chat/completions "HTTP/1.1 200 OK"
2026-05-26 11:43:23,091 httpx INFO: HTTP Request: POST https://aiberm.com/v1/chat/completions "HTTP/1.1 200 OK"
2026-05-26 11:43:23,169 httpx INFO: HTTP Request: POST https://aiberm.com/v1/chat/completions "HTTP/1.1 200 OK"
2026-05-26 11:43:23,235 httpx INFO: HTTP Request: POST https://aiberm.com/v1/chat/completions "HTTP/1.1 200 OK"
2026-05-26 11:43:23,725 httpx INFO: HTTP Request: POST https://aiberm.com/v1/chat/completions "HTTP/1.1 200 OK"
2026-05-26 11:43:23,970 httpx INFO: HTTP Request: POST https://aiberm.com/v1/chat/completions "HTTP/1.1 200 OK"
2026-05-26 11:43:24,363 httpx INFO: HTTP Request: POST https://aiberm.com/v1/chat/completions "HTTP/1.1 200 OK"
2026-05-26 11:43:25,176 httpx INFO: HTTP Request: POST https://aiberm.com/v1/chat/completions "HTTP/1.1 200 OK"
2026-05-26 11:43:25,432 httpx INFO: HTTP Request: POST https://aiberm.com/v1/chat/completions "HTTP/1.1 200 OK"
2026-05-26 11:43:26,497 httpx INFO: HTTP Request: POST https://aiberm.com/v1/chat/completions "HTTP/1.1 200 OK"
2026-05-26 11:43:27,008 httpx INFO: HTTP Request: POST https://aiberm.com/v1/chat/completions "HTTP/1.1 200 OK"
2026-05-26 11:43:27,082 httpx INFO: HTTP Request: POST https://aiberm.com/v1/chat/completions "HTTP/1.1 200 OK"
2026-05-26 11:43:27,570 httpx INFO: HTTP Request: POST https://aiberm.com/v1/chat/completions "HTTP/1.1 200 OK"
2026-05-26 11:43:28,071 httpx INFO: HTTP Request: POST https://aiberm.com/v1/chat/completions "HTTP/1.1 200 OK"
2026-05-26 11:43:28,334 httpx INFO: HTTP Request: POST https://aiberm.com/v1/chat/completions "HTTP/1.1 200 OK"
2026-05-26 11:43:28,363 httpx INFO: HTTP Request: POST https://aiberm.com/v1/chat/completions "HTTP/1.1 200 OK"
2026-05-26 11:43:28,393 httpx INFO: HTTP Request: POST https://aiberm.com/v1/chat/completions "HTTP/1.1 200 OK"
2026-05-26 11:43:28,707 httpx INFO: HTTP Request: POST https://aiberm.com/v1/chat/completions "HTTP/1.1 200 OK"
2026-05-26 11:43:28,736 httpx INFO: HTTP Request: POST https://aiberm.com/v1/chat/completions "HTTP/1.1 200 OK"
2026-05-26 11:43:28,936 httpx INFO: HTTP Request: POST https://aiberm.com/v1/chat/completions "HTTP/1.1 200 OK"
2026-05-26 11:43:30,160 httpx INFO: HTTP Request: POST https://aiberm.com/v1/chat/completions "HTTP/1.1 200 OK"
2026-05-26 11:43:30,692 httpx INFO: HTTP Request: POST https://aiberm.com/v1/chat/completions "HTTP/1.1 200 OK"
2026-05-26 11:43:32,050 httpx INFO: HTTP Request: POST https://aiberm.com/v1/chat/completions "HTTP/1.1 200 OK"
2026-05-26 11:43:32,077 httpx INFO: HTTP Request: POST https://aiberm.com/v1/chat/completions "HTTP/1.1 200 OK"
2026-05-26 11:43:32,218 httpx INFO: HTTP Request: POST https://aiberm.com/v1/chat/completions "HTTP/1.1 200 OK"
2026-05-26 11:43:32,460 httpx INFO: HTTP Request: POST https://aiberm.com/v1/chat/completions "HTTP/1.1 200 OK"
2026-05-26 11:43:33,055 httpx INFO: HTTP Request: POST https://aiberm.com/v1/chat/completions "HTTP/1.1 200 OK"
2026-05-26 11:43:33,827 httpx INFO: HTTP Request: POST https://aiberm.com/v1/chat/completions "HTTP/1.1 200 OK"
2026-05-26 11:43:34,995 httpx INFO: HTTP Request: POST https://aiberm.com/v1/chat/completions "HTTP/1.1 200 OK"
2026-05-26 11:43:35,517 httpx INFO: HTTP Request: POST https://aiberm.com/v1/chat/completions "HTTP/1.1 200 OK"
2026-05-26 11:43:35,644 httpx INFO: HTTP Request: POST https://aiberm.com/v1/chat/completions "HTTP/1.1 200 OK"
2026-05-26 11:43:36,526 httpx INFO: HTTP Request: POST https://aiberm.com/v1/chat/completions "HTTP/1.1 200 OK"
2026-05-26 11:43:37,952 httpx INFO: HTTP Request: POST https://aiberm.com/v1/chat/completions "HTTP/1.1 200 OK"
2026-05-26 11:43:38,654 httpx INFO: HTTP Request: POST https://aiberm.com/v1/chat/completions "HTTP/1.1 200 OK"
2026-05-26 11:43:38,694 httpx INFO: HTTP Request: POST https://aiberm.com/v1/chat/completions "HTTP/1.1 200 OK"
2026-05-26 11:43:38,944 httpx INFO: HTTP Request: POST https://aiberm.com/v1/chat/completions "HTTP/1.1 200 OK"
2026-05-26 11:43:38,973 httpx INFO: HTTP Request: POST https://aiberm.com/v1/chat/completions "HTTP/1.1 200 OK"
2026-05-26 11:43:39,054 httpx INFO: HTTP Request: POST https://aiberm.com/v1/chat/completions "HTTP/1.1 200 OK"
2026-05-26 11:43:39,094 httpx INFO: HTTP Request: POST https://aiberm.com/v1/chat/completions "HTTP/1.1 200 OK"
2026-05-26 11:43:39,624 httpx INFO: HTTP Request: POST https://aiberm.com/v1/chat/completions "HTTP/1.1 200 OK"
2026-05-26 11:43:39,684 httpx INFO: HTTP Request: POST https://aiberm.com/v1/chat/completions "HTTP/1.1 200 OK"
2026-05-26 11:43:39,888 httpx INFO: HTTP Request: POST https://aiberm.com/v1/chat/completions "HTTP/1.1 200 OK"
2026-05-26 11:43:41,629 httpx INFO: HTTP Request: POST https://aiberm.com/v1/chat/completions "HTTP/1.1 200 OK"
2026-05-26 11:43:42,217 httpx INFO: HTTP Request: POST https://aiberm.com/v1/chat/completions "HTTP/1.1 200 OK"
2026-05-26 11:43:42,279 httpx INFO: HTTP Request: POST https://aiberm.com/v1/chat/completions "HTTP/1.1 200 OK"
2026-05-26 11:43:42,469 httpx INFO: HTTP Request: POST https://aiberm.com/v1/chat/completions "HTTP/1.1 200 OK"
2026-05-26 11:43:42,543 httpx INFO: HTTP Request: POST https://aiberm.com/v1/chat/completions "HTTP/1.1 200 OK"
2026-05-26 11:43:42,702 httpx INFO: HTTP Request: POST https://aiberm.com/v1/chat/completions "HTTP/1.1 200 OK"
2026-05-26 11:43:43,037 httpx INFO: HTTP Request: POST https://aiberm.com/v1/chat/completions "HTTP/1.1 200 OK"
2026-05-26 11:43:43,082 httpx INFO: HTTP Request: POST https://aiberm.com/v1/chat/completions "HTTP/1.1 200 OK"
2026-05-26 11:43:43,126 httpx INFO: HTTP Request: POST https://aiberm.com/v1/chat/completions "HTTP/1.1 200 OK"
2026-05-26 11:43:43,380 httpx INFO: HTTP Request: POST https://aiberm.com/v1/chat/completions "HTTP/1.1 200 OK"
2026-05-26 11:43:43,579 httpx INFO: HTTP Request: POST https://aiberm.com/v1/chat/completions "HTTP/1.1 200 OK"
2026-05-26 11:43:44,423 httpx INFO: HTTP Request: POST https://aiberm.com/v1/chat/completions "HTTP/1.1 200 OK"
2026-05-26 11:43:45,097 httpx INFO: HTTP Request: POST https://aiberm.com/v1/chat/completions "HTTP/1.1 200 OK"
2026-05-26 11:43:45,507 httpx INFO: HTTP Request: POST https://aiberm.com/v1/chat/completions "HTTP/1.1 200 OK"
2026-05-26 11:43:45,885 httpx INFO: HTTP Request: POST https://aiberm.com/v1/chat/completions "HTTP/1.1 200 OK"
2026-05-26 11:43:46,271 httpx INFO: HTTP Request: POST https://aiberm.com/v1/chat/completions "HTTP/1.1 200 OK"
2026-05-26 11:43:46,411 httpx INFO: HTTP Request: POST https://aiberm.com/v1/chat/completions "HTTP/1.1 200 OK"
2026-05-26 11:43:46,522 httpx INFO: HTTP Request: POST https://aiberm.com/v1/chat/completions "HTTP/1.1 200 OK"
2026-05-26 11:43:46,668 httpx INFO: HTTP Request: POST https://aiberm.com/v1/chat/completions "HTTP/1.1 200 OK"
2026-05-26 11:43:46,905 httpx INFO: HTTP Request: POST https://aiberm.com/v1/chat/completions "HTTP/1.1 200 OK"
2026-05-26 11:43:47,784 httpx INFO: HTTP Request: POST https://aiberm.com/v1/chat/completions "HTTP/1.1 200 OK"
2026-05-26 11:43:48,242 httpx INFO: HTTP Request: POST https://aiberm.com/v1/chat/completions "HTTP/1.1 200 OK"
2026-05-26 11:43:48,638 httpx INFO: HTTP Request: POST https://aiberm.com/v1/chat/completions "HTTP/1.1 200 OK"
2026-05-26 11:43:49,247 httpx INFO: HTTP Request: POST https://aiberm.com/v1/chat/completions "HTTP/1.1 200 OK"
2026-05-26 11:43:49,708 httpx INFO: HTTP Request: POST https://aiberm.com/v1/chat/completions "HTTP/1.1 200 OK"
2026-05-26 11:43:50,284 httpx INFO: HTTP Request: POST https://aiberm.com/v1/chat/completions "HTTP/1.1 200 OK"
2026-05-26 11:43:50,677 httpx INFO: HTTP Request: POST https://aiberm.com/v1/chat/completions "HTTP/1.1 200 OK"
2026-05-26 11:43:50,917 httpx INFO: HTTP Request: POST https://aiberm.com/v1/chat/completions "HTTP/1.1 200 OK"
2026-05-26 11:43:51,134 httpx INFO: HTTP Request: POST https://aiberm.com/v1/chat/completions "HTTP/1.1 200 OK"
2026-05-26 11:43:51,519 httpx INFO: HTTP Request: POST https://aiberm.com/v1/chat/completions "HTTP/1.1 200 OK"
2026-05-26 11:43:51,635 httpx INFO: HTTP Request: POST https://aiberm.com/v1/chat/completions "HTTP/1.1 200 OK"
2026-05-26 11:43:51,859 httpx INFO: HTTP Request: POST https://aiberm.com/v1/chat/completions "HTTP/1.1 200 OK"
2026-05-26 11:43:52,401 httpx INFO: HTTP Request: POST https://aiberm.com/v1/chat/completions "HTTP/1.1 200 OK"
2026-05-26 11:43:52,450 httpx INFO: HTTP Request: POST https://aiberm.com/v1/chat/completions "HTTP/1.1 200 OK"
2026-05-26 11:43:52,612 httpx INFO: HTTP Request: POST https://aiberm.com/v1/chat/completions "HTTP/1.1 200 OK"
2026-05-26 11:43:52,740 httpx INFO: HTTP Request: POST https://aiberm.com/v1/chat/completions "HTTP/1.1 200 OK"
2026-05-26 11:43:53,093 httpx INFO: HTTP Request: POST https://aiberm.com/v1/chat/completions "HTTP/1.1 200 OK"
2026-05-26 11:43:53,457 httpx INFO: HTTP Request: POST https://aiberm.com/v1/chat/completions "HTTP/1.1 200 OK"
2026-05-26 11:43:54,287 httpx INFO: HTTP Request: POST https://aiberm.com/v1/chat/completions "HTTP/1.1 200 OK"
2026-05-26 11:43:55,088 httpx INFO: HTTP Request: POST https://aiberm.com/v1/chat/completions "HTTP/1.1 200 OK"
2026-05-26 11:43:55,216 httpx INFO: HTTP Request: POST https://aiberm.com/v1/chat/completions "HTTP/1.1 200 OK"
2026-05-26 11:43:55,335 httpx INFO: HTTP Request: POST https://aiberm.com/v1/chat/completions "HTTP/1.1 200 OK"
2026-05-26 11:43:55,479 httpx INFO: HTTP Request: POST https://aiberm.com/v1/chat/completions "HTTP/1.1 200 OK"
2026-05-26 11:43:55,535 httpx INFO: HTTP Request: POST https://aiberm.com/v1/chat/completions "HTTP/1.1 200 OK"
2026-05-26 11:43:56,163 httpx INFO: HTTP Request: POST https://aiberm.com/v1/chat/completions "HTTP/1.1 200 OK"
2026-05-26 11:43:56,190 httpx INFO: HTTP Request: POST https://aiberm.com/v1/chat/completions "HTTP/1.1 200 OK"
2026-05-26 11:43:56,673 httpx INFO: HTTP Request: POST https://aiberm.com/v1/chat/completions "HTTP/1.1 200 OK"
2026-05-26 11:43:56,849 httpx INFO: HTTP Request: POST https://aiberm.com/v1/chat/completions "HTTP/1.1 200 OK"
2026-05-26 11:43:57,328 httpx INFO: HTTP Request: POST https://aiberm.com/v1/chat/completions "HTTP/1.1 200 OK"
2026-05-26 11:43:57,355 httpx INFO: HTTP Request: POST https://aiberm.com/v1/chat/completions "HTTP/1.1 200 OK"
2026-05-26 11:43:57,474 httpx INFO: HTTP Request: POST https://aiberm.com/v1/chat/completions "HTTP/1.1 200 OK"
2026-05-26 11:43:57,988 httpx INFO: HTTP Request: POST https://aiberm.com/v1/chat/completions "HTTP/1.1 200 OK"
2026-05-26 11:43:58,213 httpx INFO: HTTP Request: POST https://aiberm.com/v1/chat/completions "HTTP/1.1 200 OK"
2026-05-26 11:43:58,893 httpx INFO: HTTP Request: POST https://aiberm.com/v1/chat/completions "HTTP/1.1 200 OK"
2026-05-26 11:44:00,075 httpx INFO: HTTP Request: POST https://aiberm.com/v1/chat/completions "HTTP/1.1 200 OK"
2026-05-26 11:44:00,226 httpx INFO: HTTP Request: POST https://aiberm.com/v1/chat/completions "HTTP/1.1 200 OK"
2026-05-26 11:44:00,447 httpx INFO: HTTP Request: POST https://aiberm.com/v1/chat/completions "HTTP/1.1 200 OK"
2026-05-26 11:44:00,513 httpx INFO: HTTP Request: POST https://aiberm.com/v1/chat/completions "HTTP/1.1 200 OK"
2026-05-26 11:44:00,898 httpx INFO: HTTP Request: POST https://aiberm.com/v1/chat/completions "HTTP/1.1 200 OK"
2026-05-26 11:44:01,032 httpx INFO: HTTP Request: POST https://aiberm.com/v1/chat/completions "HTTP/1.1 200 OK"
2026-05-26 11:44:01,086 httpx INFO: HTTP Request: POST https://aiberm.com/v1/chat/completions "HTTP/1.1 200 OK"
2026-05-26 11:44:01,217 httpx INFO: HTTP Request: POST https://aiberm.com/v1/chat/completions "HTTP/1.1 200 OK"
2026-05-26 11:44:01,626 httpx INFO: HTTP Request: POST https://aiberm.com/v1/chat/completions "HTTP/1.1 200 OK"
2026-05-26 11:44:01,716 httpx INFO: HTTP Request: POST https://aiberm.com/v1/chat/completions "HTTP/1.1 200 OK"
2026-05-26 11:44:01,749 httpx INFO: HTTP Request: POST https://aiberm.com/v1/chat/completions "HTTP/1.1 200 OK"
2026-05-26 11:44:02,712 httpx INFO: HTTP Request: POST https://aiberm.com/v1/chat/completions "HTTP/1.1 200 OK"
2026-05-26 11:44:03,034 httpx INFO: HTTP Request: POST https://aiberm.com/v1/chat/completions "HTTP/1.1 200 OK"
2026-05-26 11:44:03,321 httpx INFO: HTTP Request: POST https://aiberm.com/v1/chat/completions "HTTP/1.1 200 OK"
2026-05-26 11:44:03,586 httpx INFO: HTTP Request: POST https://aiberm.com/v1/chat/completions "HTTP/1.1 200 OK"
2026-05-26 11:44:03,824 httpx INFO: HTTP Request: POST https://aiberm.com/v1/chat/completions "HTTP/1.1 200 OK"
2026-05-26 11:44:04,244 httpx INFO: HTTP Request: POST https://aiberm.com/v1/chat/completions "HTTP/1.1 200 OK"
2026-05-26 11:44:04,394 httpx INFO: HTTP Request: POST https://aiberm.com/v1/chat/completions "HTTP/1.1 200 OK"
2026-05-26 11:44:04,428 httpx INFO: HTTP Request: POST https://aiberm.com/v1/chat/completions "HTTP/1.1 200 OK"
2026-05-26 11:44:05,060 httpx INFO: HTTP Request: POST https://aiberm.com/v1/chat/completions "HTTP/1.1 200 OK"
2026-05-26 11:44:05,448 httpx INFO: HTTP Request: POST https://aiberm.com/v1/chat/completions "HTTP/1.1 200 OK"
2026-05-26 11:44:05,579 httpx INFO: HTTP Request: POST https://aiberm.com/v1/chat/completions "HTTP/1.1 200 OK"
2026-05-26 11:44:06,195 httpx INFO: HTTP Request: POST https://aiberm.com/v1/chat/completions "HTTP/1.1 200 OK"
2026-05-26 11:44:06,252 httpx INFO: HTTP Request: POST https://aiberm.com/v1/chat/completions "HTTP/1.1 200 OK"
2026-05-26 11:44:06,719 httpx INFO: HTTP Request: POST https://aiberm.com/v1/chat/completions "HTTP/1.1 200 OK"
2026-05-26 11:44:07,706 httpx INFO: HTTP Request: POST https://aiberm.com/v1/chat/completions "HTTP/1.1 200 OK"
2026-05-26 11:44:08,319 httpx INFO: HTTP Request: POST https://aiberm.com/v1/chat/completions "HTTP/1.1 200 OK"
2026-05-26 11:44:08,359 httpx INFO: HTTP Request: POST https://aiberm.com/v1/chat/completions "HTTP/1.1 200 OK"
2026-05-26 11:44:08,461 httpx INFO: HTTP Request: POST https://aiberm.com/v1/chat/completions "HTTP/1.1 200 OK"
2026-05-26 11:44:08,575 httpx INFO: HTTP Request: POST https://aiberm.com/v1/chat/completions "HTTP/1.1 200 OK"
2026-05-26 11:44:08,604 httpx INFO: HTTP Request: POST https://aiberm.com/v1/chat/completions "HTTP/1.1 200 OK"
2026-05-26 11:44:08,679 httpx INFO: HTTP Request: POST https://aiberm.com/v1/chat/completions "HTTP/1.1 200 OK"
2026-05-26 11:44:08,737 httpx INFO: HTTP Request: POST https://aiberm.com/v1/chat/completions "HTTP/1.1 200 OK"
2026-05-26 11:44:08,766 httpx INFO: HTTP Request: POST https://aiberm.com/v1/chat/completions "HTTP/1.1 200 OK"
2026-05-26 11:44:09,303 httpx INFO: HTTP Request: POST https://aiberm.com/v1/chat/completions "HTTP/1.1 200 OK"
2026-05-26 11:44:09,693 httpx INFO: HTTP Request: POST https://aiberm.com/v1/chat/completions "HTTP/1.1 200 OK"
2026-05-26 11:44:10,181 httpx INFO: HTTP Request: POST https://aiberm.com/v1/chat/completions "HTTP/1.1 200 OK"
2026-05-26 11:44:11,622 httpx INFO: HTTP Request: POST https://aiberm.com/v1/chat/completions "HTTP/1.1 200 OK"
2026-05-26 11:44:11,652 httpx INFO: HTTP Request: POST https://aiberm.com/v1/chat/completions "HTTP/1.1 200 OK"
2026-05-26 11:44:11,820 httpx INFO: HTTP Request: POST https://aiberm.com/v1/chat/completions "HTTP/1.1 200 OK"
2026-05-26 11:44:12,705 httpx INFO: HTTP Request: POST https2026-05-26 11:44:16,911 httpx INFO: HTTP Request: POST https://aiberm.com/v1/chat/completions "HTTP/1.1 200 OK"
2026-05-26 11:44:32,235 httpx INFO: HTTP Request: POST https://aiberm.com/v1/chat/completions "HTTP/1.1 200 OK"
2026-05-26 11:44:52,280 httpx INFO: HTTP Request: POST https://aiberm.com/v1/chat/completions "HTTP/1.1 200 OK"
2026-05-26 11:45:06,673 httpx INFO: HTTP Request: POST https://aiberm.com/v1/chat/completions "HTTP/1.1 200 OK"
2026-05-26 11:45:06,691 __main__ INFO: wrote scores=outputs/scoring/cae-v2.0-1-scores-v5.json report=outputs/scoring/cae-v2.0-1-report-v5.md (62 items scored ok, 0 errors)
26 11:44:14,890 httpx INFO: HTTP Request: POST https://aiberm.com/v1/chat/completions "HTTP/1.1 200 OK"
2026-05-26 11:44:15,272 httpx INFO: HTTP Request: POST https://aiberm.com/v1/chat/completions "HTTP/1.1 200 OK"
2026-05-26 11:44:15,789 httpx INFO: HTTP Request: POST https://aiberm.com/v1/chat/completions "HTTP/1.1 200 OK"
2026-05-26 11:44:15,818 httpx INFO: HTTP Request: POST https://aiberm.com/v1/chat/completions "HTTP/1.1 200 OK"
2026-05-26 11:44:15,891 httpx INFO: HTTP Request: POST https://aiberm.com/v1/chat/completions "HTTP/1.1 200 OK"
2026-05-26 11:44:16,861 httpx INFO: HTTP Request: POST https://aiberm.com/v1/chat/completions "HTTP/1.1 200 OK"
2026-05-26 11:44:16,977 httpx INFO: HTTP Request: POST https://aiberm.com/v1/chat/completions "HTTP/1.1 200 OK"
2026-05-26 11:44:17,916 httpx INFO: HTTP Request: POST https://aiberm.com/v1/chat/completions "HTTP/1.1 200 OK"
2026-05-26 11:44:18,061 httpx INFO: HTTP Request: POST https://aiberm.com/v1/chat/completions "HTTP/1.1 200 OK"
2026-05-26 11:44:18,405 httpx INFO: HTTP Request: POST https://aiberm.com/v1/chat/completions "HTTP/1.1 200 OK"
2026-05-26 11:44:18,934 httpx INFO: HTTP Request: POST https://aiberm.com/v1/chat/completions "HTTP/1.1 200 OK"
2026-05-26 11:44:20,243 httpx INFO: HTTP Request: POST https://aiberm.com/v1/chat/completions "HTTP/1.1 200 OK"
2026-05-26 11:44:20,579 httpx INFO: HTTP Request: POST https://aiberm.com/v1/chat/completions "HTTP/1.1 200 OK"
2026-05-26 11:44:20,727 httpx INFO: HTTP Request: POST https://aiberm.com/v1/chat/completions "HTTP/1.1 200 OK"
2026-05-26 11:44:20,796 httpx INFO: HTTP Request: POST https://aiberm.com/v1/chat/completions "HTTP/1.1 200 OK"
2026-05-26 11:44:20,824 httpx INFO: HTTP Request: POST https://aiberm.com/v1/chat/completions "HTTP/1.1 200 OK"
2026-05-26 11:44:21,013 httpx INFO: HTTP Request: POST https://aiberm.com/v1/chat/completions "HTTP/1.1 200 OK"
2026-05-26 11:44:21,196 httpx INFO: HTTP Request: POST https://aiberm.com/v1/chat/completions "HTTP/1.1 200 OK"
2026-05-26 11:44:21,233 httpx INFO: HTTP Request: POST https://aiberm.com/v1/chat/completions "HTTP/1.1 200 OK"
2026-05-26 11:44:21,433 httpx INFO: HTTP Request: POST https://aiberm.com/v1/chat/completions "HTTP/1.1 200 OK"
2026-05-26 11:44:21,501 httpx INFO: HTTP Request: POST https://aiberm.com/v1/chat/completions "HTTP/1.1 200 OK"
2026-05-26 11:44:22,396 httpx INFO: HTTP Request: POST https://aiberm.com/v1/chat/completions "HTTP/1.1 200 OK"
2026-05-26 11:44:22,942 httpx INFO: HTTP Request: POST https://aiberm.com/v1/chat/completions "HTTP/1.1 200 OK"
2026-05-26 11:44:24,239 httpx INFO: HTTP Request: POST https://aiberm.com/v1/chat/completions "HTTP/1.1 200 OK"
2026-05-26 11:44:24,340 httpx INFO: HTTP Request: POST https://aiberm.com/v1/chat/completions "HTTP/1.1 200 OK"
2026-05-26 11:44:24,498 httpx INFO: HTTP Request: POST https://aiberm.com/v1/chat/completions "HTTP/1.1 200 OK"
2026-05-26 11:44:25,142 httpx INFO: HTTP Request: POST https://aiberm.com/v1/chat/completions "HTTP/1.1 200 OK"
2026-05-26 11:44:25,509 httpx INFO: HTTP Request: POST https://aiberm.com/v1/chat/completions "HTTP/1.1 200 OK"
2026-05-26 11:44:25,953 httpx INFO: HTTP Request: POST https://aiberm.com/v1/chat/completions "HTTP/1.1 200 OK"
2026-05-26 11:44:26,011 httpx INFO: HTTP Request: POST https://aiberm.com/v1/chat/completions "HTTP/1.1 200 OK"
2026-05-26 11:44:26,542 httpx INFO: HTTP Request: POST https://aiberm.com/v1/chat/completions "HTTP/1.1 200 OK"
2026-05-26 11:44:27,474 httpx INFO: HTTP Request: POST https://aiberm.com/v1/chat/completions "HTTP/1.1 200 OK"
2026-05-26 11:44:27,812 httpx INFO: HTTP Request: POST https://aiberm.com/v1/chat/completions "HTTP/1.1 200 OK"
2026-05-26 11:44:27,931 httpx INFO: HTTP Request: POST https://aiberm.com/v1/chat/completions "HTTP/1.1 200 OK"
2026-05-26 11:44:28,157 httpx INFO: HTTP Request: POST https://aiberm.com/v1/chat/completions "HTTP/1.1 200 OK"
2026-05-26 11:44:28,325 httpx INFO: HTTP Request: POST https://aiberm.com/v1/chat/completions "HTTP/1.1 200 OK"
2026-05-26 11:44:28,835 httpx INFO: HTTP Request: POST https://aiberm.com/v1/chat/completions "HTTP/1.1 200 OK"
2026-05-26 11:44:29,701 httpx INFO: HTTP Request: POST https://aiberm.com/v1/chat/completions "HTTP/1.1 200 OK"
2026-05-26 11:44:29,728 httpx INFO: HTTP Request: POST https://aiberm.com/v1/chat/completions "HTTP/1.1 200 OK"
2026-05-26 11:44:31,200 httpx INFO: HTTP Request: POST https://aiberm.com/v1/chat/completions "HTTP/1.1 200 OK"
2026-05-26 11:44:31,238 httpx INFO: HTTP Request: POST https://aiberm.com/v1/chat/completions "HTTP/1.1 200 OK"
2026-05-26 11:44:31,370 httpx INFO: HTTP Request: POST https://aiberm.com/v1/chat/completions "HTTP/1.1 200 OK"
2026-05-26 11:44:31,402 httpx INFO: HTTP Request: POST https://aiberm.com/v1/chat/completions "HTTP/1.1 200 OK"
2026-05-26 11:44:31,463 httpx INFO: HTTP Request: POST https://aiberm.com/v1/chat/completions "HTTP/1.1 200 OK"
2026-05-26 11:44:31,772 httpx INFO: HTTP Request: POST https://aiberm.com/v1/chat/completions "HTTP/1.1 200 OK"
2026-05-26 11:44:31,928 httpx INFO: HTTP Request: POST https://aiberm.com/v1/chat/completions "HTTP/1.1 200 OK"
2026-05-26 11:44:32,127 httpx INFO: HTTP Request: POST https://aiberm.com/v1/chat/completions "HTTP/1.1 200 OK"
2026-05-26 11:44:32,319 httpx INFO: HTTP Request: POST https://aiberm.com/v1/chat/completions "HTTP/1.1 200 OK"
2026-05-26 11:44:32,671 httpx INFO: HTTP Request: POST https://aiberm.com/v1/chat/completions "HTTP/1.1 200 OK"
2026-05-26 11:44:32,699 httpx INFO: HTTP Request: POST https://aiberm.com/v1/chat/completions "HTTP/1.1 200 OK"
2026-05-26 11:44:32,962 httpx INFO: HTTP Request: POST https://aiberm.com/v1/chat/completions "HTTP/1.1 200 OK"
2026-05-26 11:44:33,110 httpx INFO: HTTP Request: POST https://aiberm.com/v1/chat/completions "HTTP/1.1 200 OK"
2026-05-26 11:44:35,260 httpx INFO: HTTP Request: POST https://aiberm.com/v1/chat/completions "HTTP/1.1 200 OK"
2026-05-26 11:44:36,019 httpx INFO: HTTP Request: POST https://aiberm.com/v1/chat/completions "HTTP/1.1 200 OK"
2026-05-26 11:44:36,358 httpx INFO: HTTP Request: POST https://aiberm.com/v1/chat/completions "HTTP/1.1 200 OK"
2026-05-26 11:44:36,412 httpx INFO: HTTP Request: POST https://aiberm.com/v1/chat/completions "HTTP/1.1 200 OK"
2026-05-26 11:44:36,439 httpx INFO: HTTP Request: POST https://aiberm.com/v1/chat/completions "HTTP/1.1 200 OK"
2026-05-26 11:44:36,508 httpx INFO: HTTP Request: POST https://aiberm.com/v1/chat/completions "HTTP/1.1 200 OK"
2026-05-26 11:44:36,539 httpx INFO: HTTP Request: POST https://aiberm.com/v1/chat/completions "HTTP/1.1 200 OK"
2026-05-26 11:44:36,930 httpx INFO: HTTP Request: POST https://aiberm.com/v1/chat/completions "HTTP/1.1 200 OK"
2026-05-26 11:44:36,958 httpx INFO: HTTP Request: POST https://aiberm.com/v1/chat/completions "HTTP/1.1 200 OK"
2026-05-26 11:44:37,042 httpx INFO: HTTP Request: POST https://aiberm.com/v1/chat/completions "HTTP/1.1 200 OK"
2026-05-26 11:44:37,370 httpx INFO: HTTP Request: POST https://aiberm.com/v1/chat/completions "HTTP/1.1 200 OK"
2026-05-26 11:44:37,828 httpx INFO: HTTP Request: POST https://aiberm.com/v1/chat/completions "HTTP/1.1 200 OK"
2026-05-26 11:44:40,804 httpx INFO: HTTP Request: POST https://aiberm.com/v1/chat/completions "HTTP/1.1 200 OK"
2026-05-26 11:44:41,127 httpx INFO: HTTP Request: POST https://aiberm.com/v1/chat/completions "HTTP/1.1 200 OK"
2026-05-26 11:44:42,763 httpx INFO: HTTP Request: POST https://aiberm.com/v1/chat/completions "HTTP/1.1 200 OK"
2026-05-26 11:44:45,828 httpx INFO: HTTP Request: POST https://aiberm.com/v1/chat/completions "HTTP/1.1 200 OK"
2026-05-26 11:44:45,957 httpx INFO: HTTP Request: POST https://aiberm.com/v1/chat/completions "HTTP/1.1 200 OK"
2026-05-26 11:44:46,147 httpx INFO: HTTP Request: POST https://aiberm.com/v1/chat/completions "HTTP/1.1 200 OK"
2026-05-26 11:44:46,234 httpx INFO: HTTP Request: POST https://aiberm.com/v1/chat/completions "HTTP/1.1 200 OK"
2026-05-26 11:44:46,389 httpx INFO: HTTP Request: POST https://aiberm.com/v1/chat/completions "HTTP/1.1 200 OK"
2026-05-26 11:44:47,908 httpx INFO: HTTP Request: POST https://aiberm.com/v1/chat/completions "HTTP/1.1 200 OK"
2026-05-26 11:44:48,017 httpx INFO: HTTP Request: POST https://aiberm.com/v1/chat/completions "HTTP/1.1 200 OK"
2026-05-26 11:44:51,324 httpx INFO: HTTP Request: POST https://aiberm.com/v1/chat/completions "HTTP/1.1 200 OK"
2026-05-26 11:44:51,724 httpx INFO: HTTP Request: POST https://aiberm.com/v1/chat/completions "HTTP/1.1 200 OK"
2026-05-26 11:44:51,891 httpx INFO: HTTP Request: POST https://aiberm.com/v1/chat/completions "HTTP/1.1 200 OK"
2026-05-26 11:44:51,953 httpx INFO: HTTP Request: POST https://aiberm.com/v1/chat/completions "HTTP/1.1 200 OK"
2026-05-26 11:44:52,026 httpx INFO: HTTP Request: POST https://aiberm.com/v1/chat/completions "HTTP/1.1 200 OK"
2026-05-26 11:44:52,368 httpx INFO: HTTP Request: POST https://aiberm.com/v1/chat/completions "HTTP/1.1 200 OK"
2026-05-26 11:44:52,557 httpx INFO: HTTP Request: POST https://aiberm.com/v1/chat/completions "HTTP/1.1 200 OK"
2026-05-26 11:44:52,586 httpx INFO: HTTP Request: POST https://aiberm.com/v1/chat/completions "HTTP/1.1 200 OK"
2026-05-26 11:44:52,587 httpx INFO: HTTP Request: POST https://aiberm.com/v1/chat/completions "HTTP/1.1 200 OK"
2026-05-26 11:44:52,906 httpx INFO: HTTP Request: POST https://aiberm.com/v1/chat/completions "HTTP/1.1 200 OK"
2026-05-26 11:44:53,461 httpx INFO: HTTP Request: POST https://aiberm.com/v1/chat/completions "HTTP/1.1 200 OK"
2026-05-26 11:44:55,169 httpx INFO: HTTP Request: POST https://aiberm.com/v1/chat/completions "HTTP/1.1 200 OK"
2026-05-26 11:44:55,217 httpx INFO: HTTP Request: POST https://aiberm.com/v1/chat/completions "HTTP/1.1 200 OK"
2026-05-26 11:44:55,284 httpx INFO: HTTP Request: POST https://aiberm.com/v1/chat/completions "HTTP/1.1 200 OK"
2026-05-26 11:44:56,080 httpx INFO: HTTP Request: POST https://aiberm.com/v1/chat/completions "HTTP/1.1 200 OK"
2026-05-26 11:44:56,178 httpx INFO: HTTP Request: POST https://aiberm.com/v1/chat/completions "HTTP/1.1 200 OK"
2026-05-26 11:44:56,609 httpx INFO: HTTP Request: POST https://aiberm.com/v1/chat/completions "HTTP/1.1 200 OK"
2026-05-26 11:44:57,146 httpx INFO: HTTP Request: POST https://aiberm.com/v1/chat/completions "HTTP/1.1 200 OK"
2026-05-26 11:44:57,202 httpx INFO: HTTP Request: POST https://aiberm.com/v1/chat/completions "HTTP/1.1 200 OK"
2026-05-26 11:44:57,237 httpx INFO: HTTP Request: POST https://aiberm.com/v1/chat/completions "HTTP/1.1 200 OK"
2026-05-26 11:44:57,593 httpx INFO: HTTP Request: POST https://aiberm.com/v1/chat/completions "HTTP/1.1 200 OK"
2026-05-26 11:44:58,615 httpx INFO: HTTP Request: POST https://aiberm.com/v1/chat/completions "HTTP/1.1 200 OK"
2026-05-26 11:44:58,641 httpx INFO: HTTP Request: POST https://aiberm.com/v1/chat/completions "HTTP/1.1 200 OK"
2026-05-26 11:44:59,641 httpx INFO: HTTP Request: POST https://aiberm.com/v1/chat/completions "HTTP/1.1 200 OK"
2026-05-26 11:44:59,685 httpx INFO: HTTP Request: POST https://aiberm.com/v1/chat/completions "HTTP/1.1 200 OK"
2026-05-26 11:44:59,721 httpx INFO: HTTP Request: POST https://aiberm.com/v1/chat/completions "HTTP/1.1 200 OK"
2026-05-26 11:45:00,224 httpx INFO: HTTP Request: POST https://aiberm.com/v1/chat/completions "HTTP/1.1 200 OK"
2026-05-26 11:45:00,500 httpx INFO: HTTP Request: POST https://aiberm.com/v1/chat/completions "HTTP/1.1 200 OK"
2026-05-26 11:45:01,536 httpx INFO: HTTP Request: POST https://aiberm.com/v1/chat/completions "HTTP/1.1 200 OK"
2026-05-26 11:45:01,607 httpx INFO: HTTP Request: POST https://aiberm.com/v1/chat/completions "HTTP/1.1 200 OK"
2026-05-26 11:45:02,271 httpx INFO: HTTP Request: POST https://aiberm.com/v1/chat/completions "HTTP/1.1 200 OK"
2026-05-26 11:45:02,463 httpx INFO: HTTP Request: POST https://aiberm.com/v1/chat/completions "HTTP/1.1 200 OK"
2026-05-26 11:45:02,883 httpx INFO: HTTP Request: POST https://aiberm.com/v1/chat/completions "HTTP/1.1 200 OK"
2026-05-26 11:45:03,475 httpx INFO: HTTP Request: POST https://aiberm.com/v1/chat/completions "HTTP/1.1 200 OK"
2026-05-26 11:45:04,000 httpx INFO: HTTP Request: POST https://aiberm.com/v1/chat/completions "HTTP/1.1 200 OK"
2026-05-26 11:45:04,051 httpx INFO: HTTP Request: POST https://aiberm.com/v1/chat/completions "HTTP/1.1 200 OK"
2026-05-26 11:45:04,816 httpx INFO: HTTP Request: POST https://aiberm.com/v1/chat/completions "HTTP/1.1 200 OK"
2026-05-26 11:45:05,030 httpx INFO: HTTP Request: POST https://aiberm.com/v1/chat/completions "HTTP/1.1 200 OK"
2026-05-26 11:45:05,475 httpx INFO: HTTP Request: POST https://aiberm.com/v1/chat/completions "HTTP/1.1 200 OK"
2026-05-26 11:45:06,499 httpx INFO: HTTP Request: POST https://aiberm.com/v1/chat/completions "HTTP/1.1 200 OK"
2026-05-26 11:45:07,002 httpx INFO: HTTP Request: POST https://aiberm.com/v1/chat/completions "HTTP/1.1 200 OK"
2026-05-26 11:45:07,741 httpx INFO: HTTP Request: POST https://aiberm.com/v1/chat/completions "HTTP/1.1 200 OK"
2026-05-26 11:45:07,806 httpx INFO: HTTP Request: POST https://aiberm.com/v1/chat/completions "HTTP/1.1 200 OK"
2026-05-26 11:45:08,122 httpx INFO: HTTP Request: POST https://aiberm.com/v1/chat/completions "HTTP/1.1 200 OK"
2026-05-26 11:45:08,529 httpx INFO: HTTP Request: POST https://aiberm.com/v1/chat/completions "HTTP/1.1 200 OK"
2026-05-26 11:45:08,707 httpx INFO: HTTP Request: POST https://aiberm.com/v1/chat/completions "HTTP/1.1 200 OK"
2026-05-26 11:45:09,649 httpx INFO: HTTP Request: POST https://aiberm.com/v1/chat/completions "HTTP/1.1 200 OK"
2026-05-26 11:45:09,749 httpx INFO: HTTP Request: POST https://aiberm.com/v1/chat/completions "HTTP/1.1 200 OK"
2026-05-26 11:45:10,321 httpx INFO: HTTP Request: POST https://aiberm.com/v1/chat/completions "HTTP/1.1 200 OK"
2026-05-26 11:45:10,578 httpx INFO: HTTP Request: POST https://aiberm.com/v1/chat/completions "HTTP/1.1 200 OK"
2026-05-26 11:45:11,981 httpx INFO: HTTP Request: POST https://aiberm.com/v1/chat/completions "HTTP/1.1 200 OK"
2026-05-26 11:45:12,146 httpx INFO: HTTP Request: POST https://aiberm.com/v1/chat/completions "HTTP/1.1 200 OK"
2026-05-26 11:45:12,366 httpx INFO: HTTP Request: POST https://aiberm.com/v1/chat/completions "HTTP/1.1 200 OK"
2026-05-26 11:45:13,196 httpx INFO: HTTP Request: POST https://aiberm.com/v1/chat/completions "HTTP/1.1 200 OK"
2026-05-26 11:45:13,229 httpx INFO: HTTP Request: POST https://aiberm.com/v1/chat/completions "HTTP/1.1 200 OK"
2026-05-26 11:45:13,275 httpx INFO: HTTP Request: POST https://aiberm.com/v1/chat/completions "HTTP/1.1 200 OK"
2026-05-26 11:45:13,307 httpx INFO: HTTP Request: POST https://aiberm.com/v1/chat/completions "HTTP/1.1 200 OK"
2026-05-26 11:45:14,100 httpx INFO: HTTP Request: POST https://aiberm.com/v1/chat/completions "HTTP/1.1 200 OK"
2026-05-26 11:45:14,965 httpx INFO: HTTP Request: POST https://aiberm.com/v1/chat/completions "HTTP/1.1 200 OK"
2026-05-26 11:45:15,178 httpx INFO: HTTP Request: POST https://aiberm.com/v1/chat/completions "HTTP/1.1 200 OK"
2026-05-26 11:45:16,005 httpx INFO: HTTP Request: POST https://aiberm.com/v1/chat/completions "HTTP/1.1 200 OK"
2026-05-26 11:45:16,033 httpx INFO: HTTP Request: POST https://aiberm.com/v1/chat/completions "HTTP/1.1 200 OK"
2026-05-26 11:45:16,179 httpx INFO: HTTP Request: POST https://aiberm.com/v1/chat/completions "HTTP/1.1 200 OK"
2026-05-26 11:45:16,412 httpx INFO: HTTP Request: POST https://aiberm.com/v1/chat/completions "HTTP/1.1 200 OK"
2026-05-26 11:45:17,171 httpx INFO: HTTP Request: POST https://aiberm.com/v1/chat/completions "HTTP/1.1 200 OK"
2026-05-26 11:45:18,034 httpx INFO: HTTP Request: POST https://aiberm.com/v1/chat/completions "HTTP/1.1 200 OK"
2026-05-26 11:45:18,946 httpx INFO: HTTP Request: POST https://aiberm.com/v1/chat/completions "HTTP/1.1 200 OK"
2026-05-26 11:45:18,974 httpx INFO: HTTP Request: POST https://aiberm.com/v1/chat/completions "HTTP/1.1 200 OK"
2026-05-26 11:45:19,639 httpx INFO: HTTP Request: POST https://aiberm.com/v1/chat/completions "HTTP/1.1 200 OK"
2026-05-26 11:45:19,853 httpx INFO: HTTP Request: POST https://aiberm.com/v1/chat/completions "HTTP/1.1 200 OK"
2026-05-26 11:45:20,768 httpx INFO: HTTP Request: POST https://aiberm.com/v1/chat/completions "HTTP/1.1 200 OK"
2026-05-26 11:45:20,834 httpx INFO: HTTP Request: POST https://aiberm.com/v1/chat/completions "HTTP/1.1 200 OK"
2026-05-26 11:45:20,862 httpx INFO: HTTP Request: POST https://aiberm.com/v1/chat/completions "HTTP/1.1 200 OK"
2026-05-26 11:45:20,925 httpx INFO: HTTP Request: POST https://aiberm.com/v1/chat/completions "HTTP/1.1 200 OK"
2026-05-26 11:45:21,157 httpx INFO: HTTP Request: POST https://aiberm.com/v1/chat/completions "HTTP/1.1 200 OK"
2026-05-26 11:45:21,204 httpx INFO: HTTP Request: POST https://aiberm.com/v1/chat/completions "HTTP/1.1 200 OK"
2026-05-26 11:45:21,290 httpx INFO: HTTP Request: POST https://aiberm.com/v1/chat/completions "HTTP/1.1 200 OK"
2026-05-26 11:45:21,400 httpx INFO: HTTP Request: POST https://aiberm.com/v1/chat/completions "HTTP/1.1 200 OK"
2026-05-26 11:45:21,586 httpx INFO: HTTP Request: POST https://aiberm.com/v1/chat/completions "HTTP/1.1 200 OK"
2026-05-26 11:45:23,315 httpx INFO: HTTP Request: POST https://aiberm.com/v1/chat/completions "HTTP/1.1 200 OK"
2026-05-26 11:45:24,503 httpx INFO: HTTP Request: POST https://aiberm.com/v1/chat/completions "HTTP/1.1 200 OK"
2026-05-26 11:45:24,735 httpx INFO: HTTP Request: POST https://aiberm.com/v1/chat/completions "HTTP/1.1 200 OK"
2026-05-26 11:45:24,860 httpx INFO: HTTP Request: POST https://aiberm.com/v1/chat/completions "HTTP/1.1 200 OK"
2026-05-26 11:45:24,963 httpx INFO: HTTP Request: POST https://aiberm.com/v1/chat/completions "HTTP/1.1 200 OK"
2026-05-26 11:45:25,199 httpx INFO: HTTP Request: POST https://aiberm.com/v1/chat/completions "HTTP/1.1 200 OK"
2026-05-26 11:45:25,700 httpx INFO: HTTP Request: POST https://aiberm.com/v1/chat/completions "HTTP/1.1 200 OK"
2026-05-26 11:45:26,010 httpx INFO: HTTP Request: POST https://aiberm.com/v1/chat/completions "HTTP/1.1 200 OK"
2026-05-26 11:45:26,457 httpx INFO: HTTP Request: POST https://aiberm.com/v1/chat/completions "HTTP/1.1 200 OK"
2026-05-26 11:45:27,072 httpx INFO: HTTP Request: POST https://aiberm.com/v1/chat/completions "HTTP/1.1 200 OK"
2026-05-26 11:45:27,540 httpx INFO: HTTP Request: POST https://aiberm.com/v1/chat/completions "HTTP/1.1 200 OK"
2026-05-26 11:45:28,903 httpx INFO: HTTP Request: POST https://aiberm.com/v1/chat/completions "HTTP/1.1 200 OK"
2026-05-26 11:45:28,933 httpx INFO: HTTP Request: POST https://aiberm.com/v1/chat/completions "HTTP/1.1 200 OK"
2026-05-26 11:45:29,053 httpx INFO: HTTP Request: POST https://aiberm.com/v1/chat/completions "HTTP/1.1 200 OK"
2026-05-26 11:45:29,121 httpx INFO: HTTP Request: POST https://aiberm.com/v1/chat/completions "HTTP/1.1 200 OK"
2026-05-26 11:45:29,156 httpx INFO: HTTP Request: POST https://aiberm.com/v1/chat/completions "HTTP/1.1 200 OK"
2026-05-26 11:45:29,337 httpx INFO: HTTP Request: POST https://aiberm.com/v1/chat/completions "HTTP/1.1 200 OK"
2026-05-26 11:45:30,318 httpx INFO: HTTP Request: POST https://aiberm.com/v1/chat/completions "HTTP/1.1 200 OK"
2026-05-26 11:45:30,436 httpx INFO: HTTP Request: POST https://aiberm.com/v1/chat/completions "HTTP/1.1 200 OK"
2026-05-26 11:45:30,650 httpx INFO: HTTP Request: POST https://aiberm.com/v1/chat/completions "HTTP/1.1 200 OK"
2026-05-26 11:45:31,135 httpx INFO: HTTP Request: POST https://aiberm.com/v1/chat/completions "HTTP/1.1 200 OK"
2026-05-26 11:45:31,338 httpx INFO: HTTP Request: POST https://aiberm.com/v1/chat/completions "HTTP/1.1 200 OK"
2026-05-26 11:45:31,384 httpx INFO: HTTP Request: POST https://aiberm.com/v1/chat/completions "HTTP/1.1 200 OK"
2026-05-26 11:45:31,447 httpx INFO: HTTP Request: POST https://aiberm.com/v1/chat/completions "HTTP/1.1 200 OK"
2026-05-26 11:45:31,686 httpx INFO: HTTP Request: POST https://aiberm.com/v1/chat/completions "HTTP/1.1 200 OK"
2026-05-26 11:45:33,361 httpx INFO: HTTP Request: POST https://aiberm.com/v1/chat/completions "HTTP/1.1 200 OK"
2026-05-26 11:45:33,820 httpx INFO: HTTP Request: POST https://aiberm.com/v1/chat/completions "HTTP/1.1 200 OK"
2026-05-26 11:45:33,975 httpx INFO: HTTP Request: POST https://aiberm.com/v1/chat/completions "HTTP/1.1 200 OK"
2026-05-26 11:45:35,040 httpx INFO: HTTP Request: POST https://aiberm.com/v1/chat/completions "HTTP/1.1 200 OK"
2026-05-26 11:45:35,113 httpx INFO: HTTP Request: POST https://aiberm.com/v1/chat/completions "HTTP/1.1 200 OK"
2026-05-26 11:45:35,356 httpx INFO: HTTP Request: POST https://aiberm.com/v1/chat/completions "HTTP/1.1 200 OK"
2026-05-26 11:45:35,488 httpx INFO: HTTP Request: POST https://aiberm.com/v1/chat/completions "HTTP/1.1 200 OK"
2026-05-26 11:45:35,534 httpx INFO: HTTP Request: POST https://aiberm.com/v1/chat/completions "HTTP/1.1 200 OK"
2026-05-26 11:45:36,093 httpx INFO: HTTP Request: POST https://aiberm.com/v1/chat/completions "HTTP/1.1 200 OK"
2026-05-26 11:45:36,328 httpx INFO: HTTP Request: POST https://aiberm.com/v1/chat/completions "HTTP/1.1 200 OK"
2026-05-26 11:45:36,545 httpx INFO: HTTP Request: POST https://aiberm.com/v1/chat/completions "HTTP/1.1 200 OK"
2026-05-26 11:45:36,900 httpx INFO: HTTP Request: POST https://aiberm.com/v1/chat/completions "HTTP/1.1 200 OK"
2026-05-26 11:45:37,557 httpx INFO: HTTP Request: POST https://aiberm.com/v1/chat/completions "HTTP/1.1 200 OK"
2026-05-26 11:45:37,597 httpx INFO: HTTP Request: POST https://aiberm.com/v1/chat/completions "HTTP/1.1 200 OK"
2026-05-26 11:45:37,662 httpx INFO: HTTP Request: POST https://aiberm.com/v1/chat/completions "HTTP/1.1 200 OK"
2026-05-26 11:45:38,381 httpx INFO: HTTP Request: POST https://aiberm.com/v1/chat/completions "HTTP/1.1 200 OK"
2026-05-26 11:45:38,598 httpx INFO: HTTP Request: POST https://aiberm.com/v1/chat/completions "HTTP/1.1 200 OK"
2026-05-26 11:45:39,466 httpx INFO: HTTP Request: POST https://aiberm.com/v1/chat/completions "HTTP/1.1 200 OK"
2026-05-26 11:45:40,621 httpx INFO: HTTP Request: POST https://aiberm.com/v1/chat/completions "HTTP/1.1 200 OK"
2026-05-26 11:45:40,740 httpx INFO: HTTP Request: POST https://aiberm.com/v1/chat/completions "HTTP/1.1 200 OK"
2026-05-26 11:45:41,505 httpx INFO: HTTP Request: POST https://aiberm.com/v1/chat/completions "HTTP/1.1 200 OK"
2026-05-26 11:45:41,621 httpx INFO: HTTP Request: POST https://aiberm.com/v1/chat/completions "HTTP/1.1 200 OK"
2026-05-26 11:45:42,329 httpx INFO: HTTP Request: POST https://aiberm.com/v1/chat/completions "HTTP/1.1 200 OK"
2026-05-26 11:45:42,556 httpx INFO: HTTP Request: POST https://aiberm.com/v1/chat/completions "HTTP/1.1 200 OK"
2026-05-26 11:45:43,347 httpx INFO: HTTP Request: POST https://aiberm.com/v1/chat/completions "HTTP/1.1 200 OK"
2026-05-26 11:45:43,467 httpx INFO: HTTP Request: POST https://aiberm.com/v1/chat/completions "HTTP/1.1 200 OK"
2026-05-26 11:45:43,509 httpx INFO: HTTP Request: POST https://aiberm.com/v1/chat/completions "HTTP/1.1 200 OK"
2026-05-26 11:45:43,572 httpx INFO: HTTP Request: POST https://aiberm.com/v1/chat/completions "HTTP/1.1 200 OK"
2026-05-26 11:45:44,139 httpx INFO: HTTP Request: POST https://aiberm.com/v1/chat/completions "HTTP/1.1 200 OK"
2026-05-26 11:45:44,351 httpx INFO: HTTP Request: POST https://aiberm.com/v1/chat/completions "HTTP/1.1 200 OK"
2026-05-26 11:45:46,427 httpx INFO: HTTP Request: POST https://aiberm.com/v1/chat/completions "HTTP/1.1 200 OK"
2026-05-26 11:45:46,523 httpx INFO: HTTP Request: POST https://aiberm.com/v1/chat/completions "HTTP/1.1 200 OK"
2026-05-26 11:45:47,382 httpx INFO: HTTP Request: POST https://aiberm.com/v1/chat/completions "HTTP/1.1 200 OK"
2026-05-26 11:45:47,449 httpx INFO: HTTP Request: POST https://aiberm.com/v1/chat/completions "HTTP/1.1 200 OK"
2026-05-26 11:45:47,476 httpx INFO: HTTP Request: POST https://aiberm.com/v1/chat/completions "HTTP/1.1 200 OK"
2026-05-26 11:45:47,738 httpx INFO: HTTP Request: POST https://aiberm.com/v1/chat/completions "HTTP/1.1 200 OK"
2026-05-26 11:45:47,919 httpx INFO: HTTP Request: POST https://aiberm.com/v1/chat/completions "HTTP/1.1 200 OK"
2026-05-26 11:45:48,118 httpx INFO: HTTP Request: POST https://aiberm.com/v1/chat/completions "HTTP/1.1 200 OK"
2026-05-26 11:45:48,159 httpx INFO: HTTP Request: POST https://aiberm.com/v1/chat/completions "HTTP/1.1 200 OK"
2026-05-26 11:45:48,697 httpx INFO: HTTP Request: POST https://aiberm.com/v1/chat/completions "HTTP/1.1 200 OK"
2026-05-26 11:45:50,457 httpx INFO: HTTP Request: POST https://aiberm.com/v1/chat/completions "HTTP/1.1 200 OK"
2026-05-26 11:45:50,648 httpx INFO: HTTP Request: POST https://aiberm.com/v1/chat/completions "HTTP/1.1 200 OK"
2026-05-26 11:45:50,686 httpx INFO: HTTP Request: POST https://aiberm.com/v1/chat/completions "HTTP/1.1 200 OK"
2026-05-26 11:45:50,983 httpx INFO: HTTP Request: POST https://aiberm.com/v1/chat/completions "HTTP/1.1 200 OK"
2026-05-26 11:45:51,537 httpx INFO: HTTP Request: POST https://aiberm.com/v1/chat/completions "HTTP/1.1 200 OK"
2026-05-26 11:45:52,186 httpx INFO: HTTP Request: POST https://aiberm.com/v1/chat/completions "HTTP/1.1 200 OK"
2026-05-26 11:45:52,334 httpx INFO: HTTP Request: POST https://aiberm.com/v1/chat/completions "HTTP/1.1 200 OK"
2026-05-26 11:45:52,404 httpx INFO: HTTP Request: POST https://aiberm.com/v1/chat/completions "HTTP/1.1 200 OK"
2026-05-26 11:45:52,705 httpx INFO: HTTP Request: POST https://aiberm.com/v1/chat/completions "HTTP/1.1 200 OK"
2026-05-26 11:45:53,311 httpx INFO: HTTP Request: POST https://aiberm.com/v1/chat/completions "HTTP/1.1 200 OK"
2026-05-26 11:45:53,894 httpx INFO: HTTP Request: POST https://aiberm.com/v1/chat/completions "HTTP/1.1 200 OK"
2026-05-26 11:45:54,472 httpx INFO: HTTP Request: POST https://aiberm.com/v1/chat/completions "HTTP/1.1 200 OK"
2026-05-26 11:45:55,860 httpx INFO: HTTP Request: POST https://aiberm.com/v1/chat/completions "HTTP/1.1 200 OK"
2026-05-26 11:45:56,036 httpx INFO: HTTP Request: POST https://aiberm.com/v1/chat/completions "HTTP/1.1 200 OK"
2026-05-26 11:45:56,457 httpx INFO: HTTP Request: POST https://aiberm.com/v1/chat/completions "HTTP/1.1 200 OK"
2026-05-26 11:45:57,604 httpx INFO: HTTP Request: POST https://aiberm.com/v1/chat/completions "HTTP/1.1 200 OK"
2026-05-26 11:45:57,674 httpx INFO: HTTP Request: POST https://aiberm.com/v1/chat/completions "HTTP/1.1 200 OK"
2026-05-26 11:45:59,546 httpx INFO: HTTP Request: POST https://aiberm.com/v1/chat/completions "HTTP/1.1 200 OK"
2026-05-26 11:45:59,744 httpx INFO: HTTP Request: POST https://aiberm.com/v1/chat/completions "HTTP/1.1 200 OK"
2026-05-26 11:45:59,841 httpx INFO: HTTP Request: POST https://aiberm.com/v1/chat/completions "HTTP/1.1 200 OK"
2026-05-26 11:45:59,893 httpx INFO: HTTP Request: POST https://aiberm.com/v1/chat/completions "HTTP/1.1 200 OK"
2026-05-26 11:45:59,894 httpx INFO: HTTP Request: POST https://aiberm.com/v1/chat/completions "HTTP/1.1 200 OK"
2026-05-26 11:46:00,478 httpx INFO: HTTP Request: POST https://aiberm.com/v1/chat/completions "HTTP/1.1 200 OK"
2026-05-26 11:46:01,261 httpx INFO: HTTP Request: POST https://aiberm.com/v1/chat/completions "HTTP/1.1 200 OK"
2026-05-26 11:46:01,593 httpx INFO: HTTP Request: POST https://aiberm.com/v1/chat/completions "HTTP/1.1 200 OK"
2026-05-26 11:46:01,783 httpx INFO: HTTP Request: POST https://aiberm.com/v1/chat/completions "HTTP/1.1 200 OK"
2026-05-26 11:46:03,094 httpx INFO: HTTP Request: POST https://aiberm.com/v1/chat/completions "HTTP/1.1 200 OK"
2026-05-26 11:46:03,804 httpx INFO: HTTP Request: POST https://aiberm.com/v1/chat/completions "HTTP/1.1 200 OK"
2026-05-26 11:46:03,872 httpx INFO: HTTP Request: POST https://aiberm.com/v1/chat/completions "HTTP/1.1 200 OK"
2026-05-26 11:46:03,874 httpx INFO: HTTP Request: POST https://aiberm.com/v1/chat/completions "HTTP/1.1 200 OK"
2026-05-26 11:46:03,894 httpx INFO: HTTP Request: POST https://aiberm.com/v1/chat/completions "HTTP/1.1 200 OK"
2026-05-26 11:46:04,070 httpx INFO: HTTP Request: POST https://aiberm.com/v1/chat/completions "HTTP/1.1 200 OK"
2026-05-26 11:46:04,728 httpx INFO: HTTP Request: POST https://aiberm.com/v1/chat/completions "HTTP/1.1 200 OK"
2026-05-26 11:46:04,932 httpx INFO: HTTP Request: POST https://aiberm.com/v1/chat/completions "HTTP/1.1 200 OK"
2026-05-26 11:46:06,619 httpx INFO: HTTP Request: POST https://aiberm.com/v1/chat/completions "HTTP/1.1 200 OK"
2026-05-26 11:46:06,736 httpx INFO: HTTP Request: POST https://aiberm.com/v1/chat/completions "HTTP/1.1 200 OK"
2026-05-26 11:46:09,370 httpx INFO: HTTP Request: POST https://aiberm.com/v1/chat/completions "HTTP/1.1 200 OK"
2026-05-26 11:46:27,691 httpx INFO: HTTP Request: POST https://aiberm.com/v1/chat/completions "HTTP/1.1 200 OK"
2026-05-26 11:46:34,451 httpx INFO: HTTP Request: POST https://aiberm.com/v1/chat/completions "HTTP/1.1 200 OK"
2026-05-26 11:46:56,822 httpx INFO: HTTP Request: POST https://aiberm.com/v1/chat/completions "HTTP/1.1 200 OK"
2026-05-26 11:46:56,850 __main__ INFO: wrote scores=outputs/scoring/cae-v2.0-1-scores-v5.json report=outputs/scoring/cae-v2.0-1-report-v5.md (92 items scored ok, 0 errors)
