2026-05-25 14:54:24,965 __main__ INFO: loaded 94 rubric items from /home/juli/RLM/data/CAE-v2.0-1-rubrics.json
2026-05-25 14:54:24,965 __main__ INFO: loaded 94 anchors from /home/juli/RLM/data/CAE-anchor-scores.json
2026-05-25 14:54:24,965 __main__ INFO: loaded 0 existing scores from /home/juli/RLM/outputs/scoring/cae-v2.0-1-scores.json
2026-05-25 14:54:25,053 __main__ INFO: scoring 94 pending items
2026-05-25 14:54:29,547 httpx INFO: HTTP Request: POST https://aiberm.com/v1/chat/completions "HTTP/1.1 200 OK"
2026-05-25 14:54:29,708 httpx INFO: HTTP Request: POST https://aiberm.com/v1/chat/completions "HTTP/1.1 200 OK"
2026-05-25 14:54:29,948 httpx INFO: HTTP Request: POST https://aiberm.com/v1/chat/completions "HTTP/1.1 200 OK"
2026-05-25 14:54:30,194 httpx INFO: HTTP Request: POST https://aiberm.com/v1/chat/completions "HTTP/1.1 200 OK"
2026-05-25 14:54:30,908 httpx INFO: HTTP Request: POST https://aiberm.com/v1/chat/completions "HTTP/1.1 200 OK"
2026-05-25 14:54:31,389 httpx INFO: HTTP Request: POST https://aiberm.com/v1/chat/completions "HTTP/1.1 200 OK"
2026-05-25 14:54:31,419 httpx INFO: HTTP Request: POST https://aiberm.com/v1/chat/completions "HTTP/1.1 200 OK"
2026-05-25 14:54:31,610 httpx INFO: HTTP Request: POST https://aiberm.com/v1/chat/completions "HTTP/1.1 200 OK"
2026-05-25 14:54:31,715 httpx INFO: HTTP Request: POST https://aiberm.com/v1/chat/completions "HTTP/1.1 200 OK"
2026-05-25 14:54:31,762 httpx INFO: HTTP Request: POST https://aiberm.com/v1/chat/completions "HTTP/1.1 200 OK"
2026-05-25 14:54:32,023 httpx INFO: HTTP Request: POST https://aiberm.com/v1/chat/completions "HTTP/1.1 200 OK"
2026-05-25 14:54:33,184 httpx INFO: HTTP Request: POST https://aiberm.com/v1/chat/completions "HTTP/1.1 200 OK"
2026-05-25 14:54:33,371 httpx INFO: HTTP Request: POST https://aiberm.com/v1/chat/completions "HTTP/1.1 200 OK"
2026-05-25 14:54:34,988 httpx INFO: HTTP Request: POST https://aiberm.com/v1/chat/completions "HTTP/1.1 200 OK"
2026-05-25 14:54:35,731 httpx INFO: HTTP Request: POST https://aiberm.com/v1/chat/completions "HTTP/1.1 200 OK"
2026-05-25 14:54:36,501 httpx INFO: HTTP Request: POST https://aiberm.com/v1/chat/completions "HTTP/1.1 200 OK"
2026-05-25 14:54:36,896 httpx INFO: HTTP Request: POST https://aiberm.com/v1/chat/completions "HTTP/1.1 200 OK"
2026-05-25 14:54:37,033 httpx INFO: HTTP Request: POST https://aiberm.com/v1/chat/completions "HTTP/1.1 200 OK"
2026-05-25 14:54:37,461 httpx INFO: HTTP Request: POST https://aiberm.com/v1/chat/completions "HTTP/1.1 200 OK"
2026-05-25 14:54:37,497 httpx INFO: HTTP Request: POST https://aiberm.com/v1/chat/completions "HTTP/1.1 200 OK"
2026-05-25 14:54:37,598 httpx INFO: HTTP Request: POST https://aiberm.com/v1/chat/completions "HTTP/1.1 200 OK"
2026-05-25 14:54:37,627 httpx INFO: HTTP Request: POST https://aiberm.com/v1/chat/completions "HTTP/1.1 200 OK"
2026-05-25 14:54:37,665 httpx INFO: HTTP Request: POST https://aiberm.com/v1/chat/completions "HTTP/1.1 200 OK"
2026-05-25 14:54:37,666 httpx INFO: HTTP Request: POST https://aiberm.com/v1/chat/completions "HTTP/1.1 200 OK"
2026-05-25 14:54:38,230 httpx INFO: HTTP Request: POST https://aiberm.com/v1/chat/completions "HTTP/1.1 200 OK"
2026-05-25 14:54:38,800 httpx INFO: HTTP Request: POST https://aiberm.com/v1/chat/completions "HTTP/1.1 200 OK"
2026-05-25 14:54:38,993 httpx INFO: HTTP Request: POST https://aiberm.com/v1/chat/completions "HTTP/1.1 200 OK"
2026-05-25 14:54:39,909 httpx INFO: HTTP Request: POST https://aiberm.com/v1/chat/completions "HTTP/1.1 200 OK"
2026-05-25 14:54:40,520 httpx INFO: HTTP Request: POST https://aiberm.com/v1/chat/completions "HTTP/1.1 200 OK"
2026-05-25 14:54:40,812 httpx INFO: HTTP Request: POST https://aiberm.com/v1/chat/completions "HTTP/1.1 200 OK"
2026-05-25 14:54:41,158 httpx INFO: HTTP Request: POST https://aiberm.com/v1/chat/completions "HTTP/1.1 200 OK"
2026-05-25 14:54:41,624 httpx INFO: HTTP Request: POST https://aiberm.com/v1/chat/completions "HTTP/1.1 200 OK"
2026-05-25 14:54:41,849 httpx INFO: HTTP Request: POST https://aiberm.com/v1/chat/completions "HTTP/1.1 200 OK"
2026-05-25 14:54:41,938 httpx INFO: HTTP Request: POST https://aiberm.com/v1/chat/completions "HTTP/1.1 200 OK"
2026-05-25 14:54:43,139 httpx INFO: HTTP Request: POST https://aiberm.com/v1/chat/completions "HTTP/1.1 200 OK"
2026-05-25 14:54:43,540 httpx INFO: HTTP Request: POST https://aiberm.com/v1/chat/completions "HTTP/1.1 200 OK"
2026-05-25 14:54:43,956 httpx INFO: HTTP Request: POST https://aiberm.com/v1/chat/completions "HTTP/1.1 200 OK"
2026-05-25 14:54:43,984 httpx INFO: HTTP Request: POST https://aiberm.com/v1/chat/completions "HTTP/1.1 200 OK"
2026-05-25 14:54:44,047 httpx INFO: HTTP Request: POST https://aiberm.com/v1/chat/completions "HTTP/1.1 200 OK"
2026-05-25 14:54:44,100 httpx INFO: HTTP Request: POST https://aiberm.com/v1/chat/completions "HTTP/1.1 200 OK"
2026-05-25 14:54:44,828 httpx INFO: HTTP Request: POST https://aiberm.com/v1/chat/completions "HTTP/1.1 200 OK"
2026-05-25 14:54:45,009 httpx INFO: HTTP Request: POST https://aiberm.com/v1/chat/completions "HTTP/1.1 200 OK"
2026-05-25 14:54:45,328 httpx INFO: HTTP Request: POST https://aiberm.com/v1/chat/completions "HTTP/1.1 200 OK"
2026-05-25 14:54:45,999 httpx INFO: HTTP Request: POST https://aiberm.com/v1/chat/completions "HTTP/1.1 200 OK"
2026-05-25 14:54:46,789 httpx INFO: HTTP Request: POST https://aiberm.com/v1/chat/completions "HTTP/1.1 200 OK"
2026-05-25 14:54:47,289 httpx INFO: HTTP Request: POST https://aiberm.com/v1/chat/completions "HTTP/1.1 200 OK"
2026-05-25 14:54:47,318 httpx INFO: HTTP Request: POST https://aiberm.com/v1/chat/completions "HTTP/1.1 200 OK"
2026-05-25 14:54:47,544 httpx INFO: HTTP Request: POST https://aiberm.com/v1/chat/completions "HTTP/1.1 200 OK"
2026-05-25 14:54:47,700 httpx INFO: HTTP Request: POST https://aiberm.com/v1/chat/completions "HTTP/1.1 200 OK"
2026-05-25 14:54:48,698 httpx INFO: HTTP Request: POST https://aiberm.com/v1/chat/completions "HTTP/1.1 200 OK"
2026-05-25 14:54:50,123 httpx INFO: HTTP Request: POST https://aiberm.com/v1/chat/completions "HTTP/1.1 200 OK"
2026-05-25 14:54:50,150 httpx INFO: HTTP Request: POST https://aiberm.com/v1/chat/completions "HTTP/1.1 200 OK"
2026-05-25 14:54:50,390 httpx INFO: HTTP Request: POST https://aiberm.com/v1/chat/completions "HTTP/1.1 200 OK"
2026-05-25 14:54:51,102 httpx INFO: HTTP Request: POST https://aiberm.com/v1/chat/completions "HTTP/1.1 200 OK"
2026-05-25 14:54:51,205 httpx INFO: HTTP Request: POST https://aiberm.com/v1/chat/completions "HTTP/1.1 200 OK"
2026-05-25 14:54:51,527 httpx INFO: HTTP Request: POST https://aiberm.com/v1/chat/completions "HTTP/1.1 200 OK"
2026-05-25 14:54:51,556 httpx INFO: HTTP Request: POST https://aiberm.com/v1/chat/completions "HTTP/1.1 200 OK"
2026-05-25 14:54:51,875 httpx INFO: HTTP Request: POST https://aiberm.com/v1/chat/completions "HTTP/1.1 200 OK"
2026-05-25 14:54:51,945 httpx INFO: HTTP Request: POST https://aiberm.com/v1/chat/completions "HTTP/1.1 200 OK"
2026-05-25 14:54:52,068 httpx INFO: HTTP Request: POST https://aiberm.com/v1/chat/completions "HTTP/1.1 200 OK"
2026-05-25 14:54:52,705 httpx INFO: HTTP Request: POST https://aiberm.com/v1/chat/completions "HTTP/1.1 200 OK"
2026-05-25 14:54:53,456 httpx INFO: HTTP Request: POST https://aiberm.com/v1/chat/completions "HTTP/1.1 200 OK"
2026-05-25 14:54:53,621 httpx INFO: HTTP Request: POST https://aiberm.com/v1/chat/completions "HTTP/1.1 200 OK"
2026-05-25 14:54:54,465 httpx INFO: HTTP Request: POST https://aiberm.com/v1/chat/completions "HTTP/1.1 200 OK"
2026-05-25 14:54:55,013 httpx INFO: HTTP Request: POST https://aiberm.com/v1/chat/completions "HTTP/1.1 200 OK"
2026-05-25 14:54:55,210 httpx INFO: HTTP Request: POST https://aiberm.com/v1/chat/completions "HTTP/1.1 200 OK"
2026-05-25 14:54:55,625 httpx INFO: HTTP Request: POST https://aiberm.com/v1/chat/completions "HTTP/1.1 200 OK"
2026-05-25 14:54:55,802 httpx INFO: HTTP Request: POST https://aiberm.com/v1/chat/completions "HTTP/1.1 200 OK"
2026-05-25 14:54:55,982 httpx INFO: HTTP Request: POST https://aiberm.com/v1/chat/completions "HTTP/1.1 200 OK"
2026-05-25 14:54:56,175 httpx INFO: HTTP Request: POST https://aiberm.com/v1/chat/completions "HTTP/1.1 200 OK"
2026-05-25 14:54:56,360 httpx INFO: HTTP Request: POST https://aiberm.com/v1/chat/completions "HTTP/1.1 200 OK"
2026-05-25 14:54:57,216 httpx INFO: HTTP Request: POST https://aiberm.com/v1/chat/completions "HTTP/1.1 200 OK"
2026-05-25 14:54:57,613 httpx INFO: HTTP Request: POST https://aiberm.com/v1/chat/completions "HTTP/1.1 200 OK"
2026-05-25 14:54:58,087 httpx INFO: HTTP Request: POST https://aiberm.com/v1/chat/completions "HTTP/1.1 200 OK"
2026-05-25 14:54:58,121 httpx INFO: HTTP Request: POST https://aiberm.com/v1/chat/completions "HTTP/1.1 200 OK"
2026-05-25 14:54:58,245 httpx INFO: HTTP Request: POST https://aiberm.com/v1/chat/completions "HTTP/1.1 200 OK"
2026-05-25 14:54:58,770 httpx INFO: HTTP Request: POST https://aiberm.com/v1/chat/completions "HTTP/1.1 200 OK"
2026-05-25 14:54:59,189 httpx INFO: HTTP Request: POST https://aiberm.com/v1/chat/completions "HTTP/1.1 200 OK"
2026-05-25 14:54:59,956 httpx INFO: HTTP Request: POST https://aiberm.com/v1/chat/completions "HTTP/1.1 200 OK"
2026-05-25 14:55:00,408 httpx INFO: HTTP Request: POST https://aiberm.com/v1/chat/completions "HTTP/1.1 200 OK"
2026-05-25 14:55:00,836 httpx INFO: HTTP Request: POST https://aiberm.com/v1/chat/completions "HTTP/1.1 200 OK"
2026-05-25 14:55:00,867 httpx INFO: HTTP Request: POST https://aiberm.com/v1/chat/completions "HTTP/1.1 200 OK"
2026-05-25 14:55:00,912 httpx INFO: HTTP Request: POST https://aiberm.com/v1/chat/completions "HTTP/1.1 200 OK"
2026-05-25 14:55:01,161 httpx INFO: HTTP Request: POST https://aiberm.com/v1/chat/completions "HTTP/1.1 200 OK"
2026-05-25 14:55:01,570 httpx INFO: HTTP Request: POST https://aiberm.com/v1/chat/completions "HTTP/1.1 200 OK"
2026-05-25 14:55:01,652 httpx INFO: HTTP Request: POST https://aiberm.com/v1/chat/completions "HTTP/1.1 200 OK"
2026-05-25 14:55:01,946 httpx INFO: HTTP Request: POST https://aiberm.com/v1/chat/completions "HTTP/1.1 200 OK"
2026-05-25 14:55:02,040 httpx INFO: HTTP Request: POST https://aiberm.com/v1/chat/completions "HTTP/1.1 200 OK"
2026-05-25 14:55:02,620 httpx INFO: HTTP Request: POST https://aiberm.com/v1/chat/completions "HTTP/1.1 200 OK"
2026-05-25 14:55:03,311 httpx INFO: HTTP Request: POST https://aiberm.com/v1/chat/completions "HTTP/1.1 200 OK"
2026-05-25 14:55:03,418 httpx INFO: HTTP Request: POST https://aiberm.com/v1/chat/completions "HTTP/1.1 200 OK"
2026-05-25 14:55:03,510 httpx INFO: HTTP Request: POST https://aiberm.com/v1/chat/completions "HTTP/1.1 200 OK"
2026-05-25 14:55:03,765 httpx INFO: HTTP Request: POST https://aiberm.com/v1/chat/completions "HTTP/1.1 200 OK"
2026-05-25 14:55:04,734 httpx INFO: HTTP Request: POST https://aiberm.com/v1/chat/completions "HTTP/1.1 200 OK"
2026-05-25 14:55:04,784 httpx INFO: HTTP Request: POST https://aiberm.com/v1/chat/completions "HTTP/1.1 200 OK"
2026-05-25 14:55:04,825 httpx INFO: HTTP Request: POST https://aiberm.com/v1/chat/completions "HTTP/1.1 200 OK"
2026-05-25 14:55:05,220 httpx INFO: HTTP Request: POST https://aiberm.com/v1/chat/completions "HTTP/1.1 200 OK"
2026-05-25 14:55:05,392 httpx INFO: HTTP Request: POST https://aiberm.com/v1/chat/completions "HTTP/1.1 200 OK"
2026-05-25 14:55:05,548 httpx INFO: HTTP Request: POST https://aiberm.com/v1/chat/completions "HTTP/1.1 200 OK"
2026-05-25 14:55:06,075 httpx INFO: HTTP Request: POST https://aiberm.com/v1/chat/completions "HTTP/1.1 200 OK"
2026-05-25 14:55:06,319 httpx INFO: HTTP Request: POST https://aiberm.com/v1/chat/completions "HTTP/1.1 200 OK"
2026-05-25 14:55:06,410 httpx INFO: HTTP Request: POST https://aiberm.com/v1/chat/completions "HTTP/1.1 200 OK"
2026-05-25 14:55:06,604 httpx INFO: HTTP Request: POST https://aiberm.com/v1/chat/completions "HTTP/1.1 200 OK"
2026-05-25 14:55:06,789 httpx INFO: HTTP Request: POST https://aiberm.com/v1/chat/completions "HTTP/1.1 200 OK"
2026-05-25 14:55:07,160 httpx INFO: HTTP Request: POST https://aiberm.com/v1/chat/completions "HTTP/1.1 200 OK"
2026-05-25 14:55:07,467 httpx INFO: HTTP Request: POST https://aiberm.com/v1/chat/completions "HTTP/1.1 200 OK"
2026-05-25 14:55:07,811 httpx INFO: HTTP Request: POST https://aiberm.com/v1/chat/completions "HTTP/1.1 200 OK"
2026-05-25 14:55:07,909 httpx INFO: HTTP Request: POST https://aiberm.com/v1/chat/completions "HTTP/1.1 200 OK"
2026-05-25 14:55:08,344 httpx INFO: HTTP Request: POST https://aiberm.com/v1/chat/completions "HTTP/1.1 200 OK"
2026-05-25 14:55:09,102 httpx INFO: HTTP Request: POST https://aiberm.com/v1/chat/completions "HTTP/1.1 200 OK"
2026-05-25 14:55:09,558 httpx INFO: HTTP Request: POST https://aiberm.com/v1/chat/completions "HTTP/1.1 200 OK"
2026-05-25 14:55:09,981 httpx INFO: HTTP Request: POST https://aiberm.com/v1/chat/completions "HTTP/1.1 200 OK"
2026-05-25 14:55:10,009 httpx INFO: HTTP Request: POST https://aiberm.com/v1/chat/completions "HTTP/1.1 200 OK"
2026-05-25 14:55:11,357 httpx INFO: HTTP Request: POST https://aiberm.com/v1/chat/completions "HTTP/1.1 200 OK"
2026-05-25 14:55:11,525 httpx INFO: HTTP Request: POST https://aiberm.com/v1/chat/completions "HTTP/1.1 200 OK"
2026-05-25 14:55:11,800 httpx INFO: HTTP Request: POST https://aiberm.com/v1/chat/completions "HTTP/1.1 200 OK"
2026-05-25 14:55:11,884 httpx INFO: HTTP Request: POST https://aiberm.com/v1/chat/completions "HTTP/1.1 200 OK"
2026-05-25 14:55:12,389 httpx INFO: HTTP Request: POST https://aiberm.com/v1/chat/completions "HTTP/1.1 200 OK"
2026-05-25 14:55:12,569 httpx INFO: HTTP Request: POST https://aiberm.com/v1/chat/completions "HTTP/1.1 200 OK"
2026-05-25 14:55:13,251 httpx INFO: HTTP Request: POST https://aiberm.com/v1/chat/completions "HTTP/1.1 200 OK"
2026-05-25 14:55:14,177 httpx INFO: HTTP Request: POST https://aiberm.com/v1/chat/completions "HTTP/1.1 200 OK"
2026-05-25 14:55:14,206 httpx INFO: HTTP Request: POST https://aiberm.com/v1/chat/completions "HTTP/1.1 200 OK"
2026-05-25 14:55:14,512 httpx INFO: HTTP Request: POST https://aiberm.com/v1/chat/completions "HTTP/1.1 200 OK"
2026-05-25 14:55:15,127 httpx INFO: HTTP Request: POST https://aiberm.com/v1/chat/completions "HTTP/1.1 200 OK"
2026-05-25 14:55:15,946 httpx INFO: HTTP Request: POST https://aiberm.com/v1/chat/completions "HTTP/1.1 200 OK"
2026-05-25 14:55:16,093 httpx INFO: HTTP Request: POST https://aiberm.com/v1/chat/completions "HTTP/1.1 200 OK"
2026-05-25 14:55:16,390 httpx INFO: HTTP Request: POST https://aiberm.com/v1/chat/completions "HTTP/1.1 200 OK"
2026-05-25 14:55:17,219 httpx INFO: HTTP Request: POST https://aiberm.com/v1/chat/completions "HTTP/1.1 200 OK"
2026-05-25 14:55:17,433 httpx INFO: HTTP Request: POST https://aiberm.com/v1/chat/completions "HTTP/1.1 200 OK"
2026-05-25 14:55:17,465 httpx INFO: HTTP Request: POST https://aiberm.com/v1/chat/completions "HTTP/1.1 200 OK"
2026-05-25 14:55:18,041 httpx INFO: HTTP Request: POST https://aiberm.com/v1/chat/completions "HTTP/1.1 200 OK"
2026-05-25 14:55:18,255 httpx INFO: HTTP Request: POST https://aiberm.com/v1/chat/completions "HTTP/1.1 200 OK"
2026-05-25 14:55:18,332 httpx INFO: HTTP Request: POST https://aiberm.com/v1/chat/completions "HTTP/1.1 200 OK"
2026-05-25 14:55:18,569 httpx INFO: HTTP Request: POST https://aiberm.com/v1/chat/completions "HTTP/1.1 200 OK"
2026-05-25 14:55:18,917 httpx INFO: HTTP Request: POST https://aiberm.com/v1/chat/completions "HTTP/1.1 200 OK"
2026-05-25 14:55:19,226 httpx INFO: HTTP Request: POST https://aiberm.com/v1/chat/completions "HTTP/1.1 200 OK"
2026-05-25 14:55:19,612 httpx INFO: HTTP Request: POST https://aiberm.com/v1/chat/completions "HTTP/1.1 200 OK"
2026-05-25 14:55:19,988 httpx INFO: HTTP Request: POST https://aiberm.com/v1/chat/completions "HTTP/1.1 200 OK"
2026-05-25 14:55:20,743 httpx INFO: HTTP Request: POST https://aiberm.com/v1/chat/completions "HTTP/1.1 200 OK"
2026-05-25 14:55:21,092 httpx INFO: HTTP Request: POST https://aiberm.com/v1/chat/completions "HTTP/1.1 200 OK"
2026-05-25 14:55:21,928 httpx INFO: HTTP Request: POST https://aiberm.com/v1/chat/completions "HTTP/1.1 200 OK"
2026-05-25 14:55:22,282 httpx INFO: HTTP Request: POST https://aiberm.com/v1/chat/completions "HTTP/1.1 200 OK"
2026-05-25 14:55:22,803 httpx INFO: HTTP Request: POST https://aiberm.com/v1/chat/completions "HTTP/1.1 200 OK"
2026-05-25 14:55:22,832 httpx INFO: HTTP Request: POST https://aiberm.com/v1/chat/completions "HTTP/1.1 200 OK"
2026-05-25 14:55:22,921 httpx INFO: HTTP Request: POST https://aiberm.com/v1/chat/completions "HTTP/1.1 200 OK"
2026-05-25 14:55:23,039 httpx INFO: HTTP Request: POST https://aiberm.com/v1/chat/completions "HTTP/1.1 200 OK"
2026-05-25 14:55:23,709 httpx INFO: HTTP Request: POST https://aiberm.com/v1/chat/completions "HTTP/1.1 200 OK"
2026-05-25 14:55:23,746 httpx INFO: HTTP Request: POST https://aiberm.com/v1/chat/completions "HTTP/1.1 200 OK"
2026-05-25 14:55:23,865 httpx INFO: HTTP Request: POST https://aiberm.com/v1/chat/completions "HTTP/1.1 200 OK"
2026-05-25 14:55:24,429 httpx INFO: HTTP Request: POST https://aiberm.com/v1/chat/completions "HTTP/1.1 200 OK"
2026-05-25 14:55:24,899 httpx INFO: HTTP Request: POST https://aiberm.com/v1/chat/completions "HTTP/1.1 200 OK"
2026-05-25 14:55:25,121 httpx INFO: HTTP Request: POST https://aiberm.com/v1/chat/completions "HTTP/1.1 200 OK"
2026-05-25 14:55:25,676 httpx INFO: HTTP Request: POST https://aiberm.com/v1/chat/completions "HTTP/1.1 200 OK"
2026-05-25 14:55:26,362 httpx INFO: HTTP Request: POST https://aiberm.com/v1/chat/completions "HTTP/1.1 200 OK"
2026-05-25 14:55:27,224 httpx INFO: HTTP Request: POST https://aiberm.com/v1/chat/completions "HTTP/1.1 200 OK"
2026-05-25 14:55:27,357 httpx INFO: HTTP Request: POST https://aiberm.com/v1/chat/completions "HTTP/1.1 200 OK"
2026-05-25 14:55:27,566 httpx INFO: HTTP Request: POST https://aiberm.com/v1/chat/completions "HTTP/1.1 200 OK"
2026-05-25 14:55:27,593 httpx INFO: HTTP Request: POST https://aiberm.com/v1/chat/completions "HTTP/1.1 200 OK"
2026-05-25 14:55:28,105 httpx INFO: HTTP Request: POST https://aiberm.com/v1/chat/completions "HTTP/1.1 200 OK"
2026-05-25 14:55:28,187 httpx INFO: HTTP Request: POST https://aiberm.com/v1/chat/completions "HTTP/1.1 200 OK"
2026-05-25 14:55:28,715 httpx INFO: HTTP Request: POST https://aiberm.com/v1/chat/completions "HTTP/1.1 200 OK"
2026-05-25 14:55:28,802 httpx INFO: HTTP Request: POST https://aiberm.com/v1/chat/completions "HTTP/1.1 200 OK"
2026-05-25 14:55:28,838 httpx INFO: HTTP Request: POST https://aiberm.com/v1/chat/completions "HTTP/1.1 200 OK"
2026-05-25 14:55:29,385 httpx INFO: HTTP Request: POST https://aiberm.com/v1/chat/completions "HTTP/1.1 200 OK"
2026-05-25 14:55:29,562 httpx INFO: HTTP Request: POST https://aiberm.com/v1/chat/completions "HTTP/1.1 200 OK"
2026-05-25 14:55:31,117 httpx INFO: HTTP Request: POST https://aiberm.com/v1/chat/completions "HTTP/1.1 200 OK"
2026-05-25 14:55:31,799 httpx INFO: HTTP Request: POST https://aiberm.com/v1/chat/completions "HTTP/1.1 200 OK"
2026-05-25 14:55:31,875 httpx INFO: HTTP Request: POST https://aiberm.com/v1/chat/completions "HTTP/1.1 200 OK"
2026-05-25 14:55:32,002 httpx INFO: HTTP Request: POST https://aiberm.com/v1/chat/completions "HTTP/1.1 200 OK"
2026-05-25 14:55:32,486 httpx INFO: HTTP Request: POST https://aiberm.com/v1/chat/completions "HTTP/1.1 200 OK"
2026-05-25 14:55:32,658 httpx INFO: HTTP Request: POST https://aiberm.com/v1/chat/completions "HTTP/1.1 200 OK"
2026-05-25 14:55:33,016 httpx INFO: HTTP Request: POST https://aiberm.com/v1/chat/completions "HTTP/1.1 200 OK"
2026-05-25 14:55:33,274 httpx INFO: HTTP Request: POST https://aiberm.com/v1/chat/completions "HTTP/1.1 200 OK"
2026-05-25 14:55:33,755 httpx INFO: HTTP Request: POST https://aiberm.com/v1/chat/completions "HTTP/1.1 200 OK"
2026-05-25 14:55:33,796 httpx INFO: HTTP Request: POST https://aiberm.com/v1/chat/completions "HTTP/1.1 200 OK"
2026-05-25 14:55:34,123 httpx INFO: HTTP Request: POST https://aiberm.com/v1/chat/completions "HTTP/1.1 200 OK"
2026-05-25 14:55:34,345 httpx INFO: HTTP Request: POST https://aiberm.com/v1/chat/completions "HTTP/1.1 200 OK"
2026-05-25 14:55:34,914 httpx INFO: HTTP Request: POST https://aiberm.com/v1/chat/completions "HTTP/1.1 200 OK"
2026-05-25 14:55:35,547 httpx INFO: HTTP Request: POST https://aiberm.com/v1/chat/completions "HTTP/1.1 200 OK"
2026-05-25 14:55:35,637 httpx INFO: HTTP Request: POST https://aiberm.com/v1/chat/completions "HTTP/1.1 200 OK"
2026-05-25 14:55:36,215 httpx INFO: HTTP Request: POST https://aiberm.com/v1/chat/completions "HTTP/1.1 200 OK"
2026-05-25 14:55:37,484 httpx INFO: HTTP Request: POST https://aiberm.com/v1/chat/completions "HTTP/1.1 200 OK"
2026-05-25 14:55:37,805 httpx INFO: HTTP Request: POST https://aiberm.com/v1/chat/completions "HTTP/1.1 200 OK"
2026-05-25 14:55:37,910 httpx INFO: HTTP Request: POST https://aiberm.com/v1/chat/completions "HTTP/1.1 200 OK"
2026-05-25 14:55:37,911 httpx INFO: HTTP Request: POST https://aiberm.com/v1/chat/completions "HTTP/1.1 200 OK"
2026-05-25 14:55:38,270 httpx INFO: HTTP Request: POST https://aiberm.com/v1/chat/completions "HTTP/1.1 200 OK"
2026-05-25 14:55:38,511 httpx INFO: HTTP Request: POST https://aiberm.com/v1/chat/completions "HTTP/1.1 200 OK"
2026-05-25 14:55:38,608 httpx INFO: HTTP Request: POST https://aiberm.com/v1/chat/completions "HTTP/1.1 200 OK"
2026-05-25 14:55:38,773 httpx INFO: HTTP Request: POST https://aiberm.com/v1/chat/completions "HTTP/1.1 200 OK"
2026-05-25 14:55:38,967 httpx INFO: HTTP Request: POST https://aiberm.com/v1/chat/completions "HTTP/1.1 200 OK"
2026-05-25 14:55:39,707 httpx INFO: HTTP Request: POST https://aiberm.com/v1/chat/completions "HTTP/1.1 200 OK"
2026-05-25 14:55:40,409 httpx INFO: HTTP Request: POST https://aiberm.com/v1/chat/completions "HTTP/1.1 200 OK"
2026-05-25 14:55:40,896 httpx INFO: HTTP Request: POST https://aiberm.com/v1/chat/completions "HTTP/1.1 200 OK"
2026-05-25 14:55:41,217 httpx INFO: HTTP Request: POST https://aiberm.com/v1/chat/completions "HTTP/1.1 200 OK"
2026-05-25 14:55:41,458 httpx INFO: HTTP Request: POST https://aiberm.com/v1/chat/completions "HTTP/1.1 200 OK"
2026-05-25 14:55:42,199 httpx INFO: HTTP Request: POST https://aiberm.com/v1/chat/completions "HTTP/1.1 200 OK"
2026-05-25 14:55:42,499 httpx INFO: HTTP Request: POST https://aiberm.com/v1/chat/completions "HTTP/1.1 200 OK"
2026-05-25 14:55:42,946 httpx INFO: HTTP Request: POST https://aiberm.com/v1/chat/completions "HTTP/1.1 200 OK"
2026-05-25 14:55:43,030 httpx INFO: HTTP Request: POST https://aiberm.com/v1/chat/completions "HTTP/1.1 200 OK"
2026-05-25 14:55:43,098 httpx INFO: HTTP Request: POST https://aiberm.com/v1/chat/completions "HTTP/1.1 200 OK"
2026-05-25 14:55:43,522 httpx INFO: HTTP Request: POST https://aiberm.com/v1/chat/completions "HTTP/1.1 200 OK"
2026-05-25 14:55:43,726 httpx INFO: HTTP Request: POST https://aiberm.com/v1/chat/completions "HTTP/1.1 200 OK"
2026-05-25 14:55:43,779 httpx INFO: HTTP Request: POST https://aiberm.com/v1/chat/completions "HTTP/1.1 200 OK"
2026-05-25 14:55:43,810 httpx INFO: HTTP Request: POST https://aiberm.com/v1/chat/completions "HTTP/1.1 200 OK"
2026-05-25 14:55:43,907 httpx INFO: HTTP Request: POST https://aiberm.com/v1/chat/completions "HTTP/1.1 200 OK"
2026-05-25 14:55:44,324 httpx INFO: HTTP Request: POST https://aiberm.com/v1/chat/completions "HTTP/1.1 200 OK"
2026-05-25 14:55:44,517 httpx INFO: HTTP Request: POST https://aiberm.com/v1/chat/completions "HTTP/1.1 200 OK"
2026-05-25 14:55:44,929 httpx INFO: HTTP Request: POST https://aiberm.com/v1/chat/completions "HTTP/1.1 200 OK"
2026-05-25 14:55:45,249 httpx INFO: HTTP Request: POST https://aiberm.com/v1/chat/completions "HTTP/1.1 200 OK"
2026-05-25 14:55:45,375 httpx INFO: HTTP Request: POST https://aiberm.com/v1/chat/completions "HTTP/1.1 200 OK"
2026-05-25 14:55:45,840 httpx INFO: HTTP Request: POST https://aiberm.com/v1/chat/completions "HTTP/1.1 200 OK"
2026-05-25 14:55:46,399 httpx INFO: HTTP Request: POST https://aiberm.com/v1/chat/completions "HTTP/1.1 200 OK"
2026-05-25 14:55:46,636 httpx INFO: HTTP Request: POST https://aiberm.com/v1/chat/completions "HTTP/1.1 200 OK"
2026-05-25 14:55:47,270 httpx INFO: HTTP Request: POST https://aiberm.com/v1/chat/completions "HTTP/1.1 200 OK"
2026-05-25 14:55:47,346 httpx INFO: HTTP Request: POST https://aiberm.com/v1/chat/completions "HTTP/1.1 200 OK"
2026-05-25 14:55:47,949 httpx INFO: HTTP Request: POST https://aiberm.com/v1/chat/completions "HTTP/1.1 200 OK"
2026-05-25 14:55:48,242 httpx INFO: HTTP Request: POST https://aiberm.com/v1/chat/completions "HTTP/1.1 200 OK"
2026-05-25 14:55:49,209 httpx INFO: HTTP Request: POST https://aiberm.com/v1/chat/completions "HTTP/1.1 200 OK"
2026-05-25 14:55:49,642 httpx INFO: HTTP Request: POST https://aiberm.com/v1/chat/completions "HTTP/1.1 200 OK"
2026-05-25 14:55:49,690 httpx INFO: HTTP Request: POST https://aiberm.com/v1/chat/completions "HTTP/1.1 200 OK"
2026-05-25 14:55:49,752 httpx INFO: HTTP Request: POST https://aiberm.com/v1/chat/completions "HTTP/1.1 200 OK"
2026-05-25 14:55:49,782 httpx INFO: HTTP Request: POST https://aiberm.com/v1/chat/completions "HTTP/1.1 200 OK"
2026-05-25 14:55:49,813 httpx INFO: HTTP Request: POST https://aiberm.com/v1/chat/completions "HTTP/1.1 200 OK"
2026-05-25 14:55:49,937 httpx INFO: HTTP Request: POST https://aiberm.com/v1/chat/completions "HTTP/1.1 200 OK"
2026-05-25 14:55:49,938 httpx INFO: HTTP Request: POST https://aiberm.com/v1/chat/completions "HTTP/1.1 200 OK"
2026-05-25 14:55:50,059 httpx INFO: HTTP Request: POST https://aiberm.com/v1/chat/completions "HTTP/1.1 200 OK"
2026-05-25 14:55:50,568 httpx INFO: HTTP Request: POST https://aiberm.com/v1/chat/completions "HTTP/1.1 200 OK"
2026-05-25 14:55:50,862 httpx INFO: HTTP Request: POST https://aiberm.com/v1/chat/completions "HTTP/1.1 200 OK"
2026-05-25 14:55:51,289 httpx INFO: HTTP Request: POST https://aiberm.com/v1/chat/completions "HTTP/1.1 200 OK"
2026-05-25 14:55:52,033 httpx INFO: HTTP Request: POST https://aiberm.com/v1/chat/completions "HTTP/1.1 200 OK"
2026-05-25 14:55:52,113 httpx INFO: HTTP Request: POST https://aiberm.com/v1/chat/completions "HTTP/1.1 200 OK"
2026-05-25 14:55:52,774 httpx INFO: HTTP Request: POST https://aiberm.com/v1/chat/completions "HTTP/1.1 200 OK"
2026-05-25 14:55:53,318 httpx INFO: HTTP Request: POST https://aiberm.com/v1/chat/completions "HTTP/1.1 200 OK"
2026-05-25 14:55:54,101 httpx INFO: HTTP Request: POST https://aiberm.com/v1/chat/completions "HTTP/1.1 200 OK"
2026-05-25 14:55:54,214 httpx INFO: HTTP Request: POST https://aiberm.com/v1/chat/completions "HTTP/1.1 200 OK"
2026-05-25 14:55:54,259 httpx INFO: HTTP Request: POST https://aiberm.com/v1/chat/completions "HTTP/1.1 200 OK"
2026-05-25 14:55:54,451 httpx INFO: HTTP Request: POST https://aiberm.com/v1/chat/completions "HTTP/1.1 200 OK"
2026-05-25 14:55:54,479 httpx INFO: HTTP Request: POST https://aiberm.com/v1/chat/completions "HTTP/1.1 200 OK"
2026-05-25 14:55:54,822 httpx INFO: HTTP Request: POST https://aiberm.com/v1/chat/completions "HTTP/1.1 200 OK"
2026-05-25 14:55:54,823 httpx INFO: HTTP Request: POST https://aiberm.com/v1/chat/completions "HTTP/1.1 200 OK"
2026-05-25 14:55:55,386 httpx INFO: HTTP Request: POST https://aiberm.com/v1/chat/completions "HTTP/1.1 200 OK"
2026-05-25 14:55:55,730 httpx INFO: HTTP Request: POST https://aiberm.com/v1/chat/completions "HTTP/1.1 200 OK"
2026-05-25 14:55:55,910 httpx INFO: HTTP Request: POST https://aiberm.com/v1/chat/completions "HTTP/1.1 200 OK"
2026-05-25 14:55:56,519 httpx INFO: HTTP Request: POST https://aiberm.com/v1/chat/completions "HTTP/1.1 200 OK"
2026-05-25 14:55:56,561 httpx INFO: HTTP Request: POST https://aiberm.com/v1/chat/completions "HTTP/1.1 200 OK"
2026-05-25 14:55:57,755 httpx INFO: HTTP Request: POST https://aiberm.com/v1/chat/completions "HTTP/1.1 200 OK"
2026-05-25 14:55:57,925 httpx INFO: HTTP Request: POST https://aiberm.com/v1/chat/completions "HTTP/1.1 200 OK"
2026-05-25 14:55:58,733 httpx INFO: HTTP Request: POST https://aiberm.com/v1/chat/completions "HTTP/1.1 200 OK"
2026-05-25 14:55:58,762 httpx INFO: HTTP Request: POST https://aiberm.com/v1/chat/completions "HTTP/1.1 200 OK"
2026-05-25 14:55:58,846 httpx INFO: HTTP Request: POST https://aiberm.com/v1/chat/completions "HTTP/1.1 200 OK"
2026-05-25 14:55:59,128 httpx INFO: HTTP Request: POST https://aiberm.com/v1/chat/completions "HTTP/1.1 200 OK"
2026-05-25 14:55:59,184 httpx INFO: HTTP Request: POST https://aiberm.com/v1/chat/completions "HTTP/1.1 200 OK"
2026-05-25 14:55:59,556 httpx INFO: HTTP Request: POST https://aiberm.com/v1/chat/completions "HTTP/1.1 200 OK"
2026-05-25 14:55:59,614 httpx INFO: HTTP Request: POST https://aiberm.com/v1/chat/completions "HTTP/1.1 200 OK"
2026-05-25 14:55:59,684 httpx INFO: HTTP Request: POST https://aiberm.com/v1/chat/completions "HTTP/1.1 200 OK"
2026-05-25 14:56:00,914 httpx INFO: HTTP Request: POST https://aiberm.com/v1/chat/completions "HTTP/1.1 200 OK"
2026-05-25 14:56:01,498 httpx INFO: HTTP Request: POST https://aiberm.com/v1/chat/completions "HTTP/1.1 200 OK"
2026-05-25 14:56:01,611 httpx INFO: HTTP Request: POST https://aiberm.com/v1/chat/completions "HTTP/1.1 200 OK"
2026-05-25 14:56:02,036 httpx INFO: HTTP Request: POST https://aiberm.com/v1/chat/completions "HTTP/1.1 200 OK"
2026-05-25 14:56:02,380 httpx INFO: HTTP Request: POST https://aiberm.com/v1/chat/completions "HTTP/1.1 200 OK"
2026-05-25 14:56:02,636 httpx INFO: HTTP Request: POST https://aiberm.com/v1/chat/completions "HTTP/1.1 200 OK"
2026-05-25 14:56:02,787 httpx INFO: HTTP Request: POST https://aiberm.com/v1/chat/completions "HTTP/1.1 200 OK"
2026-05-25 14:56:02,901 httpx INFO: HTTP Request: POST https://aiberm.com/v1/chat/completions "HTTP/1.1 200 OK"
2026-05-25 14:56:03,219 httpx INFO: HTTP Request: POST https://aiberm.com/v1/chat/completions "HTTP/1.1 200 OK"
2026-05-25 14:56:03,981 httpx INFO: HTTP Request: POST https://aiberm.com/v1/chat/completions "HTTP/1.1 200 OK"
2026-05-25 14:56:04,401 httpx INFO: HTTP Request: POST https://aiberm.com/v1/chat/completions "HTTP/1.1 200 OK"
2026-05-25 14:56:04,870 httpx INFO: HTTP Request: POST https://aiberm.com/v1/chat/completions "HTTP/1.1 200 OK"
2026-05-25 14:56:05,177 httpx INFO: HTTP Request: POST https://aiberm.com/v1/chat/completions "HTTP/1.1 200 OK"
2026-05-25 14:56:05,456 httpx INFO: HTTP Request: POST https://aiberm.com/v1/chat/completions "HTTP/1.1 200 OK"
2026-05-25 14:56:05,484 httpx INFO: HTTP Request: POST https://aiberm.com/v1/chat/completions "HTTP/1.1 200 OK"
2026-05-25 14:56:05,911 httpx INFO: HTTP Request: POST https://aiberm.com/v1/chat/completions "HTTP/1.1 200 OK"
2026-05-25 14:56:06,022 httpx INFO: HTTP Request: POST https://aiberm.com/v1/chat/completions "HTTP/1.1 200 OK"
2026-05-25 14:56:06,178 httpx INFO: HTTP Request: POST https://aiberm.com/v1/chat/completions "HTTP/1.1 200 OK"
2026-05-25 14:56:06,963 httpx INFO: HTTP Request: POST https://aiberm.com/v1/chat/completions "HTTP/1.1 200 OK"
2026-05-25 14:56:07,362 httpx INFO: HTTP Request: POST https://aiberm.com/v1/chat/completions "HTTP/1.1 200 OK"
2026-05-25 14:56:07,812 httpx INFO: HTTP Request: POST https://aiberm.com/v1/chat/completions "HTTP/1.1 200 OK"
2026-05-25 14:56:09,091 httpx INFO: HTTP Request: POST https://aiberm.com/v1/chat/completions "HTTP/1.1 200 OK"
2026-05-25 14:56:09,242 httpx INFO: HTTP Request: POST https://aiberm.com/v1/chat/completions "HTTP/1.1 200 OK"
2026-05-25 14:56:09,663 httpx INFO: HTTP Request: POST https://aiberm.com/v1/chat/completions "HTTP/1.1 200 OK"
2026-05-25 14:56:10,307 httpx INFO: HTTP Request: POST https://aiberm.com/v1/chat/completions "HTTP/1.1 200 OK"
2026-05-25 14:56:10,559 httpx INFO: HTTP Request: POST https://aiberm.com/v1/chat/completions "HTTP/1.1 200 OK"
2026-05-25 14:56:10,587 httpx INFO: HTTP Request: POST https://aiberm.com/v1/chat/completions "HTTP/1.1 200 OK"
2026-05-25 14:56:11,154 httpx INFO: HTTP Request: POST https://aiberm.com/v1/chat/completions "HTTP/1.1 200 OK"
2026-05-25 14:56:11,468 httpx INFO: HTTP Request: POST https://aiberm.com/v1/chat/completions "HTTP/1.1 200 OK"
2026-05-25 14:56:11,757 httpx INFO: HTTP Request: POST https://aiberm.com/v1/chat/completions "HTTP/1.1 200 OK"
2026-05-25 14:56:12,073 httpx INFO: HTTP Request: POST https://aiberm.com/v1/chat/completions "HTTP/1.1 200 OK"
2026-05-25 14:56:12,522 httpx INFO: HTTP Request: POST https://aiberm.com/v1/chat/completions "HTTP/1.1 200 OK"
2026-05-25 14:56:12,623 httpx INFO: HTTP Request: POST https://aiberm.com/v1/chat/completions "HTTP/1.1 200 OK"
2026-05-25 14:56:12,764 httpx INFO: HTTP Request: POST https://aiberm.com/v1/chat/completions "HTTP/1.1 200 OK"
2026-05-25 14:56:12,812 httpx INFO: HTTP Request: POST https://aiberm.com/v1/chat/completions "HTTP/1.1 200 OK"
2026-05-25 14:56:13,090 httpx INFO: HTTP Request: POST https://aiberm.com/v1/chat/completions "HTTP/1.1 200 OK"
2026-05-25 14:56:13,224 httpx INFO: HTTP Request: POST https://aiberm.com/v1/chat/completions "HTTP/1.1 200 OK"
2026-05-25 14:56:13,471 httpx INFO: HTTP Request: POST https://aiberm.com/v1/chat/completions "HTTP/1.1 200 OK"
2026-05-25 14:56:13,575 httpx INFO: HTTP Request: POST https://aiberm.com/v1/chat/completions "HTTP/1.1 200 OK"
2026-05-25 14:56:14,143 httpx INFO: HTTP Request: POST https://aiberm.com/v1/chat/completions "HTTP/1.1 200 OK"
2026-05-25 14:56:14,936 httpx INFO: HTTP Request: POST https://aiberm.com/v1/chat/completions "HTTP/1.1 200 OK"
2026-05-25 14:56:15,213 httpx INFO: HTTP Request: POST https://aiberm.com/v1/chat/completions "HTTP/1.1 200 OK"
2026-05-25 14:56:15,617 httpx INFO: HTTP Request: POST https://aiberm.com/v1/chat/completions "HTTP/1.1 200 OK"
2026-05-25 14:56:15,657 httpx INFO: HTTP Request: POST https://aiberm.com/v1/chat/completions "HTTP/1.1 200 OK"
2026-05-25 14:56:15,658 httpx INFO: HTTP Request: POST https://aiberm.com/v1/chat/completions "HTTP/1.1 200 OK"
2026-05-25 14:56:15,714 httpx INFO: HTTP Request: POST https://aiberm.com/v1/chat/completions "HTTP/1.1 200 OK"
2026-05-25 14:56:16,160 httpx INFO: HTTP Request: POST https://aiberm.com/v1/chat/completions "HTTP/1.1 200 OK"
2026-05-25 14:56:16,879 httpx INFO: HTTP Request: POST https://aiberm.com/v1/chat/completions "HTTP/1.1 200 OK"
2026-05-25 14:56:16,914 httpx INFO: HTTP Request: POST https://aiberm.com/v1/chat/completions "HTTP/1.1 200 OK"
2026-05-25 14:56:17,343 httpx INFO: HTTP Request: POST https://aiberm.com/v1/chat/completions "HTTP/1.1 200 OK"
2026-05-25 14:56:17,455 httpx INFO: HTTP Request: POST https://aiberm.com/v1/chat/completions "HTTP/1.1 200 OK"
2026-05-25 14:56:17,483 httpx INFO: HTTP Request: POST https://aiberm.com/v1/chat/completions "HTTP/1.1 200 OK"
2026-05-25 14:56:17,758 httpx INFO: HTTP Request: POST https://aiberm.com/v1/chat/completions "HTTP/1.1 200 OK"
2026-05-25 14:56:18,548 httpx INFO: HTTP Request: POST https://aiberm.com/v1/chat/completions "HTTP/1.1 200 OK"
2026-05-25 14:56:19,755 httpx INFO: HTTP Request: POST https://aiberm.com/v1/chat/completions "HTTP/1.1 200 OK"
2026-05-25 14:56:20,052 httpx INFO: HTTP Request: POST https://aiberm.com/v1/chat/completions "HTTP/1.1 200 OK"
2026-05-25 14:56:20,084 httpx INFO: HTTP Request: POST https://aiberm.com/v1/chat/completions "HTTP/1.1 200 OK"
2026-05-25 14:56:20,220 httpx INFO: HTTP Request: POST https://aiberm.com/v1/chat/completions "HTTP/1.1 200 OK"
2026-05-25 14:56:20,649 httpx INFO: HTTP Request: POST https://aiberm.com/v1/chat/completions "HTTP/1.1 200 OK"
2026-05-25 14:56:21,049 httpx INFO: HTTP Request: POST https://aiberm.com/v1/chat/completions "HTTP/1.1 200 OK"
2026-05-25 14:56:21,217 httpx INFO: HTTP Request: POST https://aiberm.com/v1/chat/completions "HTTP/1.1 200 OK"
2026-05-25 14:56:22,673 httpx INFO: HTTP Request: POST https://aiberm.com/v1/chat/completions "HTTP/1.1 200 OK"
2026-05-25 14:56:22,735 httpx INFO: HTTP Request: POST https://aiberm.com/v1/chat/completions "HTTP/1.1 200 OK"
2026-05-25 14:56:22,763 httpx INFO: HTTP Request: POST https://aiberm.com/v1/chat/completions "HTTP/1.1 200 OK"
2026-05-25 14:56:22,813 httpx INFO: HTTP Request: POST https://aiberm.com/v1/chat/completions "HTTP/1.1 200 OK"
2026-05-25 14:56:23,864 httpx INFO: HTTP Request: POST https://aiberm.com/v1/chat/completions "HTTP/1.1 200 OK"
2026-05-25 14:56:23,920 httpx INFO: HTTP Request: POST https://aiberm.com/v1/chat/completions "HTTP/1.1 200 OK"
2026-05-25 14:56:23,966 httpx INFO: HTTP Request: POST https://aiberm.com/v1/chat/completions "HTTP/1.1 200 OK"
2026-05-25 14:56:24,043 httpx INFO: HTTP Request: POST https://aiberm.com/v1/chat/completions "HTTP/1.1 200 OK"
2026-05-25 14:56:24,428 httpx INFO: HTTP Request: POST https://aiberm.com/v1/chat/completions "HTTP/1.1 200 OK"
2026-05-25 14:56:24,811 httpx INFO: HTTP Request: POST https://aiberm.com/v1/chat/completions "HTTP/1.1 200 OK"
2026-05-25 14:56:25,250 httpx INFO: HTTP Request: POST https://aiberm.com/v1/chat/completions "HTTP/1.1 200 OK"
2026-05-25 14:56:25,569 httpx INFO: HTTP Request: POST https://aiberm.com/v1/chat/completions "HTTP/1.1 200 OK"
2026-05-25 14:56:25,630 httpx INFO: HTTP Request: POST https://aiberm.com/v1/chat/completions "HTTP/1.1 200 OK"
2026-05-25 14:56:25,669 httpx INFO: HTTP Request: POST https://aiberm.com/v1/chat/completions "HTTP/1.1 200 OK"
2026-05-25 14:56:26,192 httpx INFO: HTTP Request: POST https://aiberm.com/v1/chat/completions "HTTP/1.1 200 OK"
2026-05-25 14:56:27,366 httpx INFO: HTTP Request: POST https://aiberm.com/v1/chat/completions "HTTP/1.1 200 OK"
2026-05-25 14:56:27,575 httpx INFO: HTTP Request: POST https://aiberm.com/v1/chat/completions "HTTP/1.1 200 OK"
2026-05-25 14:56:27,747 httpx INFO: HTTP Request: POST https://aiberm.com/v1/chat/completions "HTTP/1.1 200 OK"
2026-05-25 14:56:27,827 httpx INFO: HTTP Request: POST https://aiberm.com/v1/chat/completions "HTTP/1.1 200 OK"
2026-05-25 14:56:28,217 httpx INFO: HTTP Request: POST https://aiberm.com/v1/chat/completions "HTTP/1.1 200 OK"
2026-05-25 14:56:28,675 httpx INFO: HTTP Request: POST https://aiberm.com/v1/chat/completions "HTTP/1.1 200 OK"
2026-05-25 14:56:28,716 httpx INFO: HTTP Request: POST https://aiberm.com/v1/chat/completions "HTTP/1.1 200 OK"
2026-05-25 14:56:29,023 httpx INFO: HTTP Request: POST https://aiberm.com/v1/chat/completions "HTTP/1.1 200 OK"
2026-05-25 14:56:29,176 httpx INFO: HTTP Request: POST https://aiberm.com/v1/chat/completions "HTTP/1.1 200 OK"
2026-05-25 14:56:29,616 httpx INFO: HTTP Request: POST https://aiberm.com/v1/chat/completions "HTTP/1.1 200 OK"
2026-05-25 14:56:29,876 httpx INFO: HTTP Request: POST https://aiberm.com/v1/chat/completions "HTTP/1.1 200 OK"
2026-05-25 14:56:30,115 httpx INFO: HTTP Request: POST https://aiberm.com/v1/chat/completions "HTTP/1.1 200 OK"
2026-05-25 14:56:31,335 httpx INFO: HTTP Request: POST https://aiberm.com/v1/chat/completions "HTTP/1.1 200 OK"
2026-05-25 14:56:31,420 httpx INFO: HTTP Request: POST https://aiberm.com/v1/chat/completions "HTTP/1.1 200 OK"
2026-05-25 14:56:31,494 httpx INFO: HTTP Request: POST https://aiberm.com/v1/chat/completions "HTTP/1.1 200 OK"
2026-05-25 14:56:31,920 httpx INFO: HTTP Request: POST https://aiberm.com/v1/chat/completions "HTTP/1.1 200 OK"
2026-05-25 14:56:32,560 httpx INFO: HTTP Request: POST https://aiberm.com/v1/chat/completions "HTTP/1.1 200 OK"
2026-05-25 14:56:33,192 httpx INFO: HTTP Request: POST https://aiberm.com/v1/chat/completions "HTTP/1.1 200 OK"
2026-05-25 14:56:33,357 httpx INFO: HTTP Request: POST https://aiberm.com/v1/chat/completions "HTTP/1.1 200 OK"
2026-05-25 14:56:33,525 httpx INFO: HTTP Request: POST https://aiberm.com/v1/chat/completions "HTTP/1.1 200 OK"
2026-05-25 14:56:33,778 httpx INFO: HTTP Request: POST https://aiberm.com/v1/chat/completions "HTTP/1.1 200 OK"
2026-05-25 14:56:34,070 httpx INFO: HTTP Request: POST https://aiberm.com/v1/chat/completions "HTTP/1.1 200 OK"
2026-05-25 14:56:34,071 httpx INFO: HTTP Request: POST https://aiberm.com/v1/chat/completions "HTTP/1.1 200 OK"
2026-05-25 14:56:34,641 httpx INFO: HTTP Request: POST https://aiberm.com/v1/chat/completions "HTTP/1.1 200 OK"
2026-05-25 14:56:35,213 httpx INFO: HTTP Request: POST https://aiberm.com/v1/chat/completions "HTTP/1.1 200 OK"
2026-05-25 14:56:35,406 httpx INFO: HTTP Request: POST https://aiberm.com/v1/chat/completions "HTTP/1.1 200 OK"
2026-05-25 14:56:35,613 httpx INFO: HTTP Request: POST https://aiberm.com/v1/chat/completions "HTTP/1.1 200 OK"
2026-05-25 14:56:36,435 httpx INFO: HTTP Request: POST https://aiberm.com/v1/chat/completions "HTTP/1.1 200 OK"
2026-05-25 14:56:36,669 httpx INFO: HTTP Request: POST https://aiberm.com/v1/chat/completions "HTTP/1.1 200 OK"
2026-05-25 14:56:36,708 httpx INFO: HTTP Request: POST https://aiberm.com/v1/chat/completions "HTTP/1.1 200 OK"
2026-05-25 14:56:36,963 httpx INFO: HTTP Request: POST https://aiberm.com/v1/chat/completions "HTTP/1.1 200 OK"
2026-05-25 14:56:37,530 httpx INFO: HTTP Request: POST https://aiberm.com/v1/chat/completions "HTTP/1.1 200 OK"
2026-05-25 14:56:37,594 httpx INFO: HTTP Request: POST https://aiberm.com/v1/chat/completions "HTTP/1.1 200 OK"
2026-05-25 14:56:37,809 httpx INFO: HTTP Request: POST https://aiberm.com/v1/chat/completions "HTTP/1.1 200 OK"
2026-05-25 14:56:38,154 httpx INFO: HTTP Request: POST https://aiberm.com/v1/chat/completions "HTTP/1.1 200 OK"
2026-05-25 14:56:38,665 httpx INFO: HTTP Request: POST https://aiberm.com/v1/chat/completions "HTTP/1.1 200 OK"
2026-05-25 14:56:39,031 httpx INFO: HTTP Request: POST https://aiberm.com/v1/chat/completions "HTTP/1.1 200 OK"
2026-05-25 14:56:39,371 httpx INFO: HTTP Request: POST https://aiberm.com/v1/chat/completions "HTTP/1.1 200 OK"
2026-05-25 14:56:39,795 httpx INFO: HTTP Request: POST https://aiberm.com/v1/chat/completions "HTTP/1.1 200 OK"
2026-05-25 14:56:41,691 httpx INFO: HTTP Request: POST https://aiberm.com/v1/chat/completions "HTTP/1.1 200 OK"
2026-05-25 14:56:41,900 httpx INFO: HTTP Request: POST https://aiberm.com/v1/chat/completions "HTTP/1.1 200 OK"
2026-05-25 14:56:42,023 httpx INFO: HTTP Request: POST https://aiberm.com/v1/chat/completions "HTTP/1.1 200 OK"
2026-05-25 14:56:42,064 httpx INFO: HTTP Request: POST https://aiberm.com/v1/chat/completions "HTTP/1.1 200 OK"
2026-05-25 14:56:42,133 httpx INFO: HTTP Request: POST https://aiberm.com/v1/chat/completions "HTTP/1.1 200 OK"
2026-05-25 14:56:42,164 httpx INFO: HTTP Request: POST https://aiberm.com/v1/chat/completions "HTTP/1.1 200 OK"
2026-05-25 14:56:42,215 httpx INFO: HTTP Request: POST https://aiberm.com/v1/chat/completions "HTTP/1.1 200 OK"
2026-05-25 14:56:42,533 httpx INFO: HTTP Request: POST https://aiberm.com/v1/chat/completions "HTTP/1.1 200 OK"
2026-05-25 14:56:42,861 httpx INFO: HTTP Request: POST https://aiberm.com/v1/chat/completions "HTTP/1.1 200 OK"
2026-05-25 14:56:43,825 httpx INFO: HTTP Request: POST https://aiberm.com/v1/chat/completions "HTTP/1.1 200 OK"
2026-05-25 14:56:44,615 httpx INFO: HTTP Request: POST https://aiberm.com/v1/chat/completions "HTTP/1.1 200 OK"
2026-05-25 14:56:44,725 httpx INFO: HTTP Request: POST https://aiberm.com/v1/chat/completions "HTTP/1.1 200 OK"
2026-05-25 14:56:45,362 httpx INFO: HTTP Request: POST https://aiberm.com/v1/chat/completions "HTTP/1.1 200 OK"
2026-05-25 14:56:46,444 httpx INFO: HTTP Request: POST https://aiberm.com/v1/chat/completions "HTTP/1.1 200 OK"
2026-05-25 14:56:46,471 httpx INFO: HTTP Request: POST https://aiberm.com/v1/chat/completions "HTTP/1.1 200 OK"
2026-05-25 14:56:46,580 httpx INFO: HTTP Request: POST https://aiberm.com/v1/chat/completions "HTTP/1.1 200 OK"
2026-05-25 14:56:46,608 httpx INFO: HTTP Request: POST https://aiberm.com/v1/chat/completions "HTTP/1.1 200 OK"
2026-05-25 14:56:46,692 httpx INFO: HTTP Request: POST https://aiberm.com/v1/chat/completions "HTTP/1.1 200 OK"
2026-05-25 14:56:46,736 httpx INFO: HTTP Request: POST https://aiberm.com/v1/chat/completions "HTTP/1.1 200 OK"
2026-05-25 14:56:46,956 httpx INFO: HTTP Request: POST https://aiberm.com/v1/chat/completions "HTTP/1.1 200 OK"
2026-05-25 14:56:47,531 httpx INFO: HTTP Request: POST https://aiberm.com/v1/chat/completions "HTTP/1.1 200 OK"
2026-05-25 14:56:47,804 httpx INFO: HTTP Request: POST https://aiberm.com/v1/chat/completions "HTTP/1.1 200 OK"
2026-05-25 14:56:47,887 httpx INFO: HTTP Request: POST https://aiberm.com/v1/chat/completions "HTTP/1.1 200 OK"
2026-05-25 14:56:48,480 httpx INFO: HTTP Request: POST https://aiberm.com/v1/chat/completions "HTTP/1.1 200 OK"
2026-05-25 14:56:49,062 httpx INFO: HTTP Request: POST https://aiberm.com/v1/chat/completions "HTTP/1.1 200 OK"
2026-05-25 14:56:49,331 httpx INFO: HTTP Request: POST https://aiberm.com/v1/chat/completions "HTTP/1.1 200 OK"
2026-05-25 14:56:49,686 httpx INFO: HTTP Request: POST https://aiberm.com/v1/chat/completions "HTTP/1.1 200 OK"
2026-05-25 14:56:50,300 httpx INFO: HTTP Request: POST https://aiberm.com/v1/chat/completions "HTTP/1.1 200 OK"
2026-05-25 14:56:50,732 httpx INFO: HTTP Request: POST https://aiberm.com/v1/chat/completions "HTTP/1.1 200 OK"
2026-05-25 14:56:51,165 httpx INFO: HTTP Request: POST https://aiberm.com/v1/chat/completions "HTTP/1.1 200 OK"
2026-05-25 14:56:51,193 httpx INFO: HTTP Request: POST https://aiberm.com/v1/chat/completions "HTTP/1.1 200 OK"
2026-05-25 14:56:51,222 httpx INFO: HTTP Request: POST https://aiberm.com/v1/chat/completions "HTTP/1.1 200 OK"
2026-05-25 14:56:51,810 httpx INFO: HTTP Request: POST https://aiberm.com/v1/chat/completions "HTTP/1.1 200 OK"
2026-05-25 14:56:51,991 httpx INFO: HTTP Request: POST https://aiberm.com/v1/chat/completions "HTTP/1.1 200 OK"
2026-05-25 14:56:52,234 httpx INFO: HTTP Request: POST https://aiberm.com/v1/chat/completions "HTTP/1.1 200 OK"
2026-05-25 14:56:52,344 httpx INFO: HTTP Request: POST https://aiberm.com/v1/chat/completions "HTTP/1.1 200 OK"
2026-05-25 14:56:53,157 httpx INFO: HTTP Request: POST https://aiberm.com/v1/chat/completions "HTTP/1.1 200 OK"
2026-05-25 14:56:53,366 httpx INFO: HTTP Request: POST https://aiberm.com/v1/chat/completions "HTTP/1.1 200 OK"
2026-05-25 14:56:53,786 httpx INFO: HTTP Request: POST https://aiberm.com/v1/chat/completions "HTTP/1.1 200 OK"
2026-05-25 14:56:54,110 httpx INFO: HTTP Request: POST https://aiberm.com/v1/chat/completions "HTTP/1.1 200 OK"
2026-05-25 14:56:55,215 httpx INFO: HTTP Request: POST https://aiberm.com/v1/chat/completions "HTTP/1.1 200 OK"
2026-05-25 14:56:55,476 httpx INFO: HTTP Request: POST https://aiberm.com/v1/chat/completions "HTTP/1.1 200 OK"
2026-05-25 14:56:55,679 httpx INFO: HTTP Request: POST https://aiberm.com/v1/chat/completions "HTTP/1.1 200 OK"
2026-05-25 14:56:55,803 httpx INFO: HTTP Request: POST https://aiberm.com/v1/chat/completions "HTTP/1.1 200 OK"
2026-05-25 14:56:56,552 httpx INFO: HTTP Request: POST https://aiberm.com/v1/chat/completions "HTTP/1.1 200 OK"
2026-05-25 14:56:56,621 httpx INFO: HTTP Request: POST https://aiberm.com/v1/chat/completions "HTTP/1.1 200 OK"
2026-05-25 14:56:57,735 httpx INFO: HTTP Request: POST https://aiberm.com/v1/chat/completions "HTTP/1.1 200 OK"
2026-05-25 14:56:57,796 httpx INFO: HTTP Request: POST https://aiberm.com/v1/chat/completions "HTTP/1.1 200 OK"
2026-05-25 14:56:58,114 httpx INFO: HTTP Request: POST https://aiberm.com/v1/chat/completions "HTTP/1.1 200 OK"
2026-05-25 14:56:58,225 httpx INFO: HTTP Request: POST https://aiberm.com/v1/chat/completions "HTTP/1.1 200 OK"
2026-05-25 14:56:58,404 httpx INFO: HTTP Request: POST https://aiberm.com/v1/chat/completions "HTTP/1.1 200 OK"
2026-05-25 14:56:58,712 httpx INFO: HTTP Request: POST https://aiberm.com/v1/chat/completions "HTTP/1.1 200 OK"
2026-05-25 14:56:58,801 httpx INFO: HTTP Request: POST https://aiberm.com/v1/chat/completions "HTTP/1.1 200 OK"
2026-05-25 14:56:59,262 httpx INFO: HTTP Request: POST https://aiberm.com/v1/chat/completions "HTTP/1.1 200 OK"
2026-05-25 14:56:59,446 httpx INFO: HTTP Request: POST https://aiberm.com/v1/chat/completions "HTTP/1.1 200 OK"
2026-05-25 14:56:59,849 httpx INFO: HTTP Request: POST https://aiberm.com/v1/chat/completions "HTTP/1.1 200 OK"
2026-05-25 14:57:00,344 httpx INFO: HTTP Request: POST https://aiberm.com/v1/chat/completions "HTTP/1.1 200 OK"
2026-05-25 14:57:00,875 httpx INFO: HTTP Request: POST https://aiberm.com/v1/chat/completions "HTTP/1.1 200 OK"
2026-05-25 14:57:01,227 httpx INFO: HTTP Request: POST https://aiberm.com/v1/chat/completions "HTTP/1.1 200 OK"
2026-05-25 14:57:01,312 httpx INFO: HTTP Request: POST https://aiberm.com/v1/chat/completions "HTTP/1.1 200 OK"
2026-05-25 14:57:01,937 httpx INFO: HTTP Request: POST https://aiberm.com/v1/chat/completions "HTTP/1.1 200 OK"
2026-05-25 14:57:02,336 httpx INFO: HTTP Request: POST https://aiberm.com/v1/chat/completions "HTTP/1.1 200 OK"
2026-05-25 14:57:02,970 httpx INFO: HTTP Request: POST https://aiberm.com/v1/chat/completions "HTTP/1.1 200 OK"
2026-05-25 14:57:03,093 httpx INFO: HTTP Request: POST https://aiberm.com/v1/chat/completions "HTTP/1.1 200 OK"
2026-05-25 14:57:03,174 httpx INFO: HTTP Request: POST https://aiberm.com/v1/chat/completions "HTTP/1.1 200 OK"
2026-05-25 14:57:03,260 httpx INFO: HTTP Request: POST https://aiberm.com/v1/chat/completions "HTTP/1.1 200 OK"
2026-05-25 14:57:03,429 httpx INFO: HTTP Request: POST https://aiberm.com/v1/chat/completions "HTTP/1.1 200 OK"
2026-05-25 14:57:03,513 httpx INFO: HTTP Request: POST https://aiberm.com/v1/chat/completions "HTTP/1.1 200 OK"
2026-05-25 14:57:03,885 httpx INFO: HTTP Request: POST https://aiberm.com/v1/chat/completions "HTTP/1.1 200 OK"
2026-05-25 14:57:04,139 httpx INFO: HTTP Request: POST https://aiberm.com/v1/chat/completions "HTTP/1.1 200 OK"
2026-05-25 14:57:04,299 httpx INFO: HTTP Request: POST https://aiberm.com/v1/chat/completions "HTTP/1.1 200 OK"
2026-05-25 14:57:04,851 httpx INFO: HTTP Request: POST https://aiberm.com/v1/chat/completions "HTTP/1.1 200 OK"
2026-05-25 14:57:04,933 httpx INFO: HTTP Request: POST https://aiberm.com/v1/chat/completions "HTTP/1.1 200 OK"
2026-05-25 14:57:06,145 httpx INFO: HTTP Request: POST https://aiberm.com/v1/chat/completions "HTTP/1.1 200 OK"
2026-05-25 14:57:06,328 httpx INFO: HTTP Request: POST https://aiberm.com/v1/chat/completions "HTTP/1.1 200 OK"
2026-05-25 14:57:07,493 httpx INFO: HTTP Request: POST https://aiberm.com/v1/chat/completions "HTTP/1.1 200 OK"
2026-05-25 14:57:07,724 httpx INFO: HTTP Request: POST https://aiberm.com/v1/chat/completions "HTTP/1.1 200 OK"
2026-05-25 14:57:08,477 httpx INFO: HTTP Request: POST https://aiberm.com/v1/chat/completions "HTTP/1.1 200 OK"
2026-05-25 14:57:08,505 httpx INFO: HTTP Request: POST https://aiberm.com/v1/chat/completions "HTTP/1.1 200 OK"
2026-05-25 14:57:09,064 httpx INFO: HTTP Request: POST https://aiberm.com/v1/chat/completions "HTTP/1.1 200 OK"
2026-05-25 14:57:09,091 httpx INFO: HTTP Request: POST https://aiberm.com/v1/chat/completions "HTTP/1.1 200 OK"
2026-05-25 14:57:09,250 httpx INFO: HTTP Request: POST https://aiberm.com/v1/chat/completions "HTTP/1.1 200 OK"
2026-05-25 14:57:09,365 httpx INFO: HTTP Request: POST https://aiberm.com/v1/chat/completions "HTTP/1.1 200 OK"
2026-05-25 14:57:09,574 httpx INFO: HTTP Request: POST https://aiberm.com/v1/chat/completions "HTTP/1.1 200 OK"
2026-05-25 14:57:09,611 httpx INFO: HTTP Request: POST https://aiberm.com/v1/chat/completions "HTTP/1.1 200 OK"
2026-05-25 14:57:09,891 httpx INFO: HTTP Request: POST https://aiberm.com/v1/chat/completions "HTTP/1.1 200 OK"
2026-05-25 14:57:10,151 httpx INFO: HTTP Request: POST https://aiberm.com/v1/chat/completions "HTTP/1.1 200 OK"
2026-05-25 14:57:10,784 httpx INFO: HTTP Request: POST https://aiberm.com/v1/chat/completions "HTTP/1.1 200 OK"
2026-05-25 14:57:11,179 httpx INFO: HTTP Request: POST https://aiberm.com/v1/chat/completions "HTTP/1.1 200 OK"
2026-05-25 14:57:11,981 httpx INFO: HTTP Request: POST https://aiberm.com/v1/chat/completions "HTTP/1.1 200 OK"
2026-05-25 14:57:12,389 httpx INFO: HTTP Request: POST https://aiberm.com/v1/chat/completions "HTTP/1.1 200 OK"
2026-05-25 14:57:13,073 httpx INFO: HTTP Request: POST https://aiberm.com/v1/chat/completions "HTTP/1.1 200 OK"
2026-05-25 14:57:13,257 httpx INFO: HTTP Request: POST https://aiberm.com/v1/chat/completions "HTTP/1.1 200 OK"
2026-05-25 14:57:13,325 httpx INFO: HTTP Request: POST https://aiberm.com/v1/chat/completions "HTTP/1.1 200 OK"
2026-05-25 14:57:13,489 httpx INFO: HTTP Request: POST https://aiberm.com/v1/chat/completions "HTTP/1.1 200 OK"
2026-05-25 14:57:13,739 httpx INFO: HTTP Request: POST https://aiberm.com/v1/chat/completions "HTTP/1.1 200 OK"
2026-05-25 14:57:13,850 httpx INFO: HTTP Request: POST https://aiberm.com/v1/chat/completions "HTTP/1.1 200 OK"
2026-05-25 14:57:13,926 httpx INFO: HTTP Request: POST https://aiberm.com/v1/chat/completions "HTTP/1.1 200 OK"
2026-05-25 14:57:14,169 httpx INFO: HTTP Request: POST https://aiberm.com/v1/chat/completions "HTTP/1.1 200 OK"
2026-05-25 14:57:14,266 httpx INFO: HTTP Request: POST https://aiberm.com/v1/chat/completions "HTTP/1.1 200 OK"
2026-05-25 14:57:14,854 httpx INFO: HTTP Request: POST https://aiberm.com/v1/chat/completions "HTTP/1.1 200 OK"
2026-05-25 14:57:14,927 httpx INFO: HTTP Request: POST https://aiberm.com/v1/chat/completions "HTTP/1.1 200 OK"
2026-05-25 14:57:15,684 httpx INFO: HTTP Request: POST https://aiberm.com/v1/chat/completions "HTTP/1.1 200 OK"
2026-05-25 14:57:16,217 httpx INFO: HTTP Request: POST https://aiberm.com/v1/chat/completions "HTTP/1.1 200 OK"
2026-05-25 14:57:17,128 httpx INFO: HTTP Request: POST https://aiberm.com/v1/chat/completions "HTTP/1.1 200 OK"
2026-05-25 14:57:17,284 httpx INFO: HTTP Request: POST https://aiberm.com/v1/chat/completions "HTTP/1.1 200 OK"
2026-05-25 14:57:17,682 httpx INFO: HTTP Request: POST https://aiberm.com/v1/chat/completions "HTTP/1.1 200 OK"
2026-05-25 14:57:17,847 httpx INFO: HTTP Request: POST https://aiberm.com/v1/chat/completions "HTTP/1.1 200 OK"
2026-05-25 14:57:18,107 httpx INFO: HTTP Request: POST https://aiberm.com/v1/chat/completions "HTTP/1.1 200 OK"
2026-05-25 14:57:19,035 httpx INFO: HTTP Request: POST https://aiberm.com/v1/chat/completions "HTTP/1.1 200 OK"
2026-05-25 14:57:19,196 httpx INFO: HTTP Request: POST https://aiberm.com/v1/chat/completions "HTTP/1.1 200 OK"
2026-05-25 14:57:19,270 httpx INFO: HTTP Request: POST https://aiberm.com/v1/chat/completions "HTTP/1.1 200 OK"
2026-05-25 14:57:19,947 httpx INFO: HTTP Request: POST https://aiberm.com/v1/chat/completions "HTTP/1.1 200 OK"
2026-05-25 14:57:20,231 httpx INFO: HTTP Request: POST https://aiberm.com/v1/chat/completions "HTTP/1.1 200 OK"
2026-05-25 14:57:20,263 httpx INFO: HTTP Request: POST https://aiberm.com/v1/chat/completions "HTTP/1.1 200 OK"
2026-05-25 14:57:21,094 httpx INFO: HTTP Request: POST https://aiberm.com/v1/chat/completions "HTTP/1.1 200 OK"
2026-05-25 14:57:21,571 httpx INFO: HTTP Request: POST https://aiberm.com/v1/chat/completions "HTTP/1.1 200 OK"
2026-05-25 14:57:21,674 httpx INFO: HTTP Request: POST https://aiberm.com/v1/chat/completions "HTTP/1.1 200 OK"
2026-05-25 14:57:21,750 httpx INFO: HTTP Request: POST https://aiberm.com/v1/chat/completions "HTTP/1.1 200 OK"
2026-05-25 14:57:22,115 httpx INFO: HTTP Request: POST https://aiberm.com/v1/chat/completions "HTTP/1.1 200 OK"
2026-05-25 14:57:22,328 httpx INFO: HTTP Request: POST https://aiberm.com/v1/chat/completions "HTTP/1.1 200 OK"
2026-05-25 14:57:23,469 httpx INFO: HTTP Request: POST https://aiberm.com/v1/chat/completions "HTTP/1.1 200 OK"
2026-05-25 14:57:23,744 httpx INFO: HTTP Request: POST https://aiberm.com/v1/chat/completions "HTTP/1.1 200 OK"
2026-05-25 14:57:24,015 httpx INFO: HTTP Request: POST https://aiberm.com/v1/chat/completions "HTTP/1.1 200 OK"
2026-05-25 14:57:24,763 httpx INFO: HTTP Request: POST https://aiberm.com/v1/chat/completions "HTTP/1.1 200 OK"
2026-05-25 14:57:24,794 httpx INFO: HTTP Request: POST https://aiberm.com/v1/chat/completions "HTTP/1.1 200 OK"
2026-05-25 14:57:24,904 httpx INFO: HTTP Request: POST https://aiberm.com/v1/chat/completions "HTTP/1.1 200 OK"
2026-05-25 14:57:25,188 httpx INFO: HTTP Request: POST https://aiberm.com/v1/chat/completions "HTTP/1.1 200 OK"
2026-05-25 14:57:25,264 httpx INFO: HTTP Request: POST https://aiberm.com/v1/chat/completions "HTTP/1.1 200 OK"
2026-05-25 14:57:25,395 httpx INFO: HTTP Request: POST https://aiberm.com/v1/chat/completions "HTTP/1.1 200 OK"
2026-05-25 14:57:25,622 httpx INFO: HTTP Request: POST https://aiberm.com/v1/chat/completions "HTTP/1.1 200 OK"
2026-05-25 14:57:25,650 httpx INFO: HTTP Request: POST https://aiberm.com/v1/chat/completions "HTTP/1.1 200 OK"
2026-05-25 14:57:26,004 httpx INFO: HTTP Request: POST https://aiberm.com/v1/chat/completions "HTTP/1.1 200 OK"
2026-05-25 14:57:26,191 httpx INFO: HTTP Request: POST https://aiberm.com/v1/chat/completions "HTTP/1.1 200 OK"
2026-05-25 14:57:27,166 httpx INFO: HTTP Request: POST https://aiberm.com/v1/chat/completions "HTTP/1.1 200 OK"
2026-05-25 14:57:27,383 httpx INFO: HTTP Request: POST https://aiberm.com/v1/chat/completions "HTTP/1.1 200 OK"
2026-05-25 14:57:27,421 httpx INFO: HTTP Request: POST https://aiberm.com/v1/chat/completions "HTTP/1.1 200 OK"
2026-05-25 14:57:27,448 httpx INFO: HTTP Request: POST https://aiberm.com/v1/chat/completions "HTTP/1.1 200 OK"
2026-05-25 14:57:28,287 httpx INFO: HTTP Request: POST https://aiberm.com/v1/chat/completions "HTTP/1.1 200 OK"
2026-05-25 14:57:28,949 httpx INFO: HTTP Request: POST https://aiberm.com/v1/chat/completions "HTTP/1.1 200 OK"
2026-05-25 14:57:29,676 httpx INFO: HTTP Request: POST https://aiberm.com/v1/chat/completions "HTTP/1.1 200 OK"
2026-05-25 14:57:29,804 httpx INFO: HTTP Request: POST https://aiberm.com/v1/chat/completions "HTTP/1.1 200 OK"
2026-05-25 14:57:29,893 httpx INFO: HTTP Request: POST https://aiberm.com/v1/chat/completions "HTTP/1.1 200 OK"
2026-05-25 14:57:30,348 httpx INFO: HTTP Request: POST https://aiberm.com/v1/chat/completions "HTTP/1.1 200 OK"
2026-05-25 14:57:30,378 httpx INFO: HTTP Request: POST https://aiberm.com/v1/chat/completions "HTTP/1.1 200 OK"
2026-05-25 14:57:30,748 httpx INFO: HTTP Request: POST https://aiberm.com/v1/chat/completions "HTTP/1.1 200 OK"
2026-05-25 14:57:31,594 httpx INFO: HTTP Request: POST https://aiberm.com/v1/chat/completions "HTTP/1.1 200 OK"
2026-05-25 14:57:31,688 httpx INFO: HTTP Request: POST https://aiberm.com/v1/chat/completions "HTTP/1.1 200 OK"
2026-05-25 14:57:32,527 httpx INFO: HTTP Request: POST https://aiberm.com/v1/chat/completions "HTTP/1.1 200 OK"
2026-05-25 14:57:32,575 httpx INFO: HTTP Request: POST https://aiberm.com/v1/chat/completions "HTTP/1.1 200 OK"
2026-05-25 14:57:32,679 httpx INFO: HTTP Request: POST https://aiberm.com/v1/chat/completions "HTTP/1.1 200 OK"
2026-05-25 14:57:32,721 httpx INFO: HTTP Request: POST https://aiberm.com/v1/chat/completions "HTTP/1.1 200 OK"
2026-05-25 14:57:33,038 httpx INFO: HTTP Request: POST https://aiberm.com/v1/chat/completions "HTTP/1.1 200 OK"
2026-05-25 14:57:33,099 httpx INFO: HTTP Request: POST https://aiberm.com/v1/chat/completions "HTTP/1.1 200 OK"
2026-05-25 14:57:34,027 httpx INFO: HTTP Request: POST https://aiberm.com/v1/chat/completions "HTTP/1.1 200 OK"
2026-05-25 14:57:34,398 httpx INFO: HTTP Request: POST https://aiberm.com/v1/chat/completions "HTTP/1.1 200 OK"
2026-05-25 14:57:34,505 httpx INFO: HTTP Request: POST https://aiberm.com/v1/chat/completions "HTTP/1.1 200 OK"
2026-05-25 14:57:34,639 httpx INFO: HTTP Request: POST https://aiberm.com/v1/chat/completions "HTTP/1.1 200 OK"
2026-05-25 14:57:34,727 httpx INFO: HTTP Request: POST https://aiberm.com/v1/chat/completions "HTTP/1.1 200 OK"
2026-05-25 14:57:34,754 httpx INFO: HTTP Request: POST https://aiberm.com/v1/chat/completions "HTTP/1.1 200 OK"
2026-05-25 14:57:35,474 httpx INFO: HTTP Request: POST https://aiberm.com/v1/chat/completions "HTTP/1.1 200 OK"
2026-05-25 14:57:35,584 httpx INFO: HTTP Request: POST https://aiberm.com/v1/chat/completions "HTTP/1.1 200 OK"
2026-05-25 14:57:35,635 httpx INFO: HTTP Request: POST https://aiberm.com/v1/chat/completions "HTTP/1.1 200 OK"
2026-05-25 14:57:36,062 httpx INFO: HTTP Request: POST https://aiberm.com/v1/chat/completions "HTTP/1.1 200 OK"
2026-05-25 14:57:36,341 httpx INFO: HTTP Request: POST https://aiberm.com/v1/chat/completions "HTTP/1.1 200 OK"
2026-05-25 14:57:37,547 httpx INFO: HTTP Request: POST https://aiberm.com/v1/chat/completions "HTTP/1.1 200 OK"
2026-05-25 14:57:38,102 httpx INFO: HTTP Request: POST https://aiberm.com/v1/chat/completions "HTTP/1.1 200 OK"
2026-05-25 14:57:38,130 httpx INFO: HTTP Request: POST https://aiberm.com/v1/chat/completions "HTTP/1.1 200 OK"
2026-05-25 14:57:38,969 httpx INFO: HTTP Request: POST https://aiberm.com/v1/chat/completions "HTTP/1.1 200 OK"
2026-05-25 14:57:38,996 httpx INFO: HTTP Request: POST https://aiberm.com/v1/chat/completions "HTTP/1.1 200 OK"
2026-05-25 14:57:39,412 httpx INFO: HTTP Request: POST https://aiberm.com/v1/chat/completions "HTTP/1.1 200 OK"
2026-05-25 14:57:39,521 httpx INFO: HTTP Request: POST https://aiberm.com/v1/chat/completions "HTTP/1.1 200 OK"
2026-05-25 14:57:39,709 httpx INFO: HTTP Request: POST https://aiberm.com/v1/chat/completions "HTTP/1.1 200 OK"
2026-05-25 14:57:40,183 httpx INFO: HTTP Request: POST https://aiberm.com/v1/chat/completions "HTTP/1.1 200 OK"
2026-05-25 14:57:40,211 httpx INFO: HTTP Request: POST https://aiberm.com/v1/chat/completions "HTTP/1.1 200 OK"
2026-05-25 14:57:40,964 httpx INFO: HTTP Request: POST https://aiberm.com/v1/chat/completions "HTTP/1.1 200 OK"
2026-05-25 14:57:41,324 httpx INFO: HTTP Request: POST https://aiberm.com/v1/chat/completions "HTTP/1.1 200 OK"
2026-05-25 14:57:42,511 httpx INFO: HTTP Request: POST https://aiberm.com/v1/chat/completions "HTTP/1.1 200 OK"
2026-05-25 14:57:42,764 httpx INFO: HTTP Request: POST https://aiberm.com/v1/chat/completions "HTTP/1.1 200 OK"
2026-05-25 14:57:43,115 httpx INFO: HTTP Request: POST https://aiberm.com/v1/chat/completions "HTTP/1.1 200 OK"
2026-05-25 14:57:43,475 httpx INFO: HTTP Request: POST https://aiberm.com/v1/chat/completions "HTTP/1.1 200 OK"
2026-05-25 14:57:43,684 httpx INFO: HTTP Request: POST https://aiberm.com/v1/chat/completions "HTTP/1.1 200 OK"
2026-05-25 14:57:43,910 httpx INFO: HTTP Request: POST https://aiberm.com/v1/chat/completions "HTTP/1.1 200 OK"
2026-05-25 14:57:43,962 httpx INFO: HTTP Request: POST https://aiberm.com/v1/chat/completions "HTTP/1.1 200 OK"
2026-05-25 14:57:44,071 httpx INFO: HTTP Request: POST https://aiberm.com/v1/chat/completions "HTTP/1.1 200 OK"
2026-05-25 14:57:44,205 httpx INFO: HTTP Request: POST https://aiberm.com/v1/chat/completions "HTTP/1.1 200 OK"
2026-05-25 14:57:44,978 httpx INFO: HTTP Request: POST https://aiberm.com/v1/chat/completions "HTTP/1.1 200 OK"
2026-05-25 14:57:45,348 httpx INFO: HTTP Request: POST https://aiberm.com/v1/chat/completions "HTTP/1.1 200 OK"
2026-05-25 14:57:46,445 httpx INFO: HTTP Request: POST https://aiberm.com/v1/chat/completions "HTTP/1.1 200 OK"
2026-05-25 14:57:46,474 httpx INFO: HTTP Request: POST https://aiberm.com/v1/chat/completions "HTTP/1.1 200 OK"
2026-05-25 14:57:46,778 httpx INFO: HTTP Request: POST https://aiberm.com/v1/chat/completions "HTTP/1.1 200 OK"
2026-05-25 14:57:47,518 httpx INFO: HTTP Request: POST https://aiberm.com/v1/chat/completions "HTTP/1.1 200 OK"
2026-05-25 14:57:47,735 httpx INFO: HTTP Request: POST https://aiberm.com/v1/chat/completions "HTTP/1.1 200 OK"
2026-05-25 14:57:47,953 httpx INFO: HTTP Request: POST https://aiberm.com/v1/chat/completions "HTTP/1.1 200 OK"
2026-05-25 14:57:47,981 httpx INFO: HTTP Request: POST https://aiberm.com/v1/chat/completions "HTTP/1.1 200 OK"
2026-05-25 14:57:48,651 httpx INFO: HTTP Request: POST https://aiberm.com/v1/chat/completions "HTTP/1.1 200 OK"
2026-05-25 14:57:48,936 httpx INFO: HTTP Request: POST https://aiberm.com/v1/chat/completions "HTTP/1.1 200 OK"
2026-05-25 14:57:49,063 httpx INFO: HTTP Request: POST https://aiberm.com/v1/chat/completions "HTTP/1.1 200 OK"
2026-05-25 14:57:49,157 httpx INFO: HTTP Request: POST https://aiberm.com/v1/chat/completions "HTTP/1.1 200 OK"
2026-05-25 14:57:49,610 httpx INFO: HTTP Request: POST https://aiberm.com/v1/chat/completions "HTTP/1.1 200 OK"
2026-05-25 14:57:49,640 httpx INFO: HTTP Request: POST https://aiberm.com/v1/chat/completions "HTTP/1.1 200 OK"
2026-05-25 14:57:49,857 httpx INFO: HTTP Request: POST https://aiberm.com/v1/chat/completions "HTTP/1.1 200 OK"
2026-05-25 14:57:50,057 httpx INFO: HTTP Request: POST https://aiberm.com/v1/chat/completions "HTTP/1.1 200 OK"
2026-05-25 14:57:50,279 httpx INFO: HTTP Request: POST https://aiberm.com/v1/chat/completions "HTTP/1.1 200 OK"
2026-05-25 14:57:50,601 httpx INFO: HTTP Request: POST https://aiberm.com/v1/chat/completions "HTTP/1.1 200 OK"
2026-05-25 14:57:50,728 httpx INFO: HTTP Request: POST https://aiberm.com/v1/chat/completions "HTTP/1.1 200 OK"
2026-05-25 14:57:51,786 httpx INFO: HTTP Request: POST https://aiberm.com/v1/chat/completions "HTTP/1.1 200 OK"
2026-05-25 14:57:51,787 httpx INFO: HTTP Request: POST https://aiberm.com/v1/chat/completions "HTTP/1.1 200 OK"
2026-05-25 14:57:52,379 httpx INFO: HTTP Request: POST https://aiberm.com/v1/chat/completions "HTTP/1.1 200 OK"
2026-05-25 14:57:52,438 httpx INFO: HTTP Request: POST https://aiberm.com/v1/chat/completions "HTTP/1.1 200 OK"
2026-05-25 14:57:53,273 httpx INFO: HTTP Request: POST https://aiberm.com/v1/chat/completions "HTTP/1.1 200 OK"
2026-05-25 14:57:53,413 httpx INFO: HTTP Request: POST https://aiberm.com/v1/chat/completions "HTTP/1.1 200 OK"
2026-05-25 14:57:53,934 httpx INFO: HTTP Request: POST https://aiberm.com/v1/chat/completions "HTTP/1.1 200 OK"
2026-05-25 14:57:53,988 httpx INFO: HTTP Request: POST https://aiberm.com/v1/chat/completions "HTTP/1.1 200 OK"
2026-05-25 14:57:54,307 httpx INFO: HTTP Request: POST https://aiberm.com/v1/chat/completions "HTTP/1.1 200 OK"
2026-05-25 14:57:54,387 httpx INFO: HTTP Request: POST https://aiberm.com/v1/chat/completions "HTTP/1.1 200 OK"
2026-05-25 14:57:54,664 httpx INFO: HTTP Request: POST https://aiberm.com/v1/chat/completions "HTTP/1.1 200 OK"
2026-05-25 14:57:54,988 httpx INFO: HTTP Request: POST https://aiberm.com/v1/chat/completions "HTTP/1.1 200 OK"
2026-05-25 14:57:55,250 httpx INFO: HTTP Request: POST https://aiberm.com/v1/chat/completions "HTTP/1.1 200 OK"
2026-05-25 14:57:55,368 httpx INFO: HTTP Request: POST https://aiberm.com/v1/chat/completions "HTTP/1.1 200 OK"
2026-05-25 14:57:55,623 httpx INFO: HTTP Request: POST https://aiberm.com/v1/chat/completions "HTTP/1.1 200 OK"
2026-05-25 14:57:56,579 httpx INFO: HTTP Request: POST https://aiberm.com/v1/chat/completions "HTTP/1.1 200 OK"
2026-05-25 14:57:56,707 httpx INFO: HTTP Request: POST https://aiberm.com/v1/chat/completions "HTTP/1.1 200 OK"
2026-05-25 14:57:57,023 httpx INFO: HTTP Request: POST https://aiberm.com/v1/chat/completions "HTTP/1.1 200 OK"
2026-05-25 14:57:57,050 httpx INFO: HTTP Request: POST https://aiberm.com/v1/chat/completions "HTTP/1.1 200 OK"
2026-05-25 14:57:57,444 httpx INFO: HTTP Request: POST https://aiberm.com/v1/chat/completions "HTTP/1.1 200 OK"
2026-05-25 14:57:57,806 httpx INFO: HTTP Request: POST https://aiberm.com/v1/chat/completions "HTTP/1.1 200 OK"
2026-05-25 14:57:58,226 httpx INFO: HTTP Request: POST https://aiberm.com/v1/chat/completions "HTTP/1.1 200 OK"
2026-05-25 14:57:58,968 httpx INFO: HTTP Request: POST https://aiberm.com/v1/chat/completions "HTTP/1.1 200 OK"
2026-05-25 14:57:59,303 httpx INFO: HTTP Request: POST https://aiberm.com/v1/chat/completions "HTTP/1.1 200 OK"
2026-05-25 14:57:59,365 httpx INFO: HTTP Request: POST https://aiberm.com/v1/chat/completions "HTTP/1.1 200 OK"
2026-05-25 14:57:59,840 httpx INFO: HTTP Request: POST https://aiberm.com/v1/chat/completions "HTTP/1.1 200 OK"
2026-05-25 14:58:00,403 httpx INFO: HTTP Request: POST https://aiberm.com/v1/chat/completions "HTTP/1.1 200 OK"
2026-05-25 14:58:00,563 httpx INFO: HTTP Request: POST https://aiberm.com/v1/chat/completions "HTTP/1.1 200 OK"
2026-05-25 14:58:00,624 httpx INFO: HTTP Request: POST https://aiberm.com/v1/chat/completions "HTTP/1.1 200 OK"
2026-05-25 14:58:00,690 httpx INFO: HTTP Request: POST https://aiberm.com/v1/chat/completions "HTTP/1.1 200 OK"
2026-05-25 14:58:01,331 httpx INFO: HTTP Request: POST https://aiberm.com/v1/chat/completions "HTTP/1.1 200 OK"
2026-05-25 14:58:01,415 httpx INFO: HTTP Request: POST https://aiberm.com/v1/chat/completions "HTTP/1.1 200 OK"
2026-05-25 14:58:02,165 httpx INFO: HTTP Request: POST https://aiberm.com/v1/chat/completions "HTTP/1.1 200 OK"
2026-05-25 14:58:02,790 httpx INFO: HTTP Request: POST https://aiberm.com/v1/chat/completions "HTTP/1.1 200 OK"
2026-05-25 14:58:03,046 httpx INFO: HTTP Request: POST https://aiberm.com/v1/chat/completions "HTTP/1.1 200 OK"
2026-05-25 14:58:03,273 httpx INFO: HTTP Request: POST https://aiberm.com/v1/chat/completions "HTTP/1.1 200 OK"
2026-05-25 14:58:03,687 httpx INFO: HTTP Request: POST https://aiberm.com/v1/chat/completions "HTTP/1.1 200 OK"
2026-05-25 14:58:04,265 httpx INFO: HTTP Request: POST https://aiberm.com/v1/chat/completions "HTTP/1.1 200 OK"
2026-05-25 14:58:04,339 httpx INFO: HTTP Request: POST https://aiberm.com/v1/chat/completions "HTTP/1.1 200 OK"
2026-05-25 14:58:04,563 httpx INFO: HTTP Request: POST https://aiberm.com/v1/chat/completions "HTTP/1.1 200 OK"
2026-05-25 14:58:04,801 httpx INFO: HTTP Request: POST https://aiberm.com/v1/chat/completions "HTTP/1.1 200 OK"
2026-05-25 14:58:05,380 httpx INFO: HTTP Request: POST https://aiberm.com/v1/chat/completions "HTTP/1.1 200 OK"
2026-05-25 14:58:05,410 httpx INFO: HTTP Request: POST https://aiberm.com/v1/chat/completions "HTTP/1.1 200 OK"
2026-05-25 14:58:05,438 httpx INFO: HTTP Request: POST https://aiberm.com/v1/chat/completions "HTTP/1.1 200 OK"
2026-05-25 14:58:05,757 httpx INFO: HTTP Request: POST https://aiberm.com/v1/chat/completions "HTTP/1.1 200 OK"
2026-05-25 14:58:06,703 httpx INFO: HTTP Request: POST https://aiberm.com/v1/chat/completions "HTTP/1.1 200 OK"
2026-05-25 14:58:06,855 httpx INFO: HTTP Request: POST https://aiberm.com/v1/chat/completions "HTTP/1.1 200 OK"
2026-05-25 14:58:06,903 httpx INFO: HTTP Request: POST https://aiberm.com/v1/chat/completions "HTTP/1.1 200 OK"
2026-05-25 14:58:07,779 httpx INFO: HTTP Request: POST https://aiberm.com/v1/chat/completions "HTTP/1.1 200 OK"
2026-05-25 14:58:07,959 httpx INFO: HTTP Request: POST https://aiberm.com/v1/chat/completions "HTTP/1.1 200 OK"
2026-05-25 14:58:08,244 httpx INFO: HTTP Request: POST https://aiberm.com/v1/chat/completions "HTTP/1.1 200 OK"
2026-05-25 14:58:08,403 httpx INFO: HTTP Request: POST https://aiberm.com/v1/chat/completions "HTTP/1.1 200 OK"
2026-05-25 14:58:08,856 httpx INFO: HTTP Request: POST https://aiberm.com/v1/chat/completions "HTTP/1.1 200 OK"
2026-05-25 14:58:08,884 httpx INFO: HTTP Request: POST https://aiberm.com/v1/chat/completions "HTTP/1.1 200 OK"
2026-05-25 14:58:09,365 httpx INFO: HTTP Request: POST https://aiberm.com/v1/chat/completions "HTTP/1.1 200 OK"
2026-05-25 14:58:09,441 httpx INFO: HTTP Request: POST https://aiberm.com/v1/chat/completions "HTTP/1.1 200 OK"
2026-05-25 14:58:09,746 httpx INFO: HTTP Request: POST https://aiberm.com/v1/chat/completions "HTTP/1.1 200 OK"
2026-05-25 14:58:10,559 httpx INFO: HTTP Request: POST https://aiberm.com/v1/chat/completions "HTTP/1.1 200 OK"
2026-05-25 14:58:10,872 httpx INFO: HTTP Request: POST https://aiberm.com/v1/chat/completions "HTTP/1.1 200 OK"
2026-05-25 14:58:11,050 httpx INFO: HTTP Request: POST https://aiberm.com/v1/chat/completions "HTTP/1.1 200 OK"
2026-05-25 14:58:11,323 httpx INFO: HTTP Request: POST https://aiberm.com/v1/chat/completions "HTTP/1.1 200 OK"
2026-05-25 14:58:11,810 httpx INFO: HTTP Request: POST https://aiberm.com/v1/chat/completions "HTTP/1.1 200 OK"
2026-05-25 14:58:12,978 httpx INFO: HTTP Request: POST https://aiberm.com/v1/chat/completions "HTTP/1.1 200 OK"
2026-05-25 14:58:13,375 httpx INFO: HTTP Request: POST https://aiberm.com/v1/chat/completions "HTTP/1.1 200 OK"
2026-05-25 14:58:13,559 httpx INFO: HTTP Request: POST https://aiberm.com/v1/chat/completions "HTTP/1.1 200 OK"
2026-05-25 14:58:13,649 httpx INFO: HTTP Request: POST https://aiberm.com/v1/chat/completions "HTTP/1.1 200 OK"
2026-05-25 14:58:13,899 httpx INFO: HTTP Request: POST https://aiberm.com/v1/chat/completions "HTTP/1.1 200 OK"
2026-05-25 14:58:14,399 httpx INFO: HTTP Request: POST https://aiberm.com/v1/chat/completions "HTTP/1.1 200 OK"
2026-05-25 14:58:14,918 httpx INFO: HTTP Request: POST https://aiberm.com/v1/chat/completions "HTTP/1.1 200 OK"
2026-05-25 14:58:15,365 httpx INFO: HTTP Request: POST https://aiberm.com/v1/chat/completions "HTTP/1.1 200 OK"
2026-05-25 14:58:15,395 httpx INFO: HTTP Request: POST https://aiberm.com/v1/chat/completions "HTTP/1.1 200 OK"
2026-05-25 14:58:15,482 httpx INFO: HTTP Request: POST https://aiberm.com/v1/chat/completions "HTTP/1.1 200 OK"
2026-05-25 14:58:15,898 httpx INFO: HTTP Request: POST https://aiberm.com/v1/chat/completions "HTTP/1.1 200 OK"
2026-05-25 14:58:16,309 httpx INFO: HTTP Request: POST https://aiberm.com/v1/chat/completions "HTTP/1.1 200 OK"
2026-05-25 14:58:16,792 httpx INFO: HTTP Request: POST https://aiberm.com/v1/chat/completions "HTTP/1.1 200 OK"
2026-05-25 14:58:16,942 httpx INFO: HTTP Request: POST https://aiberm.com/v1/chat/completions "HTTP/1.1 200 OK"
2026-05-25 14:58:16,982 httpx INFO: HTTP Request: POST https://aiberm.com/v1/chat/completions "HTTP/1.1 200 OK"
2026-05-25 14:58:17,109 httpx INFO: HTTP Request: POST https://aiberm.com/v1/chat/completions "HTTP/1.1 200 OK"
2026-05-25 14:58:17,507 httpx INFO: HTTP Request: POST https://aiberm.com/v1/chat/completions "HTTP/1.1 200 OK"
2026-05-25 14:58:17,827 httpx INFO: HTTP Request: POST https://aiberm.com/v1/chat/completions "HTTP/1.1 200 OK"
2026-05-25 14:58:18,635 httpx INFO: HTTP Request: POST https://aiberm.com/v1/chat/completions "HTTP/1.1 200 OK"
2026-05-25 14:58:18,662 httpx INFO: HTTP Request: POST https://aiberm.com/v1/chat/completions "HTTP/1.1 200 OK"
2026-05-25 14:58:19,042 httpx INFO: HTTP Request: POST https://aiberm.com/v1/chat/completions "HTTP/1.1 200 OK"
2026-05-25 14:58:19,204 httpx INFO: HTTP Request: POST https://aiberm.com/v1/chat/completions "HTTP/1.1 200 OK"
2026-05-25 14:58:19,410 httpx INFO: HTTP Request: POST https://aiberm.com/v1/chat/completions "HTTP/1.1 200 OK"
2026-05-25 14:58:19,658 httpx INFO: HTTP Request: POST https://aiberm.com/v1/chat/completions "HTTP/1.1 200 OK"
2026-05-25 14:58:19,797 httpx INFO: HTTP Request: POST https://aiberm.com/v1/chat/completions "HTTP/1.1 200 OK"
2026-05-25 14:58:20,481 httpx INFO: HTTP Request: POST https://aiberm.com/v1/chat/completions "HTTP/1.1 200 OK"
2026-05-25 14:58:21,418 httpx INFO: HTTP Request: POST https://aiberm.com/v1/chat/completions "HTTP/1.1 200 OK"
2026-05-25 14:58:21,657 httpx INFO: HTTP Request: POST https://aiberm.com/v1/chat/completions "HTTP/1.1 200 OK"
2026-05-25 14:58:21,854 httpx INFO: HTTP Request: POST https://aiberm.com/v1/chat/completions "HTTP/1.1 200 OK"
2026-05-25 14:58:22,035 httpx INFO: HTTP Request: POST https://aiberm.com/v1/chat/completions "HTTP/1.1 200 OK"
2026-05-25 14:58:22,205 httpx INFO: HTTP Request: POST https://aiberm.com/v1/chat/completions "HTTP/1.1 200 OK"
2026-05-25 14:58:22,349 httpx INFO: HTTP Request: POST https://aiberm.com/v1/chat/completions "HTTP/1.1 200 OK"
2026-05-25 14:58:22,721 httpx INFO: HTTP Request: POST https://aiberm.com/v1/chat/completions "HTTP/1.1 200 OK"
2026-05-25 14:58:23,185 httpx INFO: HTTP Request: POST https://aiberm.com/v1/chat/completions "HTTP/1.1 200 OK"
2026-05-25 14:58:23,703 httpx INFO: HTTP Request: POST https://aiberm.com/v1/chat/completions "HTTP/1.1 200 OK"
2026-05-25 14:58:23,990 httpx INFO: HTTP Request: POST https://aiberm.com/v1/chat/completions "HTTP/1.1 200 OK"
2026-05-25 14:58:24,307 httpx INFO: HTTP Request: POST https://aiberm.com/v1/chat/completions "HTTP/1.1 200 OK"
2026-05-25 14:58:24,336 httpx INFO: HTTP Request: POST https://aiberm.com/v1/chat/completions "HTTP/1.1 200 OK"
2026-05-25 14:58:24,394 httpx INFO: HTTP Request: POST https://aiberm.com/v1/chat/completions "HTTP/1.1 200 OK"
2026-05-25 14:58:24,779 httpx INFO: HTTP Request: POST https://aiberm.com/v1/chat/completions "HTTP/1.1 200 OK"
2026-05-25 14:58:25,055 httpx INFO: HTTP Request: POST https://aiberm.com/v1/chat/completions "HTTP/1.1 200 OK"
2026-05-25 14:58:26,075 httpx INFO: HTTP Request: POST https://aiberm.com/v1/chat/completions "HTTP/1.1 200 OK"
2026-05-25 14:58:26,828 httpx INFO: HTTP Request: POST https://aiberm.com/v1/chat/completions "HTTP/1.1 200 OK"
2026-05-25 14:58:26,989 httpx INFO: HTTP Request: POST https://aiberm.com/v1/chat/completions "HTTP/1.1 200 OK"
2026-05-25 14:58:27,389 httpx INFO: HTTP Request: POST https://aiberm.com/v1/chat/completions "HTTP/1.1 200 OK"
2026-05-25 14:58:27,552 httpx INFO: HTTP Request: POST https://aiberm.com/v1/chat/completions "HTTP/1.1 200 OK"
2026-05-25 14:58:27,933 httpx INFO: HTTP Request: POST https://aiberm.com/v1/chat/completions "HTTP/1.1 200 OK"
2026-05-25 14:58:28,200 httpx INFO: HTTP Request: POST https://aiberm.com/v1/chat/completions "HTTP/1.1 200 OK"
2026-05-25 14:58:28,344 httpx INFO: HTTP Request: POST https://aiberm.com/v1/chat/completions "HTTP/1.1 200 OK"
2026-05-25 14:58:28,625 httpx INFO: HTTP Request: POST https://aiberm.com/v1/chat/completions "HTTP/1.1 200 OK"
2026-05-25 14:58:28,725 httpx INFO: HTTP Request: POST https://aiberm.com/v1/chat/completions "HTTP/1.1 200 OK"
2026-05-25 14:58:28,901 httpx INFO: HTTP Request: POST https://aiberm.com/v1/chat/completions "HTTP/1.1 200 OK"
2026-05-25 14:58:29,292 httpx INFO: HTTP Request: POST https://aiberm.com/v1/chat/completions "HTTP/1.1 200 OK"
2026-05-25 14:58:29,828 httpx INFO: HTTP Request: POST https://aiberm.com/v1/chat/completions "HTTP/1.1 200 OK"
2026-05-25 14:58:29,914 httpx INFO: HTTP Request: POST https://aiberm.com/v1/chat/completions "HTTP/1.1 200 OK"
2026-05-25 14:58:31,267 httpx INFO: HTTP Request: POST https://aiberm.com/v1/chat/completions "HTTP/1.1 200 OK"
2026-05-25 14:58:31,438 httpx INFO: HTTP Request: POST https://aiberm.com/v1/chat/completions "HTTP/1.1 200 OK"
2026-05-25 14:58:31,938 httpx INFO: HTTP Request: POST https://aiberm.com/v1/chat/completions "HTTP/1.1 200 OK"
2026-05-25 14:58:31,968 httpx INFO: HTTP Request: POST https://aiberm.com/v1/chat/completions "HTTP/1.1 200 OK"
2026-05-25 14:58:32,016 httpx INFO: HTTP Request: POST https://aiberm.com/v1/chat/completions "HTTP/1.1 200 OK"
2026-05-25 14:58:32,277 httpx INFO: HTTP Request: POST https://aiberm.com/v1/chat/completions "HTTP/1.1 200 OK"
2026-05-25 14:58:32,314 httpx INFO: HTTP Request: POST https://aiberm.com/v1/chat/completions "HTTP/1.1 200 OK"
2026-05-25 14:58:33,410 httpx INFO: HTTP Request: POST https://aiberm.com/v1/chat/completions "HTTP/1.1 200 OK"
2026-05-25 14:58:33,496 httpx INFO: HTTP Request: POST https://aiberm.com/v1/chat/completions "HTTP/1.1 200 OK"
2026-05-25 14:58:33,940 httpx INFO: HTTP Request: POST https://aiberm.com/v1/chat/completions "HTTP/1.1 200 OK"
2026-05-25 14:58:34,171 httpx INFO: HTTP Request: POST https://aiberm.com/v1/chat/completions "HTTP/1.1 200 OK"
2026-05-25 14:58:34,246 httpx INFO: HTTP Request: POST https://aiberm.com/v1/chat/completions "HTTP/1.1 200 OK"
2026-05-25 14:58:34,439 httpx INFO: HTTP Request: POST https://aiberm.com/v1/chat/completions "HTTP/1.1 200 OK"
2026-05-25 14:58:34,680 httpx INFO: HTTP Request: POST https://aiberm.com/v1/chat/completions "HTTP/1.1 200 OK"
2026-05-25 14:58:35,188 httpx INFO: HTTP Request: POST https://aiberm.com/v1/chat/completions "HTTP/1.1 200 OK"
2026-05-25 14:58:35,529 httpx INFO: HTTP Request: POST https://aiberm.com/v1/chat/completions "HTTP/1.1 200 OK"
2026-05-25 14:58:36,558 httpx INFO: HTTP Request: POST https://aiberm.com/v1/chat/completions "HTTP/1.1 200 OK"
2026-05-25 14:58:36,733 httpx INFO: HTTP Request: POST https://aiberm.com/v1/chat/completions "HTTP/1.1 200 OK"
2026-05-25 14:58:36,820 httpx INFO: HTTP Request: POST https://aiberm.com/v1/chat/completions "HTTP/1.1 200 OK"
2026-05-25 14:58:36,856 httpx INFO: HTTP Request: POST https://aiberm.com/v1/chat/completions "HTTP/1.1 200 OK"
2026-05-25 14:58:37,241 httpx INFO: HTTP Request: POST https://aiberm.com/v1/chat/completions "HTTP/1.1 200 OK"
2026-05-25 14:58:37,780 httpx INFO: HTTP Request: POST https://aiberm.com/v1/chat/completions "HTTP/1.1 200 OK"
2026-05-25 14:58:38,073 httpx INFO: HTTP Request: POST https://aiberm.com/v1/chat/completions "HTTP/1.1 200 OK"
2026-05-25 14:58:38,108 httpx INFO: HTTP Request: POST https://aiberm.com/v1/chat/completions "HTTP/1.1 200 OK"
2026-05-25 14:58:38,301 httpx INFO: HTTP Request: POST https://aiberm.com/v1/chat/completions "HTTP/1.1 200 OK"
2026-05-25 14:58:39,003 httpx INFO: HTTP Request: POST https://aiberm.com/v1/chat/completions "HTTP/1.1 200 OK"
2026-05-25 14:58:39,124 httpx INFO: HTTP Request: POST https://aiberm.com/v1/chat/completions "HTTP/1.1 200 OK"
2026-05-25 14:58:39,952 httpx INFO: HTTP Request: POST https://aiberm.com/v1/chat/completions "HTTP/1.1 200 OK"
2026-05-25 14:58:40,605 httpx INFO: HTTP Request: POST https://aiberm.com/v1/chat/completions "HTTP/1.1 200 OK"
2026-05-25 14:58:40,937 httpx INFO: HTTP Request: POST https://aiberm.com/v1/chat/completions "HTTP/1.1 200 OK"
2026-05-25 14:58:41,272 httpx INFO: HTTP Request: POST https://aiberm.com/v1/chat/completions "HTTP/1.1 200 OK"
2026-05-25 14:58:41,389 httpx INFO: HTTP Request: POST https://aiberm.com/v1/chat/completions "HTTP/1.1 200 OK"
2026-05-25 14:58:41,418 httpx INFO: HTTP Request: POST https://aiberm.com/v1/chat/completions "HTTP/1.1 200 OK"
2026-05-25 14:58:41,638 httpx INFO: HTTP Request: POST https://aiberm.com/v1/chat/completions "HTTP/1.1 200 OK"
2026-05-25 14:58:42,280 httpx INFO: HTTP Request: POST https://aiberm.com/v1/chat/completions "HTTP/1.1 200 OK"
2026-05-25 14:58:42,307 httpx INFO: HTTP Request: POST https://aiberm.com/v1/chat/completions "HTTP/1.1 200 OK"
2026-05-25 14:58:43,073 httpx INFO: HTTP Request: POST https://aiberm.com/v1/chat/completions "HTTP/1.1 200 OK"
2026-05-25 14:58:43,151 httpx INFO: HTTP Request: POST https://aiberm.com/v1/chat/completions "HTTP/1.1 200 OK"
2026-05-25 14:58:43,182 httpx INFO: HTTP Request: POST https://aiberm.com/v1/chat/completions "HTTP/1.1 200 OK"
2026-05-25 14:58:43,658 httpx INFO: HTTP Request: POST https://aiberm.com/v1/chat/completions "HTTP/1.1 200 OK"
2026-05-25 14:58:44,122 httpx INFO: HTTP Request: POST https://aiberm.com/v1/chat/completions "HTTP/1.1 200 OK"
2026-05-25 14:58:44,226 httpx INFO: HTTP Request: POST https://aiberm.com/v1/chat/completions "HTTP/1.1 200 OK"
2026-05-25 14:58:44,557 httpx INFO: HTTP Request: POST https://aiberm.com/v1/chat/completions "HTTP/1.1 200 OK"
2026-05-25 14:58:45,372 httpx INFO: HTTP Request: POST https://aiberm.com/v1/chat/completions "HTTP/1.1 200 OK"
2026-05-25 14:58:47,752 httpx INFO: HTTP Request: POST https://aiberm.com/v1/chat/completions "HTTP/1.1 200 OK"
2026-05-25 14:58:47,825 httpx INFO: HTTP Request: POST https://aiberm.com/v1/chat/completions "HTTP/1.1 200 OK"
2026-05-25 14:58:47,869 httpx INFO: HTTP Request: POST https://aiberm.com/v1/chat/completions "HTTP/1.1 200 OK"
2026-05-25 14:58:48,011 httpx INFO: HTTP Request: POST https://aiberm.com/v1/chat/completions "HTTP/1.1 200 OK"
2026-05-25 14:58:48,166 httpx INFO: HTTP Request: POST https://aiberm.com/v1/chat/completions "HTTP/1.1 200 OK"
2026-05-25 14:58:48,321 httpx INFO: HTTP Request: POST https://aiberm.com/v1/chat/completions "HTTP/1.1 200 OK"
2026-05-25 14:58:48,895 httpx INFO: HTTP Request: POST https://aiberm.com/v1/chat/completions "HTTP/1.1 200 OK"
2026-05-25 14:58:49,391 httpx INFO: HTTP Request: POST https://aiberm.com/v1/chat/completions "HTTP/1.1 200 OK"
2026-05-25 14:58:49,572 httpx INFO: HTTP Request: POST https://aiberm.com/v1/chat/completions "HTTP/1.1 200 OK"
2026-05-25 14:58:49,746 httpx INFO: HTTP Request: POST https://aiberm.com/v1/chat/completions "HTTP/1.1 200 OK"
2026-05-25 14:58:50,731 httpx INFO: HTTP Request: POST https://aiberm.com/v1/chat/completions "HTTP/1.1 200 OK"
2026-05-25 14:58:51,406 httpx INFO: HTTP Request: POST https://aiberm.com/v1/chat/completions "HTTP/1.1 200 OK"
2026-05-25 14:58:51,557 httpx INFO: HTTP Request: POST https://aiberm.com/v1/chat/completions "HTTP/1.1 200 OK"
2026-05-25 14:58:51,791 httpx INFO: HTTP Request: POST https://aiberm.com/v1/chat/completions "HTTP/1.1 200 OK"
2026-05-25 14:58:51,880 httpx INFO: HTTP Request: POST https://aiberm.com/v1/chat/completions "HTTP/1.1 200 OK"
2026-05-25 14:58:52,100 httpx INFO: HTTP Request: POST https://aiberm.com/v1/chat/completions "HTTP/1.1 200 OK"
2026-05-25 14:58:52,136 httpx INFO: HTTP Request: POST https://aiberm.com/v1/chat/completions "HTTP/1.1 200 OK"
2026-05-25 14:58:52,165 httpx INFO: HTTP Request: POST https://aiberm.com/v1/chat/completions "HTTP/1.1 200 OK"
2026-05-25 14:58:52,944 httpx INFO: HTTP Request: POST https://aiberm.com/v1/chat/completions "HTTP/1.1 200 OK"
2026-05-25 14:58:53,154 httpx INFO: HTTP Request: POST https://aiberm.com/v1/chat/completions "HTTP/1.1 200 OK"
2026-05-25 14:58:53,253 httpx INFO: HTTP Request: POST https://aiberm.com/v1/chat/completions "HTTP/1.1 200 OK"
2026-05-25 14:58:54,156 httpx INFO: HTTP Request: POST https://aiberm.com/v1/chat/completions "HTTP/1.1 200 OK"
2026-05-25 14:58:54,183 httpx INFO: HTTP Request: POST https://aiberm.com/v1/chat/completions "HTTP/1.1 200 OK"
2026-05-25 14:58:54,442 httpx INFO: HTTP Request: POST https://aiberm.com/v1/chat/completions "HTTP/1.1 200 OK"
2026-05-25 14:58:55,097 httpx INFO: HTTP Request: POST https://aiberm.com/v1/chat/completions "HTTP/1.1 200 OK"
2026-05-25 14:58:55,307 httpx INFO: HTTP Request: POST https://aiberm.com/v1/chat/completions "HTTP/1.1 200 OK"
2026-05-25 14:58:56,339 httpx INFO: HTTP Request: POST https://aiberm.com/v1/chat/completions "HTTP/1.1 200 OK"
2026-05-25 14:58:56,958 httpx INFO: HTTP Request: POST https://aiberm.com/v1/chat/completions "HTTP/1.1 200 OK"
2026-05-25 14:58:56,998 httpx INFO: HTTP Request: POST https://aiberm.com/v1/chat/completions "HTTP/1.1 200 OK"
2026-05-25 14:58:57,065 httpx INFO: HTTP Request: POST https://aiberm.com/v1/chat/completions "HTTP/1.1 200 OK"
2026-05-25 14:58:57,242 httpx INFO: HTTP Request: POST https://aiberm.com/v1/chat/completions "HTTP/1.1 200 OK"
2026-05-25 14:58:57,316 httpx INFO: HTTP Request: POST https://aiberm.com/v1/chat/completions "HTTP/1.1 200 OK"
2026-05-25 14:58:57,535 httpx INFO: HTTP Request: POST https://aiberm.com/v1/chat/completions "HTTP/1.1 200 OK"
2026-05-25 14:58:57,562 httpx INFO: HTTP Request: POST https://aiberm.com/v1/chat/completions "HTTP/1.1 200 OK"
2026-05-25 14:58:58,515 httpx INFO: HTTP Request: POST https://aiberm.com/v1/chat/completions "HTTP/1.1 200 OK"
2026-05-25 14:58:59,241 httpx INFO: HTTP Request: POST https://aiberm.com/v1/chat/completions "HTTP/1.1 200 OK"
2026-05-25 14:58:59,269 httpx INFO: HTTP Request: POST https://aiberm.com/v1/chat/completions "HTTP/1.1 200 OK"
2026-05-25 14:58:59,543 httpx INFO: HTTP Request: POST https://aiberm.com/v1/chat/completions "HTTP/1.1 200 OK"
2026-05-25 14:58:59,870 httpx INFO: HTTP Request: POST https://aiberm.com/v1/chat/completions "HTTP/1.1 200 OK"
2026-05-25 14:59:00,616 httpx INFO: HTTP Request: POST https://aiberm.com/v1/chat/completions "HTTP/1.1 200 OK"
2026-05-25 14:59:00,882 httpx INFO: HTTP Request: POST https://aiberm.com/v1/chat/completions "HTTP/1.1 200 OK"
2026-05-25 14:59:01,099 httpx INFO: HTTP Request: POST https://aiberm.com/v1/chat/completions "HTTP/1.1 200 OK"
2026-05-25 14:59:01,517 httpx INFO: HTTP Request: POST https://aiberm.com/v1/chat/completions "HTTP/1.1 200 OK"
2026-05-25 14:59:01,795 httpx INFO: HTTP Request: POST https://aiberm.com/v1/chat/completions "HTTP/1.1 200 OK"
2026-05-25 14:59:02,210 httpx INFO: HTTP Request: POST https://aiberm.com/v1/chat/completions "HTTP/1.1 200 OK"
2026-05-25 14:59:02,254 httpx INFO: HTTP Request: POST https://aiberm.com/v1/chat/completions "HTTP/1.1 200 OK"
2026-05-25 14:59:02,364 httpx INFO: HTTP Request: POST https://aiberm.com/v1/chat/completions "HTTP/1.1 200 OK"
2026-05-25 14:59:02,490 httpx INFO: HTTP Request: POST https://aiberm.com/v1/chat/completions "HTTP/1.1 200 OK"
2026-05-25 14:59:02,674 httpx INFO: HTTP Request: POST https://aiberm.com/v1/chat/completions "HTTP/1.1 200 OK"
2026-05-25 14:59:03,287 httpx INFO: HTTP Request: POST https://aiberm.com/v1/chat/completions "HTTP/1.1 200 OK"
2026-05-25 14:59:03,880 httpx INFO: HTTP Request: POST https://aiberm.com/v1/chat/completions "HTTP/1.1 200 OK"
2026-05-25 14:59:04,347 httpx INFO: HTTP Request: POST https://aiberm.com/v1/chat/completions "HTTP/1.1 200 OK"
2026-05-25 14:59:04,545 httpx INFO: HTTP Request: POST https://aiberm.com/v1/chat/completions "HTTP/1.1 200 OK"
2026-05-25 14:59:05,018 httpx INFO: HTTP Request: POST https://aiberm.com/v1/chat/completions "HTTP/1.1 200 OK"
2026-05-25 14:59:05,045 httpx INFO: HTTP Request: POST https://aiberm.com/v1/chat/completions "HTTP/1.1 200 OK"
2026-05-25 14:59:06,155 httpx INFO: HTTP Request: POST https://aiberm.com/v1/chat/completions "HTTP/1.1 200 OK"
2026-05-25 14:59:06,426 httpx INFO: HTTP Request: POST https://aiberm.com/v1/chat/completions "HTTP/1.1 200 OK"
2026-05-25 14:59:07,089 httpx INFO: HTTP Request: POST https://aiberm.com/v1/chat/completions "HTTP/1.1 200 OK"
2026-05-25 14:59:07,557 httpx INFO: HTTP Request: POST https://aiberm.com/v1/chat/completions "HTTP/1.1 200 OK"
2026-05-25 14:59:07,723 httpx INFO: HTTP Request: POST https://aiberm.com/v1/chat/completions "HTTP/1.1 200 OK"
2026-05-25 14:59:07,814 httpx INFO: HTTP Request: POST https://aiberm.com/v1/chat/completions "HTTP/1.1 200 OK"
2026-05-25 14:59:07,901 httpx INFO: HTTP Request: POST https://aiberm.com/v1/chat/completions "HTTP/1.1 200 OK"
2026-05-25 14:59:07,956 httpx INFO: HTTP Request: POST https://aiberm.com/v1/chat/completions "HTTP/1.1 200 OK"
2026-05-25 14:59:08,463 httpx INFO: HTTP Request: POST https://aiberm.com/v1/chat/completions "HTTP/1.1 200 OK"
2026-05-25 14:59:08,532 httpx INFO: HTTP Request: POST https://aiberm.com/v1/chat/completions "HTTP/1.1 200 OK"
2026-05-25 14:59:09,422 httpx INFO: HTTP Request: POST https://aiberm.com/v1/chat/completions "HTTP/1.1 200 OK"
2026-05-25 14:59:09,545 httpx INFO: HTTP Request: POST https://aiberm.com/v1/chat/completions "HTTP/1.1 200 OK"
2026-05-25 14:59:09,626 httpx INFO: HTTP Request: POST https://aiberm.com/v1/chat/completions "HTTP/1.1 200 OK"
2026-05-25 14:59:09,738 httpx INFO: HTTP Request: POST https://aiberm.com/v1/chat/completions "HTTP/1.1 200 OK"
2026-05-25 14:59:09,802 httpx INFO: HTTP Request: POST https://aiberm.com/v1/chat/completions "HTTP/1.1 200 OK"
2026-05-25 14:59:10,739 httpx INFO: HTTP Request: POST https://aiberm.com/v1/chat/completions "HTTP/1.1 200 OK"
2026-05-25 14:59:10,824 httpx INFO: HTTP Request: POST https://aiberm.com/v1/chat/completions "HTTP/1.1 200 OK"
2026-05-25 14:59:11,175 httpx INFO: HTTP Request: POST https://aiberm.com/v1/chat/completions "HTTP/1.1 200 OK"
2026-05-25 14:59:11,968 httpx INFO: HTTP Request: POST https://aiberm.com/v1/chat/completions "HTTP/1.1 200 OK"
2026-05-25 14:59:13,362 httpx INFO: HTTP Request: POST https://aiberm.com/v1/chat/completions "HTTP/1.1 200 OK"
2026-05-25 14:59:13,595 httpx INFO: HTTP Request: POST https://aiberm.com/v1/chat/completions "HTTP/1.1 200 OK"
2026-05-25 14:59:14,537 httpx INFO: HTTP Request: POST https://aiberm.com/v1/chat/completions "HTTP/1.1 200 OK"
2026-05-25 14:59:14,673 httpx INFO: HTTP Request: POST https://aiberm.com/v1/chat/completions "HTTP/1.1 200 OK"
2026-05-25 14:59:14,812 httpx INFO: HTTP Request: POST https://aiberm.com/v1/chat/completions "HTTP/1.1 200 OK"
2026-05-25 14:59:14,911 httpx INFO: HTTP Request: POST https://aiberm.com/v1/chat/completions "HTTP/1.1 200 OK"
2026-05-25 14:59:15,115 httpx INFO: HTTP Request: POST https://aiberm.com/v1/chat/completions "HTTP/1.1 200 OK"
2026-05-25 14:59:15,435 httpx INFO: HTTP Request: POST https://aiberm.com/v1/chat/completions "HTTP/1.1 200 OK"
2026-05-25 14:59:15,628 httpx INFO: HTTP Request: POST https://aiberm.com/v1/chat/completions "HTTP/1.1 200 OK"
2026-05-25 14:59:15,672 httpx INFO: HTTP Request: POST https://aiberm.com/v1/chat/completions "HTTP/1.1 200 OK"
2026-05-25 14:59:15,751 httpx INFO: HTTP Request: POST https://aiberm.com/v1/chat/completions "HTTP/1.1 200 OK"
2026-05-25 14:59:16,359 httpx INFO: HTTP Request: POST https://aiberm.com/v1/chat/completions "HTTP/1.1 200 OK"
2026-05-25 14:59:16,590 httpx INFO: HTTP Request: POST https://aiberm.com/v1/chat/completions "HTTP/1.1 200 OK"
2026-05-25 14:59:16,752 httpx INFO: HTTP Request: POST https://aiberm.com/v1/chat/completions "HTTP/1.1 200 OK"
2026-05-25 14:59:17,211 httpx INFO: HTTP Request: POST https://aiberm.com/v1/chat/completions "HTTP/1.1 200 OK"
2026-05-25 14:59:18,641 httpx INFO: HTTP Request: POST https://aiberm.com/v1/chat/completions "HTTP/1.1 200 OK"
2026-05-25 14:59:18,796 httpx INFO: HTTP Request: POST https://aiberm.com/v1/chat/completions "HTTP/1.1 200 OK"
2026-05-25 14:59:18,997 httpx INFO: HTTP Request: POST https://aiberm.com/v1/chat/completions "HTTP/1.1 200 OK"
2026-05-25 14:59:19,273 httpx INFO: HTTP Request: POST https://aiberm.com/v1/chat/completions "HTTP/1.1 200 OK"
2026-05-25 14:59:19,771 httpx INFO: HTTP Request: POST https://aiberm.com/v1/chat/completions "HTTP/1.1 200 OK"
2026-05-25 14:59:21,969 httpx INFO: HTTP Request: POST https://aiberm.com/v1/chat/completions "HTTP/1.1 200 OK"
2026-05-25 14:59:22,105 httpx INFO: HTTP Request: POST https://aiberm.com/v1/chat/completions "HTTP/1.1 200 OK"
2026-05-25 14:59:22,324 httpx INFO: HTTP Request: POST https://aiberm.com/v1/chat/completions "HTTP/1.1 200 OK"
2026-05-25 14:59:26,624 httpx INFO: HTTP Request: POST https://aiberm.com/v1/chat/completions "HTTP/1.1 200 OK"
2026-05-25 14:59:26,646 httpx INFO: HTTP Request: POST https://aiberm.com/v1/chat/completions "HTTP/1.1 200 OK"
2026-05-25 14:59:26,673 __main__ INFO: wrote scores=/home/juli/RLM/outputs/scoring/cae-v2.0-1-scores.json report=/home/juli/RLM/outputs/scoring/cae-v2.0-1-report.md (94 items scored ok, 0 errors)
